

================================================================
== Vivado HLS Report for 'AXIvideo2Mat'
================================================================
* Date:           Thu Jan 31 14:03:36 2019

* Version:        2018.2.1 (Build 2288704 on Thu Jul 26 18:46:41 MDT 2018)
* Project:        SubSample
* Solution:       solution1
* Product family: zynq
* Target device:  xc7z010clg400-1


================================================================
== Performance Estimates
================================================================
+ Timing (ns): 
    * Summary: 
    +--------+-------+----------+------------+
    |  Clock | Target| Estimated| Uncertainty|
    +--------+-------+----------+------------+
    |ap_clk  |  10.00|     5.403|        1.25|
    +--------+-------+----------+------------+

+ Latency (clock cycles): 
    * Summary: 
    +---------+---------+---------+---------+---------+
    |      Latency      |      Interval     | Pipeline|
    |   min   |   max   |   min   |   max   |   Type  |
    +---------+---------+---------+---------+---------+
    |  1771353|  1771353|  1771353|  1771353|   none  |
    +---------+---------+---------+---------+---------+

    + Detail: 
        * Instance: 
        N/A

        * Loop: 
        +-----------------------+---------+---------+----------+-----------+-----------+------+----------+
        |                       |      Latency      | Iteration|  Initiation Interval  | Trip |          |
        |       Loop Name       |   min   |   max   |  Latency |  achieved |   target  | Count| Pipelined|
        +-----------------------+---------+---------+----------+-----------+-----------+------+----------+
        |- loop_wait_for_start  |        0|        0|         1|          1|          1|     0|    yes   |
        |- loop_height          |  1771350|  1771350|      1687|          -|          -|  1050|    no    |
        | + loop_width          |     1681|     1681|         2|          1|          1|  1680|    yes   |
        | + loop_wait_for_eol   |        1|        1|         2|          1|          1|     0|    yes   |
        +-----------------------+---------+---------+----------+-----------+-----------+------+----------+

============================================================
+ Verbose Summary: Synthesis Manager
============================================================
InlineROM: 1
ExposeGlobal: 0
============================================================
+ Verbose Summary: CDFG Model
============================================================
IsTopModel: 0
ResetActiveHigh: 1
IsCombinational: 2
IsDatapathOnly: 0
HasWiredReturn: 1
HasMFsm: 0
HasVarLatency: 1
IsPipeline: 0
IsRtlPipelined: 0
IsInstanceOverlapped: 0
IsDontTouch: 0
HasImplIP: 0
IsGatedGlobalClock: 0

+ Individual pipeline summary: 
  * Pipeline-0: initiation interval (II) = 1, depth = 1
  * Pipeline-1: initiation interval (II) = 1, depth = 2
  * Pipeline-2: initiation interval (II) = 1, depth = 2


============================================================
+ Verbose Summary: Schedule
============================================================
* Number of FSM states : 10
* Pipeline : 3
  Pipeline-0 : II = 1, D = 1, States = { 2 }
  Pipeline-1 : II = 1, D = 2, States = { 5 6 }
  Pipeline-2 : II = 1, D = 2, States = { 8 9 }
* Dataflow Pipeline: 0

* FSM state transitions: 
1 --> 
	2  / true
2 --> 
	3  / (tmp_user_V)
	2  / (!tmp_user_V)
3 --> 
	4  / true
4 --> 
	5  / (!exitcond5)
5 --> 
	6  / true
6 --> 
	7  / (exitcond)
	5  / (!exitcond)
7 --> 
	8  / true
8 --> 
	9  / true
9 --> 
	10  / (eol_2)
	8  / (!eol_2)
10 --> 
	4  / true

* FSM state operations: 

State 1 <SV = 0> <Delay = 0.00>
ST_1 : Operation 11 [1/1] (0.00ns)   --->   "call void (...)* @_ssdm_op_SpecInterface(i8* %img_data_stream_2_V, [8 x i8]* @ap_fifo_str, i32 0, i32 0, [1 x i8]* @p_str, i32 0, i32 0, [1 x i8]* @p_str, [1 x i8]* @p_str, [1 x i8]* @p_str, i32 2, i32 2, i32 16, i32 16, [1 x i8]* @p_str, [1 x i8]* @p_str)"   --->   Operation 11 'specinterface' <Predicate = true> <Delay = 0.00>
ST_1 : Operation 12 [1/1] (0.00ns)   --->   "call void (...)* @_ssdm_op_SpecInterface(i8* %img_data_stream_1_V, [8 x i8]* @ap_fifo_str, i32 0, i32 0, [1 x i8]* @p_str, i32 0, i32 0, [1 x i8]* @p_str, [1 x i8]* @p_str, [1 x i8]* @p_str, i32 2, i32 2, i32 16, i32 16, [1 x i8]* @p_str, [1 x i8]* @p_str)"   --->   Operation 12 'specinterface' <Predicate = true> <Delay = 0.00>
ST_1 : Operation 13 [1/1] (0.00ns)   --->   "call void (...)* @_ssdm_op_SpecInterface(i8* %img_data_stream_0_V, [8 x i8]* @ap_fifo_str, i32 0, i32 0, [1 x i8]* @p_str, i32 0, i32 0, [1 x i8]* @p_str, [1 x i8]* @p_str, [1 x i8]* @p_str, i32 2, i32 2, i32 16, i32 16, [1 x i8]* @p_str, [1 x i8]* @p_str)"   --->   Operation 13 'specinterface' <Predicate = true> <Delay = 0.00>
ST_1 : Operation 14 [1/1] (0.00ns)   --->   "call void (...)* @_ssdm_op_SpecInterface(i24* %AXI_video_strm_V_data_V, i3* %AXI_video_strm_V_keep_V, i3* %AXI_video_strm_V_strb_V, i1* %AXI_video_strm_V_user_V, i1* %AXI_video_strm_V_last_V, i1* %AXI_video_strm_V_id_V, i1* %AXI_video_strm_V_dest_V, [5 x i8]* @p_str2, i32 1, i32 1, [5 x i8]* @p_str3, i32 0, i32 0, [1 x i8]* @p_str, [1 x i8]* @p_str, [1 x i8]* @p_str, i32 0, i32 0, i32 0, i32 0, [1 x i8]* @p_str, [1 x i8]* @p_str) nounwind"   --->   Operation 14 'specinterface' <Predicate = true> <Delay = 0.00>
ST_1 : Operation 15 [1/1] (0.00ns)   --->   "br label %.preheader187" [/opt/york/cs/net/xilinx_vivado-2018.2_ise-14.7_x86-64-1/Vivado/2018.2/common/technology/autopilot/hls/hls_video_io.h:63]   --->   Operation 15 'br' <Predicate = true> <Delay = 0.00>

State 2 <SV = 1> <Delay = 0.00>
ST_2 : Operation 16 [1/1] (0.00ns)   --->   "call void (...)* @_ssdm_op_SpecLoopName([20 x i8]* @p_str44) nounwind" [/opt/york/cs/net/xilinx_vivado-2018.2_ise-14.7_x86-64-1/Vivado/2018.2/common/technology/autopilot/hls/hls_video_io.h:65]   --->   Operation 16 'specloopname' <Predicate = true> <Delay = 0.00>
ST_2 : Operation 17 [1/1] (0.00ns)   --->   "%tmp = call i32 (...)* @_ssdm_op_SpecRegionBegin([20 x i8]* @p_str44)" [/opt/york/cs/net/xilinx_vivado-2018.2_ise-14.7_x86-64-1/Vivado/2018.2/common/technology/autopilot/hls/hls_video_io.h:65]   --->   Operation 17 'specregionbegin' 'tmp' <Predicate = true> <Delay = 0.00>
ST_2 : Operation 18 [1/1] (0.00ns)   --->   "call void (...)* @_ssdm_op_SpecPipeline(i32 1, i32 1, i32 1, i32 0, [1 x i8]* @p_str) nounwind" [/opt/york/cs/net/xilinx_vivado-2018.2_ise-14.7_x86-64-1/Vivado/2018.2/common/technology/autopilot/hls/hls_video_io.h:66]   --->   Operation 18 'specpipeline' <Predicate = true> <Delay = 0.00>
ST_2 : Operation 19 [1/1] (0.00ns)   --->   "call void (...)* @_ssdm_op_SpecLoopTripCount(i32 0, i32 0, i32 0, [1 x i8]* @p_str) nounwind" [/opt/york/cs/net/xilinx_vivado-2018.2_ise-14.7_x86-64-1/Vivado/2018.2/common/technology/autopilot/hls/hls_video_io.h:67]   --->   Operation 19 'speclooptripcount' <Predicate = true> <Delay = 0.00>
ST_2 : Operation 20 [1/1] (0.00ns)   --->   "%empty = call { i24, i3, i3, i1, i1, i1, i1 } @_ssdm_op_Read.axis.volatile.i24P.i3P.i3P.i1P.i1P.i1P.i1P(i24* %AXI_video_strm_V_data_V, i3* %AXI_video_strm_V_keep_V, i3* %AXI_video_strm_V_strb_V, i1* %AXI_video_strm_V_user_V, i1* %AXI_video_strm_V_last_V, i1* %AXI_video_strm_V_id_V, i1* %AXI_video_strm_V_dest_V)" [/opt/york/cs/net/xilinx_vivado-2018.2_ise-14.7_x86-64-1/Vivado/2018.2/common/technology/autopilot/hls/hls_video_io.h:68]   --->   Operation 20 'read' 'empty' <Predicate = true> <Delay = 0.00> <Core = "AXI4Stream">   --->   Core 5 'AXI4Stream' <Latency = 0> <II = 1> <Delay = 1.00> <Adapter> <Opcode : >
ST_2 : Operation 21 [1/1] (0.00ns)   --->   "%tmp_data_V = extractvalue { i24, i3, i3, i1, i1, i1, i1 } %empty, 0" [/opt/york/cs/net/xilinx_vivado-2018.2_ise-14.7_x86-64-1/Vivado/2018.2/common/technology/autopilot/hls/hls_video_io.h:68]   --->   Operation 21 'extractvalue' 'tmp_data_V' <Predicate = true> <Delay = 0.00>
ST_2 : Operation 22 [1/1] (0.00ns)   --->   "%tmp_user_V = extractvalue { i24, i3, i3, i1, i1, i1, i1 } %empty, 3" [/opt/york/cs/net/xilinx_vivado-2018.2_ise-14.7_x86-64-1/Vivado/2018.2/common/technology/autopilot/hls/hls_video_io.h:68]   --->   Operation 22 'extractvalue' 'tmp_user_V' <Predicate = true> <Delay = 0.00>
ST_2 : Operation 23 [1/1] (0.00ns)   --->   "%tmp_last_V = extractvalue { i24, i3, i3, i1, i1, i1, i1 } %empty, 4" [/opt/york/cs/net/xilinx_vivado-2018.2_ise-14.7_x86-64-1/Vivado/2018.2/common/technology/autopilot/hls/hls_video_io.h:68]   --->   Operation 23 'extractvalue' 'tmp_last_V' <Predicate = true> <Delay = 0.00>
ST_2 : Operation 24 [1/1] (0.00ns)   --->   "%empty_70 = call i32 (...)* @_ssdm_op_SpecRegionEnd([20 x i8]* @p_str44, i32 %tmp)" [/opt/york/cs/net/xilinx_vivado-2018.2_ise-14.7_x86-64-1/Vivado/2018.2/common/technology/autopilot/hls/hls_video_io.h:70]   --->   Operation 24 'specregionend' 'empty_70' <Predicate = true> <Delay = 0.00>
ST_2 : Operation 25 [1/1] (0.00ns)   --->   "br i1 %tmp_user_V, label %.preheader186.preheader, label %.preheader187" [/opt/york/cs/net/xilinx_vivado-2018.2_ise-14.7_x86-64-1/Vivado/2018.2/common/technology/autopilot/hls/hls_video_io.h:65]   --->   Operation 25 'br' <Predicate = true> <Delay = 0.00>

State 3 <SV = 2> <Delay = 1.76>
ST_3 : Operation 26 [1/1] (0.00ns)   --->   "%sof_1 = alloca i1"   --->   Operation 26 'alloca' 'sof_1' <Predicate = true> <Delay = 0.00>
ST_3 : Operation 27 [1/1] (1.76ns)   --->   "store i1 true, i1* %sof_1"   --->   Operation 27 'store' <Predicate = true> <Delay = 1.76>
ST_3 : Operation 28 [1/1] (1.76ns)   --->   "br label %.preheader186" [/opt/york/cs/net/xilinx_vivado-2018.2_ise-14.7_x86-64-1/Vivado/2018.2/common/technology/autopilot/hls/hls_video_io.h:71]   --->   Operation 28 'br' <Predicate = true> <Delay = 1.76>

State 4 <SV = 3> <Delay = 2.85>
ST_4 : Operation 29 [1/1] (0.00ns)   --->   "%axi_last_V1 = phi i1 [ %axi_last_V_3, %6 ], [ %tmp_last_V, %.preheader186.preheader ]"   --->   Operation 29 'phi' 'axi_last_V1' <Predicate = true> <Delay = 0.00>
ST_4 : Operation 30 [1/1] (0.00ns)   --->   "%axi_data_V1 = phi i24 [ %axi_data_V_3, %6 ], [ %tmp_data_V, %.preheader186.preheader ]"   --->   Operation 30 'phi' 'axi_data_V1' <Predicate = true> <Delay = 0.00>
ST_4 : Operation 31 [1/1] (0.00ns)   --->   "%t_V = phi i11 [ %i_V, %6 ], [ 0, %.preheader186.preheader ]"   --->   Operation 31 'phi' 't_V' <Predicate = true> <Delay = 0.00>
ST_4 : Operation 32 [1/1] (1.88ns)   --->   "%exitcond5 = icmp eq i11 %t_V, -998" [/opt/york/cs/net/xilinx_vivado-2018.2_ise-14.7_x86-64-1/Vivado/2018.2/common/technology/autopilot/hls/hls_video_io.h:71]   --->   Operation 32 'icmp' 'exitcond5' <Predicate = true> <Delay = 1.88> <Core = "Cmp">   --->   Core 25 'Cmp' <Latency = 0> <II = 1> <Delay = 1.88> <FuncUnit> <Opcode : 'icmp'> <InPorts = 2> <OutPorts = 1>
ST_4 : Operation 33 [1/1] (1.63ns)   --->   "%i_V = add i11 %t_V, 1" [/opt/york/cs/net/xilinx_vivado-2018.2_ise-14.7_x86-64-1/Vivado/2018.2/common/technology/autopilot/hls/hls_video_io.h:71]   --->   Operation 33 'add' 'i_V' <Predicate = true> <Delay = 1.63> <Core = "AddSub">   --->   Core 14 'AddSub' <Latency = 0> <II = 1> <Delay = 1.63> <FuncUnit> <Opcode : 'add' 'sub'> <InPorts = 2> <OutPorts = 1>
ST_4 : Operation 34 [1/1] (0.00ns)   --->   "call void (...)* @_ssdm_op_SpecLoopTripCount(i64 1050, i64 1050, i64 1050)"   --->   Operation 34 'speclooptripcount' <Predicate = true> <Delay = 0.00>
ST_4 : Operation 35 [1/1] (0.00ns)   --->   "br i1 %exitcond5, label %7, label %1" [/opt/york/cs/net/xilinx_vivado-2018.2_ise-14.7_x86-64-1/Vivado/2018.2/common/technology/autopilot/hls/hls_video_io.h:71]   --->   Operation 35 'br' <Predicate = true> <Delay = 0.00>
ST_4 : Operation 36 [1/1] (0.00ns)   --->   "call void (...)* @_ssdm_op_SpecLoopName([12 x i8]* @p_str9) nounwind" [/opt/york/cs/net/xilinx_vivado-2018.2_ise-14.7_x86-64-1/Vivado/2018.2/common/technology/autopilot/hls/hls_video_io.h:71]   --->   Operation 36 'specloopname' <Predicate = (!exitcond5)> <Delay = 0.00>
ST_4 : Operation 37 [1/1] (0.00ns)   --->   "%tmp_s = call i32 (...)* @_ssdm_op_SpecRegionBegin([12 x i8]* @p_str9)" [/opt/york/cs/net/xilinx_vivado-2018.2_ise-14.7_x86-64-1/Vivado/2018.2/common/technology/autopilot/hls/hls_video_io.h:71]   --->   Operation 37 'specregionbegin' 'tmp_s' <Predicate = (!exitcond5)> <Delay = 0.00>
ST_4 : Operation 38 [1/1] (1.76ns)   --->   "br label %2" [/opt/york/cs/net/xilinx_vivado-2018.2_ise-14.7_x86-64-1/Vivado/2018.2/common/technology/autopilot/hls/hls_video_io.h:73]   --->   Operation 38 'br' <Predicate = (!exitcond5)> <Delay = 1.76>
ST_4 : Operation 39 [1/1] (0.00ns)   --->   "ret void"   --->   Operation 39 'ret' <Predicate = (exitcond5)> <Delay = 0.00>

State 5 <SV = 4> <Delay = 2.85>
ST_5 : Operation 40 [1/1] (0.00ns)   --->   "%t_V_3 = phi i11 [ 0, %1 ], [ %j_V, %._crit_edge ]"   --->   Operation 40 'phi' 't_V_3' <Predicate = true> <Delay = 0.00>
ST_5 : Operation 41 [1/1] (0.00ns)   --->   "%eol = phi i1 [ false, %1 ], [ %axi_last_V_2, %._crit_edge ]" [/opt/york/cs/net/xilinx_vivado-2018.2_ise-14.7_x86-64-1/Vivado/2018.2/common/technology/autopilot/hls/hls_video_io.h:81]   --->   Operation 41 'phi' 'eol' <Predicate = true> <Delay = 0.00>
ST_5 : Operation 42 [1/1] (1.88ns)   --->   "%exitcond = icmp eq i11 %t_V_3, -368" [/opt/york/cs/net/xilinx_vivado-2018.2_ise-14.7_x86-64-1/Vivado/2018.2/common/technology/autopilot/hls/hls_video_io.h:73]   --->   Operation 42 'icmp' 'exitcond' <Predicate = true> <Delay = 1.88> <Core = "Cmp">   --->   Core 25 'Cmp' <Latency = 0> <II = 1> <Delay = 1.88> <FuncUnit> <Opcode : 'icmp'> <InPorts = 2> <OutPorts = 1>
ST_5 : Operation 43 [1/1] (1.63ns)   --->   "%j_V = add i11 %t_V_3, 1" [/opt/york/cs/net/xilinx_vivado-2018.2_ise-14.7_x86-64-1/Vivado/2018.2/common/technology/autopilot/hls/hls_video_io.h:73]   --->   Operation 43 'add' 'j_V' <Predicate = true> <Delay = 1.63> <Core = "AddSub">   --->   Core 14 'AddSub' <Latency = 0> <II = 1> <Delay = 1.63> <FuncUnit> <Opcode : 'add' 'sub'> <InPorts = 2> <OutPorts = 1>
ST_5 : Operation 44 [1/1] (0.00ns)   --->   "%sof_1_load = load i1* %sof_1" [/opt/york/cs/net/xilinx_vivado-2018.2_ise-14.7_x86-64-1/Vivado/2018.2/common/technology/autopilot/hls/hls_video_io.h:76]   --->   Operation 44 'load' 'sof_1_load' <Predicate = (!exitcond)> <Delay = 0.00>
ST_5 : Operation 45 [1/1] (0.97ns)   --->   "%brmerge = or i1 %sof_1_load, %eol" [/opt/york/cs/net/xilinx_vivado-2018.2_ise-14.7_x86-64-1/Vivado/2018.2/common/technology/autopilot/hls/hls_video_io.h:76]   --->   Operation 45 'or' 'brmerge' <Predicate = (!exitcond)> <Delay = 0.97> <Core = "LogicGate">   --->   Core 27 'LogicGate' <Latency = 0> <II = 1> <Delay = 0.97> <FuncUnit> <Opcode : 'and' 'or' 'xor'> <InPorts = 2> <OutPorts = 1>
ST_5 : Operation 46 [2/2] (0.00ns)   --->   "%empty_71 = call { i24, i3, i3, i1, i1, i1, i1 } @_ssdm_op_Read.axis.volatile.i24P.i3P.i3P.i1P.i1P.i1P.i1P(i24* %AXI_video_strm_V_data_V, i3* %AXI_video_strm_V_keep_V, i3* %AXI_video_strm_V_strb_V, i1* %AXI_video_strm_V_user_V, i1* %AXI_video_strm_V_last_V, i1* %AXI_video_strm_V_id_V, i1* %AXI_video_strm_V_dest_V)" [/opt/york/cs/net/xilinx_vivado-2018.2_ise-14.7_x86-64-1/Vivado/2018.2/common/technology/autopilot/hls/hls_video_io.h:81]   --->   Operation 46 'read' 'empty_71' <Predicate = (!exitcond & !brmerge)> <Delay = 0.00> <Core = "AXI4Stream">   --->   Core 5 'AXI4Stream' <Latency = 0> <II = 1> <Delay = 1.00> <Adapter> <Opcode : >
ST_5 : Operation 47 [1/1] (1.76ns)   --->   "store i1 false, i1* %sof_1"   --->   Operation 47 'store' <Predicate = (!exitcond)> <Delay = 1.76>

State 6 <SV = 5> <Delay = 5.40>
ST_6 : Operation 48 [1/1] (0.00ns)   --->   "%eol_1 = phi i1 [ %axi_last_V1, %1 ], [ %axi_last_V_2, %._crit_edge ]" [/opt/york/cs/net/xilinx_vivado-2018.2_ise-14.7_x86-64-1/Vivado/2018.2/common/technology/autopilot/hls/hls_video_io.h:100]   --->   Operation 48 'phi' 'eol_1' <Predicate = true> <Delay = 0.00>
ST_6 : Operation 49 [1/1] (0.00ns)   --->   "%axi_data_V_1 = phi i24 [ %axi_data_V1, %1 ], [ %p_Val2_s, %._crit_edge ]"   --->   Operation 49 'phi' 'axi_data_V_1' <Predicate = true> <Delay = 0.00>
ST_6 : Operation 50 [1/1] (0.00ns)   --->   "call void (...)* @_ssdm_op_SpecLoopTripCount(i64 1680, i64 1680, i64 1680)"   --->   Operation 50 'speclooptripcount' <Predicate = true> <Delay = 0.00>
ST_6 : Operation 51 [1/1] (0.00ns)   --->   "br i1 %exitcond, label %.preheader.preheader, label %3" [/opt/york/cs/net/xilinx_vivado-2018.2_ise-14.7_x86-64-1/Vivado/2018.2/common/technology/autopilot/hls/hls_video_io.h:73]   --->   Operation 51 'br' <Predicate = true> <Delay = 0.00>
ST_6 : Operation 52 [1/1] (0.00ns)   --->   "call void (...)* @_ssdm_op_SpecLoopName([11 x i8]* @p_str10) nounwind" [/opt/york/cs/net/xilinx_vivado-2018.2_ise-14.7_x86-64-1/Vivado/2018.2/common/technology/autopilot/hls/hls_video_io.h:73]   --->   Operation 52 'specloopname' <Predicate = (!exitcond)> <Delay = 0.00>
ST_6 : Operation 53 [1/1] (0.00ns)   --->   "%tmp_42 = call i32 (...)* @_ssdm_op_SpecRegionBegin([11 x i8]* @p_str10)" [/opt/york/cs/net/xilinx_vivado-2018.2_ise-14.7_x86-64-1/Vivado/2018.2/common/technology/autopilot/hls/hls_video_io.h:73]   --->   Operation 53 'specregionbegin' 'tmp_42' <Predicate = (!exitcond)> <Delay = 0.00>
ST_6 : Operation 54 [1/1] (0.00ns)   --->   "call void (...)* @_ssdm_op_SpecPipeline(i32 1, i32 1, i32 1, i32 0, [1 x i8]* @p_str) nounwind" [/opt/york/cs/net/xilinx_vivado-2018.2_ise-14.7_x86-64-1/Vivado/2018.2/common/technology/autopilot/hls/hls_video_io.h:75]   --->   Operation 54 'specpipeline' <Predicate = (!exitcond)> <Delay = 0.00>
ST_6 : Operation 55 [1/1] (1.76ns)   --->   "br i1 %brmerge, label %._crit_edge, label %4" [/opt/york/cs/net/xilinx_vivado-2018.2_ise-14.7_x86-64-1/Vivado/2018.2/common/technology/autopilot/hls/hls_video_io.h:76]   --->   Operation 55 'br' <Predicate = (!exitcond)> <Delay = 1.76>
ST_6 : Operation 56 [1/2] (0.00ns)   --->   "%empty_71 = call { i24, i3, i3, i1, i1, i1, i1 } @_ssdm_op_Read.axis.volatile.i24P.i3P.i3P.i1P.i1P.i1P.i1P(i24* %AXI_video_strm_V_data_V, i3* %AXI_video_strm_V_keep_V, i3* %AXI_video_strm_V_strb_V, i1* %AXI_video_strm_V_user_V, i1* %AXI_video_strm_V_last_V, i1* %AXI_video_strm_V_id_V, i1* %AXI_video_strm_V_dest_V)" [/opt/york/cs/net/xilinx_vivado-2018.2_ise-14.7_x86-64-1/Vivado/2018.2/common/technology/autopilot/hls/hls_video_io.h:81]   --->   Operation 56 'read' 'empty_71' <Predicate = (!exitcond & !brmerge)> <Delay = 0.00> <Core = "AXI4Stream">   --->   Core 5 'AXI4Stream' <Latency = 0> <II = 1> <Delay = 1.00> <Adapter> <Opcode : >
ST_6 : Operation 57 [1/1] (0.00ns)   --->   "%tmp_data_V_1 = extractvalue { i24, i3, i3, i1, i1, i1, i1 } %empty_71, 0" [/opt/york/cs/net/xilinx_vivado-2018.2_ise-14.7_x86-64-1/Vivado/2018.2/common/technology/autopilot/hls/hls_video_io.h:81]   --->   Operation 57 'extractvalue' 'tmp_data_V_1' <Predicate = (!exitcond & !brmerge)> <Delay = 0.00>
ST_6 : Operation 58 [1/1] (0.00ns)   --->   "%tmp_last_V_1 = extractvalue { i24, i3, i3, i1, i1, i1, i1 } %empty_71, 4" [/opt/york/cs/net/xilinx_vivado-2018.2_ise-14.7_x86-64-1/Vivado/2018.2/common/technology/autopilot/hls/hls_video_io.h:81]   --->   Operation 58 'extractvalue' 'tmp_last_V_1' <Predicate = (!exitcond & !brmerge)> <Delay = 0.00>
ST_6 : Operation 59 [1/1] (1.76ns)   --->   "br label %._crit_edge"   --->   Operation 59 'br' <Predicate = (!exitcond & !brmerge)> <Delay = 1.76>
ST_6 : Operation 60 [1/1] (0.00ns)   --->   "%axi_last_V_2 = phi i1 [ %tmp_last_V_1, %4 ], [ %eol_1, %3 ]"   --->   Operation 60 'phi' 'axi_last_V_2' <Predicate = (!exitcond)> <Delay = 0.00>
ST_6 : Operation 61 [1/1] (0.00ns)   --->   "%p_Val2_s = phi i24 [ %tmp_data_V_1, %4 ], [ %axi_data_V_1, %3 ]"   --->   Operation 61 'phi' 'p_Val2_s' <Predicate = (!exitcond)> <Delay = 0.00>
ST_6 : Operation 62 [1/1] (0.00ns)   --->   "%tmp_104 = trunc i24 %p_Val2_s to i8" [/opt/york/cs/net/xilinx_vivado-2018.2_ise-14.7_x86-64-1/Vivado/2018.2/common/technology/autopilot/hls/hls_axi_io.h:49->/opt/york/cs/net/xilinx_vivado-2018.2_ise-14.7_x86-64-1/Vivado/2018.2/common/technology/autopilot/hls/hls_axi_io.h:71->/opt/york/cs/net/xilinx_vivado-2018.2_ise-14.7_x86-64-1/Vivado/2018.2/common/technology/autopilot/hls/hls_video_io.h:92]   --->   Operation 62 'trunc' 'tmp_104' <Predicate = (!exitcond)> <Delay = 0.00>
ST_6 : Operation 63 [1/1] (0.00ns)   --->   "%tmp_45 = call i8 @_ssdm_op_PartSelect.i8.i24.i32.i32(i24 %p_Val2_s, i32 8, i32 15)" [/opt/york/cs/net/xilinx_vivado-2018.2_ise-14.7_x86-64-1/Vivado/2018.2/common/technology/autopilot/hls/hls_axi_io.h:49->/opt/york/cs/net/xilinx_vivado-2018.2_ise-14.7_x86-64-1/Vivado/2018.2/common/technology/autopilot/hls/hls_axi_io.h:71->/opt/york/cs/net/xilinx_vivado-2018.2_ise-14.7_x86-64-1/Vivado/2018.2/common/technology/autopilot/hls/hls_video_io.h:92]   --->   Operation 63 'partselect' 'tmp_45' <Predicate = (!exitcond)> <Delay = 0.00>
ST_6 : Operation 64 [1/1] (0.00ns)   --->   "%tmp_46 = call i8 @_ssdm_op_PartSelect.i8.i24.i32.i32(i24 %p_Val2_s, i32 16, i32 23)" [/opt/york/cs/net/xilinx_vivado-2018.2_ise-14.7_x86-64-1/Vivado/2018.2/common/technology/autopilot/hls/hls_axi_io.h:49->/opt/york/cs/net/xilinx_vivado-2018.2_ise-14.7_x86-64-1/Vivado/2018.2/common/technology/autopilot/hls/hls_axi_io.h:71->/opt/york/cs/net/xilinx_vivado-2018.2_ise-14.7_x86-64-1/Vivado/2018.2/common/technology/autopilot/hls/hls_video_io.h:92]   --->   Operation 64 'partselect' 'tmp_46' <Predicate = (!exitcond)> <Delay = 0.00>
ST_6 : Operation 65 [1/1] (0.00ns)   --->   "%tmp_47 = call i32 (...)* @_ssdm_op_SpecRegionBegin([12 x i8]* @p_str18)" [/opt/york/cs/net/xilinx_vivado-2018.2_ise-14.7_x86-64-1/Vivado/2018.2/common/technology/autopilot/hls/hls_video_core.h:641->/opt/york/cs/net/xilinx_vivado-2018.2_ise-14.7_x86-64-1/Vivado/2018.2/common/technology/autopilot/hls/hls_video_core.h:662->/opt/york/cs/net/xilinx_vivado-2018.2_ise-14.7_x86-64-1/Vivado/2018.2/common/technology/autopilot/hls/hls_video_io.h:94]   --->   Operation 65 'specregionbegin' 'tmp_47' <Predicate = (!exitcond)> <Delay = 0.00>
ST_6 : Operation 66 [1/1] (0.00ns)   --->   "call void (...)* @_ssdm_op_SpecProtocol(i32 0, [1 x i8]* @p_str) nounwind" [/opt/york/cs/net/xilinx_vivado-2018.2_ise-14.7_x86-64-1/Vivado/2018.2/common/technology/autopilot/hls/hls_video_core.h:645->/opt/york/cs/net/xilinx_vivado-2018.2_ise-14.7_x86-64-1/Vivado/2018.2/common/technology/autopilot/hls/hls_video_core.h:662->/opt/york/cs/net/xilinx_vivado-2018.2_ise-14.7_x86-64-1/Vivado/2018.2/common/technology/autopilot/hls/hls_video_io.h:94]   --->   Operation 66 'specprotocol' <Predicate = (!exitcond)> <Delay = 0.00>
ST_6 : Operation 67 [1/1] (3.63ns)   --->   "call void @_ssdm_op_Write.ap_fifo.volatile.i8P(i8* %img_data_stream_0_V, i8 %tmp_104)" [/opt/york/cs/net/xilinx_vivado-2018.2_ise-14.7_x86-64-1/Vivado/2018.2/common/technology/autopilot/hls/hls_video_core.h:648->/opt/york/cs/net/xilinx_vivado-2018.2_ise-14.7_x86-64-1/Vivado/2018.2/common/technology/autopilot/hls/hls_video_core.h:662->/opt/york/cs/net/xilinx_vivado-2018.2_ise-14.7_x86-64-1/Vivado/2018.2/common/technology/autopilot/hls/hls_video_io.h:94]   --->   Operation 67 'write' <Predicate = (!exitcond)> <Delay = 3.63> <Core = "FIFO">   --->   Core 32 'FIFO' <Latency = 0> <II = 1> <Delay = 3.63> <Storage> <Opcode : 'read' 'write' 'nbread' 'nbwrite'> <Ports = 0> <Width = 8> <Depth = 1> <FIFO>
ST_6 : Operation 68 [1/1] (3.63ns)   --->   "call void @_ssdm_op_Write.ap_fifo.volatile.i8P(i8* %img_data_stream_1_V, i8 %tmp_45)" [/opt/york/cs/net/xilinx_vivado-2018.2_ise-14.7_x86-64-1/Vivado/2018.2/common/technology/autopilot/hls/hls_video_core.h:648->/opt/york/cs/net/xilinx_vivado-2018.2_ise-14.7_x86-64-1/Vivado/2018.2/common/technology/autopilot/hls/hls_video_core.h:662->/opt/york/cs/net/xilinx_vivado-2018.2_ise-14.7_x86-64-1/Vivado/2018.2/common/technology/autopilot/hls/hls_video_io.h:94]   --->   Operation 68 'write' <Predicate = (!exitcond)> <Delay = 3.63> <Core = "FIFO">   --->   Core 32 'FIFO' <Latency = 0> <II = 1> <Delay = 3.63> <Storage> <Opcode : 'read' 'write' 'nbread' 'nbwrite'> <Ports = 0> <Width = 8> <Depth = 1> <FIFO>
ST_6 : Operation 69 [1/1] (3.63ns)   --->   "call void @_ssdm_op_Write.ap_fifo.volatile.i8P(i8* %img_data_stream_2_V, i8 %tmp_46)" [/opt/york/cs/net/xilinx_vivado-2018.2_ise-14.7_x86-64-1/Vivado/2018.2/common/technology/autopilot/hls/hls_video_core.h:648->/opt/york/cs/net/xilinx_vivado-2018.2_ise-14.7_x86-64-1/Vivado/2018.2/common/technology/autopilot/hls/hls_video_core.h:662->/opt/york/cs/net/xilinx_vivado-2018.2_ise-14.7_x86-64-1/Vivado/2018.2/common/technology/autopilot/hls/hls_video_io.h:94]   --->   Operation 69 'write' <Predicate = (!exitcond)> <Delay = 3.63> <Core = "FIFO">   --->   Core 32 'FIFO' <Latency = 0> <II = 1> <Delay = 3.63> <Storage> <Opcode : 'read' 'write' 'nbread' 'nbwrite'> <Ports = 0> <Width = 8> <Depth = 1> <FIFO>
ST_6 : Operation 70 [1/1] (0.00ns)   --->   "%empty_72 = call i32 (...)* @_ssdm_op_SpecRegionEnd([12 x i8]* @p_str18, i32 %tmp_47)" [/opt/york/cs/net/xilinx_vivado-2018.2_ise-14.7_x86-64-1/Vivado/2018.2/common/technology/autopilot/hls/hls_video_core.h:650->/opt/york/cs/net/xilinx_vivado-2018.2_ise-14.7_x86-64-1/Vivado/2018.2/common/technology/autopilot/hls/hls_video_core.h:662->/opt/york/cs/net/xilinx_vivado-2018.2_ise-14.7_x86-64-1/Vivado/2018.2/common/technology/autopilot/hls/hls_video_io.h:94]   --->   Operation 70 'specregionend' 'empty_72' <Predicate = (!exitcond)> <Delay = 0.00>
ST_6 : Operation 71 [1/1] (0.00ns)   --->   "%empty_73 = call i32 (...)* @_ssdm_op_SpecRegionEnd([11 x i8]* @p_str10, i32 %tmp_42)" [/opt/york/cs/net/xilinx_vivado-2018.2_ise-14.7_x86-64-1/Vivado/2018.2/common/technology/autopilot/hls/hls_video_io.h:95]   --->   Operation 71 'specregionend' 'empty_73' <Predicate = (!exitcond)> <Delay = 0.00>
ST_6 : Operation 72 [1/1] (0.00ns)   --->   "br label %2" [/opt/york/cs/net/xilinx_vivado-2018.2_ise-14.7_x86-64-1/Vivado/2018.2/common/technology/autopilot/hls/hls_video_io.h:73]   --->   Operation 72 'br' <Predicate = (!exitcond)> <Delay = 0.00>

State 7 <SV = 6> <Delay = 1.76>
ST_7 : Operation 73 [1/1] (1.76ns)   --->   "br label %.preheader" [/opt/york/cs/net/xilinx_vivado-2018.2_ise-14.7_x86-64-1/Vivado/2018.2/common/technology/autopilot/hls/hls_video_io.h:96]   --->   Operation 73 'br' <Predicate = true> <Delay = 1.76>

State 8 <SV = 7> <Delay = 0.97>
ST_8 : Operation 74 [1/1] (0.00ns)   --->   "%eol_2 = phi i1 [ %tmp_last_V_2, %5 ], [ %eol, %.preheader.preheader ]"   --->   Operation 74 'phi' 'eol_2' <Predicate = true> <Delay = 0.00>
ST_8 : Operation 75 [2/2] (0.00ns)   --->   "%empty_74 = call { i24, i3, i3, i1, i1, i1, i1 } @_ssdm_op_Read.axis.volatile.i24P.i3P.i3P.i1P.i1P.i1P.i1P(i24* %AXI_video_strm_V_data_V, i3* %AXI_video_strm_V_keep_V, i3* %AXI_video_strm_V_strb_V, i1* %AXI_video_strm_V_user_V, i1* %AXI_video_strm_V_last_V, i1* %AXI_video_strm_V_id_V, i1* %AXI_video_strm_V_dest_V)" [/opt/york/cs/net/xilinx_vivado-2018.2_ise-14.7_x86-64-1/Vivado/2018.2/common/technology/autopilot/hls/hls_video_io.h:100]   --->   Operation 75 'read' 'empty_74' <Predicate = (!eol_2)> <Delay = 0.00> <Core = "AXI4Stream">   --->   Core 5 'AXI4Stream' <Latency = 0> <II = 1> <Delay = 1.00> <Adapter> <Opcode : >

State 9 <SV = 8> <Delay = 0.00>
ST_9 : Operation 76 [1/1] (0.00ns)   --->   "%axi_last_V_3 = phi i1 [ %tmp_last_V_2, %5 ], [ %eol_1, %.preheader.preheader ]"   --->   Operation 76 'phi' 'axi_last_V_3' <Predicate = true> <Delay = 0.00>
ST_9 : Operation 77 [1/1] (0.00ns)   --->   "%axi_data_V_3 = phi i24 [ %tmp_data_V_2, %5 ], [ %axi_data_V_1, %.preheader.preheader ]"   --->   Operation 77 'phi' 'axi_data_V_3' <Predicate = true> <Delay = 0.00>
ST_9 : Operation 78 [1/1] (0.00ns)   --->   "br i1 %eol_2, label %6, label %5" [/opt/york/cs/net/xilinx_vivado-2018.2_ise-14.7_x86-64-1/Vivado/2018.2/common/technology/autopilot/hls/hls_video_io.h:96]   --->   Operation 78 'br' <Predicate = true> <Delay = 0.00>
ST_9 : Operation 79 [1/1] (0.00ns)   --->   "call void (...)* @_ssdm_op_SpecLoopName([18 x i8]* @p_str45) nounwind" [/opt/york/cs/net/xilinx_vivado-2018.2_ise-14.7_x86-64-1/Vivado/2018.2/common/technology/autopilot/hls/hls_video_io.h:96]   --->   Operation 79 'specloopname' <Predicate = (!eol_2)> <Delay = 0.00>
ST_9 : Operation 80 [1/1] (0.00ns)   --->   "%tmp_43 = call i32 (...)* @_ssdm_op_SpecRegionBegin([18 x i8]* @p_str45)" [/opt/york/cs/net/xilinx_vivado-2018.2_ise-14.7_x86-64-1/Vivado/2018.2/common/technology/autopilot/hls/hls_video_io.h:96]   --->   Operation 80 'specregionbegin' 'tmp_43' <Predicate = (!eol_2)> <Delay = 0.00>
ST_9 : Operation 81 [1/1] (0.00ns)   --->   "call void (...)* @_ssdm_op_SpecPipeline(i32 1, i32 1, i32 1, i32 0, [1 x i8]* @p_str) nounwind" [/opt/york/cs/net/xilinx_vivado-2018.2_ise-14.7_x86-64-1/Vivado/2018.2/common/technology/autopilot/hls/hls_video_io.h:97]   --->   Operation 81 'specpipeline' <Predicate = (!eol_2)> <Delay = 0.00>
ST_9 : Operation 82 [1/1] (0.00ns)   --->   "call void (...)* @_ssdm_op_SpecLoopTripCount(i32 0, i32 0, i32 0, [1 x i8]* @p_str) nounwind" [/opt/york/cs/net/xilinx_vivado-2018.2_ise-14.7_x86-64-1/Vivado/2018.2/common/technology/autopilot/hls/hls_video_io.h:98]   --->   Operation 82 'speclooptripcount' <Predicate = (!eol_2)> <Delay = 0.00>
ST_9 : Operation 83 [1/2] (0.00ns)   --->   "%empty_74 = call { i24, i3, i3, i1, i1, i1, i1 } @_ssdm_op_Read.axis.volatile.i24P.i3P.i3P.i1P.i1P.i1P.i1P(i24* %AXI_video_strm_V_data_V, i3* %AXI_video_strm_V_keep_V, i3* %AXI_video_strm_V_strb_V, i1* %AXI_video_strm_V_user_V, i1* %AXI_video_strm_V_last_V, i1* %AXI_video_strm_V_id_V, i1* %AXI_video_strm_V_dest_V)" [/opt/york/cs/net/xilinx_vivado-2018.2_ise-14.7_x86-64-1/Vivado/2018.2/common/technology/autopilot/hls/hls_video_io.h:100]   --->   Operation 83 'read' 'empty_74' <Predicate = (!eol_2)> <Delay = 0.00> <Core = "AXI4Stream">   --->   Core 5 'AXI4Stream' <Latency = 0> <II = 1> <Delay = 1.00> <Adapter> <Opcode : >
ST_9 : Operation 84 [1/1] (0.00ns)   --->   "%tmp_data_V_2 = extractvalue { i24, i3, i3, i1, i1, i1, i1 } %empty_74, 0" [/opt/york/cs/net/xilinx_vivado-2018.2_ise-14.7_x86-64-1/Vivado/2018.2/common/technology/autopilot/hls/hls_video_io.h:100]   --->   Operation 84 'extractvalue' 'tmp_data_V_2' <Predicate = (!eol_2)> <Delay = 0.00>
ST_9 : Operation 85 [1/1] (0.00ns)   --->   "%tmp_last_V_2 = extractvalue { i24, i3, i3, i1, i1, i1, i1 } %empty_74, 4" [/opt/york/cs/net/xilinx_vivado-2018.2_ise-14.7_x86-64-1/Vivado/2018.2/common/technology/autopilot/hls/hls_video_io.h:100]   --->   Operation 85 'extractvalue' 'tmp_last_V_2' <Predicate = (!eol_2)> <Delay = 0.00>
ST_9 : Operation 86 [1/1] (0.00ns)   --->   "%empty_75 = call i32 (...)* @_ssdm_op_SpecRegionEnd([18 x i8]* @p_str45, i32 %tmp_43)" [/opt/york/cs/net/xilinx_vivado-2018.2_ise-14.7_x86-64-1/Vivado/2018.2/common/technology/autopilot/hls/hls_video_io.h:103]   --->   Operation 86 'specregionend' 'empty_75' <Predicate = (!eol_2)> <Delay = 0.00>
ST_9 : Operation 87 [1/1] (0.00ns)   --->   "br label %.preheader" [/opt/york/cs/net/xilinx_vivado-2018.2_ise-14.7_x86-64-1/Vivado/2018.2/common/technology/autopilot/hls/hls_video_io.h:103]   --->   Operation 87 'br' <Predicate = (!eol_2)> <Delay = 0.00>

State 10 <SV = 9> <Delay = 0.00>
ST_10 : Operation 88 [1/1] (0.00ns)   --->   "%empty_76 = call i32 (...)* @_ssdm_op_SpecRegionEnd([12 x i8]* @p_str9, i32 %tmp_s)" [/opt/york/cs/net/xilinx_vivado-2018.2_ise-14.7_x86-64-1/Vivado/2018.2/common/technology/autopilot/hls/hls_video_io.h:104]   --->   Operation 88 'specregionend' 'empty_76' <Predicate = true> <Delay = 0.00>
ST_10 : Operation 89 [1/1] (0.00ns)   --->   "br label %.preheader186" [/opt/york/cs/net/xilinx_vivado-2018.2_ise-14.7_x86-64-1/Vivado/2018.2/common/technology/autopilot/hls/hls_video_io.h:71]   --->   Operation 89 'br' <Predicate = true> <Delay = 0.00>


============================================================
+ Verbose Summary: Binding
============================================================
STG Binding: 
---------------- STG Properties BEGIN ----------------
- Is combinational: 0
- Is one-state seq: 0
- Is datapath-only: 0
- Is pipelined: 0
- Is top level: 0
Port [ Return ] is wired: 1; IO mode=ap_ctrl_hs:ce=0
Port [ AXI_video_strm_V_data_V]:  wired=1; compound=1; hidden=0; nouse=0; global=0; static=0; extern=0; dir=0; type=0; pingpong=0; private_global=0; IO mode=axis:ce=0
Port [ AXI_video_strm_V_keep_V]:  wired=1; compound=1; hidden=0; nouse=0; global=0; static=0; extern=0; dir=0; type=0; pingpong=0; private_global=0; IO mode=axis:ce=0
Port [ AXI_video_strm_V_strb_V]:  wired=1; compound=1; hidden=0; nouse=0; global=0; static=0; extern=0; dir=0; type=0; pingpong=0; private_global=0; IO mode=axis:ce=0
Port [ AXI_video_strm_V_user_V]:  wired=1; compound=1; hidden=0; nouse=0; global=0; static=0; extern=0; dir=0; type=0; pingpong=0; private_global=0; IO mode=axis:ce=0
Port [ AXI_video_strm_V_last_V]:  wired=1; compound=1; hidden=0; nouse=0; global=0; static=0; extern=0; dir=0; type=0; pingpong=0; private_global=0; IO mode=axis:ce=0
Port [ AXI_video_strm_V_id_V]:  wired=1; compound=1; hidden=0; nouse=0; global=0; static=0; extern=0; dir=0; type=0; pingpong=0; private_global=0; IO mode=axis:ce=0
Port [ AXI_video_strm_V_dest_V]:  wired=1; compound=1; hidden=0; nouse=0; global=0; static=0; extern=0; dir=0; type=0; pingpong=0; private_global=0; IO mode=axis:ce=0
Port [ img_data_stream_0_V]:  wired=1; compound=1; hidden=0; nouse=0; global=0; static=0; extern=0; dir=1; type=3; pingpong=0; private_global=0; IO mode=ap_fifo:ce=0
Port [ img_data_stream_1_V]:  wired=1; compound=1; hidden=0; nouse=0; global=0; static=0; extern=0; dir=1; type=3; pingpong=0; private_global=0; IO mode=ap_fifo:ce=0
Port [ img_data_stream_2_V]:  wired=1; compound=1; hidden=0; nouse=0; global=0; static=0; extern=0; dir=1; type=3; pingpong=0; private_global=0; IO mode=ap_fifo:ce=0
---------------- STG Properties END ------------------

---------------- Datapath Model BEGIN ----------------

<LifeTime>
<method=bitvector/>
StgValue_11  (specinterface    ) [ 00000000000]
StgValue_12  (specinterface    ) [ 00000000000]
StgValue_13  (specinterface    ) [ 00000000000]
StgValue_14  (specinterface    ) [ 00000000000]
StgValue_15  (br               ) [ 00000000000]
StgValue_16  (specloopname     ) [ 00000000000]
tmp          (specregionbegin  ) [ 00000000000]
StgValue_18  (specpipeline     ) [ 00000000000]
StgValue_19  (speclooptripcount) [ 00000000000]
empty        (read             ) [ 00000000000]
tmp_data_V   (extractvalue     ) [ 00011111111]
tmp_user_V   (extractvalue     ) [ 00100000000]
tmp_last_V   (extractvalue     ) [ 00011111111]
empty_70     (specregionend    ) [ 00000000000]
StgValue_25  (br               ) [ 00000000000]
sof_1        (alloca           ) [ 00011111111]
StgValue_27  (store            ) [ 00000000000]
StgValue_28  (br               ) [ 00011111111]
axi_last_V1  (phi              ) [ 00001110000]
axi_data_V1  (phi              ) [ 00001110000]
t_V          (phi              ) [ 00001000000]
exitcond5    (icmp             ) [ 00001111111]
i_V          (add              ) [ 00011111111]
StgValue_34  (speclooptripcount) [ 00000000000]
StgValue_35  (br               ) [ 00000000000]
StgValue_36  (specloopname     ) [ 00000000000]
tmp_s        (specregionbegin  ) [ 00000111111]
StgValue_38  (br               ) [ 00001111111]
StgValue_39  (ret              ) [ 00000000000]
t_V_3        (phi              ) [ 00000100000]
eol          (phi              ) [ 00000101110]
exitcond     (icmp             ) [ 00001111111]
j_V          (add              ) [ 00001111111]
sof_1_load   (load             ) [ 00000000000]
brmerge      (or               ) [ 00001111111]
StgValue_47  (store            ) [ 00000000000]
eol_1        (phi              ) [ 00000111110]
axi_data_V_1 (phi              ) [ 00000111110]
StgValue_50  (speclooptripcount) [ 00000000000]
StgValue_51  (br               ) [ 00000000000]
StgValue_52  (specloopname     ) [ 00000000000]
tmp_42       (specregionbegin  ) [ 00000000000]
StgValue_54  (specpipeline     ) [ 00000000000]
StgValue_55  (br               ) [ 00000000000]
empty_71     (read             ) [ 00000000000]
tmp_data_V_1 (extractvalue     ) [ 00000000000]
tmp_last_V_1 (extractvalue     ) [ 00000000000]
StgValue_59  (br               ) [ 00000000000]
axi_last_V_2 (phi              ) [ 00001111111]
p_Val2_s     (phi              ) [ 00001111111]
tmp_104      (trunc            ) [ 00000000000]
tmp_45       (partselect       ) [ 00000000000]
tmp_46       (partselect       ) [ 00000000000]
tmp_47       (specregionbegin  ) [ 00000000000]
StgValue_66  (specprotocol     ) [ 00000000000]
StgValue_67  (write            ) [ 00000000000]
StgValue_68  (write            ) [ 00000000000]
StgValue_69  (write            ) [ 00000000000]
empty_72     (specregionend    ) [ 00000000000]
empty_73     (specregionend    ) [ 00000000000]
StgValue_72  (br               ) [ 00001111111]
StgValue_73  (br               ) [ 00001111111]
eol_2        (phi              ) [ 00000000110]
axi_last_V_3 (phi              ) [ 00011000111]
axi_data_V_3 (phi              ) [ 00011000111]
StgValue_78  (br               ) [ 00000000000]
StgValue_79  (specloopname     ) [ 00000000000]
tmp_43       (specregionbegin  ) [ 00000000000]
StgValue_81  (specpipeline     ) [ 00000000000]
StgValue_82  (speclooptripcount) [ 00000000000]
empty_74     (read             ) [ 00000000000]
tmp_data_V_2 (extractvalue     ) [ 00001111111]
tmp_last_V_2 (extractvalue     ) [ 00001111111]
empty_75     (specregionend    ) [ 00000000000]
StgValue_87  (br               ) [ 00001111111]
empty_76     (specregionend    ) [ 00000000000]
StgValue_89  (br               ) [ 00011111111]
</LifeTime>

<model>

<comp_list>
<comp id="0" class="1000" name="AXI_video_strm_V_data_V">
<pin_list>
<pin id="1" dir="1" index="0" bw="1" slack="0"/>
</pin_list>
<bind>
<StgValue><ssdm name="AXI_video_strm_V_data_V"/></StgValue>
</bind>
</comp>

<comp id="2" class="1000" name="AXI_video_strm_V_keep_V">
<pin_list>
<pin id="3" dir="1" index="0" bw="1" slack="0"/>
</pin_list>
<bind>
<StgValue><ssdm name="AXI_video_strm_V_keep_V"/></StgValue>
</bind>
</comp>

<comp id="4" class="1000" name="AXI_video_strm_V_strb_V">
<pin_list>
<pin id="5" dir="1" index="0" bw="1" slack="0"/>
</pin_list>
<bind>
<StgValue><ssdm name="AXI_video_strm_V_strb_V"/></StgValue>
</bind>
</comp>

<comp id="6" class="1000" name="AXI_video_strm_V_user_V">
<pin_list>
<pin id="7" dir="1" index="0" bw="1" slack="0"/>
</pin_list>
<bind>
<StgValue><ssdm name="AXI_video_strm_V_user_V"/></StgValue>
</bind>
</comp>

<comp id="8" class="1000" name="AXI_video_strm_V_last_V">
<pin_list>
<pin id="9" dir="1" index="0" bw="1" slack="0"/>
</pin_list>
<bind>
<StgValue><ssdm name="AXI_video_strm_V_last_V"/></StgValue>
</bind>
</comp>

<comp id="10" class="1000" name="AXI_video_strm_V_id_V">
<pin_list>
<pin id="11" dir="1" index="0" bw="1" slack="0"/>
</pin_list>
<bind>
<StgValue><ssdm name="AXI_video_strm_V_id_V"/></StgValue>
</bind>
</comp>

<comp id="12" class="1000" name="AXI_video_strm_V_dest_V">
<pin_list>
<pin id="13" dir="1" index="0" bw="1" slack="0"/>
</pin_list>
<bind>
<StgValue><ssdm name="AXI_video_strm_V_dest_V"/></StgValue>
</bind>
</comp>

<comp id="14" class="1000" name="img_data_stream_0_V">
<pin_list>
<pin id="15" dir="1" index="0" bw="1" slack="0"/>
</pin_list>
<bind>
<StgValue><ssdm name="img_data_stream_0_V"/></StgValue>
</bind>
</comp>

<comp id="16" class="1000" name="img_data_stream_1_V">
<pin_list>
<pin id="17" dir="1" index="0" bw="1" slack="0"/>
</pin_list>
<bind>
<StgValue><ssdm name="img_data_stream_1_V"/></StgValue>
</bind>
</comp>

<comp id="18" class="1000" name="img_data_stream_2_V">
<pin_list>
<pin id="19" dir="1" index="0" bw="1" slack="0"/>
</pin_list>
<bind>
<StgValue><ssdm name="img_data_stream_2_V"/></StgValue>
</bind>
</comp>

<comp id="20" class="1001" name="const_20">
<pin_list>
<pin id="21" dir="1" index="0" bw="1" slack="2147483647"/>
</pin_list>
<bind>
<StgValue><ssdm name="_ssdm_op_SpecInterface"/></StgValue>
</bind>
</comp>

<comp id="22" class="1001" name="const_22">
<pin_list>
<pin id="23" dir="1" index="0" bw="1" slack="2147483647"/>
</pin_list>
<bind>
<StgValue><ssdm name="ap_fifo_str"/></StgValue>
</bind>
</comp>

<comp id="24" class="1001" name="const_24">
<pin_list>
<pin id="25" dir="1" index="0" bw="1" slack="2147483647"/>
</pin_list>
<bind>
<StgValue><ssdm name=""/></StgValue>
</bind>
</comp>

<comp id="26" class="1001" name="const_26">
<pin_list>
<pin id="27" dir="1" index="0" bw="1" slack="2147483647"/>
</pin_list>
<bind>
<StgValue><ssdm name="p_str"/></StgValue>
</bind>
</comp>

<comp id="28" class="1001" name="const_28">
<pin_list>
<pin id="29" dir="1" index="0" bw="1" slack="2147483647"/>
</pin_list>
<bind>
<StgValue><ssdm name=""/></StgValue>
</bind>
</comp>

<comp id="30" class="1001" name="const_30">
<pin_list>
<pin id="31" dir="1" index="0" bw="1" slack="0"/>
</pin_list>
<bind>
<StgValue><ssdm name=""/></StgValue>
</bind>
</comp>

<comp id="32" class="1001" name="const_32">
<pin_list>
<pin id="33" dir="1" index="0" bw="1" slack="2147483647"/>
</pin_list>
<bind>
<StgValue><ssdm name="p_str2"/></StgValue>
</bind>
</comp>

<comp id="34" class="1001" name="const_34">
<pin_list>
<pin id="35" dir="1" index="0" bw="1" slack="0"/>
</pin_list>
<bind>
<StgValue><ssdm name=""/></StgValue>
</bind>
</comp>

<comp id="36" class="1001" name="const_36">
<pin_list>
<pin id="37" dir="1" index="0" bw="1" slack="2147483647"/>
</pin_list>
<bind>
<StgValue><ssdm name="p_str3"/></StgValue>
</bind>
</comp>

<comp id="38" class="1001" name="const_38">
<pin_list>
<pin id="39" dir="1" index="0" bw="1" slack="2147483647"/>
</pin_list>
<bind>
<StgValue><ssdm name="_ssdm_op_SpecLoopName"/></StgValue>
</bind>
</comp>

<comp id="40" class="1001" name="const_40">
<pin_list>
<pin id="41" dir="1" index="0" bw="1" slack="2147483647"/>
</pin_list>
<bind>
<StgValue><ssdm name="p_str44"/></StgValue>
</bind>
</comp>

<comp id="42" class="1001" name="const_42">
<pin_list>
<pin id="43" dir="1" index="0" bw="1" slack="2147483647"/>
</pin_list>
<bind>
<StgValue><ssdm name="_ssdm_op_SpecRegionBegin"/></StgValue>
</bind>
</comp>

<comp id="44" class="1001" name="const_44">
<pin_list>
<pin id="45" dir="1" index="0" bw="1" slack="2147483647"/>
</pin_list>
<bind>
<StgValue><ssdm name="_ssdm_op_SpecPipeline"/></StgValue>
</bind>
</comp>

<comp id="46" class="1001" name="const_46">
<pin_list>
<pin id="47" dir="1" index="0" bw="1" slack="2147483647"/>
</pin_list>
<bind>
<StgValue><ssdm name="_ssdm_op_SpecLoopTripCount"/></StgValue>
</bind>
</comp>

<comp id="48" class="1001" name="const_48">
<pin_list>
<pin id="49" dir="1" index="0" bw="1" slack="0"/>
</pin_list>
<bind>
<StgValue><ssdm name="_ssdm_op_Read.axis.volatile.i24P.i3P.i3P.i1P.i1P.i1P.i1P"/></StgValue>
</bind>
</comp>

<comp id="50" class="1001" name="const_50">
<pin_list>
<pin id="51" dir="1" index="0" bw="1" slack="2147483647"/>
</pin_list>
<bind>
<StgValue><ssdm name="_ssdm_op_SpecRegionEnd"/></StgValue>
</bind>
</comp>

<comp id="52" class="1001" name="const_52">
<pin_list>
<pin id="53" dir="1" index="0" bw="1" slack="0"/>
</pin_list>
<bind>
<StgValue><ssdm name=""/></StgValue>
</bind>
</comp>

<comp id="54" class="1001" name="const_54">
<pin_list>
<pin id="55" dir="1" index="0" bw="1" slack="1"/>
</pin_list>
<bind>
<StgValue><ssdm name=""/></StgValue>
</bind>
</comp>

<comp id="56" class="1001" name="const_56">
<pin_list>
<pin id="57" dir="1" index="0" bw="1" slack="0"/>
</pin_list>
<bind>
<StgValue><ssdm name=""/></StgValue>
</bind>
</comp>

<comp id="58" class="1001" name="const_58">
<pin_list>
<pin id="59" dir="1" index="0" bw="1" slack="0"/>
</pin_list>
<bind>
<StgValue><ssdm name=""/></StgValue>
</bind>
</comp>

<comp id="60" class="1001" name="const_60">
<pin_list>
<pin id="61" dir="1" index="0" bw="1" slack="2147483647"/>
</pin_list>
<bind>
<StgValue><ssdm name=""/></StgValue>
</bind>
</comp>

<comp id="62" class="1001" name="const_62">
<pin_list>
<pin id="63" dir="1" index="0" bw="1" slack="2147483647"/>
</pin_list>
<bind>
<StgValue><ssdm name="p_str9"/></StgValue>
</bind>
</comp>

<comp id="64" class="1001" name="const_64">
<pin_list>
<pin id="65" dir="1" index="0" bw="1" slack="0"/>
</pin_list>
<bind>
<StgValue><ssdm name=""/></StgValue>
</bind>
</comp>

<comp id="66" class="1001" name="const_66">
<pin_list>
<pin id="67" dir="1" index="0" bw="1" slack="0"/>
</pin_list>
<bind>
<StgValue><ssdm name=""/></StgValue>
</bind>
</comp>

<comp id="68" class="1001" name="const_68">
<pin_list>
<pin id="69" dir="1" index="0" bw="1" slack="2147483647"/>
</pin_list>
<bind>
<StgValue><ssdm name=""/></StgValue>
</bind>
</comp>

<comp id="70" class="1001" name="const_70">
<pin_list>
<pin id="71" dir="1" index="0" bw="1" slack="2147483647"/>
</pin_list>
<bind>
<StgValue><ssdm name="p_str10"/></StgValue>
</bind>
</comp>

<comp id="72" class="1001" name="const_72">
<pin_list>
<pin id="73" dir="1" index="0" bw="1" slack="0"/>
</pin_list>
<bind>
<StgValue><ssdm name="_ssdm_op_PartSelect.i8.i24.i32.i32"/></StgValue>
</bind>
</comp>

<comp id="74" class="1001" name="const_74">
<pin_list>
<pin id="75" dir="1" index="0" bw="1" slack="0"/>
</pin_list>
<bind>
<StgValue><ssdm name=""/></StgValue>
</bind>
</comp>

<comp id="76" class="1001" name="const_76">
<pin_list>
<pin id="77" dir="1" index="0" bw="1" slack="0"/>
</pin_list>
<bind>
<StgValue><ssdm name=""/></StgValue>
</bind>
</comp>

<comp id="78" class="1001" name="const_78">
<pin_list>
<pin id="79" dir="1" index="0" bw="1" slack="0"/>
</pin_list>
<bind>
<StgValue><ssdm name=""/></StgValue>
</bind>
</comp>

<comp id="80" class="1001" name="const_80">
<pin_list>
<pin id="81" dir="1" index="0" bw="1" slack="2147483647"/>
</pin_list>
<bind>
<StgValue><ssdm name="p_str18"/></StgValue>
</bind>
</comp>

<comp id="82" class="1001" name="const_82">
<pin_list>
<pin id="83" dir="1" index="0" bw="1" slack="2147483647"/>
</pin_list>
<bind>
<StgValue><ssdm name="_ssdm_op_SpecProtocol"/></StgValue>
</bind>
</comp>

<comp id="84" class="1001" name="const_84">
<pin_list>
<pin id="85" dir="1" index="0" bw="1" slack="0"/>
</pin_list>
<bind>
<StgValue><ssdm name="_ssdm_op_Write.ap_fifo.volatile.i8P"/></StgValue>
</bind>
</comp>

<comp id="86" class="1001" name="const_86">
<pin_list>
<pin id="87" dir="1" index="0" bw="1" slack="2147483647"/>
</pin_list>
<bind>
<StgValue><ssdm name="p_str45"/></StgValue>
</bind>
</comp>

<comp id="88" class="1004" name="sof_1_fu_88">
<pin_list>
<pin id="89" dir="0" index="0" bw="1" slack="0"/>
<pin id="90" dir="1" index="1" bw="1" slack="0"/>
</pin_list>
<bind>
<opcode="alloca(26) " fcode="alloca"/>
<opset="sof_1/3 "/>
</bind>
</comp>

<comp id="92" class="1004" name="grp_read_fu_92">
<pin_list>
<pin id="93" dir="0" index="0" bw="34" slack="0"/>
<pin id="94" dir="0" index="1" bw="24" slack="0"/>
<pin id="95" dir="0" index="2" bw="3" slack="0"/>
<pin id="96" dir="0" index="3" bw="3" slack="0"/>
<pin id="97" dir="0" index="4" bw="1" slack="0"/>
<pin id="98" dir="0" index="5" bw="1" slack="0"/>
<pin id="99" dir="0" index="6" bw="1" slack="0"/>
<pin id="100" dir="0" index="7" bw="1" slack="0"/>
<pin id="101" dir="1" index="8" bw="34" slack="0"/>
</pin_list>
<bind>
<opcode="read(1150) " fcode="read"/>
<opset="empty/2 empty_71/5 empty_74/8 "/>
</bind>
</comp>

<comp id="110" class="1004" name="StgValue_67_write_fu_110">
<pin_list>
<pin id="111" dir="0" index="0" bw="0" slack="0"/>
<pin id="112" dir="0" index="1" bw="8" slack="0"/>
<pin id="113" dir="0" index="2" bw="8" slack="0"/>
<pin id="114" dir="1" index="3" bw="0" slack="2147483647"/>
</pin_list>
<bind>
<opcode="write(1151) " fcode="write"/>
<opset="StgValue_67/6 "/>
</bind>
</comp>

<comp id="117" class="1004" name="StgValue_68_write_fu_117">
<pin_list>
<pin id="118" dir="0" index="0" bw="0" slack="0"/>
<pin id="119" dir="0" index="1" bw="8" slack="0"/>
<pin id="120" dir="0" index="2" bw="8" slack="0"/>
<pin id="121" dir="1" index="3" bw="0" slack="2147483647"/>
</pin_list>
<bind>
<opcode="write(1151) " fcode="write"/>
<opset="StgValue_68/6 "/>
</bind>
</comp>

<comp id="124" class="1004" name="StgValue_69_write_fu_124">
<pin_list>
<pin id="125" dir="0" index="0" bw="0" slack="0"/>
<pin id="126" dir="0" index="1" bw="8" slack="0"/>
<pin id="127" dir="0" index="2" bw="8" slack="0"/>
<pin id="128" dir="1" index="3" bw="0" slack="2147483647"/>
</pin_list>
<bind>
<opcode="write(1151) " fcode="write"/>
<opset="StgValue_69/6 "/>
</bind>
</comp>

<comp id="131" class="1005" name="axi_last_V1_reg_131">
<pin_list>
<pin id="132" dir="0" index="0" bw="1" slack="2"/>
<pin id="133" dir="1" index="1" bw="1" slack="2"/>
</pin_list>
<bind>
<opset="axi_last_V1 (phireg) "/>
</bind>
</comp>

<comp id="134" class="1004" name="axi_last_V1_phi_fu_134">
<pin_list>
<pin id="135" dir="0" index="0" bw="1" slack="1"/>
<pin id="136" dir="0" index="1" bw="0" slack="2147483647"/>
<pin id="137" dir="0" index="2" bw="1" slack="2"/>
<pin id="138" dir="0" index="3" bw="0" slack="2147483647"/>
<pin id="139" dir="1" index="4" bw="1" slack="2"/>
</pin_list>
<bind>
<opcode="phi(47) " fcode="phi"/>
<opset="axi_last_V1/4 "/>
</bind>
</comp>

<comp id="141" class="1005" name="axi_data_V1_reg_141">
<pin_list>
<pin id="142" dir="0" index="0" bw="24" slack="2"/>
<pin id="143" dir="1" index="1" bw="24" slack="2"/>
</pin_list>
<bind>
<opset="axi_data_V1 (phireg) "/>
</bind>
</comp>

<comp id="144" class="1004" name="axi_data_V1_phi_fu_144">
<pin_list>
<pin id="145" dir="0" index="0" bw="24" slack="1"/>
<pin id="146" dir="0" index="1" bw="0" slack="2147483647"/>
<pin id="147" dir="0" index="2" bw="24" slack="2"/>
<pin id="148" dir="0" index="3" bw="0" slack="2147483647"/>
<pin id="149" dir="1" index="4" bw="24" slack="2"/>
</pin_list>
<bind>
<opcode="phi(47) " fcode="phi"/>
<opset="axi_data_V1/4 "/>
</bind>
</comp>

<comp id="151" class="1005" name="t_V_reg_151">
<pin_list>
<pin id="152" dir="0" index="0" bw="11" slack="1"/>
<pin id="153" dir="1" index="1" bw="11" slack="1"/>
</pin_list>
<bind>
<opset="t_V (phireg) "/>
</bind>
</comp>

<comp id="155" class="1004" name="t_V_phi_fu_155">
<pin_list>
<pin id="156" dir="0" index="0" bw="11" slack="0"/>
<pin id="157" dir="0" index="1" bw="0" slack="2147483647"/>
<pin id="158" dir="0" index="2" bw="1" slack="1"/>
<pin id="159" dir="0" index="3" bw="0" slack="2147483647"/>
<pin id="160" dir="1" index="4" bw="11" slack="0"/>
</pin_list>
<bind>
<opcode="phi(47) " fcode="phi"/>
<opset="t_V/4 "/>
</bind>
</comp>

<comp id="162" class="1005" name="t_V_3_reg_162">
<pin_list>
<pin id="163" dir="0" index="0" bw="11" slack="1"/>
<pin id="164" dir="1" index="1" bw="11" slack="1"/>
</pin_list>
<bind>
<opset="t_V_3 (phireg) "/>
</bind>
</comp>

<comp id="166" class="1004" name="t_V_3_phi_fu_166">
<pin_list>
<pin id="167" dir="0" index="0" bw="1" slack="1"/>
<pin id="168" dir="0" index="1" bw="0" slack="2147483647"/>
<pin id="169" dir="0" index="2" bw="11" slack="0"/>
<pin id="170" dir="0" index="3" bw="0" slack="2147483647"/>
<pin id="171" dir="1" index="4" bw="11" slack="0"/>
</pin_list>
<bind>
<opcode="phi(47) " fcode="phi"/>
<opset="t_V_3/5 "/>
</bind>
</comp>

<comp id="173" class="1005" name="eol_reg_173">
<pin_list>
<pin id="174" dir="0" index="0" bw="1" slack="1"/>
<pin id="175" dir="1" index="1" bw="1" slack="1"/>
</pin_list>
<bind>
<opset="eol (phireg) "/>
</bind>
</comp>

<comp id="177" class="1004" name="eol_phi_fu_177">
<pin_list>
<pin id="178" dir="0" index="0" bw="1" slack="1"/>
<pin id="179" dir="0" index="1" bw="0" slack="2147483647"/>
<pin id="180" dir="0" index="2" bw="1" slack="1"/>
<pin id="181" dir="0" index="3" bw="0" slack="2147483647"/>
<pin id="182" dir="1" index="4" bw="1" slack="0"/>
</pin_list>
<bind>
<opcode="phi(47) " fcode="phi"/>
<opset="eol/5 "/>
</bind>
</comp>

<comp id="185" class="1005" name="eol_1_reg_185">
<pin_list>
<pin id="186" dir="0" index="0" bw="1" slack="3"/>
<pin id="187" dir="1" index="1" bw="1" slack="3"/>
</pin_list>
<bind>
<opset="eol_1 (phireg) "/>
</bind>
</comp>

<comp id="188" class="1004" name="eol_1_phi_fu_188">
<pin_list>
<pin id="189" dir="0" index="0" bw="1" slack="2"/>
<pin id="190" dir="0" index="1" bw="0" slack="2147483647"/>
<pin id="191" dir="0" index="2" bw="1" slack="0"/>
<pin id="192" dir="0" index="3" bw="0" slack="2147483647"/>
<pin id="193" dir="1" index="4" bw="1" slack="0"/>
</pin_list>
<bind>
<opcode="phi(47) " fcode="phi"/>
<opset="eol_1/6 "/>
</bind>
</comp>

<comp id="196" class="1005" name="axi_data_V_1_reg_196">
<pin_list>
<pin id="197" dir="0" index="0" bw="24" slack="3"/>
<pin id="198" dir="1" index="1" bw="24" slack="3"/>
</pin_list>
<bind>
<opset="axi_data_V_1 (phireg) "/>
</bind>
</comp>

<comp id="199" class="1004" name="axi_data_V_1_phi_fu_199">
<pin_list>
<pin id="200" dir="0" index="0" bw="24" slack="2"/>
<pin id="201" dir="0" index="1" bw="0" slack="2147483647"/>
<pin id="202" dir="0" index="2" bw="24" slack="0"/>
<pin id="203" dir="0" index="3" bw="0" slack="2147483647"/>
<pin id="204" dir="1" index="4" bw="24" slack="0"/>
</pin_list>
<bind>
<opcode="phi(47) " fcode="phi"/>
<opset="axi_data_V_1/6 "/>
</bind>
</comp>

<comp id="207" class="1005" name="axi_last_V_2_reg_207">
<pin_list>
<pin id="208" dir="0" index="0" bw="1" slack="0"/>
<pin id="209" dir="1" index="1" bw="1" slack="0"/>
</pin_list>
<bind>
<opset="axi_last_V_2 (phireg) "/>
</bind>
</comp>

<comp id="212" class="1004" name="axi_last_V_2_phi_fu_212">
<pin_list>
<pin id="213" dir="0" index="0" bw="1" slack="0"/>
<pin id="214" dir="0" index="1" bw="0" slack="2147483647"/>
<pin id="215" dir="0" index="2" bw="1" slack="0"/>
<pin id="216" dir="0" index="3" bw="0" slack="2147483647"/>
<pin id="217" dir="1" index="4" bw="1" slack="0"/>
</pin_list>
<bind>
<opcode="phi(47) " fcode="phi"/>
<opset="axi_last_V_2/6 "/>
</bind>
</comp>

<comp id="220" class="1005" name="p_Val2_s_reg_220">
<pin_list>
<pin id="221" dir="0" index="0" bw="24" slack="0"/>
<pin id="222" dir="1" index="1" bw="24" slack="0"/>
</pin_list>
<bind>
<opset="p_Val2_s (phireg) "/>
</bind>
</comp>

<comp id="224" class="1004" name="p_Val2_s_phi_fu_224">
<pin_list>
<pin id="225" dir="0" index="0" bw="24" slack="0"/>
<pin id="226" dir="0" index="1" bw="0" slack="2147483647"/>
<pin id="227" dir="0" index="2" bw="24" slack="0"/>
<pin id="228" dir="0" index="3" bw="0" slack="2147483647"/>
<pin id="229" dir="1" index="4" bw="24" slack="0"/>
</pin_list>
<bind>
<opcode="phi(47) " fcode="phi"/>
<opset="p_Val2_s/6 "/>
</bind>
</comp>

<comp id="232" class="1005" name="eol_2_reg_232">
<pin_list>
<pin id="233" dir="0" index="0" bw="1" slack="1"/>
<pin id="234" dir="1" index="1" bw="1" slack="2147483647"/>
</pin_list>
<bind>
<opset="eol_2 (phireg) "/>
</bind>
</comp>

<comp id="235" class="1004" name="eol_2_phi_fu_235">
<pin_list>
<pin id="236" dir="0" index="0" bw="1" slack="1"/>
<pin id="237" dir="0" index="1" bw="0" slack="2147483647"/>
<pin id="238" dir="0" index="2" bw="1" slack="3"/>
<pin id="239" dir="0" index="3" bw="0" slack="2147483647"/>
<pin id="240" dir="1" index="4" bw="1" slack="1"/>
</pin_list>
<bind>
<opcode="phi(47) " fcode="phi"/>
<opset="eol_2/8 "/>
</bind>
</comp>

<comp id="243" class="1005" name="axi_last_V_3_reg_243">
<pin_list>
<pin id="244" dir="0" index="0" bw="1" slack="1"/>
<pin id="245" dir="1" index="1" bw="1" slack="1"/>
</pin_list>
<bind>
<opset="axi_last_V_3 (phireg) "/>
</bind>
</comp>

<comp id="247" class="1004" name="axi_last_V_3_phi_fu_247">
<pin_list>
<pin id="248" dir="0" index="0" bw="1" slack="0"/>
<pin id="249" dir="0" index="1" bw="0" slack="2147483647"/>
<pin id="250" dir="0" index="2" bw="1" slack="3"/>
<pin id="251" dir="0" index="3" bw="0" slack="2147483647"/>
<pin id="252" dir="1" index="4" bw="1" slack="1"/>
</pin_list>
<bind>
<opcode="phi(47) " fcode="phi"/>
<opset="axi_last_V_3/9 "/>
</bind>
</comp>

<comp id="255" class="1005" name="axi_data_V_3_reg_255">
<pin_list>
<pin id="256" dir="0" index="0" bw="24" slack="1"/>
<pin id="257" dir="1" index="1" bw="24" slack="1"/>
</pin_list>
<bind>
<opset="axi_data_V_3 (phireg) "/>
</bind>
</comp>

<comp id="259" class="1004" name="axi_data_V_3_phi_fu_259">
<pin_list>
<pin id="260" dir="0" index="0" bw="24" slack="0"/>
<pin id="261" dir="0" index="1" bw="0" slack="2147483647"/>
<pin id="262" dir="0" index="2" bw="24" slack="3"/>
<pin id="263" dir="0" index="3" bw="0" slack="2147483647"/>
<pin id="264" dir="1" index="4" bw="24" slack="1"/>
</pin_list>
<bind>
<opcode="phi(47) " fcode="phi"/>
<opset="axi_data_V_3/9 "/>
</bind>
</comp>

<comp id="267" class="1004" name="grp_fu_267">
<pin_list>
<pin id="268" dir="0" index="0" bw="34" slack="0"/>
<pin id="269" dir="1" index="1" bw="24" slack="0"/>
</pin_list>
<bind>
<opcode="extractvalue(56) " fcode="extractvalue"/>
<opset="tmp_data_V/2 tmp_data_V_1/6 tmp_data_V_2/9 "/>
</bind>
</comp>

<comp id="272" class="1004" name="grp_fu_272">
<pin_list>
<pin id="273" dir="0" index="0" bw="34" slack="0"/>
<pin id="274" dir="1" index="1" bw="1" slack="0"/>
</pin_list>
<bind>
<opcode="extractvalue(56) " fcode="extractvalue"/>
<opset="tmp_last_V/2 tmp_last_V_1/6 tmp_last_V_2/9 "/>
</bind>
</comp>

<comp id="277" class="1004" name="tmp_user_V_fu_277">
<pin_list>
<pin id="278" dir="0" index="0" bw="34" slack="0"/>
<pin id="279" dir="1" index="1" bw="1" slack="2147483647"/>
</pin_list>
<bind>
<opcode="extractvalue(56) " fcode="extractvalue"/>
<opset="tmp_user_V/2 "/>
</bind>
</comp>

<comp id="281" class="1004" name="StgValue_27_store_fu_281">
<pin_list>
<pin id="282" dir="0" index="0" bw="1" slack="0"/>
<pin id="283" dir="0" index="1" bw="1" slack="0"/>
<pin id="284" dir="1" index="2" bw="0" slack="2147483647"/>
</pin_list>
<bind>
<opcode="store(28) " fcode="store"/>
<opset="StgValue_27/3 "/>
</bind>
</comp>

<comp id="286" class="1004" name="exitcond5_fu_286">
<pin_list>
<pin id="287" dir="0" index="0" bw="11" slack="0"/>
<pin id="288" dir="0" index="1" bw="11" slack="0"/>
<pin id="289" dir="1" index="2" bw="1" slack="1"/>
</pin_list>
<bind>
<opcode="icmp(45) " fcode="icmp"/>
<opset="exitcond5/4 "/>
</bind>
</comp>

<comp id="292" class="1004" name="i_V_fu_292">
<pin_list>
<pin id="293" dir="0" index="0" bw="11" slack="0"/>
<pin id="294" dir="0" index="1" bw="1" slack="0"/>
<pin id="295" dir="1" index="2" bw="11" slack="0"/>
</pin_list>
<bind>
<opcode="add(8) " fcode="add"/>
<opset="i_V/4 "/>
</bind>
</comp>

<comp id="298" class="1004" name="exitcond_fu_298">
<pin_list>
<pin id="299" dir="0" index="0" bw="11" slack="0"/>
<pin id="300" dir="0" index="1" bw="10" slack="0"/>
<pin id="301" dir="1" index="2" bw="1" slack="1"/>
</pin_list>
<bind>
<opcode="icmp(45) " fcode="icmp"/>
<opset="exitcond/5 "/>
</bind>
</comp>

<comp id="304" class="1004" name="j_V_fu_304">
<pin_list>
<pin id="305" dir="0" index="0" bw="11" slack="0"/>
<pin id="306" dir="0" index="1" bw="1" slack="0"/>
<pin id="307" dir="1" index="2" bw="11" slack="0"/>
</pin_list>
<bind>
<opcode="add(8) " fcode="add"/>
<opset="j_V/5 "/>
</bind>
</comp>

<comp id="310" class="1004" name="sof_1_load_load_fu_310">
<pin_list>
<pin id="311" dir="0" index="0" bw="1" slack="2"/>
<pin id="312" dir="1" index="1" bw="1" slack="0"/>
</pin_list>
<bind>
<opcode="load(27) " fcode="load"/>
<opset="sof_1_load/5 "/>
</bind>
</comp>

<comp id="313" class="1004" name="brmerge_fu_313">
<pin_list>
<pin id="314" dir="0" index="0" bw="1" slack="0"/>
<pin id="315" dir="0" index="1" bw="1" slack="0"/>
<pin id="316" dir="1" index="2" bw="1" slack="1"/>
</pin_list>
<bind>
<opcode="or(24) " fcode="or"/>
<opset="brmerge/5 "/>
</bind>
</comp>

<comp id="319" class="1004" name="StgValue_47_store_fu_319">
<pin_list>
<pin id="320" dir="0" index="0" bw="1" slack="0"/>
<pin id="321" dir="0" index="1" bw="1" slack="2"/>
<pin id="322" dir="1" index="2" bw="0" slack="2147483647"/>
</pin_list>
<bind>
<opcode="store(28) " fcode="store"/>
<opset="StgValue_47/5 "/>
</bind>
</comp>

<comp id="324" class="1004" name="tmp_104_fu_324">
<pin_list>
<pin id="325" dir="0" index="0" bw="24" slack="0"/>
<pin id="326" dir="1" index="1" bw="8" slack="0"/>
</pin_list>
<bind>
<opcode="trunc(33) " fcode="trunc"/>
<opset="tmp_104/6 "/>
</bind>
</comp>

<comp id="329" class="1004" name="tmp_45_fu_329">
<pin_list>
<pin id="330" dir="0" index="0" bw="8" slack="0"/>
<pin id="331" dir="0" index="1" bw="24" slack="0"/>
<pin id="332" dir="0" index="2" bw="5" slack="0"/>
<pin id="333" dir="0" index="3" bw="5" slack="0"/>
<pin id="334" dir="1" index="4" bw="8" slack="0"/>
</pin_list>
<bind>
<opcode="partselect(1002) " fcode="partselect"/>
<opset="tmp_45/6 "/>
</bind>
</comp>

<comp id="340" class="1004" name="tmp_46_fu_340">
<pin_list>
<pin id="341" dir="0" index="0" bw="8" slack="0"/>
<pin id="342" dir="0" index="1" bw="24" slack="0"/>
<pin id="343" dir="0" index="2" bw="6" slack="0"/>
<pin id="344" dir="0" index="3" bw="6" slack="0"/>
<pin id="345" dir="1" index="4" bw="8" slack="0"/>
</pin_list>
<bind>
<opcode="partselect(1002) " fcode="partselect"/>
<opset="tmp_46/6 "/>
</bind>
</comp>

<comp id="351" class="1005" name="tmp_data_V_reg_351">
<pin_list>
<pin id="352" dir="0" index="0" bw="24" slack="2"/>
<pin id="353" dir="1" index="1" bw="24" slack="2"/>
</pin_list>
<bind>
<opset="tmp_data_V "/>
</bind>
</comp>

<comp id="359" class="1005" name="tmp_last_V_reg_359">
<pin_list>
<pin id="360" dir="0" index="0" bw="1" slack="2"/>
<pin id="361" dir="1" index="1" bw="1" slack="2"/>
</pin_list>
<bind>
<opset="tmp_last_V "/>
</bind>
</comp>

<comp id="364" class="1005" name="sof_1_reg_364">
<pin_list>
<pin id="365" dir="0" index="0" bw="1" slack="0"/>
<pin id="366" dir="1" index="1" bw="1" slack="0"/>
</pin_list>
<bind>
<opset="sof_1 "/>
</bind>
</comp>

<comp id="371" class="1005" name="exitcond5_reg_371">
<pin_list>
<pin id="372" dir="0" index="0" bw="1" slack="1"/>
<pin id="373" dir="1" index="1" bw="1" slack="2147483647"/>
</pin_list>
<bind>
<opset="exitcond5 "/>
</bind>
</comp>

<comp id="375" class="1005" name="i_V_reg_375">
<pin_list>
<pin id="376" dir="0" index="0" bw="11" slack="0"/>
<pin id="377" dir="1" index="1" bw="11" slack="0"/>
</pin_list>
<bind>
<opset="i_V "/>
</bind>
</comp>

<comp id="380" class="1005" name="exitcond_reg_380">
<pin_list>
<pin id="381" dir="0" index="0" bw="1" slack="1"/>
<pin id="382" dir="1" index="1" bw="1" slack="2147483647"/>
</pin_list>
<bind>
<opset="exitcond "/>
</bind>
</comp>

<comp id="384" class="1005" name="j_V_reg_384">
<pin_list>
<pin id="385" dir="0" index="0" bw="11" slack="0"/>
<pin id="386" dir="1" index="1" bw="11" slack="0"/>
</pin_list>
<bind>
<opset="j_V "/>
</bind>
</comp>

<comp id="389" class="1005" name="brmerge_reg_389">
<pin_list>
<pin id="390" dir="0" index="0" bw="1" slack="1"/>
<pin id="391" dir="1" index="1" bw="1" slack="2147483647"/>
</pin_list>
<bind>
<opset="brmerge "/>
</bind>
</comp>

<comp id="393" class="1005" name="tmp_data_V_2_reg_393">
<pin_list>
<pin id="394" dir="0" index="0" bw="24" slack="0"/>
<pin id="395" dir="1" index="1" bw="24" slack="0"/>
</pin_list>
<bind>
<opset="tmp_data_V_2 "/>
</bind>
</comp>

<comp id="398" class="1005" name="tmp_last_V_2_reg_398">
<pin_list>
<pin id="399" dir="0" index="0" bw="1" slack="0"/>
<pin id="400" dir="1" index="1" bw="1" slack="0"/>
</pin_list>
<bind>
<opset="tmp_last_V_2 "/>
</bind>
</comp>

</comp_list>

<net_list>
<net id="91"><net_src comp="34" pin="0"/><net_sink comp="88" pin=0"/></net>

<net id="102"><net_src comp="48" pin="0"/><net_sink comp="92" pin=0"/></net>

<net id="103"><net_src comp="0" pin="0"/><net_sink comp="92" pin=1"/></net>

<net id="104"><net_src comp="2" pin="0"/><net_sink comp="92" pin=2"/></net>

<net id="105"><net_src comp="4" pin="0"/><net_sink comp="92" pin=3"/></net>

<net id="106"><net_src comp="6" pin="0"/><net_sink comp="92" pin=4"/></net>

<net id="107"><net_src comp="8" pin="0"/><net_sink comp="92" pin=5"/></net>

<net id="108"><net_src comp="10" pin="0"/><net_sink comp="92" pin=6"/></net>

<net id="109"><net_src comp="12" pin="0"/><net_sink comp="92" pin=7"/></net>

<net id="115"><net_src comp="84" pin="0"/><net_sink comp="110" pin=0"/></net>

<net id="116"><net_src comp="14" pin="0"/><net_sink comp="110" pin=1"/></net>

<net id="122"><net_src comp="84" pin="0"/><net_sink comp="117" pin=0"/></net>

<net id="123"><net_src comp="16" pin="0"/><net_sink comp="117" pin=1"/></net>

<net id="129"><net_src comp="84" pin="0"/><net_sink comp="124" pin=0"/></net>

<net id="130"><net_src comp="18" pin="0"/><net_sink comp="124" pin=1"/></net>

<net id="140"><net_src comp="134" pin="4"/><net_sink comp="131" pin=0"/></net>

<net id="150"><net_src comp="144" pin="4"/><net_sink comp="141" pin=0"/></net>

<net id="154"><net_src comp="54" pin="0"/><net_sink comp="151" pin=0"/></net>

<net id="161"><net_src comp="151" pin="1"/><net_sink comp="155" pin=2"/></net>

<net id="165"><net_src comp="54" pin="0"/><net_sink comp="162" pin=0"/></net>

<net id="172"><net_src comp="162" pin="1"/><net_sink comp="166" pin=0"/></net>

<net id="176"><net_src comp="64" pin="0"/><net_sink comp="173" pin=0"/></net>

<net id="183"><net_src comp="173" pin="1"/><net_sink comp="177" pin=0"/></net>

<net id="184"><net_src comp="177" pin="4"/><net_sink comp="173" pin=0"/></net>

<net id="194"><net_src comp="131" pin="1"/><net_sink comp="188" pin=0"/></net>

<net id="195"><net_src comp="188" pin="4"/><net_sink comp="185" pin=0"/></net>

<net id="205"><net_src comp="141" pin="1"/><net_sink comp="199" pin=0"/></net>

<net id="206"><net_src comp="199" pin="4"/><net_sink comp="196" pin=0"/></net>

<net id="210"><net_src comp="207" pin="1"/><net_sink comp="177" pin=2"/></net>

<net id="211"><net_src comp="207" pin="1"/><net_sink comp="188" pin=2"/></net>

<net id="218"><net_src comp="188" pin="4"/><net_sink comp="212" pin=2"/></net>

<net id="219"><net_src comp="212" pin="4"/><net_sink comp="207" pin=0"/></net>

<net id="223"><net_src comp="220" pin="1"/><net_sink comp="199" pin=2"/></net>

<net id="230"><net_src comp="199" pin="4"/><net_sink comp="224" pin=2"/></net>

<net id="231"><net_src comp="224" pin="4"/><net_sink comp="220" pin=0"/></net>

<net id="241"><net_src comp="173" pin="1"/><net_sink comp="235" pin=2"/></net>

<net id="242"><net_src comp="235" pin="4"/><net_sink comp="232" pin=0"/></net>

<net id="246"><net_src comp="243" pin="1"/><net_sink comp="134" pin=0"/></net>

<net id="253"><net_src comp="185" pin="1"/><net_sink comp="247" pin=2"/></net>

<net id="254"><net_src comp="247" pin="4"/><net_sink comp="243" pin=0"/></net>

<net id="258"><net_src comp="255" pin="1"/><net_sink comp="144" pin=0"/></net>

<net id="265"><net_src comp="196" pin="1"/><net_sink comp="259" pin=2"/></net>

<net id="266"><net_src comp="259" pin="4"/><net_sink comp="255" pin=0"/></net>

<net id="270"><net_src comp="92" pin="8"/><net_sink comp="267" pin=0"/></net>

<net id="271"><net_src comp="267" pin="1"/><net_sink comp="224" pin=0"/></net>

<net id="275"><net_src comp="92" pin="8"/><net_sink comp="272" pin=0"/></net>

<net id="276"><net_src comp="272" pin="1"/><net_sink comp="212" pin=0"/></net>

<net id="280"><net_src comp="92" pin="8"/><net_sink comp="277" pin=0"/></net>

<net id="285"><net_src comp="52" pin="0"/><net_sink comp="281" pin=0"/></net>

<net id="290"><net_src comp="155" pin="4"/><net_sink comp="286" pin=0"/></net>

<net id="291"><net_src comp="56" pin="0"/><net_sink comp="286" pin=1"/></net>

<net id="296"><net_src comp="155" pin="4"/><net_sink comp="292" pin=0"/></net>

<net id="297"><net_src comp="58" pin="0"/><net_sink comp="292" pin=1"/></net>

<net id="302"><net_src comp="166" pin="4"/><net_sink comp="298" pin=0"/></net>

<net id="303"><net_src comp="66" pin="0"/><net_sink comp="298" pin=1"/></net>

<net id="308"><net_src comp="166" pin="4"/><net_sink comp="304" pin=0"/></net>

<net id="309"><net_src comp="58" pin="0"/><net_sink comp="304" pin=1"/></net>

<net id="317"><net_src comp="310" pin="1"/><net_sink comp="313" pin=0"/></net>

<net id="318"><net_src comp="177" pin="4"/><net_sink comp="313" pin=1"/></net>

<net id="323"><net_src comp="64" pin="0"/><net_sink comp="319" pin=0"/></net>

<net id="327"><net_src comp="224" pin="4"/><net_sink comp="324" pin=0"/></net>

<net id="328"><net_src comp="324" pin="1"/><net_sink comp="110" pin=2"/></net>

<net id="335"><net_src comp="72" pin="0"/><net_sink comp="329" pin=0"/></net>

<net id="336"><net_src comp="224" pin="4"/><net_sink comp="329" pin=1"/></net>

<net id="337"><net_src comp="74" pin="0"/><net_sink comp="329" pin=2"/></net>

<net id="338"><net_src comp="76" pin="0"/><net_sink comp="329" pin=3"/></net>

<net id="339"><net_src comp="329" pin="4"/><net_sink comp="117" pin=2"/></net>

<net id="346"><net_src comp="72" pin="0"/><net_sink comp="340" pin=0"/></net>

<net id="347"><net_src comp="224" pin="4"/><net_sink comp="340" pin=1"/></net>

<net id="348"><net_src comp="30" pin="0"/><net_sink comp="340" pin=2"/></net>

<net id="349"><net_src comp="78" pin="0"/><net_sink comp="340" pin=3"/></net>

<net id="350"><net_src comp="340" pin="4"/><net_sink comp="124" pin=2"/></net>

<net id="354"><net_src comp="267" pin="1"/><net_sink comp="351" pin=0"/></net>

<net id="355"><net_src comp="351" pin="1"/><net_sink comp="144" pin=2"/></net>

<net id="362"><net_src comp="272" pin="1"/><net_sink comp="359" pin=0"/></net>

<net id="363"><net_src comp="359" pin="1"/><net_sink comp="134" pin=2"/></net>

<net id="367"><net_src comp="88" pin="1"/><net_sink comp="364" pin=0"/></net>

<net id="368"><net_src comp="364" pin="1"/><net_sink comp="281" pin=1"/></net>

<net id="369"><net_src comp="364" pin="1"/><net_sink comp="310" pin=0"/></net>

<net id="370"><net_src comp="364" pin="1"/><net_sink comp="319" pin=1"/></net>

<net id="374"><net_src comp="286" pin="2"/><net_sink comp="371" pin=0"/></net>

<net id="378"><net_src comp="292" pin="2"/><net_sink comp="375" pin=0"/></net>

<net id="379"><net_src comp="375" pin="1"/><net_sink comp="155" pin=0"/></net>

<net id="383"><net_src comp="298" pin="2"/><net_sink comp="380" pin=0"/></net>

<net id="387"><net_src comp="304" pin="2"/><net_sink comp="384" pin=0"/></net>

<net id="388"><net_src comp="384" pin="1"/><net_sink comp="166" pin=2"/></net>

<net id="392"><net_src comp="313" pin="2"/><net_sink comp="389" pin=0"/></net>

<net id="396"><net_src comp="267" pin="1"/><net_sink comp="393" pin=0"/></net>

<net id="397"><net_src comp="393" pin="1"/><net_sink comp="259" pin=0"/></net>

<net id="401"><net_src comp="272" pin="1"/><net_sink comp="398" pin=0"/></net>

<net id="402"><net_src comp="398" pin="1"/><net_sink comp="235" pin=0"/></net>

<net id="403"><net_src comp="398" pin="1"/><net_sink comp="247" pin=0"/></net>

</net_list>

</model> 
---------------- Datapath Model END ------------------

* FSMD analyzer results:
  - Output states:
	Port: img_data_stream_0_V | {6 }
	Port: img_data_stream_1_V | {6 }
	Port: img_data_stream_2_V | {6 }
 - Input state : 
	Port: AXIvideo2Mat : AXI_video_strm_V_data_V | {2 5 8 }
	Port: AXIvideo2Mat : AXI_video_strm_V_keep_V | {2 5 8 }
	Port: AXIvideo2Mat : AXI_video_strm_V_strb_V | {2 5 8 }
	Port: AXIvideo2Mat : AXI_video_strm_V_user_V | {2 5 8 }
	Port: AXIvideo2Mat : AXI_video_strm_V_last_V | {2 5 8 }
	Port: AXIvideo2Mat : AXI_video_strm_V_id_V | {2 5 8 }
	Port: AXIvideo2Mat : AXI_video_strm_V_dest_V | {2 5 8 }
  - Chain level:
	State 1
	State 2
		empty_70 : 1
		StgValue_25 : 1
	State 3
		StgValue_27 : 1
	State 4
		exitcond5 : 1
		i_V : 1
		StgValue_35 : 2
	State 5
		exitcond : 1
		j_V : 1
		brmerge : 1
	State 6
		axi_last_V_2 : 1
		p_Val2_s : 1
		tmp_104 : 2
		tmp_45 : 2
		tmp_46 : 2
		StgValue_67 : 3
		StgValue_68 : 3
		StgValue_69 : 3
		empty_72 : 1
		empty_73 : 1
	State 7
	State 8
	State 9
		empty_75 : 1
	State 10


============================================================
+ Verbose Summary: Datapath Resource usage 
============================================================

* Functional unit list:
|----------|--------------------------|---------|---------|
| Operation|      Functional Unit     |    FF   |   LUT   |
|----------|--------------------------|---------|---------|
|   icmp   |     exitcond5_fu_286     |    0    |    13   |
|          |      exitcond_fu_298     |    0    |    13   |
|----------|--------------------------|---------|---------|
|    add   |        i_V_fu_292        |    0    |    13   |
|          |        j_V_fu_304        |    0    |    13   |
|----------|--------------------------|---------|---------|
|    or    |      brmerge_fu_313      |    0    |    2    |
|----------|--------------------------|---------|---------|
|   read   |      grp_read_fu_92      |    0    |    0    |
|----------|--------------------------|---------|---------|
|          | StgValue_67_write_fu_110 |    0    |    0    |
|   write  | StgValue_68_write_fu_117 |    0    |    0    |
|          | StgValue_69_write_fu_124 |    0    |    0    |
|----------|--------------------------|---------|---------|
|          |        grp_fu_267        |    0    |    0    |
|extractvalue|        grp_fu_272        |    0    |    0    |
|          |     tmp_user_V_fu_277    |    0    |    0    |
|----------|--------------------------|---------|---------|
|   trunc  |      tmp_104_fu_324      |    0    |    0    |
|----------|--------------------------|---------|---------|
|partselect|       tmp_45_fu_329      |    0    |    0    |
|          |       tmp_46_fu_340      |    0    |    0    |
|----------|--------------------------|---------|---------|
|   Total  |                          |    0    |    54   |
|----------|--------------------------|---------|---------|

Memories:
N/A

* Register list:
+--------------------+--------+
|                    |   FF   |
+--------------------+--------+
| axi_data_V1_reg_141|   24   |
|axi_data_V_1_reg_196|   24   |
|axi_data_V_3_reg_255|   24   |
| axi_last_V1_reg_131|    1   |
|axi_last_V_2_reg_207|    1   |
|axi_last_V_3_reg_243|    1   |
|   brmerge_reg_389  |    1   |
|    eol_1_reg_185   |    1   |
|    eol_2_reg_232   |    1   |
|     eol_reg_173    |    1   |
|  exitcond5_reg_371 |    1   |
|  exitcond_reg_380  |    1   |
|     i_V_reg_375    |   11   |
|     j_V_reg_384    |   11   |
|  p_Val2_s_reg_220  |   24   |
|    sof_1_reg_364   |    1   |
|    t_V_3_reg_162   |   11   |
|     t_V_reg_151    |   11   |
|tmp_data_V_2_reg_393|   24   |
| tmp_data_V_reg_351 |   24   |
|tmp_last_V_2_reg_398|    1   |
| tmp_last_V_reg_359 |    1   |
+--------------------+--------+
|        Total       |   200  |
+--------------------+--------+

* Multiplexer (MUX) list: 
|-------------|------|------|------|--------||---------||---------|
|     Comp    |  Pin | Size |  BW  | S x BW ||  Delay  ||   LUT   |
|-------------|------|------|------|--------||---------||---------|
| eol_reg_173 |  p0  |   2  |   1  |    2   ||    9    |
|-------------|------|------|------|--------||---------||---------|
|    Total    |      |      |      |    2   ||  1.769  ||    9    |
|-------------|------|------|------|--------||---------||---------|



* Summary:
+-----------+--------+--------+--------+
|           |  Delay |   FF   |   LUT  |
+-----------+--------+--------+--------+
|  Function |    -   |    0   |   54   |
|   Memory  |    -   |    -   |    -   |
|Multiplexer|    1   |    -   |    9   |
|  Register |    -   |   200  |    -   |
+-----------+--------+--------+--------+
|   Total   |    1   |   200  |   63   |
+-----------+--------+--------+--------+
