

================================================================
== Vivado HLS Report for 'CvtColor_1'
================================================================
* Date:           Thu Jan 31 14:03:43 2019

* Version:        2018.2.1 (Build 2288704 on Thu Jul 26 18:46:41 MDT 2018)
* Project:        SubSample
* Solution:       solution1
* Product family: zynq
* Target device:  xc7z010clg400-1


================================================================
== Performance Estimates
================================================================
+ Timing (ns): 
    * Summary: 
    +--------+-------+----------+------------+
    |  Clock | Target| Estimated| Uncertainty|
    +--------+-------+----------+------------+
    |ap_clk  |  10.00|     7.268|        1.25|
    +--------+-------+----------+------------+

+ Latency (clock cycles): 
    * Summary: 
    +---------+---------+---------+---------+---------+
    |      Latency      |      Interval     | Pipeline|
    |   min   |   max   |   min   |   max   |   Type  |
    +---------+---------+---------+---------+---------+
    |  1767151|  1767151|  1767151|  1767151|   none  |
    +---------+---------+---------+---------+---------+

    + Detail: 
        * Instance: 
        N/A

        * Loop: 
        +---------------+---------+---------+----------+-----------+-----------+------+----------+
        |               |      Latency      | Iteration|  Initiation Interval  | Trip |          |
        |   Loop Name   |   min   |   max   |  Latency |  achieved |   target  | Count| Pipelined|
        +---------------+---------+---------+----------+-----------+-----------+------+----------+
        |- loop_height  |  1767150|  1767150|      1683|          -|          -|  1050|    no    |
        | + loop_width  |     1680|     1680|         2|          1|          1|  1680|    yes   |
        +---------------+---------+---------+----------+-----------+-----------+------+----------+



================================================================
== Utilization Estimates
================================================================
* Summary: 
+-----------------+---------+-------+-------+-------+
|       Name      | BRAM_18K| DSP48E|   FF  |  LUT  |
+-----------------+---------+-------+-------+-------+
|DSP              |        -|      -|      -|      -|
|Expression       |        -|      -|      0|     62|
|FIFO             |        -|      -|      -|      -|
|Instance         |        -|      -|      -|      -|
|Memory           |        -|      -|      -|      -|
|Multiplexer      |        -|      -|      -|    132|
|Register         |        -|      -|     42|      -|
+-----------------+---------+-------+-------+-------+
|Total            |        0|      0|     42|    194|
+-----------------+---------+-------+-------+-------+
|Available        |      120|     80|  35200|  17600|
+-----------------+---------+-------+-------+-------+
|Utilization (%)  |        0|      0|   ~0  |      1|
+-----------------+---------+-------+-------+-------+

+ Detail: 
    * Instance: 
    N/A

    * DSP48: 
    N/A

    * Memory: 
    N/A

    * FIFO: 
    N/A

    * Expression: 
    +----------------------------------+----------+-------+---+----+------------+------------+
    |           Variable Name          | Operation| DSP48E| FF| LUT| Bitwidth P0| Bitwidth P1|
    +----------------------------------+----------+-------+---+----+------------+------------+
    |i_1_fu_134_p2                     |     +    |      0|  0|  13|          11|           1|
    |j_1_fu_146_p2                     |     +    |      0|  0|  13|          11|           1|
    |ap_block_pp0_stage0_01001         |    and   |      0|  0|   2|           1|           1|
    |tmp_20_fu_140_p2                  |   icmp   |      0|  0|  13|          11|          10|
    |tmp_s_fu_128_p2                   |   icmp   |      0|  0|  13|          11|          11|
    |ap_block_state1                   |    or    |      0|  0|   2|           1|           1|
    |ap_block_state4_pp0_stage0_iter1  |    or    |      0|  0|   2|           1|           1|
    |ap_enable_pp0                     |    xor   |      0|  0|   2|           1|           2|
    |ap_enable_reg_pp0_iter1           |    xor   |      0|  0|   2|           2|           1|
    +----------------------------------+----------+-------+---+----+------------+------------+
    |Total                             |          |      0|  0|  62|          50|          29|
    +----------------------------------+----------+-------+---+----+------------+------------+

    * Multiplexer: 
    +-----------------------------+----+-----------+-----+-----------+
    |             Name            | LUT| Input Size| Bits| Total Bits|
    +-----------------------------+----+-----------+-----+-----------+
    |ap_NS_fsm                    |  27|          5|    1|          5|
    |ap_done                      |   9|          2|    1|          2|
    |ap_enable_reg_pp0_iter1      |  15|          3|    1|          3|
    |i_reg_106                    |   9|          2|   11|         22|
    |j_reg_117                    |   9|          2|   11|         22|
    |p_dst_data_stream_0_V_blk_n  |   9|          2|    1|          2|
    |p_dst_data_stream_1_V_blk_n  |   9|          2|    1|          2|
    |p_dst_data_stream_2_V_blk_n  |   9|          2|    1|          2|
    |p_src_data_stream_0_V_blk_n  |   9|          2|    1|          2|
    |p_src_data_stream_1_V_blk_n  |   9|          2|    1|          2|
    |p_src_data_stream_2_V_blk_n  |   9|          2|    1|          2|
    |real_start                   |   9|          2|    1|          2|
    +-----------------------------+----+-----------+-----+-----------+
    |Total                        | 132|         28|   32|         68|
    +-----------------------------+----+-----------+-----+-----------+

    * Register: 
    +-------------------------+----+----+-----+-----------+
    |           Name          | FF | LUT| Bits| Const Bits|
    +-------------------------+----+----+-----+-----------+
    |ap_CS_fsm                |   4|   0|    4|          0|
    |ap_done_reg              |   1|   0|    1|          0|
    |ap_enable_reg_pp0_iter0  |   1|   0|    1|          0|
    |ap_enable_reg_pp0_iter1  |   1|   0|    1|          0|
    |i_1_reg_156              |  11|   0|   11|          0|
    |i_reg_106                |  11|   0|   11|          0|
    |j_reg_117                |  11|   0|   11|          0|
    |start_once_reg           |   1|   0|    1|          0|
    |tmp_20_reg_161           |   1|   0|    1|          0|
    +-------------------------+----+----+-----+-----------+
    |Total                    |  42|   0|   42|          0|
    +-------------------------+----+----+-----+-----------+



================================================================
== Interface
================================================================
* Summary: 
+-------------------------------+-----+-----+------------+-----------------------+--------------+
|           RTL Ports           | Dir | Bits|  Protocol  |     Source Object     |    C Type    |
+-------------------------------+-----+-----+------------+-----------------------+--------------+
|ap_clk                         |  in |    1| ap_ctrl_hs |       CvtColor.1      | return value |
|ap_rst                         |  in |    1| ap_ctrl_hs |       CvtColor.1      | return value |
|ap_start                       |  in |    1| ap_ctrl_hs |       CvtColor.1      | return value |
|start_full_n                   |  in |    1| ap_ctrl_hs |       CvtColor.1      | return value |
|ap_done                        | out |    1| ap_ctrl_hs |       CvtColor.1      | return value |
|ap_continue                    |  in |    1| ap_ctrl_hs |       CvtColor.1      | return value |
|ap_idle                        | out |    1| ap_ctrl_hs |       CvtColor.1      | return value |
|ap_ready                       | out |    1| ap_ctrl_hs |       CvtColor.1      | return value |
|start_out                      | out |    1| ap_ctrl_hs |       CvtColor.1      | return value |
|start_write                    | out |    1| ap_ctrl_hs |       CvtColor.1      | return value |
|p_src_data_stream_0_V_dout     |  in |    8|   ap_fifo  | p_src_data_stream_0_V |    pointer   |
|p_src_data_stream_0_V_empty_n  |  in |    1|   ap_fifo  | p_src_data_stream_0_V |    pointer   |
|p_src_data_stream_0_V_read     | out |    1|   ap_fifo  | p_src_data_stream_0_V |    pointer   |
|p_src_data_stream_1_V_dout     |  in |    8|   ap_fifo  | p_src_data_stream_1_V |    pointer   |
|p_src_data_stream_1_V_empty_n  |  in |    1|   ap_fifo  | p_src_data_stream_1_V |    pointer   |
|p_src_data_stream_1_V_read     | out |    1|   ap_fifo  | p_src_data_stream_1_V |    pointer   |
|p_src_data_stream_2_V_dout     |  in |    8|   ap_fifo  | p_src_data_stream_2_V |    pointer   |
|p_src_data_stream_2_V_empty_n  |  in |    1|   ap_fifo  | p_src_data_stream_2_V |    pointer   |
|p_src_data_stream_2_V_read     | out |    1|   ap_fifo  | p_src_data_stream_2_V |    pointer   |
|p_dst_data_stream_0_V_din      | out |    8|   ap_fifo  | p_dst_data_stream_0_V |    pointer   |
|p_dst_data_stream_0_V_full_n   |  in |    1|   ap_fifo  | p_dst_data_stream_0_V |    pointer   |
|p_dst_data_stream_0_V_write    | out |    1|   ap_fifo  | p_dst_data_stream_0_V |    pointer   |
|p_dst_data_stream_1_V_din      | out |    8|   ap_fifo  | p_dst_data_stream_1_V |    pointer   |
|p_dst_data_stream_1_V_full_n   |  in |    1|   ap_fifo  | p_dst_data_stream_1_V |    pointer   |
|p_dst_data_stream_1_V_write    | out |    1|   ap_fifo  | p_dst_data_stream_1_V |    pointer   |
|p_dst_data_stream_2_V_din      | out |    8|   ap_fifo  | p_dst_data_stream_2_V |    pointer   |
|p_dst_data_stream_2_V_full_n   |  in |    1|   ap_fifo  | p_dst_data_stream_2_V |    pointer   |
|p_dst_data_stream_2_V_write    | out |    1|   ap_fifo  | p_dst_data_stream_2_V |    pointer   |
+-------------------------------+-----+-----+------------+-----------------------+--------------+

============================================================
+ Verbose Summary: Synthesis Manager
============================================================
InlineROM: 1
ExposeGlobal: 0
============================================================
+ Verbose Summary: CDFG Model
============================================================
IsTopModel: 0
ResetActiveHigh: 1
IsCombinational: 2
IsDatapathOnly: 0
HasWiredReturn: 1
HasMFsm: 0
HasVarLatency: 1
IsPipeline: 0
IsRtlPipelined: 0
IsInstanceOverlapped: 0
IsDontTouch: 0
HasImplIP: 0
IsGatedGlobalClock: 0

+ Individual pipeline summary: 
  * Pipeline-0: initiation interval (II) = 1, depth = 2


============================================================
+ Verbose Summary: Schedule
============================================================
* Number of FSM states : 5
* Pipeline : 1
  Pipeline-0 : II = 1, D = 2, States = { 3 4 }
* Dataflow Pipeline: 0

* FSM state transitions: 
1 --> 
	2  / true
2 --> 
	3  / (tmp_s)
3 --> 
	5  / (!tmp_20)
	4  / (tmp_20)
4 --> 
	3  / true
5 --> 
	2  / true

* FSM state operations: 

State 1 <SV = 0> <Delay = 1.76>
ST_1 : Operation 6 [1/1] (0.00ns)   --->   "call void (...)* @_ssdm_op_SpecInterface(i8* %p_dst_data_stream_2_V, [8 x i8]* @ap_fifo_str, i32 0, i32 0, [1 x i8]* @p_str, i32 0, i32 0, [1 x i8]* @p_str, [1 x i8]* @p_str, [1 x i8]* @p_str, i32 2, i32 2, i32 16, i32 16, [1 x i8]* @p_str, [1 x i8]* @p_str)"   --->   Operation 6 'specinterface' <Predicate = true> <Delay = 0.00>
ST_1 : Operation 7 [1/1] (0.00ns)   --->   "call void (...)* @_ssdm_op_SpecInterface(i8* %p_dst_data_stream_1_V, [8 x i8]* @ap_fifo_str, i32 0, i32 0, [1 x i8]* @p_str, i32 0, i32 0, [1 x i8]* @p_str, [1 x i8]* @p_str, [1 x i8]* @p_str, i32 2, i32 2, i32 16, i32 16, [1 x i8]* @p_str, [1 x i8]* @p_str)"   --->   Operation 7 'specinterface' <Predicate = true> <Delay = 0.00>
ST_1 : Operation 8 [1/1] (0.00ns)   --->   "call void (...)* @_ssdm_op_SpecInterface(i8* %p_dst_data_stream_0_V, [8 x i8]* @ap_fifo_str, i32 0, i32 0, [1 x i8]* @p_str, i32 0, i32 0, [1 x i8]* @p_str, [1 x i8]* @p_str, [1 x i8]* @p_str, i32 2, i32 2, i32 16, i32 16, [1 x i8]* @p_str, [1 x i8]* @p_str)"   --->   Operation 8 'specinterface' <Predicate = true> <Delay = 0.00>
ST_1 : Operation 9 [1/1] (0.00ns)   --->   "call void (...)* @_ssdm_op_SpecInterface(i8* %p_src_data_stream_2_V, [8 x i8]* @ap_fifo_str, i32 0, i32 0, [1 x i8]* @p_str, i32 0, i32 0, [1 x i8]* @p_str, [1 x i8]* @p_str, [1 x i8]* @p_str, i32 2, i32 2, i32 16, i32 16, [1 x i8]* @p_str, [1 x i8]* @p_str)"   --->   Operation 9 'specinterface' <Predicate = true> <Delay = 0.00>
ST_1 : Operation 10 [1/1] (0.00ns)   --->   "call void (...)* @_ssdm_op_SpecInterface(i8* %p_src_data_stream_1_V, [8 x i8]* @ap_fifo_str, i32 0, i32 0, [1 x i8]* @p_str, i32 0, i32 0, [1 x i8]* @p_str, [1 x i8]* @p_str, [1 x i8]* @p_str, i32 2, i32 2, i32 16, i32 16, [1 x i8]* @p_str, [1 x i8]* @p_str)"   --->   Operation 10 'specinterface' <Predicate = true> <Delay = 0.00>
ST_1 : Operation 11 [1/1] (0.00ns)   --->   "call void (...)* @_ssdm_op_SpecInterface(i8* %p_src_data_stream_0_V, [8 x i8]* @ap_fifo_str, i32 0, i32 0, [1 x i8]* @p_str, i32 0, i32 0, [1 x i8]* @p_str, [1 x i8]* @p_str, [1 x i8]* @p_str, i32 2, i32 2, i32 16, i32 16, [1 x i8]* @p_str, [1 x i8]* @p_str)"   --->   Operation 11 'specinterface' <Predicate = true> <Delay = 0.00>
ST_1 : Operation 12 [1/1] (1.76ns)   --->   "br label %1" [/opt/york/cs/net/xilinx_vivado-2018.2_ise-14.7_x86-64-1/Vivado/2018.2/common/technology/autopilot/hls/hls_video_imgproc.h:1946]   --->   Operation 12 'br' <Predicate = true> <Delay = 1.76>

State 2 <SV = 1> <Delay = 2.85>
ST_2 : Operation 13 [1/1] (0.00ns)   --->   "%i = phi i11 [ 0, %0 ], [ %i_1, %4 ]"   --->   Operation 13 'phi' 'i' <Predicate = true> <Delay = 0.00>
ST_2 : Operation 14 [1/1] (1.88ns)   --->   "%tmp_s = icmp ult i11 %i, -998" [/opt/york/cs/net/xilinx_vivado-2018.2_ise-14.7_x86-64-1/Vivado/2018.2/common/technology/autopilot/hls/hls_video_imgproc.h:1946]   --->   Operation 14 'icmp' 'tmp_s' <Predicate = true> <Delay = 1.88> <Core = "Cmp">   --->   Core 25 'Cmp' <Latency = 0> <II = 1> <Delay = 1.88> <FuncUnit> <Opcode : 'icmp'> <InPorts = 2> <OutPorts = 1>
ST_2 : Operation 15 [1/1] (1.63ns)   --->   "%i_1 = add i11 %i, 1" [/opt/york/cs/net/xilinx_vivado-2018.2_ise-14.7_x86-64-1/Vivado/2018.2/common/technology/autopilot/hls/hls_video_imgproc.h:1946]   --->   Operation 15 'add' 'i_1' <Predicate = true> <Delay = 1.63> <Core = "AddSub">   --->   Core 14 'AddSub' <Latency = 0> <II = 1> <Delay = 1.63> <FuncUnit> <Opcode : 'add' 'sub'> <InPorts = 2> <OutPorts = 1>
ST_2 : Operation 16 [1/1] (0.00ns)   --->   "call void (...)* @_ssdm_op_SpecLoopTripCount(i64 1050, i64 1050, i64 1050)"   --->   Operation 16 'speclooptripcount' <Predicate = true> <Delay = 0.00>
ST_2 : Operation 17 [1/1] (0.00ns)   --->   "br i1 %tmp_s, label %2, label %5" [/opt/york/cs/net/xilinx_vivado-2018.2_ise-14.7_x86-64-1/Vivado/2018.2/common/technology/autopilot/hls/hls_video_imgproc.h:1946]   --->   Operation 17 'br' <Predicate = true> <Delay = 0.00>
ST_2 : Operation 18 [1/1] (0.00ns)   --->   "call void (...)* @_ssdm_op_SpecLoopName([12 x i8]* @p_str9) nounwind" [/opt/york/cs/net/xilinx_vivado-2018.2_ise-14.7_x86-64-1/Vivado/2018.2/common/technology/autopilot/hls/hls_video_imgproc.h:1946]   --->   Operation 18 'specloopname' <Predicate = (tmp_s)> <Delay = 0.00>
ST_2 : Operation 19 [1/1] (0.00ns)   --->   "%tmp = call i32 (...)* @_ssdm_op_SpecRegionBegin([12 x i8]* @p_str9)" [/opt/york/cs/net/xilinx_vivado-2018.2_ise-14.7_x86-64-1/Vivado/2018.2/common/technology/autopilot/hls/hls_video_imgproc.h:1946]   --->   Operation 19 'specregionbegin' 'tmp' <Predicate = (tmp_s)> <Delay = 0.00>
ST_2 : Operation 20 [1/1] (1.76ns)   --->   "br label %3" [/opt/york/cs/net/xilinx_vivado-2018.2_ise-14.7_x86-64-1/Vivado/2018.2/common/technology/autopilot/hls/hls_video_imgproc.h:1947]   --->   Operation 20 'br' <Predicate = (tmp_s)> <Delay = 1.76>
ST_2 : Operation 21 [1/1] (0.00ns)   --->   "ret void" [/opt/york/cs/net/xilinx_vivado-2018.2_ise-14.7_x86-64-1/Vivado/2018.2/common/technology/autopilot/hls/hls_video_imgproc.h:1955]   --->   Operation 21 'ret' <Predicate = (!tmp_s)> <Delay = 0.00>

State 3 <SV = 2> <Delay = 1.88>
ST_3 : Operation 22 [1/1] (0.00ns)   --->   "%j = phi i11 [ 0, %2 ], [ %j_1, %"operator>>.exit" ]"   --->   Operation 22 'phi' 'j' <Predicate = true> <Delay = 0.00>
ST_3 : Operation 23 [1/1] (1.88ns)   --->   "%tmp_20 = icmp ult i11 %j, -368" [/opt/york/cs/net/xilinx_vivado-2018.2_ise-14.7_x86-64-1/Vivado/2018.2/common/technology/autopilot/hls/hls_video_imgproc.h:1947]   --->   Operation 23 'icmp' 'tmp_20' <Predicate = true> <Delay = 1.88> <Core = "Cmp">   --->   Core 25 'Cmp' <Latency = 0> <II = 1> <Delay = 1.88> <FuncUnit> <Opcode : 'icmp'> <InPorts = 2> <OutPorts = 1>
ST_3 : Operation 24 [1/1] (1.63ns)   --->   "%j_1 = add i11 %j, 1" [/opt/york/cs/net/xilinx_vivado-2018.2_ise-14.7_x86-64-1/Vivado/2018.2/common/technology/autopilot/hls/hls_video_imgproc.h:1947]   --->   Operation 24 'add' 'j_1' <Predicate = true> <Delay = 1.63> <Core = "AddSub">   --->   Core 14 'AddSub' <Latency = 0> <II = 1> <Delay = 1.63> <FuncUnit> <Opcode : 'add' 'sub'> <InPorts = 2> <OutPorts = 1>
ST_3 : Operation 25 [1/1] (0.00ns)   --->   "call void (...)* @_ssdm_op_SpecLoopTripCount(i64 1680, i64 1680, i64 1680)"   --->   Operation 25 'speclooptripcount' <Predicate = true> <Delay = 0.00>
ST_3 : Operation 26 [1/1] (0.00ns)   --->   "br i1 %tmp_20, label %"operator>>.exit", label %4" [/opt/york/cs/net/xilinx_vivado-2018.2_ise-14.7_x86-64-1/Vivado/2018.2/common/technology/autopilot/hls/hls_video_imgproc.h:1947]   --->   Operation 26 'br' <Predicate = true> <Delay = 0.00>

State 4 <SV = 3> <Delay = 7.26>
ST_4 : Operation 27 [1/1] (0.00ns)   --->   "call void (...)* @_ssdm_op_SpecLoopName([11 x i8]* @p_str10) nounwind" [/opt/york/cs/net/xilinx_vivado-2018.2_ise-14.7_x86-64-1/Vivado/2018.2/common/technology/autopilot/hls/hls_video_imgproc.h:1947]   --->   Operation 27 'specloopname' <Predicate = (tmp_20)> <Delay = 0.00>
ST_4 : Operation 28 [1/1] (0.00ns)   --->   "%tmp_39 = call i32 (...)* @_ssdm_op_SpecRegionBegin([11 x i8]* @p_str10)" [/opt/york/cs/net/xilinx_vivado-2018.2_ise-14.7_x86-64-1/Vivado/2018.2/common/technology/autopilot/hls/hls_video_imgproc.h:1947]   --->   Operation 28 'specregionbegin' 'tmp_39' <Predicate = (tmp_20)> <Delay = 0.00>
ST_4 : Operation 29 [1/1] (0.00ns)   --->   "call void (...)* @_ssdm_op_SpecPipeline(i32 -1, i32 1, i32 1, i32 0, [1 x i8]* @p_str) nounwind" [/opt/york/cs/net/xilinx_vivado-2018.2_ise-14.7_x86-64-1/Vivado/2018.2/common/technology/autopilot/hls/hls_video_imgproc.h:1949]   --->   Operation 29 'specpipeline' <Predicate = (tmp_20)> <Delay = 0.00>
ST_4 : Operation 30 [1/1] (0.00ns)   --->   "%tmp_40 = call i32 (...)* @_ssdm_op_SpecRegionBegin([12 x i8]* @p_str14)" [/opt/york/cs/net/xilinx_vivado-2018.2_ise-14.7_x86-64-1/Vivado/2018.2/common/technology/autopilot/hls/hls_video_core.h:617->/opt/york/cs/net/xilinx_vivado-2018.2_ise-14.7_x86-64-1/Vivado/2018.2/common/technology/autopilot/hls/hls_video_core.h:656->/opt/york/cs/net/xilinx_vivado-2018.2_ise-14.7_x86-64-1/Vivado/2018.2/common/technology/autopilot/hls/hls_video_imgproc.h:1950]   --->   Operation 30 'specregionbegin' 'tmp_40' <Predicate = (tmp_20)> <Delay = 0.00>
ST_4 : Operation 31 [1/1] (0.00ns)   --->   "call void (...)* @_ssdm_op_SpecProtocol(i32 0, [1 x i8]* @p_str) nounwind" [/opt/york/cs/net/xilinx_vivado-2018.2_ise-14.7_x86-64-1/Vivado/2018.2/common/technology/autopilot/hls/hls_video_core.h:621->/opt/york/cs/net/xilinx_vivado-2018.2_ise-14.7_x86-64-1/Vivado/2018.2/common/technology/autopilot/hls/hls_video_core.h:656->/opt/york/cs/net/xilinx_vivado-2018.2_ise-14.7_x86-64-1/Vivado/2018.2/common/technology/autopilot/hls/hls_video_imgproc.h:1950]   --->   Operation 31 'specprotocol' <Predicate = (tmp_20)> <Delay = 0.00>
ST_4 : Operation 32 [1/1] (3.63ns)   --->   "%tmp_93 = call i8 @_ssdm_op_Read.ap_fifo.volatile.i8P(i8* %p_src_data_stream_0_V)" [/opt/york/cs/net/xilinx_vivado-2018.2_ise-14.7_x86-64-1/Vivado/2018.2/common/technology/autopilot/hls/hls_video_core.h:624->/opt/york/cs/net/xilinx_vivado-2018.2_ise-14.7_x86-64-1/Vivado/2018.2/common/technology/autopilot/hls/hls_video_core.h:656->/opt/york/cs/net/xilinx_vivado-2018.2_ise-14.7_x86-64-1/Vivado/2018.2/common/technology/autopilot/hls/hls_video_imgproc.h:1950]   --->   Operation 32 'read' 'tmp_93' <Predicate = (tmp_20)> <Delay = 3.63> <Core = "FIFO">   --->   Core 32 'FIFO' <Latency = 0> <II = 1> <Delay = 3.63> <Storage> <Opcode : 'read' 'write' 'nbread' 'nbwrite'> <Ports = 0> <Width = 8> <Depth = 1> <FIFO>
ST_4 : Operation 33 [1/1] (3.63ns)   --->   "%empty = call i8 @_ssdm_op_Read.ap_fifo.volatile.i8P(i8* %p_src_data_stream_1_V)" [/opt/york/cs/net/xilinx_vivado-2018.2_ise-14.7_x86-64-1/Vivado/2018.2/common/technology/autopilot/hls/hls_video_core.h:624->/opt/york/cs/net/xilinx_vivado-2018.2_ise-14.7_x86-64-1/Vivado/2018.2/common/technology/autopilot/hls/hls_video_core.h:656->/opt/york/cs/net/xilinx_vivado-2018.2_ise-14.7_x86-64-1/Vivado/2018.2/common/technology/autopilot/hls/hls_video_imgproc.h:1950]   --->   Operation 33 'read' 'empty' <Predicate = (tmp_20)> <Delay = 3.63> <Core = "FIFO">   --->   Core 32 'FIFO' <Latency = 0> <II = 1> <Delay = 3.63> <Storage> <Opcode : 'read' 'write' 'nbread' 'nbwrite'> <Ports = 0> <Width = 8> <Depth = 1> <FIFO>
ST_4 : Operation 34 [1/1] (3.63ns)   --->   "%empty_62 = call i8 @_ssdm_op_Read.ap_fifo.volatile.i8P(i8* %p_src_data_stream_2_V)" [/opt/york/cs/net/xilinx_vivado-2018.2_ise-14.7_x86-64-1/Vivado/2018.2/common/technology/autopilot/hls/hls_video_core.h:624->/opt/york/cs/net/xilinx_vivado-2018.2_ise-14.7_x86-64-1/Vivado/2018.2/common/technology/autopilot/hls/hls_video_core.h:656->/opt/york/cs/net/xilinx_vivado-2018.2_ise-14.7_x86-64-1/Vivado/2018.2/common/technology/autopilot/hls/hls_video_imgproc.h:1950]   --->   Operation 34 'read' 'empty_62' <Predicate = (tmp_20)> <Delay = 3.63> <Core = "FIFO">   --->   Core 32 'FIFO' <Latency = 0> <II = 1> <Delay = 3.63> <Storage> <Opcode : 'read' 'write' 'nbread' 'nbwrite'> <Ports = 0> <Width = 8> <Depth = 1> <FIFO>
ST_4 : Operation 35 [1/1] (0.00ns)   --->   "%empty_63 = call i32 (...)* @_ssdm_op_SpecRegionEnd([12 x i8]* @p_str14, i32 %tmp_40)" [/opt/york/cs/net/xilinx_vivado-2018.2_ise-14.7_x86-64-1/Vivado/2018.2/common/technology/autopilot/hls/hls_video_core.h:626->/opt/york/cs/net/xilinx_vivado-2018.2_ise-14.7_x86-64-1/Vivado/2018.2/common/technology/autopilot/hls/hls_video_core.h:656->/opt/york/cs/net/xilinx_vivado-2018.2_ise-14.7_x86-64-1/Vivado/2018.2/common/technology/autopilot/hls/hls_video_imgproc.h:1950]   --->   Operation 35 'specregionend' 'empty_63' <Predicate = (tmp_20)> <Delay = 0.00>
ST_4 : Operation 36 [1/1] (0.00ns)   --->   "%tmp_41 = call i32 (...)* @_ssdm_op_SpecRegionBegin([12 x i8]* @p_str18)" [/opt/york/cs/net/xilinx_vivado-2018.2_ise-14.7_x86-64-1/Vivado/2018.2/common/technology/autopilot/hls/hls_video_core.h:641->/opt/york/cs/net/xilinx_vivado-2018.2_ise-14.7_x86-64-1/Vivado/2018.2/common/technology/autopilot/hls/hls_video_core.h:662->/opt/york/cs/net/xilinx_vivado-2018.2_ise-14.7_x86-64-1/Vivado/2018.2/common/technology/autopilot/hls/hls_video_imgproc.h:1952]   --->   Operation 36 'specregionbegin' 'tmp_41' <Predicate = (tmp_20)> <Delay = 0.00>
ST_4 : Operation 37 [1/1] (0.00ns)   --->   "call void (...)* @_ssdm_op_SpecProtocol(i32 0, [1 x i8]* @p_str) nounwind" [/opt/york/cs/net/xilinx_vivado-2018.2_ise-14.7_x86-64-1/Vivado/2018.2/common/technology/autopilot/hls/hls_video_core.h:645->/opt/york/cs/net/xilinx_vivado-2018.2_ise-14.7_x86-64-1/Vivado/2018.2/common/technology/autopilot/hls/hls_video_core.h:662->/opt/york/cs/net/xilinx_vivado-2018.2_ise-14.7_x86-64-1/Vivado/2018.2/common/technology/autopilot/hls/hls_video_imgproc.h:1952]   --->   Operation 37 'specprotocol' <Predicate = (tmp_20)> <Delay = 0.00>
ST_4 : Operation 38 [1/1] (3.63ns)   --->   "call void @_ssdm_op_Write.ap_fifo.volatile.i8P(i8* %p_dst_data_stream_0_V, i8 %tmp_93)" [/opt/york/cs/net/xilinx_vivado-2018.2_ise-14.7_x86-64-1/Vivado/2018.2/common/technology/autopilot/hls/hls_video_core.h:648->/opt/york/cs/net/xilinx_vivado-2018.2_ise-14.7_x86-64-1/Vivado/2018.2/common/technology/autopilot/hls/hls_video_core.h:662->/opt/york/cs/net/xilinx_vivado-2018.2_ise-14.7_x86-64-1/Vivado/2018.2/common/technology/autopilot/hls/hls_video_imgproc.h:1952]   --->   Operation 38 'write' <Predicate = (tmp_20)> <Delay = 3.63> <Core = "FIFO">   --->   Core 32 'FIFO' <Latency = 0> <II = 1> <Delay = 3.63> <Storage> <Opcode : 'read' 'write' 'nbread' 'nbwrite'> <Ports = 0> <Width = 8> <Depth = 1> <FIFO>
ST_4 : Operation 39 [1/1] (3.63ns)   --->   "call void @_ssdm_op_Write.ap_fifo.volatile.i8P(i8* %p_dst_data_stream_1_V, i8 %tmp_93)" [/opt/york/cs/net/xilinx_vivado-2018.2_ise-14.7_x86-64-1/Vivado/2018.2/common/technology/autopilot/hls/hls_video_core.h:648->/opt/york/cs/net/xilinx_vivado-2018.2_ise-14.7_x86-64-1/Vivado/2018.2/common/technology/autopilot/hls/hls_video_core.h:662->/opt/york/cs/net/xilinx_vivado-2018.2_ise-14.7_x86-64-1/Vivado/2018.2/common/technology/autopilot/hls/hls_video_imgproc.h:1952]   --->   Operation 39 'write' <Predicate = (tmp_20)> <Delay = 3.63> <Core = "FIFO">   --->   Core 32 'FIFO' <Latency = 0> <II = 1> <Delay = 3.63> <Storage> <Opcode : 'read' 'write' 'nbread' 'nbwrite'> <Ports = 0> <Width = 8> <Depth = 1> <FIFO>
ST_4 : Operation 40 [1/1] (3.63ns)   --->   "call void @_ssdm_op_Write.ap_fifo.volatile.i8P(i8* %p_dst_data_stream_2_V, i8 %tmp_93)" [/opt/york/cs/net/xilinx_vivado-2018.2_ise-14.7_x86-64-1/Vivado/2018.2/common/technology/autopilot/hls/hls_video_core.h:648->/opt/york/cs/net/xilinx_vivado-2018.2_ise-14.7_x86-64-1/Vivado/2018.2/common/technology/autopilot/hls/hls_video_core.h:662->/opt/york/cs/net/xilinx_vivado-2018.2_ise-14.7_x86-64-1/Vivado/2018.2/common/technology/autopilot/hls/hls_video_imgproc.h:1952]   --->   Operation 40 'write' <Predicate = (tmp_20)> <Delay = 3.63> <Core = "FIFO">   --->   Core 32 'FIFO' <Latency = 0> <II = 1> <Delay = 3.63> <Storage> <Opcode : 'read' 'write' 'nbread' 'nbwrite'> <Ports = 0> <Width = 8> <Depth = 1> <FIFO>
ST_4 : Operation 41 [1/1] (0.00ns)   --->   "%empty_64 = call i32 (...)* @_ssdm_op_SpecRegionEnd([12 x i8]* @p_str18, i32 %tmp_41)" [/opt/york/cs/net/xilinx_vivado-2018.2_ise-14.7_x86-64-1/Vivado/2018.2/common/technology/autopilot/hls/hls_video_core.h:650->/opt/york/cs/net/xilinx_vivado-2018.2_ise-14.7_x86-64-1/Vivado/2018.2/common/technology/autopilot/hls/hls_video_core.h:662->/opt/york/cs/net/xilinx_vivado-2018.2_ise-14.7_x86-64-1/Vivado/2018.2/common/technology/autopilot/hls/hls_video_imgproc.h:1952]   --->   Operation 41 'specregionend' 'empty_64' <Predicate = (tmp_20)> <Delay = 0.00>
ST_4 : Operation 42 [1/1] (0.00ns)   --->   "%empty_65 = call i32 (...)* @_ssdm_op_SpecRegionEnd([11 x i8]* @p_str10, i32 %tmp_39)" [/opt/york/cs/net/xilinx_vivado-2018.2_ise-14.7_x86-64-1/Vivado/2018.2/common/technology/autopilot/hls/hls_video_imgproc.h:1953]   --->   Operation 42 'specregionend' 'empty_65' <Predicate = (tmp_20)> <Delay = 0.00>
ST_4 : Operation 43 [1/1] (0.00ns)   --->   "br label %3" [/opt/york/cs/net/xilinx_vivado-2018.2_ise-14.7_x86-64-1/Vivado/2018.2/common/technology/autopilot/hls/hls_video_imgproc.h:1947]   --->   Operation 43 'br' <Predicate = (tmp_20)> <Delay = 0.00>

State 5 <SV = 3> <Delay = 0.00>
ST_5 : Operation 44 [1/1] (0.00ns)   --->   "%empty_66 = call i32 (...)* @_ssdm_op_SpecRegionEnd([12 x i8]* @p_str9, i32 %tmp)" [/opt/york/cs/net/xilinx_vivado-2018.2_ise-14.7_x86-64-1/Vivado/2018.2/common/technology/autopilot/hls/hls_video_imgproc.h:1954]   --->   Operation 44 'specregionend' 'empty_66' <Predicate = true> <Delay = 0.00>
ST_5 : Operation 45 [1/1] (0.00ns)   --->   "br label %1" [/opt/york/cs/net/xilinx_vivado-2018.2_ise-14.7_x86-64-1/Vivado/2018.2/common/technology/autopilot/hls/hls_video_imgproc.h:1946]   --->   Operation 45 'br' <Predicate = true> <Delay = 0.00>


============================================================
+ Verbose Summary: Binding
============================================================
STG Binding: 
---------------- STG Properties BEGIN ----------------
- Is combinational: 0
- Is one-state seq: 0
- Is datapath-only: 0
- Is pipelined: 0
- Is top level: 0
Port [ Return ] is wired: 1; IO mode=ap_ctrl_hs:ce=0
Port [ p_src_data_stream_0_V]:  wired=1; compound=1; hidden=0; nouse=0; global=0; static=0; extern=0; dir=0; type=3; pingpong=0; private_global=0; IO mode=ap_fifo:ce=0
Port [ p_src_data_stream_1_V]:  wired=1; compound=1; hidden=0; nouse=0; global=0; static=0; extern=0; dir=0; type=3; pingpong=0; private_global=0; IO mode=ap_fifo:ce=0
Port [ p_src_data_stream_2_V]:  wired=1; compound=1; hidden=0; nouse=0; global=0; static=0; extern=0; dir=0; type=3; pingpong=0; private_global=0; IO mode=ap_fifo:ce=0
Port [ p_dst_data_stream_0_V]:  wired=1; compound=1; hidden=0; nouse=0; global=0; static=0; extern=0; dir=1; type=3; pingpong=0; private_global=0; IO mode=ap_fifo:ce=0
Port [ p_dst_data_stream_1_V]:  wired=1; compound=1; hidden=0; nouse=0; global=0; static=0; extern=0; dir=1; type=3; pingpong=0; private_global=0; IO mode=ap_fifo:ce=0
Port [ p_dst_data_stream_2_V]:  wired=1; compound=1; hidden=0; nouse=0; global=0; static=0; extern=0; dir=1; type=3; pingpong=0; private_global=0; IO mode=ap_fifo:ce=0
---------------- STG Properties END ------------------

---------------- Datapath Model BEGIN ----------------

<LifeTime>
<method=bitvector/>
StgValue_6  (specinterface    ) [ 000000]
StgValue_7  (specinterface    ) [ 000000]
StgValue_8  (specinterface    ) [ 000000]
StgValue_9  (specinterface    ) [ 000000]
StgValue_10 (specinterface    ) [ 000000]
StgValue_11 (specinterface    ) [ 000000]
StgValue_12 (br               ) [ 011111]
i           (phi              ) [ 001000]
tmp_s       (icmp             ) [ 001111]
i_1         (add              ) [ 011111]
StgValue_16 (speclooptripcount) [ 000000]
StgValue_17 (br               ) [ 000000]
StgValue_18 (specloopname     ) [ 000000]
tmp         (specregionbegin  ) [ 000111]
StgValue_20 (br               ) [ 001111]
StgValue_21 (ret              ) [ 000000]
j           (phi              ) [ 000100]
tmp_20      (icmp             ) [ 001111]
j_1         (add              ) [ 001111]
StgValue_25 (speclooptripcount) [ 000000]
StgValue_26 (br               ) [ 000000]
StgValue_27 (specloopname     ) [ 000000]
tmp_39      (specregionbegin  ) [ 000000]
StgValue_29 (specpipeline     ) [ 000000]
tmp_40      (specregionbegin  ) [ 000000]
StgValue_31 (specprotocol     ) [ 000000]
tmp_93      (read             ) [ 000000]
empty       (read             ) [ 000000]
empty_62    (read             ) [ 000000]
empty_63    (specregionend    ) [ 000000]
tmp_41      (specregionbegin  ) [ 000000]
StgValue_37 (specprotocol     ) [ 000000]
StgValue_38 (write            ) [ 000000]
StgValue_39 (write            ) [ 000000]
StgValue_40 (write            ) [ 000000]
empty_64    (specregionend    ) [ 000000]
empty_65    (specregionend    ) [ 000000]
StgValue_43 (br               ) [ 001111]
empty_66    (specregionend    ) [ 000000]
StgValue_45 (br               ) [ 011111]
</LifeTime>

<model>

<comp_list>
<comp id="0" class="1000" name="p_src_data_stream_0_V">
<pin_list>
<pin id="1" dir="1" index="0" bw="1" slack="0"/>
</pin_list>
<bind>
<StgValue><ssdm name="p_src_data_stream_0_V"/></StgValue>
</bind>
</comp>

<comp id="2" class="1000" name="p_src_data_stream_1_V">
<pin_list>
<pin id="3" dir="1" index="0" bw="1" slack="0"/>
</pin_list>
<bind>
<StgValue><ssdm name="p_src_data_stream_1_V"/></StgValue>
</bind>
</comp>

<comp id="4" class="1000" name="p_src_data_stream_2_V">
<pin_list>
<pin id="5" dir="1" index="0" bw="1" slack="0"/>
</pin_list>
<bind>
<StgValue><ssdm name="p_src_data_stream_2_V"/></StgValue>
</bind>
</comp>

<comp id="6" class="1000" name="p_dst_data_stream_0_V">
<pin_list>
<pin id="7" dir="1" index="0" bw="1" slack="0"/>
</pin_list>
<bind>
<StgValue><ssdm name="p_dst_data_stream_0_V"/></StgValue>
</bind>
</comp>

<comp id="8" class="1000" name="p_dst_data_stream_1_V">
<pin_list>
<pin id="9" dir="1" index="0" bw="1" slack="0"/>
</pin_list>
<bind>
<StgValue><ssdm name="p_dst_data_stream_1_V"/></StgValue>
</bind>
</comp>

<comp id="10" class="1000" name="p_dst_data_stream_2_V">
<pin_list>
<pin id="11" dir="1" index="0" bw="1" slack="0"/>
</pin_list>
<bind>
<StgValue><ssdm name="p_dst_data_stream_2_V"/></StgValue>
</bind>
</comp>

<comp id="12" class="1001" name="const_12">
<pin_list>
<pin id="13" dir="1" index="0" bw="1" slack="2147483647"/>
</pin_list>
<bind>
<StgValue><ssdm name="_ssdm_op_SpecInterface"/></StgValue>
</bind>
</comp>

<comp id="14" class="1001" name="const_14">
<pin_list>
<pin id="15" dir="1" index="0" bw="1" slack="2147483647"/>
</pin_list>
<bind>
<StgValue><ssdm name="ap_fifo_str"/></StgValue>
</bind>
</comp>

<comp id="16" class="1001" name="const_16">
<pin_list>
<pin id="17" dir="1" index="0" bw="1" slack="2147483647"/>
</pin_list>
<bind>
<StgValue><ssdm name=""/></StgValue>
</bind>
</comp>

<comp id="18" class="1001" name="const_18">
<pin_list>
<pin id="19" dir="1" index="0" bw="1" slack="2147483647"/>
</pin_list>
<bind>
<StgValue><ssdm name="p_str"/></StgValue>
</bind>
</comp>

<comp id="20" class="1001" name="const_20">
<pin_list>
<pin id="21" dir="1" index="0" bw="1" slack="2147483647"/>
</pin_list>
<bind>
<StgValue><ssdm name=""/></StgValue>
</bind>
</comp>

<comp id="22" class="1001" name="const_22">
<pin_list>
<pin id="23" dir="1" index="0" bw="1" slack="2147483647"/>
</pin_list>
<bind>
<StgValue><ssdm name=""/></StgValue>
</bind>
</comp>

<comp id="24" class="1001" name="const_24">
<pin_list>
<pin id="25" dir="1" index="0" bw="1" slack="1"/>
</pin_list>
<bind>
<StgValue><ssdm name=""/></StgValue>
</bind>
</comp>

<comp id="26" class="1001" name="const_26">
<pin_list>
<pin id="27" dir="1" index="0" bw="1" slack="0"/>
</pin_list>
<bind>
<StgValue><ssdm name=""/></StgValue>
</bind>
</comp>

<comp id="28" class="1001" name="const_28">
<pin_list>
<pin id="29" dir="1" index="0" bw="1" slack="0"/>
</pin_list>
<bind>
<StgValue><ssdm name=""/></StgValue>
</bind>
</comp>

<comp id="30" class="1001" name="const_30">
<pin_list>
<pin id="31" dir="1" index="0" bw="1" slack="2147483647"/>
</pin_list>
<bind>
<StgValue><ssdm name="_ssdm_op_SpecLoopTripCount"/></StgValue>
</bind>
</comp>

<comp id="32" class="1001" name="const_32">
<pin_list>
<pin id="33" dir="1" index="0" bw="1" slack="2147483647"/>
</pin_list>
<bind>
<StgValue><ssdm name=""/></StgValue>
</bind>
</comp>

<comp id="34" class="1001" name="const_34">
<pin_list>
<pin id="35" dir="1" index="0" bw="1" slack="2147483647"/>
</pin_list>
<bind>
<StgValue><ssdm name="_ssdm_op_SpecLoopName"/></StgValue>
</bind>
</comp>

<comp id="36" class="1001" name="const_36">
<pin_list>
<pin id="37" dir="1" index="0" bw="1" slack="2147483647"/>
</pin_list>
<bind>
<StgValue><ssdm name="p_str9"/></StgValue>
</bind>
</comp>

<comp id="38" class="1001" name="const_38">
<pin_list>
<pin id="39" dir="1" index="0" bw="1" slack="2147483647"/>
</pin_list>
<bind>
<StgValue><ssdm name="_ssdm_op_SpecRegionBegin"/></StgValue>
</bind>
</comp>

<comp id="40" class="1001" name="const_40">
<pin_list>
<pin id="41" dir="1" index="0" bw="1" slack="0"/>
</pin_list>
<bind>
<StgValue><ssdm name=""/></StgValue>
</bind>
</comp>

<comp id="42" class="1001" name="const_42">
<pin_list>
<pin id="43" dir="1" index="0" bw="1" slack="2147483647"/>
</pin_list>
<bind>
<StgValue><ssdm name=""/></StgValue>
</bind>
</comp>

<comp id="44" class="1001" name="const_44">
<pin_list>
<pin id="45" dir="1" index="0" bw="1" slack="2147483647"/>
</pin_list>
<bind>
<StgValue><ssdm name="p_str10"/></StgValue>
</bind>
</comp>

<comp id="46" class="1001" name="const_46">
<pin_list>
<pin id="47" dir="1" index="0" bw="1" slack="2147483647"/>
</pin_list>
<bind>
<StgValue><ssdm name="_ssdm_op_SpecPipeline"/></StgValue>
</bind>
</comp>

<comp id="48" class="1001" name="const_48">
<pin_list>
<pin id="49" dir="1" index="0" bw="1" slack="2147483647"/>
</pin_list>
<bind>
<StgValue><ssdm name=""/></StgValue>
</bind>
</comp>

<comp id="50" class="1001" name="const_50">
<pin_list>
<pin id="51" dir="1" index="0" bw="1" slack="2147483647"/>
</pin_list>
<bind>
<StgValue><ssdm name=""/></StgValue>
</bind>
</comp>

<comp id="52" class="1001" name="const_52">
<pin_list>
<pin id="53" dir="1" index="0" bw="1" slack="2147483647"/>
</pin_list>
<bind>
<StgValue><ssdm name="p_str14"/></StgValue>
</bind>
</comp>

<comp id="54" class="1001" name="const_54">
<pin_list>
<pin id="55" dir="1" index="0" bw="1" slack="2147483647"/>
</pin_list>
<bind>
<StgValue><ssdm name="_ssdm_op_SpecProtocol"/></StgValue>
</bind>
</comp>

<comp id="56" class="1001" name="const_56">
<pin_list>
<pin id="57" dir="1" index="0" bw="1" slack="0"/>
</pin_list>
<bind>
<StgValue><ssdm name="_ssdm_op_Read.ap_fifo.volatile.i8P"/></StgValue>
</bind>
</comp>

<comp id="58" class="1001" name="const_58">
<pin_list>
<pin id="59" dir="1" index="0" bw="1" slack="2147483647"/>
</pin_list>
<bind>
<StgValue><ssdm name="_ssdm_op_SpecRegionEnd"/></StgValue>
</bind>
</comp>

<comp id="60" class="1001" name="const_60">
<pin_list>
<pin id="61" dir="1" index="0" bw="1" slack="2147483647"/>
</pin_list>
<bind>
<StgValue><ssdm name="p_str18"/></StgValue>
</bind>
</comp>

<comp id="62" class="1001" name="const_62">
<pin_list>
<pin id="63" dir="1" index="0" bw="1" slack="0"/>
</pin_list>
<bind>
<StgValue><ssdm name="_ssdm_op_Write.ap_fifo.volatile.i8P"/></StgValue>
</bind>
</comp>

<comp id="64" class="1004" name="tmp_93_read_fu_64">
<pin_list>
<pin id="65" dir="0" index="0" bw="8" slack="0"/>
<pin id="66" dir="0" index="1" bw="8" slack="0"/>
<pin id="67" dir="1" index="2" bw="8" slack="0"/>
</pin_list>
<bind>
<opcode="read(1150) " fcode="read"/>
<opset="tmp_93/4 "/>
</bind>
</comp>

<comp id="70" class="1004" name="empty_read_fu_70">
<pin_list>
<pin id="71" dir="0" index="0" bw="8" slack="0"/>
<pin id="72" dir="0" index="1" bw="8" slack="0"/>
<pin id="73" dir="1" index="2" bw="8" slack="2147483647"/>
</pin_list>
<bind>
<opcode="read(1150) " fcode="read"/>
<opset="empty/4 "/>
</bind>
</comp>

<comp id="76" class="1004" name="empty_62_read_fu_76">
<pin_list>
<pin id="77" dir="0" index="0" bw="8" slack="0"/>
<pin id="78" dir="0" index="1" bw="8" slack="0"/>
<pin id="79" dir="1" index="2" bw="8" slack="2147483647"/>
</pin_list>
<bind>
<opcode="read(1150) " fcode="read"/>
<opset="empty_62/4 "/>
</bind>
</comp>

<comp id="82" class="1004" name="StgValue_38_write_fu_82">
<pin_list>
<pin id="83" dir="0" index="0" bw="0" slack="0"/>
<pin id="84" dir="0" index="1" bw="8" slack="0"/>
<pin id="85" dir="0" index="2" bw="8" slack="0"/>
<pin id="86" dir="1" index="3" bw="0" slack="2147483647"/>
</pin_list>
<bind>
<opcode="write(1151) " fcode="write"/>
<opset="StgValue_38/4 "/>
</bind>
</comp>

<comp id="90" class="1004" name="StgValue_39_write_fu_90">
<pin_list>
<pin id="91" dir="0" index="0" bw="0" slack="0"/>
<pin id="92" dir="0" index="1" bw="8" slack="0"/>
<pin id="93" dir="0" index="2" bw="8" slack="0"/>
<pin id="94" dir="1" index="3" bw="0" slack="2147483647"/>
</pin_list>
<bind>
<opcode="write(1151) " fcode="write"/>
<opset="StgValue_39/4 "/>
</bind>
</comp>

<comp id="98" class="1004" name="StgValue_40_write_fu_98">
<pin_list>
<pin id="99" dir="0" index="0" bw="0" slack="0"/>
<pin id="100" dir="0" index="1" bw="8" slack="0"/>
<pin id="101" dir="0" index="2" bw="8" slack="0"/>
<pin id="102" dir="1" index="3" bw="0" slack="2147483647"/>
</pin_list>
<bind>
<opcode="write(1151) " fcode="write"/>
<opset="StgValue_40/4 "/>
</bind>
</comp>

<comp id="106" class="1005" name="i_reg_106">
<pin_list>
<pin id="107" dir="0" index="0" bw="11" slack="1"/>
<pin id="108" dir="1" index="1" bw="11" slack="1"/>
</pin_list>
<bind>
<opset="i (phireg) "/>
</bind>
</comp>

<comp id="110" class="1004" name="i_phi_fu_110">
<pin_list>
<pin id="111" dir="0" index="0" bw="1" slack="1"/>
<pin id="112" dir="0" index="1" bw="0" slack="2147483647"/>
<pin id="113" dir="0" index="2" bw="11" slack="0"/>
<pin id="114" dir="0" index="3" bw="0" slack="2147483647"/>
<pin id="115" dir="1" index="4" bw="11" slack="0"/>
</pin_list>
<bind>
<opcode="phi(47) " fcode="phi"/>
<opset="i/2 "/>
</bind>
</comp>

<comp id="117" class="1005" name="j_reg_117">
<pin_list>
<pin id="118" dir="0" index="0" bw="11" slack="1"/>
<pin id="119" dir="1" index="1" bw="11" slack="1"/>
</pin_list>
<bind>
<opset="j (phireg) "/>
</bind>
</comp>

<comp id="121" class="1004" name="j_phi_fu_121">
<pin_list>
<pin id="122" dir="0" index="0" bw="1" slack="1"/>
<pin id="123" dir="0" index="1" bw="0" slack="2147483647"/>
<pin id="124" dir="0" index="2" bw="11" slack="0"/>
<pin id="125" dir="0" index="3" bw="0" slack="2147483647"/>
<pin id="126" dir="1" index="4" bw="11" slack="0"/>
</pin_list>
<bind>
<opcode="phi(47) " fcode="phi"/>
<opset="j/3 "/>
</bind>
</comp>

<comp id="128" class="1004" name="tmp_s_fu_128">
<pin_list>
<pin id="129" dir="0" index="0" bw="11" slack="0"/>
<pin id="130" dir="0" index="1" bw="11" slack="0"/>
<pin id="131" dir="1" index="2" bw="1" slack="1"/>
</pin_list>
<bind>
<opcode="icmp(45) " fcode="icmp"/>
<opset="tmp_s/2 "/>
</bind>
</comp>

<comp id="134" class="1004" name="i_1_fu_134">
<pin_list>
<pin id="135" dir="0" index="0" bw="11" slack="0"/>
<pin id="136" dir="0" index="1" bw="1" slack="0"/>
<pin id="137" dir="1" index="2" bw="11" slack="0"/>
</pin_list>
<bind>
<opcode="add(8) " fcode="add"/>
<opset="i_1/2 "/>
</bind>
</comp>

<comp id="140" class="1004" name="tmp_20_fu_140">
<pin_list>
<pin id="141" dir="0" index="0" bw="11" slack="0"/>
<pin id="142" dir="0" index="1" bw="11" slack="0"/>
<pin id="143" dir="1" index="2" bw="1" slack="1"/>
</pin_list>
<bind>
<opcode="icmp(45) " fcode="icmp"/>
<opset="tmp_20/3 "/>
</bind>
</comp>

<comp id="146" class="1004" name="j_1_fu_146">
<pin_list>
<pin id="147" dir="0" index="0" bw="11" slack="0"/>
<pin id="148" dir="0" index="1" bw="1" slack="0"/>
<pin id="149" dir="1" index="2" bw="11" slack="0"/>
</pin_list>
<bind>
<opcode="add(8) " fcode="add"/>
<opset="j_1/3 "/>
</bind>
</comp>

<comp id="152" class="1005" name="tmp_s_reg_152">
<pin_list>
<pin id="153" dir="0" index="0" bw="1" slack="1"/>
<pin id="154" dir="1" index="1" bw="1" slack="2147483647"/>
</pin_list>
<bind>
<opset="tmp_s "/>
</bind>
</comp>

<comp id="156" class="1005" name="i_1_reg_156">
<pin_list>
<pin id="157" dir="0" index="0" bw="11" slack="0"/>
<pin id="158" dir="1" index="1" bw="11" slack="0"/>
</pin_list>
<bind>
<opset="i_1 "/>
</bind>
</comp>

<comp id="161" class="1005" name="tmp_20_reg_161">
<pin_list>
<pin id="162" dir="0" index="0" bw="1" slack="1"/>
<pin id="163" dir="1" index="1" bw="1" slack="2147483647"/>
</pin_list>
<bind>
<opset="tmp_20 "/>
</bind>
</comp>

<comp id="165" class="1005" name="j_1_reg_165">
<pin_list>
<pin id="166" dir="0" index="0" bw="11" slack="0"/>
<pin id="167" dir="1" index="1" bw="11" slack="0"/>
</pin_list>
<bind>
<opset="j_1 "/>
</bind>
</comp>

</comp_list>

<net_list>
<net id="68"><net_src comp="56" pin="0"/><net_sink comp="64" pin=0"/></net>

<net id="69"><net_src comp="0" pin="0"/><net_sink comp="64" pin=1"/></net>

<net id="74"><net_src comp="56" pin="0"/><net_sink comp="70" pin=0"/></net>

<net id="75"><net_src comp="2" pin="0"/><net_sink comp="70" pin=1"/></net>

<net id="80"><net_src comp="56" pin="0"/><net_sink comp="76" pin=0"/></net>

<net id="81"><net_src comp="4" pin="0"/><net_sink comp="76" pin=1"/></net>

<net id="87"><net_src comp="62" pin="0"/><net_sink comp="82" pin=0"/></net>

<net id="88"><net_src comp="6" pin="0"/><net_sink comp="82" pin=1"/></net>

<net id="89"><net_src comp="64" pin="2"/><net_sink comp="82" pin=2"/></net>

<net id="95"><net_src comp="62" pin="0"/><net_sink comp="90" pin=0"/></net>

<net id="96"><net_src comp="8" pin="0"/><net_sink comp="90" pin=1"/></net>

<net id="97"><net_src comp="64" pin="2"/><net_sink comp="90" pin=2"/></net>

<net id="103"><net_src comp="62" pin="0"/><net_sink comp="98" pin=0"/></net>

<net id="104"><net_src comp="10" pin="0"/><net_sink comp="98" pin=1"/></net>

<net id="105"><net_src comp="64" pin="2"/><net_sink comp="98" pin=2"/></net>

<net id="109"><net_src comp="24" pin="0"/><net_sink comp="106" pin=0"/></net>

<net id="116"><net_src comp="106" pin="1"/><net_sink comp="110" pin=0"/></net>

<net id="120"><net_src comp="24" pin="0"/><net_sink comp="117" pin=0"/></net>

<net id="127"><net_src comp="117" pin="1"/><net_sink comp="121" pin=0"/></net>

<net id="132"><net_src comp="110" pin="4"/><net_sink comp="128" pin=0"/></net>

<net id="133"><net_src comp="26" pin="0"/><net_sink comp="128" pin=1"/></net>

<net id="138"><net_src comp="110" pin="4"/><net_sink comp="134" pin=0"/></net>

<net id="139"><net_src comp="28" pin="0"/><net_sink comp="134" pin=1"/></net>

<net id="144"><net_src comp="121" pin="4"/><net_sink comp="140" pin=0"/></net>

<net id="145"><net_src comp="40" pin="0"/><net_sink comp="140" pin=1"/></net>

<net id="150"><net_src comp="121" pin="4"/><net_sink comp="146" pin=0"/></net>

<net id="151"><net_src comp="28" pin="0"/><net_sink comp="146" pin=1"/></net>

<net id="155"><net_src comp="128" pin="2"/><net_sink comp="152" pin=0"/></net>

<net id="159"><net_src comp="134" pin="2"/><net_sink comp="156" pin=0"/></net>

<net id="160"><net_src comp="156" pin="1"/><net_sink comp="110" pin=2"/></net>

<net id="164"><net_src comp="140" pin="2"/><net_sink comp="161" pin=0"/></net>

<net id="168"><net_src comp="146" pin="2"/><net_sink comp="165" pin=0"/></net>

<net id="169"><net_src comp="165" pin="1"/><net_sink comp="121" pin=2"/></net>

</net_list>

</model> 
---------------- Datapath Model END ------------------

* FSMD analyzer results:
  - Output states:
	Port: p_dst_data_stream_0_V | {4 }
	Port: p_dst_data_stream_1_V | {4 }
	Port: p_dst_data_stream_2_V | {4 }
 - Input state : 
	Port: CvtColor.1 : p_src_data_stream_0_V | {4 }
	Port: CvtColor.1 : p_src_data_stream_1_V | {4 }
	Port: CvtColor.1 : p_src_data_stream_2_V | {4 }
  - Chain level:
	State 1
	State 2
		tmp_s : 1
		i_1 : 1
		StgValue_17 : 2
	State 3
		tmp_20 : 1
		j_1 : 1
		StgValue_26 : 2
	State 4
		empty_63 : 1
		empty_64 : 1
		empty_65 : 1
	State 5


============================================================
+ Verbose Summary: Datapath Resource usage 
============================================================

* Functional unit list:
|----------|-------------------------|---------|---------|
| Operation|     Functional Unit     |    FF   |   LUT   |
|----------|-------------------------|---------|---------|
|   icmp   |       tmp_s_fu_128      |    0    |    13   |
|          |      tmp_20_fu_140      |    0    |    13   |
|----------|-------------------------|---------|---------|
|    add   |        i_1_fu_134       |    0    |    13   |
|          |        j_1_fu_146       |    0    |    13   |
|----------|-------------------------|---------|---------|
|          |    tmp_93_read_fu_64    |    0    |    0    |
|   read   |     empty_read_fu_70    |    0    |    0    |
|          |   empty_62_read_fu_76   |    0    |    0    |
|----------|-------------------------|---------|---------|
|          | StgValue_38_write_fu_82 |    0    |    0    |
|   write  | StgValue_39_write_fu_90 |    0    |    0    |
|          | StgValue_40_write_fu_98 |    0    |    0    |
|----------|-------------------------|---------|---------|
|   Total  |                         |    0    |    52   |
|----------|-------------------------|---------|---------|

Memories:
N/A

* Register list:
+--------------+--------+
|              |   FF   |
+--------------+--------+
|  i_1_reg_156 |   11   |
|   i_reg_106  |   11   |
|  j_1_reg_165 |   11   |
|   j_reg_117  |   11   |
|tmp_20_reg_161|    1   |
| tmp_s_reg_152|    1   |
+--------------+--------+
|     Total    |   46   |
+--------------+--------+

* Multiplexer (MUX) list: 
|--------|------|------|------|--------|
|  Comp  |  Pin | Size |  BW  | S x BW |
|--------|------|------|------|--------|
|  Total |      |      |      |    0   |
|--------|------|------|------|--------|



* Summary:
+-----------+--------+--------+
|           |   FF   |   LUT  |
+-----------+--------+--------+
|  Function |    0   |   52   |
|   Memory  |    -   |    -   |
|Multiplexer|    -   |    -   |
|  Register |   46   |    -   |
+-----------+--------+--------+
|   Total   |   46   |   52   |
+-----------+--------+--------+
