

================================================================
== Vivado HLS Report for 'CvtColor'
================================================================
* Date:           Thu Jan 17 15:40:40 2019

* Version:        2018.2.1 (Build 2288704 on Thu Jul 26 18:46:41 MDT 2018)
* Project:        SubSample
* Solution:       solution1
* Product family: zynq
* Target device:  xc7z010clg400-1


================================================================
== Performance Estimates
================================================================
+ Timing (ns): 
    * Summary: 
    +--------+-------+----------+------------+
    |  Clock | Target| Estimated| Uncertainty|
    +--------+-------+----------+------------+
    |ap_clk  |  13.50|    12.563|        1.69|
    +--------+-------+----------+------------+

+ Latency (clock cycles): 
    * Summary: 
    +---------+---------+---------+---------+---------+
    |      Latency      |      Interval     | Pipeline|
    |   min   |   max   |   min   |   max   |   Type  |
    +---------+---------+---------+---------+---------+
    |  1769251|  1769251|  1769251|  1769251|   none  |
    +---------+---------+---------+---------+---------+

    + Detail: 
        * Instance: 
        N/A

        * Loop: 
        +---------------+---------+---------+----------+-----------+-----------+------+----------+
        |               |      Latency      | Iteration|  Initiation Interval  | Trip |          |
        |   Loop Name   |   min   |   max   |  Latency |  achieved |   target  | Count| Pipelined|
        +---------------+---------+---------+----------+-----------+-----------+------+----------+
        |- loop_height  |  1769250|  1769250|      1685|          -|          -|  1050|    no    |
        | + loop_width  |     1682|     1682|         4|          1|          1|  1680|    yes   |
        +---------------+---------+---------+----------+-----------+-----------+------+----------+

============================================================
+ Verbose Summary: Synthesis Manager
============================================================
InlineROM: 1
ExposeGlobal: 0
============================================================
+ Verbose Summary: CDFG Model
============================================================
IsTopModel: 0
ResetActiveHigh: 1
IsCombinational: 0
IsDatapathOnly: 0
HasWiredReturn: 1
HasMFsm: 0
HasVarLatency: 1
IsPipeline: 0
IsRtlPipelined: 0
IsInstanceOverlapped: 0
IsDontTouch: 0
HasImplIP: 0
IsGatedGlobalClock: 0

+ Individual pipeline summary: 
  * Pipeline-0: initiation interval (II) = 1, depth = 4


============================================================
+ Verbose Summary: Schedule
============================================================
* Number of FSM states : 7
* Pipeline : 1
  Pipeline-0 : II = 1, D = 4, States = { 3 4 5 6 }
* Dataflow Pipeline: 0

* FSM state transitions: 
1 --> 
	2  / true
2 --> 
	3  / (!exitcond1)
3 --> 
	7  / (exitcond)
	4  / (!exitcond)
4 --> 
	5  / true
5 --> 
	6  / true
6 --> 
	3  / true
7 --> 
	2  / true

* FSM state operations: 

State 1 <SV = 0> <Delay = 1.76>
ST_1 : Operation 8 [1/1] (0.00ns)   --->   "call void (...)* @_ssdm_op_SpecInterface(i8* %p_dst_data_stream_2_V, [8 x i8]* @ap_fifo_str, i32 0, i32 0, [1 x i8]* @p_str172, i32 0, i32 0, [1 x i8]* @p_str173, [1 x i8]* @p_str174, [1 x i8]* @p_str175, i32 2, i32 2, i32 16, i32 16, [1 x i8]* @p_str176, [1 x i8]* @p_str177)"   --->   Operation 8 'specinterface' <Predicate = true> <Delay = 0.00>
ST_1 : Operation 9 [1/1] (0.00ns)   --->   "call void (...)* @_ssdm_op_SpecInterface(i8* %p_dst_data_stream_1_V, [8 x i8]* @ap_fifo_str, i32 0, i32 0, [1 x i8]* @p_str165, i32 0, i32 0, [1 x i8]* @p_str166, [1 x i8]* @p_str167, [1 x i8]* @p_str168, i32 2, i32 2, i32 16, i32 16, [1 x i8]* @p_str169, [1 x i8]* @p_str170)"   --->   Operation 9 'specinterface' <Predicate = true> <Delay = 0.00>
ST_1 : Operation 10 [1/1] (0.00ns)   --->   "call void (...)* @_ssdm_op_SpecInterface(i8* %p_dst_data_stream_0_V, [8 x i8]* @ap_fifo_str, i32 0, i32 0, [1 x i8]* @p_str158, i32 0, i32 0, [1 x i8]* @p_str159, [1 x i8]* @p_str160, [1 x i8]* @p_str161, i32 2, i32 2, i32 16, i32 16, [1 x i8]* @p_str162, [1 x i8]* @p_str163)"   --->   Operation 10 'specinterface' <Predicate = true> <Delay = 0.00>
ST_1 : Operation 11 [1/1] (0.00ns)   --->   "call void (...)* @_ssdm_op_SpecInterface(i8* %p_src_data_stream_2_V, [8 x i8]* @ap_fifo_str, i32 0, i32 0, [1 x i8]* @p_str151, i32 0, i32 0, [1 x i8]* @p_str152, [1 x i8]* @p_str153, [1 x i8]* @p_str154, i32 2, i32 2, i32 16, i32 16, [1 x i8]* @p_str155, [1 x i8]* @p_str156)"   --->   Operation 11 'specinterface' <Predicate = true> <Delay = 0.00>
ST_1 : Operation 12 [1/1] (0.00ns)   --->   "call void (...)* @_ssdm_op_SpecInterface(i8* %p_src_data_stream_1_V, [8 x i8]* @ap_fifo_str, i32 0, i32 0, [1 x i8]* @p_str144, i32 0, i32 0, [1 x i8]* @p_str145, [1 x i8]* @p_str146, [1 x i8]* @p_str147, i32 2, i32 2, i32 16, i32 16, [1 x i8]* @p_str148, [1 x i8]* @p_str149)"   --->   Operation 12 'specinterface' <Predicate = true> <Delay = 0.00>
ST_1 : Operation 13 [1/1] (0.00ns)   --->   "call void (...)* @_ssdm_op_SpecInterface(i8* %p_src_data_stream_0_V, [8 x i8]* @ap_fifo_str, i32 0, i32 0, [1 x i8]* @p_str137, i32 0, i32 0, [1 x i8]* @p_str138, [1 x i8]* @p_str139, [1 x i8]* @p_str140, i32 2, i32 2, i32 16, i32 16, [1 x i8]* @p_str141, [1 x i8]* @p_str142)"   --->   Operation 13 'specinterface' <Predicate = true> <Delay = 0.00>
ST_1 : Operation 14 [1/1] (1.76ns)   --->   "br label %0" [/opt/york/cs/net/xilinx_vivado-2018.2_ise-14.7_x86-64-1/Vivado/2018.2/common/technology/autopilot/hls/hls_video_imgproc.h:1946]   --->   Operation 14 'br' <Predicate = true> <Delay = 1.76>

State 2 <SV = 1> <Delay = 2.85>
ST_2 : Operation 15 [1/1] (0.00ns)   --->   "%i = phi i11 [ 0, %ap_fixed_base.exit25.i.i ], [ %i_1, %3 ]"   --->   Operation 15 'phi' 'i' <Predicate = true> <Delay = 0.00>
ST_2 : Operation 16 [1/1] (0.00ns)   --->   "call void (...)* @_ssdm_op_SpecLoopTripCount(i64 1050, i64 1050, i64 0)"   --->   Operation 16 'speclooptripcount' <Predicate = true> <Delay = 0.00>
ST_2 : Operation 17 [1/1] (1.88ns)   --->   "%exitcond1 = icmp eq i11 %i, -998" [/opt/york/cs/net/xilinx_vivado-2018.2_ise-14.7_x86-64-1/Vivado/2018.2/common/technology/autopilot/hls/hls_video_imgproc.h:1946]   --->   Operation 17 'icmp' 'exitcond1' <Predicate = true> <Delay = 1.88> <Core = "Cmp">   --->   Core 25 'Cmp' <Latency = 0> <II = 1> <Delay = 1.88> <FuncUnit> <Opcode : 'icmp'> <InPorts = 2> <OutPorts = 1>
ST_2 : Operation 18 [1/1] (1.63ns)   --->   "%i_1 = add i11 %i, 1" [/opt/york/cs/net/xilinx_vivado-2018.2_ise-14.7_x86-64-1/Vivado/2018.2/common/technology/autopilot/hls/hls_video_imgproc.h:1946]   --->   Operation 18 'add' 'i_1' <Predicate = true> <Delay = 1.63> <Core = "AddSub">   --->   Core 14 'AddSub' <Latency = 0> <II = 1> <Delay = 1.63> <FuncUnit> <Opcode : 'add' 'sub'> <InPorts = 2> <OutPorts = 1>
ST_2 : Operation 19 [1/1] (0.00ns)   --->   "br i1 %exitcond1, label %4, label %1" [/opt/york/cs/net/xilinx_vivado-2018.2_ise-14.7_x86-64-1/Vivado/2018.2/common/technology/autopilot/hls/hls_video_imgproc.h:1946]   --->   Operation 19 'br' <Predicate = true> <Delay = 0.00>
ST_2 : Operation 20 [1/1] (0.00ns)   --->   "call void (...)* @_ssdm_op_SpecLoopName([12 x i8]* @p_str9) nounwind" [/opt/york/cs/net/xilinx_vivado-2018.2_ise-14.7_x86-64-1/Vivado/2018.2/common/technology/autopilot/hls/hls_video_imgproc.h:1946]   --->   Operation 20 'specloopname' <Predicate = (!exitcond1)> <Delay = 0.00>
ST_2 : Operation 21 [1/1] (0.00ns)   --->   "%tmp = call i32 (...)* @_ssdm_op_SpecRegionBegin([12 x i8]* @p_str9)" [/opt/york/cs/net/xilinx_vivado-2018.2_ise-14.7_x86-64-1/Vivado/2018.2/common/technology/autopilot/hls/hls_video_imgproc.h:1946]   --->   Operation 21 'specregionbegin' 'tmp' <Predicate = (!exitcond1)> <Delay = 0.00>
ST_2 : Operation 22 [1/1] (1.76ns)   --->   "br label %2" [/opt/york/cs/net/xilinx_vivado-2018.2_ise-14.7_x86-64-1/Vivado/2018.2/common/technology/autopilot/hls/hls_video_imgproc.h:1947]   --->   Operation 22 'br' <Predicate = (!exitcond1)> <Delay = 1.76>
ST_2 : Operation 23 [1/1] (0.00ns)   --->   "ret void" [/opt/york/cs/net/xilinx_vivado-2018.2_ise-14.7_x86-64-1/Vivado/2018.2/common/technology/autopilot/hls/hls_video_imgproc.h:1955]   --->   Operation 23 'ret' <Predicate = (exitcond1)> <Delay = 0.00>

State 3 <SV = 2> <Delay = 1.88>
ST_3 : Operation 24 [1/1] (0.00ns)   --->   "%j = phi i11 [ 0, %1 ], [ %j_1, %"operator>>.exit_ifconv" ]"   --->   Operation 24 'phi' 'j' <Predicate = true> <Delay = 0.00>
ST_3 : Operation 25 [1/1] (0.00ns)   --->   "call void (...)* @_ssdm_op_SpecLoopTripCount(i64 1680, i64 1680, i64 0)"   --->   Operation 25 'speclooptripcount' <Predicate = true> <Delay = 0.00>
ST_3 : Operation 26 [1/1] (1.88ns)   --->   "%exitcond = icmp eq i11 %j, -368" [/opt/york/cs/net/xilinx_vivado-2018.2_ise-14.7_x86-64-1/Vivado/2018.2/common/technology/autopilot/hls/hls_video_imgproc.h:1947]   --->   Operation 26 'icmp' 'exitcond' <Predicate = true> <Delay = 1.88> <Core = "Cmp">   --->   Core 25 'Cmp' <Latency = 0> <II = 1> <Delay = 1.88> <FuncUnit> <Opcode : 'icmp'> <InPorts = 2> <OutPorts = 1>
ST_3 : Operation 27 [1/1] (1.63ns)   --->   "%j_1 = add i11 %j, 1" [/opt/york/cs/net/xilinx_vivado-2018.2_ise-14.7_x86-64-1/Vivado/2018.2/common/technology/autopilot/hls/hls_video_imgproc.h:1947]   --->   Operation 27 'add' 'j_1' <Predicate = true> <Delay = 1.63> <Core = "AddSub">   --->   Core 14 'AddSub' <Latency = 0> <II = 1> <Delay = 1.63> <FuncUnit> <Opcode : 'add' 'sub'> <InPorts = 2> <OutPorts = 1>
ST_3 : Operation 28 [1/1] (0.00ns)   --->   "br i1 %exitcond, label %3, label %"operator>>.exit_ifconv"" [/opt/york/cs/net/xilinx_vivado-2018.2_ise-14.7_x86-64-1/Vivado/2018.2/common/technology/autopilot/hls/hls_video_imgproc.h:1947]   --->   Operation 28 'br' <Predicate = true> <Delay = 0.00>

State 4 <SV = 3> <Delay = 10.0>
ST_4 : Operation 29 [1/1] (0.00ns)   --->   "%tmp_27 = call i32 (...)* @_ssdm_op_SpecRegionBegin([12 x i8]* @p_str14)" [/opt/york/cs/net/xilinx_vivado-2018.2_ise-14.7_x86-64-1/Vivado/2018.2/common/technology/autopilot/hls/hls_video_core.h:617->/opt/york/cs/net/xilinx_vivado-2018.2_ise-14.7_x86-64-1/Vivado/2018.2/common/technology/autopilot/hls/hls_video_core.h:656->/opt/york/cs/net/xilinx_vivado-2018.2_ise-14.7_x86-64-1/Vivado/2018.2/common/technology/autopilot/hls/hls_video_imgproc.h:1950]   --->   Operation 29 'specregionbegin' 'tmp_27' <Predicate = (!exitcond)> <Delay = 0.00>
ST_4 : Operation 30 [1/1] (0.00ns)   --->   "call void (...)* @_ssdm_op_SpecProtocol(i32 0, [1 x i8]* @p_str3) nounwind" [/opt/york/cs/net/xilinx_vivado-2018.2_ise-14.7_x86-64-1/Vivado/2018.2/common/technology/autopilot/hls/hls_video_core.h:621->/opt/york/cs/net/xilinx_vivado-2018.2_ise-14.7_x86-64-1/Vivado/2018.2/common/technology/autopilot/hls/hls_video_core.h:656->/opt/york/cs/net/xilinx_vivado-2018.2_ise-14.7_x86-64-1/Vivado/2018.2/common/technology/autopilot/hls/hls_video_imgproc.h:1950]   --->   Operation 30 'specprotocol' <Predicate = (!exitcond)> <Delay = 0.00>
ST_4 : Operation 31 [1/1] (3.63ns)   --->   "%tmp_93 = call i8 @_ssdm_op_Read.ap_fifo.volatile.i8P(i8* %p_src_data_stream_0_V)" [/opt/york/cs/net/xilinx_vivado-2018.2_ise-14.7_x86-64-1/Vivado/2018.2/common/technology/autopilot/hls/hls_video_core.h:624->/opt/york/cs/net/xilinx_vivado-2018.2_ise-14.7_x86-64-1/Vivado/2018.2/common/technology/autopilot/hls/hls_video_core.h:656->/opt/york/cs/net/xilinx_vivado-2018.2_ise-14.7_x86-64-1/Vivado/2018.2/common/technology/autopilot/hls/hls_video_imgproc.h:1950]   --->   Operation 31 'read' 'tmp_93' <Predicate = (!exitcond)> <Delay = 3.63> <Core = "FIFO">   --->   Core 32 'FIFO' <Latency = 0> <II = 1> <Delay = 3.63> <Storage> <Opcode : 'read' 'write' 'nbread' 'nbwrite'> <Ports = 0> <Width = 8> <Depth = 1> <FIFO>
ST_4 : Operation 32 [1/1] (3.63ns)   --->   "%tmp_94 = call i8 @_ssdm_op_Read.ap_fifo.volatile.i8P(i8* %p_src_data_stream_1_V)" [/opt/york/cs/net/xilinx_vivado-2018.2_ise-14.7_x86-64-1/Vivado/2018.2/common/technology/autopilot/hls/hls_video_core.h:624->/opt/york/cs/net/xilinx_vivado-2018.2_ise-14.7_x86-64-1/Vivado/2018.2/common/technology/autopilot/hls/hls_video_core.h:656->/opt/york/cs/net/xilinx_vivado-2018.2_ise-14.7_x86-64-1/Vivado/2018.2/common/technology/autopilot/hls/hls_video_imgproc.h:1950]   --->   Operation 32 'read' 'tmp_94' <Predicate = (!exitcond)> <Delay = 3.63> <Core = "FIFO">   --->   Core 32 'FIFO' <Latency = 0> <II = 1> <Delay = 3.63> <Storage> <Opcode : 'read' 'write' 'nbread' 'nbwrite'> <Ports = 0> <Width = 8> <Depth = 1> <FIFO>
ST_4 : Operation 33 [1/1] (3.63ns)   --->   "%tmp_95 = call i8 @_ssdm_op_Read.ap_fifo.volatile.i8P(i8* %p_src_data_stream_2_V)" [/opt/york/cs/net/xilinx_vivado-2018.2_ise-14.7_x86-64-1/Vivado/2018.2/common/technology/autopilot/hls/hls_video_core.h:624->/opt/york/cs/net/xilinx_vivado-2018.2_ise-14.7_x86-64-1/Vivado/2018.2/common/technology/autopilot/hls/hls_video_core.h:656->/opt/york/cs/net/xilinx_vivado-2018.2_ise-14.7_x86-64-1/Vivado/2018.2/common/technology/autopilot/hls/hls_video_imgproc.h:1950]   --->   Operation 33 'read' 'tmp_95' <Predicate = (!exitcond)> <Delay = 3.63> <Core = "FIFO">   --->   Core 32 'FIFO' <Latency = 0> <II = 1> <Delay = 3.63> <Storage> <Opcode : 'read' 'write' 'nbread' 'nbwrite'> <Ports = 0> <Width = 8> <Depth = 1> <FIFO>
ST_4 : Operation 34 [1/1] (0.00ns)   --->   "%empty = call i32 (...)* @_ssdm_op_SpecRegionEnd([12 x i8]* @p_str14, i32 %tmp_27)" [/opt/york/cs/net/xilinx_vivado-2018.2_ise-14.7_x86-64-1/Vivado/2018.2/common/technology/autopilot/hls/hls_video_core.h:626->/opt/york/cs/net/xilinx_vivado-2018.2_ise-14.7_x86-64-1/Vivado/2018.2/common/technology/autopilot/hls/hls_video_core.h:656->/opt/york/cs/net/xilinx_vivado-2018.2_ise-14.7_x86-64-1/Vivado/2018.2/common/technology/autopilot/hls/hls_video_imgproc.h:1950]   --->   Operation 34 'specregionend' 'empty' <Predicate = (!exitcond)> <Delay = 0.00>
ST_4 : Operation 35 [1/1] (0.00ns)   --->   "%OP2_V_cast = zext i8 %tmp_93 to i29" [/opt/york/cs/net/xilinx_vivado-2018.2_ise-14.7_x86-64-1/Vivado/2018.2/common/technology/autopilot/hls/hls_video_imgproc.h:1477->/opt/york/cs/net/xilinx_vivado-2018.2_ise-14.7_x86-64-1/Vivado/2018.2/common/technology/autopilot/hls/hls_video_imgproc.h:1525->/opt/york/cs/net/xilinx_vivado-2018.2_ise-14.7_x86-64-1/Vivado/2018.2/common/technology/autopilot/hls/hls_video_imgproc.h:1951]   --->   Operation 35 'zext' 'OP2_V_cast' <Predicate = (!exitcond)> <Delay = 0.00>
ST_4 : Operation 36 [1/1] (6.38ns)   --->   "%r_V = mul i29 %OP2_V_cast, 1254096" [/opt/york/cs/net/xilinx_vivado-2018.2_ise-14.7_x86-64-1/Vivado/2018.2/common/technology/autopilot/hls/hls_video_imgproc.h:1477->/opt/york/cs/net/xilinx_vivado-2018.2_ise-14.7_x86-64-1/Vivado/2018.2/common/technology/autopilot/hls/hls_video_imgproc.h:1525->/opt/york/cs/net/xilinx_vivado-2018.2_ise-14.7_x86-64-1/Vivado/2018.2/common/technology/autopilot/hls/hls_video_imgproc.h:1951]   --->   Operation 36 'mul' 'r_V' <Predicate = (!exitcond)> <Delay = 6.38> <Core = "DSP48">   --->   Core 61 'DSP48' <Latency = 0> <II = 1> <Delay = 6.38> <IPBlock> <Opcode : 'mul' 'add' 'sub' 'select'> <InPorts = 0> <OutPorts = 1> <Sync> <CReg>

State 5 <SV = 4> <Delay = 12.5>
ST_5 : Operation 37 [1/1] (0.00ns)   --->   "%OP2_V_1_cast = zext i8 %tmp_94 to i30" [/opt/york/cs/net/xilinx_vivado-2018.2_ise-14.7_x86-64-1/Vivado/2018.2/common/technology/autopilot/hls/hls_video_imgproc.h:1477->/opt/york/cs/net/xilinx_vivado-2018.2_ise-14.7_x86-64-1/Vivado/2018.2/common/technology/autopilot/hls/hls_video_imgproc.h:1525->/opt/york/cs/net/xilinx_vivado-2018.2_ise-14.7_x86-64-1/Vivado/2018.2/common/technology/autopilot/hls/hls_video_imgproc.h:1951]   --->   Operation 37 'zext' 'OP2_V_1_cast' <Predicate = (!exitcond)> <Delay = 0.00>
ST_5 : Operation 38 [1/1] (3.36ns)   --->   "%r_V_3 = mul i30 %OP2_V_1_cast, 2462056" [/opt/york/cs/net/xilinx_vivado-2018.2_ise-14.7_x86-64-1/Vivado/2018.2/common/technology/autopilot/hls/hls_video_imgproc.h:1477->/opt/york/cs/net/xilinx_vivado-2018.2_ise-14.7_x86-64-1/Vivado/2018.2/common/technology/autopilot/hls/hls_video_imgproc.h:1525->/opt/york/cs/net/xilinx_vivado-2018.2_ise-14.7_x86-64-1/Vivado/2018.2/common/technology/autopilot/hls/hls_video_imgproc.h:1951]   --->   Operation 38 'mul' 'r_V_3' <Predicate = (!exitcond)> <Delay = 3.36> <Core = "DSP48">   --->   Core 61 'DSP48' <Latency = 0> <II = 1> <Delay = 6.38> <IPBlock> <Opcode : 'mul' 'add' 'sub' 'select'> <InPorts = 0> <OutPorts = 1> <Sync> <CReg>
ST_5 : Operation 39 [1/1] (0.00ns)   --->   "%OP2_V_2_cast = zext i8 %tmp_95 to i28" [/opt/york/cs/net/xilinx_vivado-2018.2_ise-14.7_x86-64-1/Vivado/2018.2/common/technology/autopilot/hls/hls_video_imgproc.h:1475->/opt/york/cs/net/xilinx_vivado-2018.2_ise-14.7_x86-64-1/Vivado/2018.2/common/technology/autopilot/hls/hls_video_imgproc.h:1525->/opt/york/cs/net/xilinx_vivado-2018.2_ise-14.7_x86-64-1/Vivado/2018.2/common/technology/autopilot/hls/hls_video_imgproc.h:1951]   --->   Operation 39 'zext' 'OP2_V_2_cast' <Predicate = (!exitcond)> <Delay = 0.00>
ST_5 : Operation 40 [1/1] (3.36ns)   --->   "%r_V_4 = mul i28 %OP2_V_2_cast, 478150" [/opt/york/cs/net/xilinx_vivado-2018.2_ise-14.7_x86-64-1/Vivado/2018.2/common/technology/autopilot/hls/hls_video_imgproc.h:1475->/opt/york/cs/net/xilinx_vivado-2018.2_ise-14.7_x86-64-1/Vivado/2018.2/common/technology/autopilot/hls/hls_video_imgproc.h:1525->/opt/york/cs/net/xilinx_vivado-2018.2_ise-14.7_x86-64-1/Vivado/2018.2/common/technology/autopilot/hls/hls_video_imgproc.h:1951]   --->   Operation 40 'mul' 'r_V_4' <Predicate = (!exitcond)> <Delay = 3.36> <Core = "DSP48">   --->   Core 61 'DSP48' <Latency = 0> <II = 1> <Delay = 6.38> <IPBlock> <Opcode : 'mul' 'add' 'sub' 'select'> <InPorts = 0> <OutPorts = 1> <Sync> <CReg>
ST_5 : Operation 41 [1/1] (0.00ns)   --->   "%tmp_3_i_cast = zext i28 %r_V_4 to i29" [/opt/york/cs/net/xilinx_vivado-2018.2_ise-14.7_x86-64-1/Vivado/2018.2/common/technology/autopilot/hls/hls_video_imgproc.h:1477->/opt/york/cs/net/xilinx_vivado-2018.2_ise-14.7_x86-64-1/Vivado/2018.2/common/technology/autopilot/hls/hls_video_imgproc.h:1525->/opt/york/cs/net/xilinx_vivado-2018.2_ise-14.7_x86-64-1/Vivado/2018.2/common/technology/autopilot/hls/hls_video_imgproc.h:1951]   --->   Operation 41 'zext' 'tmp_3_i_cast' <Predicate = (!exitcond)> <Delay = 0.00>
ST_5 : Operation 42 [1/1] (3.02ns)   --->   "%p_Val2_12 = add i29 %r_V, %tmp_3_i_cast" [/opt/york/cs/net/xilinx_vivado-2018.2_ise-14.7_x86-64-1/Vivado/2018.2/common/technology/autopilot/hls/hls_video_imgproc.h:1477->/opt/york/cs/net/xilinx_vivado-2018.2_ise-14.7_x86-64-1/Vivado/2018.2/common/technology/autopilot/hls/hls_video_imgproc.h:1525->/opt/york/cs/net/xilinx_vivado-2018.2_ise-14.7_x86-64-1/Vivado/2018.2/common/technology/autopilot/hls/hls_video_imgproc.h:1951]   --->   Operation 42 'add' 'p_Val2_12' <Predicate = (!exitcond)> <Delay = 3.02> <Core = "DSP48">   --->   Core 61 'DSP48' <Latency = 0> <II = 1> <Delay = 6.38> <IPBlock> <Opcode : 'mul' 'add' 'sub' 'select'> <InPorts = 0> <OutPorts = 1> <Sync> <CReg>
ST_5 : Operation 43 [1/1] (0.00ns)   --->   "%tmp_1_i_cast = zext i29 %p_Val2_12 to i30" [/opt/york/cs/net/xilinx_vivado-2018.2_ise-14.7_x86-64-1/Vivado/2018.2/common/technology/autopilot/hls/hls_video_imgproc.h:1477->/opt/york/cs/net/xilinx_vivado-2018.2_ise-14.7_x86-64-1/Vivado/2018.2/common/technology/autopilot/hls/hls_video_imgproc.h:1525->/opt/york/cs/net/xilinx_vivado-2018.2_ise-14.7_x86-64-1/Vivado/2018.2/common/technology/autopilot/hls/hls_video_imgproc.h:1951]   --->   Operation 43 'zext' 'tmp_1_i_cast' <Predicate = (!exitcond)> <Delay = 0.00>
ST_5 : Operation 44 [1/1] (3.02ns)   --->   "%r_V_5 = add i30 %tmp_1_i_cast, %r_V_3" [/opt/york/cs/net/xilinx_vivado-2018.2_ise-14.7_x86-64-1/Vivado/2018.2/common/technology/autopilot/hls/hls_video_imgproc.h:1477->/opt/york/cs/net/xilinx_vivado-2018.2_ise-14.7_x86-64-1/Vivado/2018.2/common/technology/autopilot/hls/hls_video_imgproc.h:1525->/opt/york/cs/net/xilinx_vivado-2018.2_ise-14.7_x86-64-1/Vivado/2018.2/common/technology/autopilot/hls/hls_video_imgproc.h:1951]   --->   Operation 44 'add' 'r_V_5' <Predicate = (!exitcond)> <Delay = 3.02> <Core = "DSP48">   --->   Core 61 'DSP48' <Latency = 0> <II = 1> <Delay = 6.38> <IPBlock> <Opcode : 'mul' 'add' 'sub' 'select'> <InPorts = 0> <OutPorts = 1> <Sync> <CReg>
ST_5 : Operation 45 [1/1] (0.00ns)   --->   "%p_Val2_14 = call i8 @_ssdm_op_PartSelect.i8.i30.i32.i32(i30 %r_V_5, i32 22, i32 29)" [/opt/york/cs/net/xilinx_vivado-2018.2_ise-14.7_x86-64-1/Vivado/2018.2/common/technology/autopilot/hls/hls_video_types.h:409->/opt/york/cs/net/xilinx_vivado-2018.2_ise-14.7_x86-64-1/Vivado/2018.2/common/technology/autopilot/hls/hls_video_types.h:500->/opt/york/cs/net/xilinx_vivado-2018.2_ise-14.7_x86-64-1/Vivado/2018.2/common/technology/autopilot/hls/hls_video_imgproc.h:1478->/opt/york/cs/net/xilinx_vivado-2018.2_ise-14.7_x86-64-1/Vivado/2018.2/common/technology/autopilot/hls/hls_video_imgproc.h:1525->/opt/york/cs/net/xilinx_vivado-2018.2_ise-14.7_x86-64-1/Vivado/2018.2/common/technology/autopilot/hls/hls_video_imgproc.h:1951]   --->   Operation 45 'partselect' 'p_Val2_14' <Predicate = (!exitcond)> <Delay = 0.00>
ST_5 : Operation 46 [1/1] (0.00ns)   --->   "%tmp_89 = call i1 @_ssdm_op_BitSelect.i1.i30.i32(i30 %r_V_5, i32 21)" [/opt/york/cs/net/xilinx_vivado-2018.2_ise-14.7_x86-64-1/Vivado/2018.2/common/technology/autopilot/hls/hls_video_types.h:409->/opt/york/cs/net/xilinx_vivado-2018.2_ise-14.7_x86-64-1/Vivado/2018.2/common/technology/autopilot/hls/hls_video_types.h:500->/opt/york/cs/net/xilinx_vivado-2018.2_ise-14.7_x86-64-1/Vivado/2018.2/common/technology/autopilot/hls/hls_video_imgproc.h:1478->/opt/york/cs/net/xilinx_vivado-2018.2_ise-14.7_x86-64-1/Vivado/2018.2/common/technology/autopilot/hls/hls_video_imgproc.h:1525->/opt/york/cs/net/xilinx_vivado-2018.2_ise-14.7_x86-64-1/Vivado/2018.2/common/technology/autopilot/hls/hls_video_imgproc.h:1951]   --->   Operation 46 'bitselect' 'tmp_89' <Predicate = (!exitcond)> <Delay = 0.00>
ST_5 : Operation 47 [1/1] (0.00ns)   --->   "%tmp_3_i_i_i = zext i1 %tmp_89 to i8" [/opt/york/cs/net/xilinx_vivado-2018.2_ise-14.7_x86-64-1/Vivado/2018.2/common/technology/autopilot/hls/hls_video_types.h:409->/opt/york/cs/net/xilinx_vivado-2018.2_ise-14.7_x86-64-1/Vivado/2018.2/common/technology/autopilot/hls/hls_video_types.h:500->/opt/york/cs/net/xilinx_vivado-2018.2_ise-14.7_x86-64-1/Vivado/2018.2/common/technology/autopilot/hls/hls_video_imgproc.h:1478->/opt/york/cs/net/xilinx_vivado-2018.2_ise-14.7_x86-64-1/Vivado/2018.2/common/technology/autopilot/hls/hls_video_imgproc.h:1525->/opt/york/cs/net/xilinx_vivado-2018.2_ise-14.7_x86-64-1/Vivado/2018.2/common/technology/autopilot/hls/hls_video_imgproc.h:1951]   --->   Operation 47 'zext' 'tmp_3_i_i_i' <Predicate = (!exitcond)> <Delay = 0.00>
ST_5 : Operation 48 [1/1] (0.00ns) (grouped into LUT with out node p_Val2_s)   --->   "%tmp_90 = call i1 @_ssdm_op_BitSelect.i1.i30.i32(i30 %r_V_5, i32 29)" [/opt/york/cs/net/xilinx_vivado-2018.2_ise-14.7_x86-64-1/Vivado/2018.2/common/technology/autopilot/hls/hls_video_types.h:409->/opt/york/cs/net/xilinx_vivado-2018.2_ise-14.7_x86-64-1/Vivado/2018.2/common/technology/autopilot/hls/hls_video_types.h:500->/opt/york/cs/net/xilinx_vivado-2018.2_ise-14.7_x86-64-1/Vivado/2018.2/common/technology/autopilot/hls/hls_video_imgproc.h:1478->/opt/york/cs/net/xilinx_vivado-2018.2_ise-14.7_x86-64-1/Vivado/2018.2/common/technology/autopilot/hls/hls_video_imgproc.h:1525->/opt/york/cs/net/xilinx_vivado-2018.2_ise-14.7_x86-64-1/Vivado/2018.2/common/technology/autopilot/hls/hls_video_imgproc.h:1951]   --->   Operation 48 'bitselect' 'tmp_90' <Predicate = (!exitcond)> <Delay = 0.00>
ST_5 : Operation 49 [1/1] (1.91ns)   --->   "%p_Val2_15 = add i8 %p_Val2_14, %tmp_3_i_i_i" [/opt/york/cs/net/xilinx_vivado-2018.2_ise-14.7_x86-64-1/Vivado/2018.2/common/technology/autopilot/hls/hls_video_types.h:409->/opt/york/cs/net/xilinx_vivado-2018.2_ise-14.7_x86-64-1/Vivado/2018.2/common/technology/autopilot/hls/hls_video_types.h:500->/opt/york/cs/net/xilinx_vivado-2018.2_ise-14.7_x86-64-1/Vivado/2018.2/common/technology/autopilot/hls/hls_video_imgproc.h:1478->/opt/york/cs/net/xilinx_vivado-2018.2_ise-14.7_x86-64-1/Vivado/2018.2/common/technology/autopilot/hls/hls_video_imgproc.h:1525->/opt/york/cs/net/xilinx_vivado-2018.2_ise-14.7_x86-64-1/Vivado/2018.2/common/technology/autopilot/hls/hls_video_imgproc.h:1951]   --->   Operation 49 'add' 'p_Val2_15' <Predicate = (!exitcond)> <Delay = 1.91> <Core = "AddSub">   --->   Core 14 'AddSub' <Latency = 0> <II = 1> <Delay = 1.63> <FuncUnit> <Opcode : 'add' 'sub'> <InPorts = 2> <OutPorts = 1>
ST_5 : Operation 50 [1/1] (0.00ns) (grouped into LUT with out node p_Val2_s)   --->   "%tmp_91 = call i1 @_ssdm_op_BitSelect.i1.i8.i32(i8 %p_Val2_15, i32 7)" [/opt/york/cs/net/xilinx_vivado-2018.2_ise-14.7_x86-64-1/Vivado/2018.2/common/technology/autopilot/hls/hls_video_types.h:409->/opt/york/cs/net/xilinx_vivado-2018.2_ise-14.7_x86-64-1/Vivado/2018.2/common/technology/autopilot/hls/hls_video_types.h:500->/opt/york/cs/net/xilinx_vivado-2018.2_ise-14.7_x86-64-1/Vivado/2018.2/common/technology/autopilot/hls/hls_video_imgproc.h:1478->/opt/york/cs/net/xilinx_vivado-2018.2_ise-14.7_x86-64-1/Vivado/2018.2/common/technology/autopilot/hls/hls_video_imgproc.h:1525->/opt/york/cs/net/xilinx_vivado-2018.2_ise-14.7_x86-64-1/Vivado/2018.2/common/technology/autopilot/hls/hls_video_imgproc.h:1951]   --->   Operation 50 'bitselect' 'tmp_91' <Predicate = (!exitcond)> <Delay = 0.00>
ST_5 : Operation 51 [1/1] (0.00ns) (grouped into LUT with out node p_Val2_s)   --->   "%p_Result_2_i_i_i_n = xor i1 %tmp_90, true" [/opt/york/cs/net/xilinx_vivado-2018.2_ise-14.7_x86-64-1/Vivado/2018.2/common/technology/autopilot/hls/hls_video_types.h:409->/opt/york/cs/net/xilinx_vivado-2018.2_ise-14.7_x86-64-1/Vivado/2018.2/common/technology/autopilot/hls/hls_video_types.h:500->/opt/york/cs/net/xilinx_vivado-2018.2_ise-14.7_x86-64-1/Vivado/2018.2/common/technology/autopilot/hls/hls_video_imgproc.h:1478->/opt/york/cs/net/xilinx_vivado-2018.2_ise-14.7_x86-64-1/Vivado/2018.2/common/technology/autopilot/hls/hls_video_imgproc.h:1525->/opt/york/cs/net/xilinx_vivado-2018.2_ise-14.7_x86-64-1/Vivado/2018.2/common/technology/autopilot/hls/hls_video_imgproc.h:1951]   --->   Operation 51 'xor' 'p_Result_2_i_i_i_n' <Predicate = (!exitcond)> <Delay = 0.00> <Core = "LogicGate">   --->   Core 27 'LogicGate' <Latency = 0> <II = 1> <Delay = 0.97> <FuncUnit> <Opcode : 'and' 'or' 'xor'> <InPorts = 2> <OutPorts = 1>
ST_5 : Operation 52 [1/1] (0.00ns) (grouped into LUT with out node p_Val2_s)   --->   "%not_carry = or i1 %tmp_91, %p_Result_2_i_i_i_n" [/opt/york/cs/net/xilinx_vivado-2018.2_ise-14.7_x86-64-1/Vivado/2018.2/common/technology/autopilot/hls/hls_video_types.h:409->/opt/york/cs/net/xilinx_vivado-2018.2_ise-14.7_x86-64-1/Vivado/2018.2/common/technology/autopilot/hls/hls_video_types.h:500->/opt/york/cs/net/xilinx_vivado-2018.2_ise-14.7_x86-64-1/Vivado/2018.2/common/technology/autopilot/hls/hls_video_imgproc.h:1478->/opt/york/cs/net/xilinx_vivado-2018.2_ise-14.7_x86-64-1/Vivado/2018.2/common/technology/autopilot/hls/hls_video_imgproc.h:1525->/opt/york/cs/net/xilinx_vivado-2018.2_ise-14.7_x86-64-1/Vivado/2018.2/common/technology/autopilot/hls/hls_video_imgproc.h:1951]   --->   Operation 52 'or' 'not_carry' <Predicate = (!exitcond)> <Delay = 0.00> <Core = "LogicGate">   --->   Core 27 'LogicGate' <Latency = 0> <II = 1> <Delay = 0.97> <FuncUnit> <Opcode : 'and' 'or' 'xor'> <InPorts = 2> <OutPorts = 1>
ST_5 : Operation 53 [1/1] (1.24ns) (out node of the LUT)   --->   "%p_Val2_s = select i1 %not_carry, i8 %p_Val2_15, i8 -1" [/opt/york/cs/net/xilinx_vivado-2018.2_ise-14.7_x86-64-1/Vivado/2018.2/common/technology/autopilot/hls/hls_video_types.h:409->/opt/york/cs/net/xilinx_vivado-2018.2_ise-14.7_x86-64-1/Vivado/2018.2/common/technology/autopilot/hls/hls_video_types.h:500->/opt/york/cs/net/xilinx_vivado-2018.2_ise-14.7_x86-64-1/Vivado/2018.2/common/technology/autopilot/hls/hls_video_imgproc.h:1478->/opt/york/cs/net/xilinx_vivado-2018.2_ise-14.7_x86-64-1/Vivado/2018.2/common/technology/autopilot/hls/hls_video_imgproc.h:1525->/opt/york/cs/net/xilinx_vivado-2018.2_ise-14.7_x86-64-1/Vivado/2018.2/common/technology/autopilot/hls/hls_video_imgproc.h:1951]   --->   Operation 53 'select' 'p_Val2_s' <Predicate = (!exitcond)> <Delay = 1.24> <Core = "Sel">   --->   Core 26 'Sel' <Latency = 0> <II = 1> <Delay = 1.24> <FuncUnit> <Opcode : 'select'> <InPorts = 3> <OutPorts = 1>

State 6 <SV = 5> <Delay = 3.63>
ST_6 : Operation 54 [1/1] (0.00ns)   --->   "call void (...)* @_ssdm_op_SpecLoopName([11 x i8]* @p_str10) nounwind" [/opt/york/cs/net/xilinx_vivado-2018.2_ise-14.7_x86-64-1/Vivado/2018.2/common/technology/autopilot/hls/hls_video_imgproc.h:1947]   --->   Operation 54 'specloopname' <Predicate = (!exitcond)> <Delay = 0.00>
ST_6 : Operation 55 [1/1] (0.00ns)   --->   "%tmp_26 = call i32 (...)* @_ssdm_op_SpecRegionBegin([11 x i8]* @p_str10)" [/opt/york/cs/net/xilinx_vivado-2018.2_ise-14.7_x86-64-1/Vivado/2018.2/common/technology/autopilot/hls/hls_video_imgproc.h:1947]   --->   Operation 55 'specregionbegin' 'tmp_26' <Predicate = (!exitcond)> <Delay = 0.00>
ST_6 : Operation 56 [1/1] (0.00ns)   --->   "call void (...)* @_ssdm_op_SpecPipeline(i32 -1, i32 1, i32 1, i32 0, [1 x i8]* @p_str3) nounwind" [/opt/york/cs/net/xilinx_vivado-2018.2_ise-14.7_x86-64-1/Vivado/2018.2/common/technology/autopilot/hls/hls_video_imgproc.h:1949]   --->   Operation 56 'specpipeline' <Predicate = (!exitcond)> <Delay = 0.00>
ST_6 : Operation 57 [1/1] (0.00ns)   --->   "%tmp_28 = call i32 (...)* @_ssdm_op_SpecRegionBegin([12 x i8]* @p_str18)" [/opt/york/cs/net/xilinx_vivado-2018.2_ise-14.7_x86-64-1/Vivado/2018.2/common/technology/autopilot/hls/hls_video_core.h:641->/opt/york/cs/net/xilinx_vivado-2018.2_ise-14.7_x86-64-1/Vivado/2018.2/common/technology/autopilot/hls/hls_video_core.h:662->/opt/york/cs/net/xilinx_vivado-2018.2_ise-14.7_x86-64-1/Vivado/2018.2/common/technology/autopilot/hls/hls_video_imgproc.h:1952]   --->   Operation 57 'specregionbegin' 'tmp_28' <Predicate = (!exitcond)> <Delay = 0.00>
ST_6 : Operation 58 [1/1] (0.00ns)   --->   "call void (...)* @_ssdm_op_SpecProtocol(i32 0, [1 x i8]* @p_str3) nounwind" [/opt/york/cs/net/xilinx_vivado-2018.2_ise-14.7_x86-64-1/Vivado/2018.2/common/technology/autopilot/hls/hls_video_core.h:645->/opt/york/cs/net/xilinx_vivado-2018.2_ise-14.7_x86-64-1/Vivado/2018.2/common/technology/autopilot/hls/hls_video_core.h:662->/opt/york/cs/net/xilinx_vivado-2018.2_ise-14.7_x86-64-1/Vivado/2018.2/common/technology/autopilot/hls/hls_video_imgproc.h:1952]   --->   Operation 58 'specprotocol' <Predicate = (!exitcond)> <Delay = 0.00>
ST_6 : Operation 59 [1/1] (3.63ns)   --->   "call void @_ssdm_op_Write.ap_fifo.volatile.i8P(i8* %p_dst_data_stream_0_V, i8 %p_Val2_s)" [/opt/york/cs/net/xilinx_vivado-2018.2_ise-14.7_x86-64-1/Vivado/2018.2/common/technology/autopilot/hls/hls_video_core.h:648->/opt/york/cs/net/xilinx_vivado-2018.2_ise-14.7_x86-64-1/Vivado/2018.2/common/technology/autopilot/hls/hls_video_core.h:662->/opt/york/cs/net/xilinx_vivado-2018.2_ise-14.7_x86-64-1/Vivado/2018.2/common/technology/autopilot/hls/hls_video_imgproc.h:1952]   --->   Operation 59 'write' <Predicate = (!exitcond)> <Delay = 3.63> <Core = "FIFO">   --->   Core 32 'FIFO' <Latency = 0> <II = 1> <Delay = 3.63> <Storage> <Opcode : 'read' 'write' 'nbread' 'nbwrite'> <Ports = 0> <Width = 8> <Depth = 1> <FIFO>
ST_6 : Operation 60 [1/1] (3.63ns)   --->   "call void @_ssdm_op_Write.ap_fifo.volatile.i8P(i8* %p_dst_data_stream_1_V, i8 %p_Val2_s)" [/opt/york/cs/net/xilinx_vivado-2018.2_ise-14.7_x86-64-1/Vivado/2018.2/common/technology/autopilot/hls/hls_video_core.h:648->/opt/york/cs/net/xilinx_vivado-2018.2_ise-14.7_x86-64-1/Vivado/2018.2/common/technology/autopilot/hls/hls_video_core.h:662->/opt/york/cs/net/xilinx_vivado-2018.2_ise-14.7_x86-64-1/Vivado/2018.2/common/technology/autopilot/hls/hls_video_imgproc.h:1952]   --->   Operation 60 'write' <Predicate = (!exitcond)> <Delay = 3.63> <Core = "FIFO">   --->   Core 32 'FIFO' <Latency = 0> <II = 1> <Delay = 3.63> <Storage> <Opcode : 'read' 'write' 'nbread' 'nbwrite'> <Ports = 0> <Width = 8> <Depth = 1> <FIFO>
ST_6 : Operation 61 [1/1] (3.63ns)   --->   "call void @_ssdm_op_Write.ap_fifo.volatile.i8P(i8* %p_dst_data_stream_2_V, i8 %p_Val2_s)" [/opt/york/cs/net/xilinx_vivado-2018.2_ise-14.7_x86-64-1/Vivado/2018.2/common/technology/autopilot/hls/hls_video_core.h:648->/opt/york/cs/net/xilinx_vivado-2018.2_ise-14.7_x86-64-1/Vivado/2018.2/common/technology/autopilot/hls/hls_video_core.h:662->/opt/york/cs/net/xilinx_vivado-2018.2_ise-14.7_x86-64-1/Vivado/2018.2/common/technology/autopilot/hls/hls_video_imgproc.h:1952]   --->   Operation 61 'write' <Predicate = (!exitcond)> <Delay = 3.63> <Core = "FIFO">   --->   Core 32 'FIFO' <Latency = 0> <II = 1> <Delay = 3.63> <Storage> <Opcode : 'read' 'write' 'nbread' 'nbwrite'> <Ports = 0> <Width = 8> <Depth = 1> <FIFO>
ST_6 : Operation 62 [1/1] (0.00ns)   --->   "%empty_76 = call i32 (...)* @_ssdm_op_SpecRegionEnd([12 x i8]* @p_str18, i32 %tmp_28)" [/opt/york/cs/net/xilinx_vivado-2018.2_ise-14.7_x86-64-1/Vivado/2018.2/common/technology/autopilot/hls/hls_video_core.h:650->/opt/york/cs/net/xilinx_vivado-2018.2_ise-14.7_x86-64-1/Vivado/2018.2/common/technology/autopilot/hls/hls_video_core.h:662->/opt/york/cs/net/xilinx_vivado-2018.2_ise-14.7_x86-64-1/Vivado/2018.2/common/technology/autopilot/hls/hls_video_imgproc.h:1952]   --->   Operation 62 'specregionend' 'empty_76' <Predicate = (!exitcond)> <Delay = 0.00>
ST_6 : Operation 63 [1/1] (0.00ns)   --->   "%empty_77 = call i32 (...)* @_ssdm_op_SpecRegionEnd([11 x i8]* @p_str10, i32 %tmp_26)" [/opt/york/cs/net/xilinx_vivado-2018.2_ise-14.7_x86-64-1/Vivado/2018.2/common/technology/autopilot/hls/hls_video_imgproc.h:1953]   --->   Operation 63 'specregionend' 'empty_77' <Predicate = (!exitcond)> <Delay = 0.00>
ST_6 : Operation 64 [1/1] (0.00ns)   --->   "br label %2" [/opt/york/cs/net/xilinx_vivado-2018.2_ise-14.7_x86-64-1/Vivado/2018.2/common/technology/autopilot/hls/hls_video_imgproc.h:1947]   --->   Operation 64 'br' <Predicate = (!exitcond)> <Delay = 0.00>

State 7 <SV = 3> <Delay = 0.00>
ST_7 : Operation 65 [1/1] (0.00ns)   --->   "%empty_78 = call i32 (...)* @_ssdm_op_SpecRegionEnd([12 x i8]* @p_str9, i32 %tmp)" [/opt/york/cs/net/xilinx_vivado-2018.2_ise-14.7_x86-64-1/Vivado/2018.2/common/technology/autopilot/hls/hls_video_imgproc.h:1954]   --->   Operation 65 'specregionend' 'empty_78' <Predicate = true> <Delay = 0.00>
ST_7 : Operation 66 [1/1] (0.00ns)   --->   "br label %0" [/opt/york/cs/net/xilinx_vivado-2018.2_ise-14.7_x86-64-1/Vivado/2018.2/common/technology/autopilot/hls/hls_video_imgproc.h:1946]   --->   Operation 66 'br' <Predicate = true> <Delay = 0.00>


============================================================
+ Verbose Summary: Timing violations
============================================================
Target clock period: 13.5ns, clock uncertainty: 1.69ns.

 <State 1>: 1.77ns
The critical path consists of the following:
	multiplexor before 'phi' operation ('i') with incoming values : ('i', /opt/york/cs/net/xilinx_vivado-2018.2_ise-14.7_x86-64-1/Vivado/2018.2/common/technology/autopilot/hls/hls_video_imgproc.h:1946) [15]  (1.77 ns)

 <State 2>: 2.86ns
The critical path consists of the following:
	'icmp' operation ('exitcond1', /opt/york/cs/net/xilinx_vivado-2018.2_ise-14.7_x86-64-1/Vivado/2018.2/common/technology/autopilot/hls/hls_video_imgproc.h:1946) [17]  (1.88 ns)
	blocking operation 0.978 ns on control path)

 <State 3>: 1.88ns
The critical path consists of the following:
	'phi' operation ('j') with incoming values : ('j', /opt/york/cs/net/xilinx_vivado-2018.2_ise-14.7_x86-64-1/Vivado/2018.2/common/technology/autopilot/hls/hls_video_imgproc.h:1947) [25]  (0 ns)
	'icmp' operation ('exitcond', /opt/york/cs/net/xilinx_vivado-2018.2_ise-14.7_x86-64-1/Vivado/2018.2/common/technology/autopilot/hls/hls_video_imgproc.h:1947) [27]  (1.88 ns)

 <State 4>: 10ns
The critical path consists of the following:
	fifo read on port 'p_src_data_stream_0_V' (/opt/york/cs/net/xilinx_vivado-2018.2_ise-14.7_x86-64-1/Vivado/2018.2/common/technology/autopilot/hls/hls_video_core.h:624->/opt/york/cs/net/xilinx_vivado-2018.2_ise-14.7_x86-64-1/Vivado/2018.2/common/technology/autopilot/hls/hls_video_core.h:656->/opt/york/cs/net/xilinx_vivado-2018.2_ise-14.7_x86-64-1/Vivado/2018.2/common/technology/autopilot/hls/hls_video_imgproc.h:1950) [36]  (3.63 ns)
	'mul' operation ('r_V', /opt/york/cs/net/xilinx_vivado-2018.2_ise-14.7_x86-64-1/Vivado/2018.2/common/technology/autopilot/hls/hls_video_imgproc.h:1477->/opt/york/cs/net/xilinx_vivado-2018.2_ise-14.7_x86-64-1/Vivado/2018.2/common/technology/autopilot/hls/hls_video_imgproc.h:1525->/opt/york/cs/net/xilinx_vivado-2018.2_ise-14.7_x86-64-1/Vivado/2018.2/common/technology/autopilot/hls/hls_video_imgproc.h:1951) [41]  (6.38 ns)

 <State 5>: 12.6ns
The critical path consists of the following:
	'mul' operation ('r.V', /opt/york/cs/net/xilinx_vivado-2018.2_ise-14.7_x86-64-1/Vivado/2018.2/common/technology/autopilot/hls/hls_video_imgproc.h:1475->/opt/york/cs/net/xilinx_vivado-2018.2_ise-14.7_x86-64-1/Vivado/2018.2/common/technology/autopilot/hls/hls_video_imgproc.h:1525->/opt/york/cs/net/xilinx_vivado-2018.2_ise-14.7_x86-64-1/Vivado/2018.2/common/technology/autopilot/hls/hls_video_imgproc.h:1951) [45]  (3.36 ns)
	'add' operation ('__Val2__', /opt/york/cs/net/xilinx_vivado-2018.2_ise-14.7_x86-64-1/Vivado/2018.2/common/technology/autopilot/hls/hls_video_imgproc.h:1477->/opt/york/cs/net/xilinx_vivado-2018.2_ise-14.7_x86-64-1/Vivado/2018.2/common/technology/autopilot/hls/hls_video_imgproc.h:1525->/opt/york/cs/net/xilinx_vivado-2018.2_ise-14.7_x86-64-1/Vivado/2018.2/common/technology/autopilot/hls/hls_video_imgproc.h:1951) [47]  (3.02 ns)
	'add' operation ('r.V', /opt/york/cs/net/xilinx_vivado-2018.2_ise-14.7_x86-64-1/Vivado/2018.2/common/technology/autopilot/hls/hls_video_imgproc.h:1477->/opt/york/cs/net/xilinx_vivado-2018.2_ise-14.7_x86-64-1/Vivado/2018.2/common/technology/autopilot/hls/hls_video_imgproc.h:1525->/opt/york/cs/net/xilinx_vivado-2018.2_ise-14.7_x86-64-1/Vivado/2018.2/common/technology/autopilot/hls/hls_video_imgproc.h:1951) [49]  (3.02 ns)
	'add' operation ('__Val2__', /opt/york/cs/net/xilinx_vivado-2018.2_ise-14.7_x86-64-1/Vivado/2018.2/common/technology/autopilot/hls/hls_video_types.h:409->/opt/york/cs/net/xilinx_vivado-2018.2_ise-14.7_x86-64-1/Vivado/2018.2/common/technology/autopilot/hls/hls_video_types.h:500->/opt/york/cs/net/xilinx_vivado-2018.2_ise-14.7_x86-64-1/Vivado/2018.2/common/technology/autopilot/hls/hls_video_imgproc.h:1478->/opt/york/cs/net/xilinx_vivado-2018.2_ise-14.7_x86-64-1/Vivado/2018.2/common/technology/autopilot/hls/hls_video_imgproc.h:1525->/opt/york/cs/net/xilinx_vivado-2018.2_ise-14.7_x86-64-1/Vivado/2018.2/common/technology/autopilot/hls/hls_video_imgproc.h:1951) [54]  (1.92 ns)
	'select' operation ('__Val2__', /opt/york/cs/net/xilinx_vivado-2018.2_ise-14.7_x86-64-1/Vivado/2018.2/common/technology/autopilot/hls/hls_video_types.h:409->/opt/york/cs/net/xilinx_vivado-2018.2_ise-14.7_x86-64-1/Vivado/2018.2/common/technology/autopilot/hls/hls_video_types.h:500->/opt/york/cs/net/xilinx_vivado-2018.2_ise-14.7_x86-64-1/Vivado/2018.2/common/technology/autopilot/hls/hls_video_imgproc.h:1478->/opt/york/cs/net/xilinx_vivado-2018.2_ise-14.7_x86-64-1/Vivado/2018.2/common/technology/autopilot/hls/hls_video_imgproc.h:1525->/opt/york/cs/net/xilinx_vivado-2018.2_ise-14.7_x86-64-1/Vivado/2018.2/common/technology/autopilot/hls/hls_video_imgproc.h:1951) [58]  (1.25 ns)

 <State 6>: 3.63ns
The critical path consists of the following:
	fifo write on port 'p_dst_data_stream_0_V' (/opt/york/cs/net/xilinx_vivado-2018.2_ise-14.7_x86-64-1/Vivado/2018.2/common/technology/autopilot/hls/hls_video_core.h:648->/opt/york/cs/net/xilinx_vivado-2018.2_ise-14.7_x86-64-1/Vivado/2018.2/common/technology/autopilot/hls/hls_video_core.h:662->/opt/york/cs/net/xilinx_vivado-2018.2_ise-14.7_x86-64-1/Vivado/2018.2/common/technology/autopilot/hls/hls_video_imgproc.h:1952) [61]  (3.63 ns)

 <State 7>: 0ns
The critical path consists of the following:


============================================================
+ Verbose Summary: Binding
============================================================
N/A
* FSMD analyzer results:
  - Output states:
 - Input state : 
  - Chain level:
	State 1
	State 2
	State 3
	State 4
	State 5
	State 6
	State 7


============================================================
+ Verbose Summary: Datapath Resource usage 
============================================================
N/A
