

================================================================
== Vivado HLS Report for 'CvtColor_1'
================================================================
* Date:           Thu Jan 31 14:03:39 2019

* Version:        2018.2.1 (Build 2288704 on Thu Jul 26 18:46:41 MDT 2018)
* Project:        SubSample
* Solution:       solution1
* Product family: zynq
* Target device:  xc7z010clg400-1


================================================================
== Performance Estimates
================================================================
+ Timing (ns): 
    * Summary: 
    +--------+-------+----------+------------+
    |  Clock | Target| Estimated| Uncertainty|
    +--------+-------+----------+------------+
    |ap_clk  |  10.00|     7.268|        1.25|
    +--------+-------+----------+------------+

+ Latency (clock cycles): 
    * Summary: 
    +---------+---------+---------+---------+---------+
    |      Latency      |      Interval     | Pipeline|
    |   min   |   max   |   min   |   max   |   Type  |
    +---------+---------+---------+---------+---------+
    |  1767151|  1767151|  1767151|  1767151|   none  |
    +---------+---------+---------+---------+---------+

    + Detail: 
        * Instance: 
        N/A

        * Loop: 
        +---------------+---------+---------+----------+-----------+-----------+------+----------+
        |               |      Latency      | Iteration|  Initiation Interval  | Trip |          |
        |   Loop Name   |   min   |   max   |  Latency |  achieved |   target  | Count| Pipelined|
        +---------------+---------+---------+----------+-----------+-----------+------+----------+
        |- loop_height  |  1767150|  1767150|      1683|          -|          -|  1050|    no    |
        | + loop_width  |     1680|     1680|         2|          1|          1|  1680|    yes   |
        +---------------+---------+---------+----------+-----------+-----------+------+----------+

============================================================
+ Verbose Summary: Synthesis Manager
============================================================
InlineROM: 1
ExposeGlobal: 0
============================================================
+ Verbose Summary: CDFG Model
============================================================
IsTopModel: 0
ResetActiveHigh: 1
IsCombinational: 2
IsDatapathOnly: 0
HasWiredReturn: 1
HasMFsm: 0
HasVarLatency: 1
IsPipeline: 0
IsRtlPipelined: 0
IsInstanceOverlapped: 0
IsDontTouch: 0
HasImplIP: 0
IsGatedGlobalClock: 0

+ Individual pipeline summary: 
  * Pipeline-0: initiation interval (II) = 1, depth = 2


============================================================
+ Verbose Summary: Schedule
============================================================
* Number of FSM states : 5
* Pipeline : 1
  Pipeline-0 : II = 1, D = 2, States = { 3 4 }
* Dataflow Pipeline: 0

* FSM state transitions: 
1 --> 
	2  / true
2 --> 
	3  / (tmp_s)
3 --> 
	5  / (!tmp_20)
	4  / (tmp_20)
4 --> 
	3  / true
5 --> 
	2  / true

* FSM state operations: 

State 1 <SV = 0> <Delay = 1.76>
ST_1 : Operation 6 [1/1] (0.00ns)   --->   "call void (...)* @_ssdm_op_SpecInterface(i8* %p_dst_data_stream_2_V, [8 x i8]* @ap_fifo_str, i32 0, i32 0, [1 x i8]* @p_str, i32 0, i32 0, [1 x i8]* @p_str, [1 x i8]* @p_str, [1 x i8]* @p_str, i32 2, i32 2, i32 16, i32 16, [1 x i8]* @p_str, [1 x i8]* @p_str)"   --->   Operation 6 'specinterface' <Predicate = true> <Delay = 0.00>
ST_1 : Operation 7 [1/1] (0.00ns)   --->   "call void (...)* @_ssdm_op_SpecInterface(i8* %p_dst_data_stream_1_V, [8 x i8]* @ap_fifo_str, i32 0, i32 0, [1 x i8]* @p_str, i32 0, i32 0, [1 x i8]* @p_str, [1 x i8]* @p_str, [1 x i8]* @p_str, i32 2, i32 2, i32 16, i32 16, [1 x i8]* @p_str, [1 x i8]* @p_str)"   --->   Operation 7 'specinterface' <Predicate = true> <Delay = 0.00>
ST_1 : Operation 8 [1/1] (0.00ns)   --->   "call void (...)* @_ssdm_op_SpecInterface(i8* %p_dst_data_stream_0_V, [8 x i8]* @ap_fifo_str, i32 0, i32 0, [1 x i8]* @p_str, i32 0, i32 0, [1 x i8]* @p_str, [1 x i8]* @p_str, [1 x i8]* @p_str, i32 2, i32 2, i32 16, i32 16, [1 x i8]* @p_str, [1 x i8]* @p_str)"   --->   Operation 8 'specinterface' <Predicate = true> <Delay = 0.00>
ST_1 : Operation 9 [1/1] (0.00ns)   --->   "call void (...)* @_ssdm_op_SpecInterface(i8* %p_src_data_stream_2_V, [8 x i8]* @ap_fifo_str, i32 0, i32 0, [1 x i8]* @p_str, i32 0, i32 0, [1 x i8]* @p_str, [1 x i8]* @p_str, [1 x i8]* @p_str, i32 2, i32 2, i32 16, i32 16, [1 x i8]* @p_str, [1 x i8]* @p_str)"   --->   Operation 9 'specinterface' <Predicate = true> <Delay = 0.00>
ST_1 : Operation 10 [1/1] (0.00ns)   --->   "call void (...)* @_ssdm_op_SpecInterface(i8* %p_src_data_stream_1_V, [8 x i8]* @ap_fifo_str, i32 0, i32 0, [1 x i8]* @p_str, i32 0, i32 0, [1 x i8]* @p_str, [1 x i8]* @p_str, [1 x i8]* @p_str, i32 2, i32 2, i32 16, i32 16, [1 x i8]* @p_str, [1 x i8]* @p_str)"   --->   Operation 10 'specinterface' <Predicate = true> <Delay = 0.00>
ST_1 : Operation 11 [1/1] (0.00ns)   --->   "call void (...)* @_ssdm_op_SpecInterface(i8* %p_src_data_stream_0_V, [8 x i8]* @ap_fifo_str, i32 0, i32 0, [1 x i8]* @p_str, i32 0, i32 0, [1 x i8]* @p_str, [1 x i8]* @p_str, [1 x i8]* @p_str, i32 2, i32 2, i32 16, i32 16, [1 x i8]* @p_str, [1 x i8]* @p_str)"   --->   Operation 11 'specinterface' <Predicate = true> <Delay = 0.00>
ST_1 : Operation 12 [1/1] (1.76ns)   --->   "br label %1" [/opt/york/cs/net/xilinx_vivado-2018.2_ise-14.7_x86-64-1/Vivado/2018.2/common/technology/autopilot/hls/hls_video_imgproc.h:1946]   --->   Operation 12 'br' <Predicate = true> <Delay = 1.76>

State 2 <SV = 1> <Delay = 2.85>
ST_2 : Operation 13 [1/1] (0.00ns)   --->   "%i = phi i11 [ 0, %0 ], [ %i_1, %4 ]"   --->   Operation 13 'phi' 'i' <Predicate = true> <Delay = 0.00>
ST_2 : Operation 14 [1/1] (1.88ns)   --->   "%tmp_s = icmp ult i11 %i, -998" [/opt/york/cs/net/xilinx_vivado-2018.2_ise-14.7_x86-64-1/Vivado/2018.2/common/technology/autopilot/hls/hls_video_imgproc.h:1946]   --->   Operation 14 'icmp' 'tmp_s' <Predicate = true> <Delay = 1.88> <Core = "Cmp">   --->   Core 25 'Cmp' <Latency = 0> <II = 1> <Delay = 1.88> <FuncUnit> <Opcode : 'icmp'> <InPorts = 2> <OutPorts = 1>
ST_2 : Operation 15 [1/1] (1.63ns)   --->   "%i_1 = add i11 %i, 1" [/opt/york/cs/net/xilinx_vivado-2018.2_ise-14.7_x86-64-1/Vivado/2018.2/common/technology/autopilot/hls/hls_video_imgproc.h:1946]   --->   Operation 15 'add' 'i_1' <Predicate = true> <Delay = 1.63> <Core = "AddSub">   --->   Core 14 'AddSub' <Latency = 0> <II = 1> <Delay = 1.63> <FuncUnit> <Opcode : 'add' 'sub'> <InPorts = 2> <OutPorts = 1>
ST_2 : Operation 16 [1/1] (0.00ns)   --->   "call void (...)* @_ssdm_op_SpecLoopTripCount(i64 1050, i64 1050, i64 1050)"   --->   Operation 16 'speclooptripcount' <Predicate = true> <Delay = 0.00>
ST_2 : Operation 17 [1/1] (0.00ns)   --->   "br i1 %tmp_s, label %2, label %5" [/opt/york/cs/net/xilinx_vivado-2018.2_ise-14.7_x86-64-1/Vivado/2018.2/common/technology/autopilot/hls/hls_video_imgproc.h:1946]   --->   Operation 17 'br' <Predicate = true> <Delay = 0.00>
ST_2 : Operation 18 [1/1] (0.00ns)   --->   "call void (...)* @_ssdm_op_SpecLoopName([12 x i8]* @p_str9) nounwind" [/opt/york/cs/net/xilinx_vivado-2018.2_ise-14.7_x86-64-1/Vivado/2018.2/common/technology/autopilot/hls/hls_video_imgproc.h:1946]   --->   Operation 18 'specloopname' <Predicate = (tmp_s)> <Delay = 0.00>
ST_2 : Operation 19 [1/1] (0.00ns)   --->   "%tmp = call i32 (...)* @_ssdm_op_SpecRegionBegin([12 x i8]* @p_str9)" [/opt/york/cs/net/xilinx_vivado-2018.2_ise-14.7_x86-64-1/Vivado/2018.2/common/technology/autopilot/hls/hls_video_imgproc.h:1946]   --->   Operation 19 'specregionbegin' 'tmp' <Predicate = (tmp_s)> <Delay = 0.00>
ST_2 : Operation 20 [1/1] (1.76ns)   --->   "br label %3" [/opt/york/cs/net/xilinx_vivado-2018.2_ise-14.7_x86-64-1/Vivado/2018.2/common/technology/autopilot/hls/hls_video_imgproc.h:1947]   --->   Operation 20 'br' <Predicate = (tmp_s)> <Delay = 1.76>
ST_2 : Operation 21 [1/1] (0.00ns)   --->   "ret void" [/opt/york/cs/net/xilinx_vivado-2018.2_ise-14.7_x86-64-1/Vivado/2018.2/common/technology/autopilot/hls/hls_video_imgproc.h:1955]   --->   Operation 21 'ret' <Predicate = (!tmp_s)> <Delay = 0.00>

State 3 <SV = 2> <Delay = 1.88>
ST_3 : Operation 22 [1/1] (0.00ns)   --->   "%j = phi i11 [ 0, %2 ], [ %j_1, %"operator>>.exit" ]"   --->   Operation 22 'phi' 'j' <Predicate = true> <Delay = 0.00>
ST_3 : Operation 23 [1/1] (1.88ns)   --->   "%tmp_20 = icmp ult i11 %j, -368" [/opt/york/cs/net/xilinx_vivado-2018.2_ise-14.7_x86-64-1/Vivado/2018.2/common/technology/autopilot/hls/hls_video_imgproc.h:1947]   --->   Operation 23 'icmp' 'tmp_20' <Predicate = true> <Delay = 1.88> <Core = "Cmp">   --->   Core 25 'Cmp' <Latency = 0> <II = 1> <Delay = 1.88> <FuncUnit> <Opcode : 'icmp'> <InPorts = 2> <OutPorts = 1>
ST_3 : Operation 24 [1/1] (1.63ns)   --->   "%j_1 = add i11 %j, 1" [/opt/york/cs/net/xilinx_vivado-2018.2_ise-14.7_x86-64-1/Vivado/2018.2/common/technology/autopilot/hls/hls_video_imgproc.h:1947]   --->   Operation 24 'add' 'j_1' <Predicate = true> <Delay = 1.63> <Core = "AddSub">   --->   Core 14 'AddSub' <Latency = 0> <II = 1> <Delay = 1.63> <FuncUnit> <Opcode : 'add' 'sub'> <InPorts = 2> <OutPorts = 1>
ST_3 : Operation 25 [1/1] (0.00ns)   --->   "call void (...)* @_ssdm_op_SpecLoopTripCount(i64 1680, i64 1680, i64 1680)"   --->   Operation 25 'speclooptripcount' <Predicate = true> <Delay = 0.00>
ST_3 : Operation 26 [1/1] (0.00ns)   --->   "br i1 %tmp_20, label %"operator>>.exit", label %4" [/opt/york/cs/net/xilinx_vivado-2018.2_ise-14.7_x86-64-1/Vivado/2018.2/common/technology/autopilot/hls/hls_video_imgproc.h:1947]   --->   Operation 26 'br' <Predicate = true> <Delay = 0.00>

State 4 <SV = 3> <Delay = 7.26>
ST_4 : Operation 27 [1/1] (0.00ns)   --->   "call void (...)* @_ssdm_op_SpecLoopName([11 x i8]* @p_str10) nounwind" [/opt/york/cs/net/xilinx_vivado-2018.2_ise-14.7_x86-64-1/Vivado/2018.2/common/technology/autopilot/hls/hls_video_imgproc.h:1947]   --->   Operation 27 'specloopname' <Predicate = (tmp_20)> <Delay = 0.00>
ST_4 : Operation 28 [1/1] (0.00ns)   --->   "%tmp_39 = call i32 (...)* @_ssdm_op_SpecRegionBegin([11 x i8]* @p_str10)" [/opt/york/cs/net/xilinx_vivado-2018.2_ise-14.7_x86-64-1/Vivado/2018.2/common/technology/autopilot/hls/hls_video_imgproc.h:1947]   --->   Operation 28 'specregionbegin' 'tmp_39' <Predicate = (tmp_20)> <Delay = 0.00>
ST_4 : Operation 29 [1/1] (0.00ns)   --->   "call void (...)* @_ssdm_op_SpecPipeline(i32 -1, i32 1, i32 1, i32 0, [1 x i8]* @p_str) nounwind" [/opt/york/cs/net/xilinx_vivado-2018.2_ise-14.7_x86-64-1/Vivado/2018.2/common/technology/autopilot/hls/hls_video_imgproc.h:1949]   --->   Operation 29 'specpipeline' <Predicate = (tmp_20)> <Delay = 0.00>
ST_4 : Operation 30 [1/1] (0.00ns)   --->   "%tmp_40 = call i32 (...)* @_ssdm_op_SpecRegionBegin([12 x i8]* @p_str14)" [/opt/york/cs/net/xilinx_vivado-2018.2_ise-14.7_x86-64-1/Vivado/2018.2/common/technology/autopilot/hls/hls_video_core.h:617->/opt/york/cs/net/xilinx_vivado-2018.2_ise-14.7_x86-64-1/Vivado/2018.2/common/technology/autopilot/hls/hls_video_core.h:656->/opt/york/cs/net/xilinx_vivado-2018.2_ise-14.7_x86-64-1/Vivado/2018.2/common/technology/autopilot/hls/hls_video_imgproc.h:1950]   --->   Operation 30 'specregionbegin' 'tmp_40' <Predicate = (tmp_20)> <Delay = 0.00>
ST_4 : Operation 31 [1/1] (0.00ns)   --->   "call void (...)* @_ssdm_op_SpecProtocol(i32 0, [1 x i8]* @p_str) nounwind" [/opt/york/cs/net/xilinx_vivado-2018.2_ise-14.7_x86-64-1/Vivado/2018.2/common/technology/autopilot/hls/hls_video_core.h:621->/opt/york/cs/net/xilinx_vivado-2018.2_ise-14.7_x86-64-1/Vivado/2018.2/common/technology/autopilot/hls/hls_video_core.h:656->/opt/york/cs/net/xilinx_vivado-2018.2_ise-14.7_x86-64-1/Vivado/2018.2/common/technology/autopilot/hls/hls_video_imgproc.h:1950]   --->   Operation 31 'specprotocol' <Predicate = (tmp_20)> <Delay = 0.00>
ST_4 : Operation 32 [1/1] (3.63ns)   --->   "%tmp_93 = call i8 @_ssdm_op_Read.ap_fifo.volatile.i8P(i8* %p_src_data_stream_0_V)" [/opt/york/cs/net/xilinx_vivado-2018.2_ise-14.7_x86-64-1/Vivado/2018.2/common/technology/autopilot/hls/hls_video_core.h:624->/opt/york/cs/net/xilinx_vivado-2018.2_ise-14.7_x86-64-1/Vivado/2018.2/common/technology/autopilot/hls/hls_video_core.h:656->/opt/york/cs/net/xilinx_vivado-2018.2_ise-14.7_x86-64-1/Vivado/2018.2/common/technology/autopilot/hls/hls_video_imgproc.h:1950]   --->   Operation 32 'read' 'tmp_93' <Predicate = (tmp_20)> <Delay = 3.63> <Core = "FIFO">   --->   Core 32 'FIFO' <Latency = 0> <II = 1> <Delay = 3.63> <Storage> <Opcode : 'read' 'write' 'nbread' 'nbwrite'> <Ports = 0> <Width = 8> <Depth = 1> <FIFO>
ST_4 : Operation 33 [1/1] (3.63ns)   --->   "%empty = call i8 @_ssdm_op_Read.ap_fifo.volatile.i8P(i8* %p_src_data_stream_1_V)" [/opt/york/cs/net/xilinx_vivado-2018.2_ise-14.7_x86-64-1/Vivado/2018.2/common/technology/autopilot/hls/hls_video_core.h:624->/opt/york/cs/net/xilinx_vivado-2018.2_ise-14.7_x86-64-1/Vivado/2018.2/common/technology/autopilot/hls/hls_video_core.h:656->/opt/york/cs/net/xilinx_vivado-2018.2_ise-14.7_x86-64-1/Vivado/2018.2/common/technology/autopilot/hls/hls_video_imgproc.h:1950]   --->   Operation 33 'read' 'empty' <Predicate = (tmp_20)> <Delay = 3.63> <Core = "FIFO">   --->   Core 32 'FIFO' <Latency = 0> <II = 1> <Delay = 3.63> <Storage> <Opcode : 'read' 'write' 'nbread' 'nbwrite'> <Ports = 0> <Width = 8> <Depth = 1> <FIFO>
ST_4 : Operation 34 [1/1] (3.63ns)   --->   "%empty_62 = call i8 @_ssdm_op_Read.ap_fifo.volatile.i8P(i8* %p_src_data_stream_2_V)" [/opt/york/cs/net/xilinx_vivado-2018.2_ise-14.7_x86-64-1/Vivado/2018.2/common/technology/autopilot/hls/hls_video_core.h:624->/opt/york/cs/net/xilinx_vivado-2018.2_ise-14.7_x86-64-1/Vivado/2018.2/common/technology/autopilot/hls/hls_video_core.h:656->/opt/york/cs/net/xilinx_vivado-2018.2_ise-14.7_x86-64-1/Vivado/2018.2/common/technology/autopilot/hls/hls_video_imgproc.h:1950]   --->   Operation 34 'read' 'empty_62' <Predicate = (tmp_20)> <Delay = 3.63> <Core = "FIFO">   --->   Core 32 'FIFO' <Latency = 0> <II = 1> <Delay = 3.63> <Storage> <Opcode : 'read' 'write' 'nbread' 'nbwrite'> <Ports = 0> <Width = 8> <Depth = 1> <FIFO>
ST_4 : Operation 35 [1/1] (0.00ns)   --->   "%empty_63 = call i32 (...)* @_ssdm_op_SpecRegionEnd([12 x i8]* @p_str14, i32 %tmp_40)" [/opt/york/cs/net/xilinx_vivado-2018.2_ise-14.7_x86-64-1/Vivado/2018.2/common/technology/autopilot/hls/hls_video_core.h:626->/opt/york/cs/net/xilinx_vivado-2018.2_ise-14.7_x86-64-1/Vivado/2018.2/common/technology/autopilot/hls/hls_video_core.h:656->/opt/york/cs/net/xilinx_vivado-2018.2_ise-14.7_x86-64-1/Vivado/2018.2/common/technology/autopilot/hls/hls_video_imgproc.h:1950]   --->   Operation 35 'specregionend' 'empty_63' <Predicate = (tmp_20)> <Delay = 0.00>
ST_4 : Operation 36 [1/1] (0.00ns)   --->   "%tmp_41 = call i32 (...)* @_ssdm_op_SpecRegionBegin([12 x i8]* @p_str18)" [/opt/york/cs/net/xilinx_vivado-2018.2_ise-14.7_x86-64-1/Vivado/2018.2/common/technology/autopilot/hls/hls_video_core.h:641->/opt/york/cs/net/xilinx_vivado-2018.2_ise-14.7_x86-64-1/Vivado/2018.2/common/technology/autopilot/hls/hls_video_core.h:662->/opt/york/cs/net/xilinx_vivado-2018.2_ise-14.7_x86-64-1/Vivado/2018.2/common/technology/autopilot/hls/hls_video_imgproc.h:1952]   --->   Operation 36 'specregionbegin' 'tmp_41' <Predicate = (tmp_20)> <Delay = 0.00>
ST_4 : Operation 37 [1/1] (0.00ns)   --->   "call void (...)* @_ssdm_op_SpecProtocol(i32 0, [1 x i8]* @p_str) nounwind" [/opt/york/cs/net/xilinx_vivado-2018.2_ise-14.7_x86-64-1/Vivado/2018.2/common/technology/autopilot/hls/hls_video_core.h:645->/opt/york/cs/net/xilinx_vivado-2018.2_ise-14.7_x86-64-1/Vivado/2018.2/common/technology/autopilot/hls/hls_video_core.h:662->/opt/york/cs/net/xilinx_vivado-2018.2_ise-14.7_x86-64-1/Vivado/2018.2/common/technology/autopilot/hls/hls_video_imgproc.h:1952]   --->   Operation 37 'specprotocol' <Predicate = (tmp_20)> <Delay = 0.00>
ST_4 : Operation 38 [1/1] (3.63ns)   --->   "call void @_ssdm_op_Write.ap_fifo.volatile.i8P(i8* %p_dst_data_stream_0_V, i8 %tmp_93)" [/opt/york/cs/net/xilinx_vivado-2018.2_ise-14.7_x86-64-1/Vivado/2018.2/common/technology/autopilot/hls/hls_video_core.h:648->/opt/york/cs/net/xilinx_vivado-2018.2_ise-14.7_x86-64-1/Vivado/2018.2/common/technology/autopilot/hls/hls_video_core.h:662->/opt/york/cs/net/xilinx_vivado-2018.2_ise-14.7_x86-64-1/Vivado/2018.2/common/technology/autopilot/hls/hls_video_imgproc.h:1952]   --->   Operation 38 'write' <Predicate = (tmp_20)> <Delay = 3.63> <Core = "FIFO">   --->   Core 32 'FIFO' <Latency = 0> <II = 1> <Delay = 3.63> <Storage> <Opcode : 'read' 'write' 'nbread' 'nbwrite'> <Ports = 0> <Width = 8> <Depth = 1> <FIFO>
ST_4 : Operation 39 [1/1] (3.63ns)   --->   "call void @_ssdm_op_Write.ap_fifo.volatile.i8P(i8* %p_dst_data_stream_1_V, i8 %tmp_93)" [/opt/york/cs/net/xilinx_vivado-2018.2_ise-14.7_x86-64-1/Vivado/2018.2/common/technology/autopilot/hls/hls_video_core.h:648->/opt/york/cs/net/xilinx_vivado-2018.2_ise-14.7_x86-64-1/Vivado/2018.2/common/technology/autopilot/hls/hls_video_core.h:662->/opt/york/cs/net/xilinx_vivado-2018.2_ise-14.7_x86-64-1/Vivado/2018.2/common/technology/autopilot/hls/hls_video_imgproc.h:1952]   --->   Operation 39 'write' <Predicate = (tmp_20)> <Delay = 3.63> <Core = "FIFO">   --->   Core 32 'FIFO' <Latency = 0> <II = 1> <Delay = 3.63> <Storage> <Opcode : 'read' 'write' 'nbread' 'nbwrite'> <Ports = 0> <Width = 8> <Depth = 1> <FIFO>
ST_4 : Operation 40 [1/1] (3.63ns)   --->   "call void @_ssdm_op_Write.ap_fifo.volatile.i8P(i8* %p_dst_data_stream_2_V, i8 %tmp_93)" [/opt/york/cs/net/xilinx_vivado-2018.2_ise-14.7_x86-64-1/Vivado/2018.2/common/technology/autopilot/hls/hls_video_core.h:648->/opt/york/cs/net/xilinx_vivado-2018.2_ise-14.7_x86-64-1/Vivado/2018.2/common/technology/autopilot/hls/hls_video_core.h:662->/opt/york/cs/net/xilinx_vivado-2018.2_ise-14.7_x86-64-1/Vivado/2018.2/common/technology/autopilot/hls/hls_video_imgproc.h:1952]   --->   Operation 40 'write' <Predicate = (tmp_20)> <Delay = 3.63> <Core = "FIFO">   --->   Core 32 'FIFO' <Latency = 0> <II = 1> <Delay = 3.63> <Storage> <Opcode : 'read' 'write' 'nbread' 'nbwrite'> <Ports = 0> <Width = 8> <Depth = 1> <FIFO>
ST_4 : Operation 41 [1/1] (0.00ns)   --->   "%empty_64 = call i32 (...)* @_ssdm_op_SpecRegionEnd([12 x i8]* @p_str18, i32 %tmp_41)" [/opt/york/cs/net/xilinx_vivado-2018.2_ise-14.7_x86-64-1/Vivado/2018.2/common/technology/autopilot/hls/hls_video_core.h:650->/opt/york/cs/net/xilinx_vivado-2018.2_ise-14.7_x86-64-1/Vivado/2018.2/common/technology/autopilot/hls/hls_video_core.h:662->/opt/york/cs/net/xilinx_vivado-2018.2_ise-14.7_x86-64-1/Vivado/2018.2/common/technology/autopilot/hls/hls_video_imgproc.h:1952]   --->   Operation 41 'specregionend' 'empty_64' <Predicate = (tmp_20)> <Delay = 0.00>
ST_4 : Operation 42 [1/1] (0.00ns)   --->   "%empty_65 = call i32 (...)* @_ssdm_op_SpecRegionEnd([11 x i8]* @p_str10, i32 %tmp_39)" [/opt/york/cs/net/xilinx_vivado-2018.2_ise-14.7_x86-64-1/Vivado/2018.2/common/technology/autopilot/hls/hls_video_imgproc.h:1953]   --->   Operation 42 'specregionend' 'empty_65' <Predicate = (tmp_20)> <Delay = 0.00>
ST_4 : Operation 43 [1/1] (0.00ns)   --->   "br label %3" [/opt/york/cs/net/xilinx_vivado-2018.2_ise-14.7_x86-64-1/Vivado/2018.2/common/technology/autopilot/hls/hls_video_imgproc.h:1947]   --->   Operation 43 'br' <Predicate = (tmp_20)> <Delay = 0.00>

State 5 <SV = 3> <Delay = 0.00>
ST_5 : Operation 44 [1/1] (0.00ns)   --->   "%empty_66 = call i32 (...)* @_ssdm_op_SpecRegionEnd([12 x i8]* @p_str9, i32 %tmp)" [/opt/york/cs/net/xilinx_vivado-2018.2_ise-14.7_x86-64-1/Vivado/2018.2/common/technology/autopilot/hls/hls_video_imgproc.h:1954]   --->   Operation 44 'specregionend' 'empty_66' <Predicate = true> <Delay = 0.00>
ST_5 : Operation 45 [1/1] (0.00ns)   --->   "br label %1" [/opt/york/cs/net/xilinx_vivado-2018.2_ise-14.7_x86-64-1/Vivado/2018.2/common/technology/autopilot/hls/hls_video_imgproc.h:1946]   --->   Operation 45 'br' <Predicate = true> <Delay = 0.00>


============================================================
+ Verbose Summary: Timing violations
============================================================
Target clock period: 10ns, clock uncertainty: 1.25ns.

 <State 1>: 1.77ns
The critical path consists of the following:
	multiplexor before 'phi' operation ('i') with incoming values : ('i', /opt/york/cs/net/xilinx_vivado-2018.2_ise-14.7_x86-64-1/Vivado/2018.2/common/technology/autopilot/hls/hls_video_imgproc.h:1946) [15]  (1.77 ns)

 <State 2>: 2.86ns
The critical path consists of the following:
	'icmp' operation ('tmp_s', /opt/york/cs/net/xilinx_vivado-2018.2_ise-14.7_x86-64-1/Vivado/2018.2/common/technology/autopilot/hls/hls_video_imgproc.h:1946) [16]  (1.88 ns)
	blocking operation 0.978 ns on control path)

 <State 3>: 1.88ns
The critical path consists of the following:
	'phi' operation ('j') with incoming values : ('j', /opt/york/cs/net/xilinx_vivado-2018.2_ise-14.7_x86-64-1/Vivado/2018.2/common/technology/autopilot/hls/hls_video_imgproc.h:1947) [25]  (0 ns)
	'icmp' operation ('tmp_20', /opt/york/cs/net/xilinx_vivado-2018.2_ise-14.7_x86-64-1/Vivado/2018.2/common/technology/autopilot/hls/hls_video_imgproc.h:1947) [26]  (1.88 ns)

 <State 4>: 7.27ns
The critical path consists of the following:
	fifo read on port 'p_src_data_stream_0_V' (/opt/york/cs/net/xilinx_vivado-2018.2_ise-14.7_x86-64-1/Vivado/2018.2/common/technology/autopilot/hls/hls_video_core.h:624->/opt/york/cs/net/xilinx_vivado-2018.2_ise-14.7_x86-64-1/Vivado/2018.2/common/technology/autopilot/hls/hls_video_core.h:656->/opt/york/cs/net/xilinx_vivado-2018.2_ise-14.7_x86-64-1/Vivado/2018.2/common/technology/autopilot/hls/hls_video_imgproc.h:1950) [36]  (3.63 ns)
	fifo write on port 'p_dst_data_stream_1_V' (/opt/york/cs/net/xilinx_vivado-2018.2_ise-14.7_x86-64-1/Vivado/2018.2/common/technology/autopilot/hls/hls_video_core.h:648->/opt/york/cs/net/xilinx_vivado-2018.2_ise-14.7_x86-64-1/Vivado/2018.2/common/technology/autopilot/hls/hls_video_core.h:662->/opt/york/cs/net/xilinx_vivado-2018.2_ise-14.7_x86-64-1/Vivado/2018.2/common/technology/autopilot/hls/hls_video_imgproc.h:1952) [43]  (3.63 ns)

 <State 5>: 0ns
The critical path consists of the following:


============================================================
+ Verbose Summary: Binding
============================================================
N/A
* FSMD analyzer results:
  - Output states:
 - Input state : 
  - Chain level:
	State 1
	State 2
	State 3
	State 4
	State 5


============================================================
+ Verbose Summary: Datapath Resource usage 
============================================================
N/A
