

================================================================
== Vivado HLS Report for 'Not_r'
================================================================
* Date:           Mon Feb  4 10:59:13 2019

* Version:        2018.2.1 (Build 2288704 on Thu Jul 26 18:46:41 MDT 2018)
* Project:        SubSample
* Solution:       solution1
* Product family: zynq
* Target device:  xc7z010clg400-1


================================================================
== Performance Estimates
================================================================
+ Timing (ns): 
    * Summary: 
    +--------+-------+----------+------------+
    |  Clock | Target| Estimated| Uncertainty|
    +--------+-------+----------+------------+
    |ap_clk  |  10.00|     8.258|        1.25|
    +--------+-------+----------+------------+

+ Latency (clock cycles): 
    * Summary: 
    +---------+---------+---------+---------+---------+
    |      Latency      |      Interval     | Pipeline|
    |   min   |   max   |   min   |   max   |   Type  |
    +---------+---------+---------+---------+---------+
    |  1767151|  1767151|  1767151|  1767151|   none  |
    +---------+---------+---------+---------+---------+

    + Detail: 
        * Instance: 
        N/A

        * Loop: 
        +---------------+---------+---------+----------+-----------+-----------+------+----------+
        |               |      Latency      | Iteration|  Initiation Interval  | Trip |          |
        |   Loop Name   |   min   |   max   |  Latency |  achieved |   target  | Count| Pipelined|
        +---------------+---------+---------+----------+-----------+-----------+------+----------+
        |- loop_height  |  1767150|  1767150|      1683|          -|          -|  1050|    no    |
        | + loop_width  |     1680|     1680|         2|          1|          1|  1680|    yes   |
        +---------------+---------+---------+----------+-----------+-----------+------+----------+



================================================================
== Utilization Estimates
================================================================
* Summary: 
+-----------------+---------+-------+-------+-------+
|       Name      | BRAM_18K| DSP48E|   FF  |  LUT  |
+-----------------+---------+-------+-------+-------+
|DSP              |        -|      -|      -|      -|
|Expression       |        -|      -|      0|     86|
|FIFO             |        -|      -|      -|      -|
|Instance         |        -|      -|      -|      -|
|Memory           |        -|      -|      -|      -|
|Multiplexer      |        -|      -|      -|    132|
|Register         |        -|      -|     42|      -|
+-----------------+---------+-------+-------+-------+
|Total            |        0|      0|     42|    218|
+-----------------+---------+-------+-------+-------+
|Available        |      120|     80|  35200|  17600|
+-----------------+---------+-------+-------+-------+
|Utilization (%)  |        0|      0|   ~0  |      1|
+-----------------+---------+-------+-------+-------+

+ Detail: 
    * Instance: 
    N/A

    * DSP48: 
    N/A

    * Memory: 
    N/A

    * FIFO: 
    N/A

    * Expression: 
    +----------------------------------+----------+-------+---+----+------------+------------+
    |           Variable Name          | Operation| DSP48E| FF| LUT| Bitwidth P0| Bitwidth P1|
    +----------------------------------+----------+-------+---+----+------------+------------+
    |i_V_fu_131_p2                     |     +    |      0|  0|  13|          11|           1|
    |j_V_fu_143_p2                     |     +    |      0|  0|  13|          11|           1|
    |ap_block_pp0_stage0_01001         |    and   |      0|  0|   2|           1|           1|
    |exitcond1_i_fu_125_p2             |   icmp   |      0|  0|  13|          11|          11|
    |exitcond_i_fu_137_p2              |   icmp   |      0|  0|  13|          11|          10|
    |ap_block_state1                   |    or    |      0|  0|   2|           1|           1|
    |ap_block_state4_pp0_stage0_iter1  |    or    |      0|  0|   2|           1|           1|
    |ap_enable_pp0                     |    xor   |      0|  0|   2|           1|           2|
    |ap_enable_reg_pp0_iter1           |    xor   |      0|  0|   2|           2|           1|
    |dst_data_stream_0_V_din           |    xor   |      0|  0|   8|           8|           2|
    |dst_data_stream_1_V_din           |    xor   |      0|  0|   8|           8|           2|
    |dst_data_stream_2_V_din           |    xor   |      0|  0|   8|           8|           2|
    +----------------------------------+----------+-------+---+----+------------+------------+
    |Total                             |          |      0|  0|  86|          74|          35|
    +----------------------------------+----------+-------+---+----+------------+------------+

    * Multiplexer: 
    +---------------------------+----+-----------+-----+-----------+
    |            Name           | LUT| Input Size| Bits| Total Bits|
    +---------------------------+----+-----------+-----+-----------+
    |ap_NS_fsm                  |  27|          5|    1|          5|
    |ap_done                    |   9|          2|    1|          2|
    |ap_enable_reg_pp0_iter1    |  15|          3|    1|          3|
    |dst_data_stream_0_V_blk_n  |   9|          2|    1|          2|
    |dst_data_stream_1_V_blk_n  |   9|          2|    1|          2|
    |dst_data_stream_2_V_blk_n  |   9|          2|    1|          2|
    |real_start                 |   9|          2|    1|          2|
    |src_data_stream_0_V_blk_n  |   9|          2|    1|          2|
    |src_data_stream_1_V_blk_n  |   9|          2|    1|          2|
    |src_data_stream_2_V_blk_n  |   9|          2|    1|          2|
    |t_V_1_reg_114              |   9|          2|   11|         22|
    |t_V_reg_103                |   9|          2|   11|         22|
    +---------------------------+----+-----------+-----+-----------+
    |Total                      | 132|         28|   32|         68|
    +---------------------------+----+-----------+-----+-----------+

    * Register: 
    +-------------------------+----+----+-----+-----------+
    |           Name          | FF | LUT| Bits| Const Bits|
    +-------------------------+----+----+-----+-----------+
    |ap_CS_fsm                |   4|   0|    4|          0|
    |ap_done_reg              |   1|   0|    1|          0|
    |ap_enable_reg_pp0_iter0  |   1|   0|    1|          0|
    |ap_enable_reg_pp0_iter1  |   1|   0|    1|          0|
    |exitcond_i_reg_179       |   1|   0|    1|          0|
    |i_V_reg_174              |  11|   0|   11|          0|
    |start_once_reg           |   1|   0|    1|          0|
    |t_V_1_reg_114            |  11|   0|   11|          0|
    |t_V_reg_103              |  11|   0|   11|          0|
    +-------------------------+----+----+-----+-----------+
    |Total                    |  42|   0|   42|          0|
    +-------------------------+----+----+-----+-----------+



================================================================
== Interface
================================================================
* Summary: 
+-----------------------------+-----+-----+------------+---------------------+--------------+
|          RTL Ports          | Dir | Bits|  Protocol  |    Source Object    |    C Type    |
+-----------------------------+-----+-----+------------+---------------------+--------------+
|ap_clk                       |  in |    1| ap_ctrl_hs |         Not         | return value |
|ap_rst                       |  in |    1| ap_ctrl_hs |         Not         | return value |
|ap_start                     |  in |    1| ap_ctrl_hs |         Not         | return value |
|start_full_n                 |  in |    1| ap_ctrl_hs |         Not         | return value |
|ap_done                      | out |    1| ap_ctrl_hs |         Not         | return value |
|ap_continue                  |  in |    1| ap_ctrl_hs |         Not         | return value |
|ap_idle                      | out |    1| ap_ctrl_hs |         Not         | return value |
|ap_ready                     | out |    1| ap_ctrl_hs |         Not         | return value |
|start_out                    | out |    1| ap_ctrl_hs |         Not         | return value |
|start_write                  | out |    1| ap_ctrl_hs |         Not         | return value |
|src_data_stream_0_V_dout     |  in |    8|   ap_fifo  | src_data_stream_0_V |    pointer   |
|src_data_stream_0_V_empty_n  |  in |    1|   ap_fifo  | src_data_stream_0_V |    pointer   |
|src_data_stream_0_V_read     | out |    1|   ap_fifo  | src_data_stream_0_V |    pointer   |
|src_data_stream_1_V_dout     |  in |    8|   ap_fifo  | src_data_stream_1_V |    pointer   |
|src_data_stream_1_V_empty_n  |  in |    1|   ap_fifo  | src_data_stream_1_V |    pointer   |
|src_data_stream_1_V_read     | out |    1|   ap_fifo  | src_data_stream_1_V |    pointer   |
|src_data_stream_2_V_dout     |  in |    8|   ap_fifo  | src_data_stream_2_V |    pointer   |
|src_data_stream_2_V_empty_n  |  in |    1|   ap_fifo  | src_data_stream_2_V |    pointer   |
|src_data_stream_2_V_read     | out |    1|   ap_fifo  | src_data_stream_2_V |    pointer   |
|dst_data_stream_0_V_din      | out |    8|   ap_fifo  | dst_data_stream_0_V |    pointer   |
|dst_data_stream_0_V_full_n   |  in |    1|   ap_fifo  | dst_data_stream_0_V |    pointer   |
|dst_data_stream_0_V_write    | out |    1|   ap_fifo  | dst_data_stream_0_V |    pointer   |
|dst_data_stream_1_V_din      | out |    8|   ap_fifo  | dst_data_stream_1_V |    pointer   |
|dst_data_stream_1_V_full_n   |  in |    1|   ap_fifo  | dst_data_stream_1_V |    pointer   |
|dst_data_stream_1_V_write    | out |    1|   ap_fifo  | dst_data_stream_1_V |    pointer   |
|dst_data_stream_2_V_din      | out |    8|   ap_fifo  | dst_data_stream_2_V |    pointer   |
|dst_data_stream_2_V_full_n   |  in |    1|   ap_fifo  | dst_data_stream_2_V |    pointer   |
|dst_data_stream_2_V_write    | out |    1|   ap_fifo  | dst_data_stream_2_V |    pointer   |
+-----------------------------+-----+-----+------------+---------------------+--------------+

============================================================
+ Verbose Summary: Synthesis Manager
============================================================
InlineROM: 1
ExposeGlobal: 0
============================================================
+ Verbose Summary: CDFG Model
============================================================
IsTopModel: 0
ResetActiveHigh: 1
IsCombinational: 2
IsDatapathOnly: 0
HasWiredReturn: 1
HasMFsm: 0
HasVarLatency: 1
IsPipeline: 0
IsRtlPipelined: 0
IsInstanceOverlapped: 0
IsDontTouch: 0
HasImplIP: 0
IsGatedGlobalClock: 0

+ Individual pipeline summary: 
  * Pipeline-0: initiation interval (II) = 1, depth = 2


============================================================
+ Verbose Summary: Schedule
============================================================
* Number of FSM states : 5
* Pipeline : 1
  Pipeline-0 : II = 1, D = 2, States = { 3 4 }
* Dataflow Pipeline: 0

* FSM state transitions: 
1 --> 
	2  / true
2 --> 
	3  / (!exitcond1_i)
3 --> 
	5  / (exitcond_i)
	4  / (!exitcond_i)
4 --> 
	3  / true
5 --> 
	2  / true

* FSM state operations: 

State 1 <SV = 0> <Delay = 1.76>
ST_1 : Operation 6 [1/1] (0.00ns)   --->   "call void (...)* @_ssdm_op_SpecInterface(i8* %dst_data_stream_2_V, [8 x i8]* @ap_fifo_str, i32 0, i32 0, [1 x i8]* @p_str, i32 0, i32 0, [1 x i8]* @p_str, [1 x i8]* @p_str, [1 x i8]* @p_str, i32 2, i32 2, i32 16, i32 16, [1 x i8]* @p_str, [1 x i8]* @p_str)"   --->   Operation 6 'specinterface' <Predicate = true> <Delay = 0.00>
ST_1 : Operation 7 [1/1] (0.00ns)   --->   "call void (...)* @_ssdm_op_SpecInterface(i8* %dst_data_stream_1_V, [8 x i8]* @ap_fifo_str, i32 0, i32 0, [1 x i8]* @p_str, i32 0, i32 0, [1 x i8]* @p_str, [1 x i8]* @p_str, [1 x i8]* @p_str, i32 2, i32 2, i32 16, i32 16, [1 x i8]* @p_str, [1 x i8]* @p_str)"   --->   Operation 7 'specinterface' <Predicate = true> <Delay = 0.00>
ST_1 : Operation 8 [1/1] (0.00ns)   --->   "call void (...)* @_ssdm_op_SpecInterface(i8* %dst_data_stream_0_V, [8 x i8]* @ap_fifo_str, i32 0, i32 0, [1 x i8]* @p_str, i32 0, i32 0, [1 x i8]* @p_str, [1 x i8]* @p_str, [1 x i8]* @p_str, i32 2, i32 2, i32 16, i32 16, [1 x i8]* @p_str, [1 x i8]* @p_str)"   --->   Operation 8 'specinterface' <Predicate = true> <Delay = 0.00>
ST_1 : Operation 9 [1/1] (0.00ns)   --->   "call void (...)* @_ssdm_op_SpecInterface(i8* %src_data_stream_2_V, [8 x i8]* @ap_fifo_str, i32 0, i32 0, [1 x i8]* @p_str, i32 0, i32 0, [1 x i8]* @p_str, [1 x i8]* @p_str, [1 x i8]* @p_str, i32 2, i32 2, i32 16, i32 16, [1 x i8]* @p_str, [1 x i8]* @p_str)"   --->   Operation 9 'specinterface' <Predicate = true> <Delay = 0.00>
ST_1 : Operation 10 [1/1] (0.00ns)   --->   "call void (...)* @_ssdm_op_SpecInterface(i8* %src_data_stream_1_V, [8 x i8]* @ap_fifo_str, i32 0, i32 0, [1 x i8]* @p_str, i32 0, i32 0, [1 x i8]* @p_str, [1 x i8]* @p_str, [1 x i8]* @p_str, i32 2, i32 2, i32 16, i32 16, [1 x i8]* @p_str, [1 x i8]* @p_str)"   --->   Operation 10 'specinterface' <Predicate = true> <Delay = 0.00>
ST_1 : Operation 11 [1/1] (0.00ns)   --->   "call void (...)* @_ssdm_op_SpecInterface(i8* %src_data_stream_0_V, [8 x i8]* @ap_fifo_str, i32 0, i32 0, [1 x i8]* @p_str, i32 0, i32 0, [1 x i8]* @p_str, [1 x i8]* @p_str, [1 x i8]* @p_str, i32 2, i32 2, i32 16, i32 16, [1 x i8]* @p_str, [1 x i8]* @p_str)"   --->   Operation 11 'specinterface' <Predicate = true> <Delay = 0.00>
ST_1 : Operation 12 [1/1] (1.76ns)   --->   "br label %1" [/opt/york/cs/net/xilinx_vivado-2018.2_ise-14.7_x86-64-1/Vivado/2018.2/common/technology/autopilot/hls/hls_video_arithm.h:426->/opt/york/cs/net/xilinx_vivado-2018.2_ise-14.7_x86-64-1/Vivado/2018.2/common/technology/autopilot/hls/hls_video_arithm.h:942]   --->   Operation 12 'br' <Predicate = true> <Delay = 1.76>

State 2 <SV = 1> <Delay = 2.87>
ST_2 : Operation 13 [1/1] (0.00ns)   --->   "%t_V = phi i11 [ 0, %0 ], [ %i_V, %4 ]"   --->   Operation 13 'phi' 't_V' <Predicate = true> <Delay = 0.00>
ST_2 : Operation 14 [1/1] (1.88ns)   --->   "%exitcond1_i = icmp eq i11 %t_V, -998" [/opt/york/cs/net/xilinx_vivado-2018.2_ise-14.7_x86-64-1/Vivado/2018.2/common/technology/autopilot/hls/hls_video_arithm.h:426->/opt/york/cs/net/xilinx_vivado-2018.2_ise-14.7_x86-64-1/Vivado/2018.2/common/technology/autopilot/hls/hls_video_arithm.h:942]   --->   Operation 14 'icmp' 'exitcond1_i' <Predicate = true> <Delay = 1.88> <Core = "Cmp">   --->   Core 25 'Cmp' <Latency = 0> <II = 1> <Delay = 1.88> <FuncUnit> <Opcode : 'icmp'> <InPorts = 2> <OutPorts = 1>
ST_2 : Operation 15 [1/1] (1.63ns)   --->   "%i_V = add i11 %t_V, 1" [/opt/york/cs/net/xilinx_vivado-2018.2_ise-14.7_x86-64-1/Vivado/2018.2/common/technology/autopilot/hls/hls_video_arithm.h:426->/opt/york/cs/net/xilinx_vivado-2018.2_ise-14.7_x86-64-1/Vivado/2018.2/common/technology/autopilot/hls/hls_video_arithm.h:942]   --->   Operation 15 'add' 'i_V' <Predicate = true> <Delay = 1.63> <Core = "AddSub">   --->   Core 14 'AddSub' <Latency = 0> <II = 1> <Delay = 1.63> <FuncUnit> <Opcode : 'add' 'sub'> <InPorts = 2> <OutPorts = 1>
ST_2 : Operation 16 [1/1] (0.00ns)   --->   "call void (...)* @_ssdm_op_SpecLoopTripCount(i64 1050, i64 1050, i64 1050)"   --->   Operation 16 'speclooptripcount' <Predicate = true> <Delay = 0.00>
ST_2 : Operation 17 [1/1] (0.00ns)   --->   "br i1 %exitcond1_i, label %"arithm_pro<kernel_not, 1050, 1680, 4096, unsigned char, 4096, int, int, int>.exit", label %2" [/opt/york/cs/net/xilinx_vivado-2018.2_ise-14.7_x86-64-1/Vivado/2018.2/common/technology/autopilot/hls/hls_video_arithm.h:426->/opt/york/cs/net/xilinx_vivado-2018.2_ise-14.7_x86-64-1/Vivado/2018.2/common/technology/autopilot/hls/hls_video_arithm.h:942]   --->   Operation 17 'br' <Predicate = true> <Delay = 0.00>
ST_2 : Operation 18 [1/1] (0.00ns)   --->   "call void (...)* @_ssdm_op_SpecLoopName([12 x i8]* @p_str9) nounwind" [/opt/york/cs/net/xilinx_vivado-2018.2_ise-14.7_x86-64-1/Vivado/2018.2/common/technology/autopilot/hls/hls_video_arithm.h:426->/opt/york/cs/net/xilinx_vivado-2018.2_ise-14.7_x86-64-1/Vivado/2018.2/common/technology/autopilot/hls/hls_video_arithm.h:942]   --->   Operation 18 'specloopname' <Predicate = (!exitcond1_i)> <Delay = 0.00>
ST_2 : Operation 19 [1/1] (0.00ns)   --->   "%tmp_i = call i32 (...)* @_ssdm_op_SpecRegionBegin([12 x i8]* @p_str9)" [/opt/york/cs/net/xilinx_vivado-2018.2_ise-14.7_x86-64-1/Vivado/2018.2/common/technology/autopilot/hls/hls_video_arithm.h:426->/opt/york/cs/net/xilinx_vivado-2018.2_ise-14.7_x86-64-1/Vivado/2018.2/common/technology/autopilot/hls/hls_video_arithm.h:942]   --->   Operation 19 'specregionbegin' 'tmp_i' <Predicate = (!exitcond1_i)> <Delay = 0.00>
ST_2 : Operation 20 [1/1] (1.76ns)   --->   "br label %3" [/opt/york/cs/net/xilinx_vivado-2018.2_ise-14.7_x86-64-1/Vivado/2018.2/common/technology/autopilot/hls/hls_video_arithm.h:427->/opt/york/cs/net/xilinx_vivado-2018.2_ise-14.7_x86-64-1/Vivado/2018.2/common/technology/autopilot/hls/hls_video_arithm.h:942]   --->   Operation 20 'br' <Predicate = (!exitcond1_i)> <Delay = 1.76>
ST_2 : Operation 21 [1/1] (0.00ns)   --->   "ret void" [/opt/york/cs/net/xilinx_vivado-2018.2_ise-14.7_x86-64-1/Vivado/2018.2/common/technology/autopilot/hls/hls_video_arithm.h:943]   --->   Operation 21 'ret' <Predicate = (exitcond1_i)> <Delay = 0.00>

State 3 <SV = 2> <Delay = 1.88>
ST_3 : Operation 22 [1/1] (0.00ns)   --->   "%t_V_1 = phi i11 [ 0, %2 ], [ %j_V, %"operator>>.exit.i" ]"   --->   Operation 22 'phi' 't_V_1' <Predicate = true> <Delay = 0.00>
ST_3 : Operation 23 [1/1] (1.88ns)   --->   "%exitcond_i = icmp eq i11 %t_V_1, -368" [/opt/york/cs/net/xilinx_vivado-2018.2_ise-14.7_x86-64-1/Vivado/2018.2/common/technology/autopilot/hls/hls_video_arithm.h:427->/opt/york/cs/net/xilinx_vivado-2018.2_ise-14.7_x86-64-1/Vivado/2018.2/common/technology/autopilot/hls/hls_video_arithm.h:942]   --->   Operation 23 'icmp' 'exitcond_i' <Predicate = true> <Delay = 1.88> <Core = "Cmp">   --->   Core 25 'Cmp' <Latency = 0> <II = 1> <Delay = 1.88> <FuncUnit> <Opcode : 'icmp'> <InPorts = 2> <OutPorts = 1>
ST_3 : Operation 24 [1/1] (1.63ns)   --->   "%j_V = add i11 %t_V_1, 1" [/opt/york/cs/net/xilinx_vivado-2018.2_ise-14.7_x86-64-1/Vivado/2018.2/common/technology/autopilot/hls/hls_video_arithm.h:427->/opt/york/cs/net/xilinx_vivado-2018.2_ise-14.7_x86-64-1/Vivado/2018.2/common/technology/autopilot/hls/hls_video_arithm.h:942]   --->   Operation 24 'add' 'j_V' <Predicate = true> <Delay = 1.63> <Core = "AddSub">   --->   Core 14 'AddSub' <Latency = 0> <II = 1> <Delay = 1.63> <FuncUnit> <Opcode : 'add' 'sub'> <InPorts = 2> <OutPorts = 1>
ST_3 : Operation 25 [1/1] (0.00ns)   --->   "call void (...)* @_ssdm_op_SpecLoopTripCount(i64 1680, i64 1680, i64 1680)"   --->   Operation 25 'speclooptripcount' <Predicate = true> <Delay = 0.00>
ST_3 : Operation 26 [1/1] (0.00ns)   --->   "br i1 %exitcond_i, label %4, label %"operator>>.exit.i"" [/opt/york/cs/net/xilinx_vivado-2018.2_ise-14.7_x86-64-1/Vivado/2018.2/common/technology/autopilot/hls/hls_video_arithm.h:427->/opt/york/cs/net/xilinx_vivado-2018.2_ise-14.7_x86-64-1/Vivado/2018.2/common/technology/autopilot/hls/hls_video_arithm.h:942]   --->   Operation 26 'br' <Predicate = true> <Delay = 0.00>

State 4 <SV = 3> <Delay = 8.25>
ST_4 : Operation 27 [1/1] (0.00ns)   --->   "call void (...)* @_ssdm_op_SpecLoopName([11 x i8]* @p_str10) nounwind" [/opt/york/cs/net/xilinx_vivado-2018.2_ise-14.7_x86-64-1/Vivado/2018.2/common/technology/autopilot/hls/hls_video_arithm.h:427->/opt/york/cs/net/xilinx_vivado-2018.2_ise-14.7_x86-64-1/Vivado/2018.2/common/technology/autopilot/hls/hls_video_arithm.h:942]   --->   Operation 27 'specloopname' <Predicate = (!exitcond_i)> <Delay = 0.00>
ST_4 : Operation 28 [1/1] (0.00ns)   --->   "%tmp_1_i = call i32 (...)* @_ssdm_op_SpecRegionBegin([11 x i8]* @p_str10)" [/opt/york/cs/net/xilinx_vivado-2018.2_ise-14.7_x86-64-1/Vivado/2018.2/common/technology/autopilot/hls/hls_video_arithm.h:427->/opt/york/cs/net/xilinx_vivado-2018.2_ise-14.7_x86-64-1/Vivado/2018.2/common/technology/autopilot/hls/hls_video_arithm.h:942]   --->   Operation 28 'specregionbegin' 'tmp_1_i' <Predicate = (!exitcond_i)> <Delay = 0.00>
ST_4 : Operation 29 [1/1] (0.00ns)   --->   "call void (...)* @_ssdm_op_SpecPipeline(i32 1, i32 1, i32 1, i32 0, [1 x i8]* @p_str) nounwind" [/opt/york/cs/net/xilinx_vivado-2018.2_ise-14.7_x86-64-1/Vivado/2018.2/common/technology/autopilot/hls/hls_video_arithm.h:429->/opt/york/cs/net/xilinx_vivado-2018.2_ise-14.7_x86-64-1/Vivado/2018.2/common/technology/autopilot/hls/hls_video_arithm.h:942]   --->   Operation 29 'specpipeline' <Predicate = (!exitcond_i)> <Delay = 0.00>
ST_4 : Operation 30 [1/1] (0.00ns)   --->   "%tmp_3_i = call i32 (...)* @_ssdm_op_SpecRegionBegin([12 x i8]* @p_str14)" [/opt/york/cs/net/xilinx_vivado-2018.2_ise-14.7_x86-64-1/Vivado/2018.2/common/technology/autopilot/hls/hls_video_core.h:617->/opt/york/cs/net/xilinx_vivado-2018.2_ise-14.7_x86-64-1/Vivado/2018.2/common/technology/autopilot/hls/hls_video_core.h:656->/opt/york/cs/net/xilinx_vivado-2018.2_ise-14.7_x86-64-1/Vivado/2018.2/common/technology/autopilot/hls/hls_video_arithm.h:430->/opt/york/cs/net/xilinx_vivado-2018.2_ise-14.7_x86-64-1/Vivado/2018.2/common/technology/autopilot/hls/hls_video_arithm.h:942]   --->   Operation 30 'specregionbegin' 'tmp_3_i' <Predicate = (!exitcond_i)> <Delay = 0.00>
ST_4 : Operation 31 [1/1] (0.00ns)   --->   "call void (...)* @_ssdm_op_SpecProtocol(i32 0, [1 x i8]* @p_str) nounwind" [/opt/york/cs/net/xilinx_vivado-2018.2_ise-14.7_x86-64-1/Vivado/2018.2/common/technology/autopilot/hls/hls_video_core.h:621->/opt/york/cs/net/xilinx_vivado-2018.2_ise-14.7_x86-64-1/Vivado/2018.2/common/technology/autopilot/hls/hls_video_core.h:656->/opt/york/cs/net/xilinx_vivado-2018.2_ise-14.7_x86-64-1/Vivado/2018.2/common/technology/autopilot/hls/hls_video_arithm.h:430->/opt/york/cs/net/xilinx_vivado-2018.2_ise-14.7_x86-64-1/Vivado/2018.2/common/technology/autopilot/hls/hls_video_arithm.h:942]   --->   Operation 31 'specprotocol' <Predicate = (!exitcond_i)> <Delay = 0.00>
ST_4 : Operation 32 [1/1] (3.63ns)   --->   "%tmp_3 = call i8 @_ssdm_op_Read.ap_fifo.volatile.i8P(i8* %src_data_stream_0_V)" [/opt/york/cs/net/xilinx_vivado-2018.2_ise-14.7_x86-64-1/Vivado/2018.2/common/technology/autopilot/hls/hls_video_core.h:624->/opt/york/cs/net/xilinx_vivado-2018.2_ise-14.7_x86-64-1/Vivado/2018.2/common/technology/autopilot/hls/hls_video_core.h:656->/opt/york/cs/net/xilinx_vivado-2018.2_ise-14.7_x86-64-1/Vivado/2018.2/common/technology/autopilot/hls/hls_video_arithm.h:430->/opt/york/cs/net/xilinx_vivado-2018.2_ise-14.7_x86-64-1/Vivado/2018.2/common/technology/autopilot/hls/hls_video_arithm.h:942]   --->   Operation 32 'read' 'tmp_3' <Predicate = (!exitcond_i)> <Delay = 3.63> <Core = "FIFO">   --->   Core 32 'FIFO' <Latency = 0> <II = 1> <Delay = 3.63> <Storage> <Opcode : 'read' 'write' 'nbread' 'nbwrite'> <Ports = 0> <Width = 8> <Depth = 1> <FIFO>
ST_4 : Operation 33 [1/1] (3.63ns)   --->   "%tmp_4 = call i8 @_ssdm_op_Read.ap_fifo.volatile.i8P(i8* %src_data_stream_1_V)" [/opt/york/cs/net/xilinx_vivado-2018.2_ise-14.7_x86-64-1/Vivado/2018.2/common/technology/autopilot/hls/hls_video_core.h:624->/opt/york/cs/net/xilinx_vivado-2018.2_ise-14.7_x86-64-1/Vivado/2018.2/common/technology/autopilot/hls/hls_video_core.h:656->/opt/york/cs/net/xilinx_vivado-2018.2_ise-14.7_x86-64-1/Vivado/2018.2/common/technology/autopilot/hls/hls_video_arithm.h:430->/opt/york/cs/net/xilinx_vivado-2018.2_ise-14.7_x86-64-1/Vivado/2018.2/common/technology/autopilot/hls/hls_video_arithm.h:942]   --->   Operation 33 'read' 'tmp_4' <Predicate = (!exitcond_i)> <Delay = 3.63> <Core = "FIFO">   --->   Core 32 'FIFO' <Latency = 0> <II = 1> <Delay = 3.63> <Storage> <Opcode : 'read' 'write' 'nbread' 'nbwrite'> <Ports = 0> <Width = 8> <Depth = 1> <FIFO>
ST_4 : Operation 34 [1/1] (3.63ns)   --->   "%tmp_5 = call i8 @_ssdm_op_Read.ap_fifo.volatile.i8P(i8* %src_data_stream_2_V)" [/opt/york/cs/net/xilinx_vivado-2018.2_ise-14.7_x86-64-1/Vivado/2018.2/common/technology/autopilot/hls/hls_video_core.h:624->/opt/york/cs/net/xilinx_vivado-2018.2_ise-14.7_x86-64-1/Vivado/2018.2/common/technology/autopilot/hls/hls_video_core.h:656->/opt/york/cs/net/xilinx_vivado-2018.2_ise-14.7_x86-64-1/Vivado/2018.2/common/technology/autopilot/hls/hls_video_arithm.h:430->/opt/york/cs/net/xilinx_vivado-2018.2_ise-14.7_x86-64-1/Vivado/2018.2/common/technology/autopilot/hls/hls_video_arithm.h:942]   --->   Operation 34 'read' 'tmp_5' <Predicate = (!exitcond_i)> <Delay = 3.63> <Core = "FIFO">   --->   Core 32 'FIFO' <Latency = 0> <II = 1> <Delay = 3.63> <Storage> <Opcode : 'read' 'write' 'nbread' 'nbwrite'> <Ports = 0> <Width = 8> <Depth = 1> <FIFO>
ST_4 : Operation 35 [1/1] (0.00ns)   --->   "%empty = call i32 (...)* @_ssdm_op_SpecRegionEnd([12 x i8]* @p_str14, i32 %tmp_3_i)" [/opt/york/cs/net/xilinx_vivado-2018.2_ise-14.7_x86-64-1/Vivado/2018.2/common/technology/autopilot/hls/hls_video_core.h:626->/opt/york/cs/net/xilinx_vivado-2018.2_ise-14.7_x86-64-1/Vivado/2018.2/common/technology/autopilot/hls/hls_video_core.h:656->/opt/york/cs/net/xilinx_vivado-2018.2_ise-14.7_x86-64-1/Vivado/2018.2/common/technology/autopilot/hls/hls_video_arithm.h:430->/opt/york/cs/net/xilinx_vivado-2018.2_ise-14.7_x86-64-1/Vivado/2018.2/common/technology/autopilot/hls/hls_video_arithm.h:942]   --->   Operation 35 'specregionend' 'empty' <Predicate = (!exitcond_i)> <Delay = 0.00>
ST_4 : Operation 36 [1/1] (0.99ns)   --->   "%d_val_0 = xor i8 %tmp_3, -1" [/opt/york/cs/net/xilinx_vivado-2018.2_ise-14.7_x86-64-1/Vivado/2018.2/common/technology/autopilot/hls/hls_video_arithm.h:185->/opt/york/cs/net/xilinx_vivado-2018.2_ise-14.7_x86-64-1/Vivado/2018.2/common/technology/autopilot/hls/hls_video_arithm.h:433->/opt/york/cs/net/xilinx_vivado-2018.2_ise-14.7_x86-64-1/Vivado/2018.2/common/technology/autopilot/hls/hls_video_arithm.h:942]   --->   Operation 36 'xor' 'd_val_0' <Predicate = (!exitcond_i)> <Delay = 0.99> <Core = "LogicGate">   --->   Core 27 'LogicGate' <Latency = 0> <II = 1> <Delay = 0.99> <FuncUnit> <Opcode : 'and' 'or' 'xor'> <InPorts = 2> <OutPorts = 1>
ST_4 : Operation 37 [1/1] (0.99ns)   --->   "%d_val_1 = xor i8 %tmp_4, -1" [/opt/york/cs/net/xilinx_vivado-2018.2_ise-14.7_x86-64-1/Vivado/2018.2/common/technology/autopilot/hls/hls_video_arithm.h:185->/opt/york/cs/net/xilinx_vivado-2018.2_ise-14.7_x86-64-1/Vivado/2018.2/common/technology/autopilot/hls/hls_video_arithm.h:433->/opt/york/cs/net/xilinx_vivado-2018.2_ise-14.7_x86-64-1/Vivado/2018.2/common/technology/autopilot/hls/hls_video_arithm.h:942]   --->   Operation 37 'xor' 'd_val_1' <Predicate = (!exitcond_i)> <Delay = 0.99> <Core = "LogicGate">   --->   Core 27 'LogicGate' <Latency = 0> <II = 1> <Delay = 0.99> <FuncUnit> <Opcode : 'and' 'or' 'xor'> <InPorts = 2> <OutPorts = 1>
ST_4 : Operation 38 [1/1] (0.99ns)   --->   "%tmp_2 = xor i8 %tmp_5, -1" [/opt/york/cs/net/xilinx_vivado-2018.2_ise-14.7_x86-64-1/Vivado/2018.2/common/technology/autopilot/hls/hls_video_arithm.h:185->/opt/york/cs/net/xilinx_vivado-2018.2_ise-14.7_x86-64-1/Vivado/2018.2/common/technology/autopilot/hls/hls_video_arithm.h:433->/opt/york/cs/net/xilinx_vivado-2018.2_ise-14.7_x86-64-1/Vivado/2018.2/common/technology/autopilot/hls/hls_video_arithm.h:942]   --->   Operation 38 'xor' 'tmp_2' <Predicate = (!exitcond_i)> <Delay = 0.99> <Core = "LogicGate">   --->   Core 27 'LogicGate' <Latency = 0> <II = 1> <Delay = 0.99> <FuncUnit> <Opcode : 'and' 'or' 'xor'> <InPorts = 2> <OutPorts = 1>
ST_4 : Operation 39 [1/1] (0.00ns)   --->   "%tmp_4_i = call i32 (...)* @_ssdm_op_SpecRegionBegin([12 x i8]* @p_str19)" [/opt/york/cs/net/xilinx_vivado-2018.2_ise-14.7_x86-64-1/Vivado/2018.2/common/technology/autopilot/hls/hls_video_core.h:641->/opt/york/cs/net/xilinx_vivado-2018.2_ise-14.7_x86-64-1/Vivado/2018.2/common/technology/autopilot/hls/hls_video_core.h:662->/opt/york/cs/net/xilinx_vivado-2018.2_ise-14.7_x86-64-1/Vivado/2018.2/common/technology/autopilot/hls/hls_video_arithm.h:436->/opt/york/cs/net/xilinx_vivado-2018.2_ise-14.7_x86-64-1/Vivado/2018.2/common/technology/autopilot/hls/hls_video_arithm.h:942]   --->   Operation 39 'specregionbegin' 'tmp_4_i' <Predicate = (!exitcond_i)> <Delay = 0.00>
ST_4 : Operation 40 [1/1] (0.00ns)   --->   "call void (...)* @_ssdm_op_SpecProtocol(i32 0, [1 x i8]* @p_str) nounwind" [/opt/york/cs/net/xilinx_vivado-2018.2_ise-14.7_x86-64-1/Vivado/2018.2/common/technology/autopilot/hls/hls_video_core.h:645->/opt/york/cs/net/xilinx_vivado-2018.2_ise-14.7_x86-64-1/Vivado/2018.2/common/technology/autopilot/hls/hls_video_core.h:662->/opt/york/cs/net/xilinx_vivado-2018.2_ise-14.7_x86-64-1/Vivado/2018.2/common/technology/autopilot/hls/hls_video_arithm.h:436->/opt/york/cs/net/xilinx_vivado-2018.2_ise-14.7_x86-64-1/Vivado/2018.2/common/technology/autopilot/hls/hls_video_arithm.h:942]   --->   Operation 40 'specprotocol' <Predicate = (!exitcond_i)> <Delay = 0.00>
ST_4 : Operation 41 [1/1] (3.63ns)   --->   "call void @_ssdm_op_Write.ap_fifo.volatile.i8P(i8* %dst_data_stream_0_V, i8 %d_val_0)" [/opt/york/cs/net/xilinx_vivado-2018.2_ise-14.7_x86-64-1/Vivado/2018.2/common/technology/autopilot/hls/hls_video_core.h:648->/opt/york/cs/net/xilinx_vivado-2018.2_ise-14.7_x86-64-1/Vivado/2018.2/common/technology/autopilot/hls/hls_video_core.h:662->/opt/york/cs/net/xilinx_vivado-2018.2_ise-14.7_x86-64-1/Vivado/2018.2/common/technology/autopilot/hls/hls_video_arithm.h:436->/opt/york/cs/net/xilinx_vivado-2018.2_ise-14.7_x86-64-1/Vivado/2018.2/common/technology/autopilot/hls/hls_video_arithm.h:942]   --->   Operation 41 'write' <Predicate = (!exitcond_i)> <Delay = 3.63> <Core = "FIFO">   --->   Core 32 'FIFO' <Latency = 0> <II = 1> <Delay = 3.63> <Storage> <Opcode : 'read' 'write' 'nbread' 'nbwrite'> <Ports = 0> <Width = 8> <Depth = 1> <FIFO>
ST_4 : Operation 42 [1/1] (3.63ns)   --->   "call void @_ssdm_op_Write.ap_fifo.volatile.i8P(i8* %dst_data_stream_1_V, i8 %d_val_1)" [/opt/york/cs/net/xilinx_vivado-2018.2_ise-14.7_x86-64-1/Vivado/2018.2/common/technology/autopilot/hls/hls_video_core.h:648->/opt/york/cs/net/xilinx_vivado-2018.2_ise-14.7_x86-64-1/Vivado/2018.2/common/technology/autopilot/hls/hls_video_core.h:662->/opt/york/cs/net/xilinx_vivado-2018.2_ise-14.7_x86-64-1/Vivado/2018.2/common/technology/autopilot/hls/hls_video_arithm.h:436->/opt/york/cs/net/xilinx_vivado-2018.2_ise-14.7_x86-64-1/Vivado/2018.2/common/technology/autopilot/hls/hls_video_arithm.h:942]   --->   Operation 42 'write' <Predicate = (!exitcond_i)> <Delay = 3.63> <Core = "FIFO">   --->   Core 32 'FIFO' <Latency = 0> <II = 1> <Delay = 3.63> <Storage> <Opcode : 'read' 'write' 'nbread' 'nbwrite'> <Ports = 0> <Width = 8> <Depth = 1> <FIFO>
ST_4 : Operation 43 [1/1] (3.63ns)   --->   "call void @_ssdm_op_Write.ap_fifo.volatile.i8P(i8* %dst_data_stream_2_V, i8 %tmp_2)" [/opt/york/cs/net/xilinx_vivado-2018.2_ise-14.7_x86-64-1/Vivado/2018.2/common/technology/autopilot/hls/hls_video_core.h:648->/opt/york/cs/net/xilinx_vivado-2018.2_ise-14.7_x86-64-1/Vivado/2018.2/common/technology/autopilot/hls/hls_video_core.h:662->/opt/york/cs/net/xilinx_vivado-2018.2_ise-14.7_x86-64-1/Vivado/2018.2/common/technology/autopilot/hls/hls_video_arithm.h:436->/opt/york/cs/net/xilinx_vivado-2018.2_ise-14.7_x86-64-1/Vivado/2018.2/common/technology/autopilot/hls/hls_video_arithm.h:942]   --->   Operation 43 'write' <Predicate = (!exitcond_i)> <Delay = 3.63> <Core = "FIFO">   --->   Core 32 'FIFO' <Latency = 0> <II = 1> <Delay = 3.63> <Storage> <Opcode : 'read' 'write' 'nbread' 'nbwrite'> <Ports = 0> <Width = 8> <Depth = 1> <FIFO>
ST_4 : Operation 44 [1/1] (0.00ns)   --->   "%empty_25 = call i32 (...)* @_ssdm_op_SpecRegionEnd([12 x i8]* @p_str19, i32 %tmp_4_i)" [/opt/york/cs/net/xilinx_vivado-2018.2_ise-14.7_x86-64-1/Vivado/2018.2/common/technology/autopilot/hls/hls_video_core.h:650->/opt/york/cs/net/xilinx_vivado-2018.2_ise-14.7_x86-64-1/Vivado/2018.2/common/technology/autopilot/hls/hls_video_core.h:662->/opt/york/cs/net/xilinx_vivado-2018.2_ise-14.7_x86-64-1/Vivado/2018.2/common/technology/autopilot/hls/hls_video_arithm.h:436->/opt/york/cs/net/xilinx_vivado-2018.2_ise-14.7_x86-64-1/Vivado/2018.2/common/technology/autopilot/hls/hls_video_arithm.h:942]   --->   Operation 44 'specregionend' 'empty_25' <Predicate = (!exitcond_i)> <Delay = 0.00>
ST_4 : Operation 45 [1/1] (0.00ns)   --->   "%empty_26 = call i32 (...)* @_ssdm_op_SpecRegionEnd([11 x i8]* @p_str10, i32 %tmp_1_i)" [/opt/york/cs/net/xilinx_vivado-2018.2_ise-14.7_x86-64-1/Vivado/2018.2/common/technology/autopilot/hls/hls_video_arithm.h:437->/opt/york/cs/net/xilinx_vivado-2018.2_ise-14.7_x86-64-1/Vivado/2018.2/common/technology/autopilot/hls/hls_video_arithm.h:942]   --->   Operation 45 'specregionend' 'empty_26' <Predicate = (!exitcond_i)> <Delay = 0.00>
ST_4 : Operation 46 [1/1] (0.00ns)   --->   "br label %3" [/opt/york/cs/net/xilinx_vivado-2018.2_ise-14.7_x86-64-1/Vivado/2018.2/common/technology/autopilot/hls/hls_video_arithm.h:427->/opt/york/cs/net/xilinx_vivado-2018.2_ise-14.7_x86-64-1/Vivado/2018.2/common/technology/autopilot/hls/hls_video_arithm.h:942]   --->   Operation 46 'br' <Predicate = (!exitcond_i)> <Delay = 0.00>

State 5 <SV = 3> <Delay = 0.00>
ST_5 : Operation 47 [1/1] (0.00ns)   --->   "%empty_27 = call i32 (...)* @_ssdm_op_SpecRegionEnd([12 x i8]* @p_str9, i32 %tmp_i)" [/opt/york/cs/net/xilinx_vivado-2018.2_ise-14.7_x86-64-1/Vivado/2018.2/common/technology/autopilot/hls/hls_video_arithm.h:438->/opt/york/cs/net/xilinx_vivado-2018.2_ise-14.7_x86-64-1/Vivado/2018.2/common/technology/autopilot/hls/hls_video_arithm.h:942]   --->   Operation 47 'specregionend' 'empty_27' <Predicate = true> <Delay = 0.00>
ST_5 : Operation 48 [1/1] (0.00ns)   --->   "br label %1" [/opt/york/cs/net/xilinx_vivado-2018.2_ise-14.7_x86-64-1/Vivado/2018.2/common/technology/autopilot/hls/hls_video_arithm.h:426->/opt/york/cs/net/xilinx_vivado-2018.2_ise-14.7_x86-64-1/Vivado/2018.2/common/technology/autopilot/hls/hls_video_arithm.h:942]   --->   Operation 48 'br' <Predicate = true> <Delay = 0.00>


============================================================
+ Verbose Summary: Binding
============================================================
STG Binding: 
---------------- STG Properties BEGIN ----------------
- Is combinational: 0
- Is one-state seq: 0
- Is datapath-only: 0
- Is pipelined: 0
- Is top level: 0
Port [ Return ] is wired: 1; IO mode=ap_ctrl_hs:ce=0
Port [ src_data_stream_0_V]:  wired=1; compound=1; hidden=0; nouse=0; global=0; static=0; extern=0; dir=0; type=3; pingpong=0; private_global=0; IO mode=ap_fifo:ce=0
Port [ src_data_stream_1_V]:  wired=1; compound=1; hidden=0; nouse=0; global=0; static=0; extern=0; dir=0; type=3; pingpong=0; private_global=0; IO mode=ap_fifo:ce=0
Port [ src_data_stream_2_V]:  wired=1; compound=1; hidden=0; nouse=0; global=0; static=0; extern=0; dir=0; type=3; pingpong=0; private_global=0; IO mode=ap_fifo:ce=0
Port [ dst_data_stream_0_V]:  wired=1; compound=1; hidden=0; nouse=0; global=0; static=0; extern=0; dir=1; type=3; pingpong=0; private_global=0; IO mode=ap_fifo:ce=0
Port [ dst_data_stream_1_V]:  wired=1; compound=1; hidden=0; nouse=0; global=0; static=0; extern=0; dir=1; type=3; pingpong=0; private_global=0; IO mode=ap_fifo:ce=0
Port [ dst_data_stream_2_V]:  wired=1; compound=1; hidden=0; nouse=0; global=0; static=0; extern=0; dir=1; type=3; pingpong=0; private_global=0; IO mode=ap_fifo:ce=0
---------------- STG Properties END ------------------

---------------- Datapath Model BEGIN ----------------

<LifeTime>
<method=bitvector/>
StgValue_6  (specinterface    ) [ 000000]
StgValue_7  (specinterface    ) [ 000000]
StgValue_8  (specinterface    ) [ 000000]
StgValue_9  (specinterface    ) [ 000000]
StgValue_10 (specinterface    ) [ 000000]
StgValue_11 (specinterface    ) [ 000000]
StgValue_12 (br               ) [ 011111]
t_V         (phi              ) [ 001000]
exitcond1_i (icmp             ) [ 001111]
i_V         (add              ) [ 011111]
StgValue_16 (speclooptripcount) [ 000000]
StgValue_17 (br               ) [ 000000]
StgValue_18 (specloopname     ) [ 000000]
tmp_i       (specregionbegin  ) [ 000111]
StgValue_20 (br               ) [ 001111]
StgValue_21 (ret              ) [ 000000]
t_V_1       (phi              ) [ 000100]
exitcond_i  (icmp             ) [ 001111]
j_V         (add              ) [ 001111]
StgValue_25 (speclooptripcount) [ 000000]
StgValue_26 (br               ) [ 000000]
StgValue_27 (specloopname     ) [ 000000]
tmp_1_i     (specregionbegin  ) [ 000000]
StgValue_29 (specpipeline     ) [ 000000]
tmp_3_i     (specregionbegin  ) [ 000000]
StgValue_31 (specprotocol     ) [ 000000]
tmp_3       (read             ) [ 000000]
tmp_4       (read             ) [ 000000]
tmp_5       (read             ) [ 000000]
empty       (specregionend    ) [ 000000]
d_val_0     (xor              ) [ 000000]
d_val_1     (xor              ) [ 000000]
tmp_2       (xor              ) [ 000000]
tmp_4_i     (specregionbegin  ) [ 000000]
StgValue_40 (specprotocol     ) [ 000000]
StgValue_41 (write            ) [ 000000]
StgValue_42 (write            ) [ 000000]
StgValue_43 (write            ) [ 000000]
empty_25    (specregionend    ) [ 000000]
empty_26    (specregionend    ) [ 000000]
StgValue_46 (br               ) [ 001111]
empty_27    (specregionend    ) [ 000000]
StgValue_48 (br               ) [ 011111]
</LifeTime>

<model>

<comp_list>
<comp id="0" class="1000" name="src_data_stream_0_V">
<pin_list>
<pin id="1" dir="1" index="0" bw="1" slack="0"/>
</pin_list>
<bind>
<StgValue><ssdm name="src_data_stream_0_V"/></StgValue>
</bind>
</comp>

<comp id="2" class="1000" name="src_data_stream_1_V">
<pin_list>
<pin id="3" dir="1" index="0" bw="1" slack="0"/>
</pin_list>
<bind>
<StgValue><ssdm name="src_data_stream_1_V"/></StgValue>
</bind>
</comp>

<comp id="4" class="1000" name="src_data_stream_2_V">
<pin_list>
<pin id="5" dir="1" index="0" bw="1" slack="0"/>
</pin_list>
<bind>
<StgValue><ssdm name="src_data_stream_2_V"/></StgValue>
</bind>
</comp>

<comp id="6" class="1000" name="dst_data_stream_0_V">
<pin_list>
<pin id="7" dir="1" index="0" bw="1" slack="0"/>
</pin_list>
<bind>
<StgValue><ssdm name="dst_data_stream_0_V"/></StgValue>
</bind>
</comp>

<comp id="8" class="1000" name="dst_data_stream_1_V">
<pin_list>
<pin id="9" dir="1" index="0" bw="1" slack="0"/>
</pin_list>
<bind>
<StgValue><ssdm name="dst_data_stream_1_V"/></StgValue>
</bind>
</comp>

<comp id="10" class="1000" name="dst_data_stream_2_V">
<pin_list>
<pin id="11" dir="1" index="0" bw="1" slack="0"/>
</pin_list>
<bind>
<StgValue><ssdm name="dst_data_stream_2_V"/></StgValue>
</bind>
</comp>

<comp id="12" class="1001" name="const_12">
<pin_list>
<pin id="13" dir="1" index="0" bw="1" slack="2147483647"/>
</pin_list>
<bind>
<StgValue><ssdm name="_ssdm_op_SpecInterface"/></StgValue>
</bind>
</comp>

<comp id="14" class="1001" name="const_14">
<pin_list>
<pin id="15" dir="1" index="0" bw="1" slack="2147483647"/>
</pin_list>
<bind>
<StgValue><ssdm name="ap_fifo_str"/></StgValue>
</bind>
</comp>

<comp id="16" class="1001" name="const_16">
<pin_list>
<pin id="17" dir="1" index="0" bw="1" slack="2147483647"/>
</pin_list>
<bind>
<StgValue><ssdm name=""/></StgValue>
</bind>
</comp>

<comp id="18" class="1001" name="const_18">
<pin_list>
<pin id="19" dir="1" index="0" bw="1" slack="2147483647"/>
</pin_list>
<bind>
<StgValue><ssdm name="p_str"/></StgValue>
</bind>
</comp>

<comp id="20" class="1001" name="const_20">
<pin_list>
<pin id="21" dir="1" index="0" bw="1" slack="2147483647"/>
</pin_list>
<bind>
<StgValue><ssdm name=""/></StgValue>
</bind>
</comp>

<comp id="22" class="1001" name="const_22">
<pin_list>
<pin id="23" dir="1" index="0" bw="1" slack="2147483647"/>
</pin_list>
<bind>
<StgValue><ssdm name=""/></StgValue>
</bind>
</comp>

<comp id="24" class="1001" name="const_24">
<pin_list>
<pin id="25" dir="1" index="0" bw="1" slack="1"/>
</pin_list>
<bind>
<StgValue><ssdm name=""/></StgValue>
</bind>
</comp>

<comp id="26" class="1001" name="const_26">
<pin_list>
<pin id="27" dir="1" index="0" bw="1" slack="0"/>
</pin_list>
<bind>
<StgValue><ssdm name=""/></StgValue>
</bind>
</comp>

<comp id="28" class="1001" name="const_28">
<pin_list>
<pin id="29" dir="1" index="0" bw="1" slack="0"/>
</pin_list>
<bind>
<StgValue><ssdm name=""/></StgValue>
</bind>
</comp>

<comp id="30" class="1001" name="const_30">
<pin_list>
<pin id="31" dir="1" index="0" bw="1" slack="2147483647"/>
</pin_list>
<bind>
<StgValue><ssdm name="_ssdm_op_SpecLoopTripCount"/></StgValue>
</bind>
</comp>

<comp id="32" class="1001" name="const_32">
<pin_list>
<pin id="33" dir="1" index="0" bw="1" slack="2147483647"/>
</pin_list>
<bind>
<StgValue><ssdm name=""/></StgValue>
</bind>
</comp>

<comp id="34" class="1001" name="const_34">
<pin_list>
<pin id="35" dir="1" index="0" bw="1" slack="2147483647"/>
</pin_list>
<bind>
<StgValue><ssdm name="_ssdm_op_SpecLoopName"/></StgValue>
</bind>
</comp>

<comp id="36" class="1001" name="const_36">
<pin_list>
<pin id="37" dir="1" index="0" bw="1" slack="2147483647"/>
</pin_list>
<bind>
<StgValue><ssdm name="p_str9"/></StgValue>
</bind>
</comp>

<comp id="38" class="1001" name="const_38">
<pin_list>
<pin id="39" dir="1" index="0" bw="1" slack="2147483647"/>
</pin_list>
<bind>
<StgValue><ssdm name="_ssdm_op_SpecRegionBegin"/></StgValue>
</bind>
</comp>

<comp id="40" class="1001" name="const_40">
<pin_list>
<pin id="41" dir="1" index="0" bw="1" slack="0"/>
</pin_list>
<bind>
<StgValue><ssdm name=""/></StgValue>
</bind>
</comp>

<comp id="42" class="1001" name="const_42">
<pin_list>
<pin id="43" dir="1" index="0" bw="1" slack="2147483647"/>
</pin_list>
<bind>
<StgValue><ssdm name=""/></StgValue>
</bind>
</comp>

<comp id="44" class="1001" name="const_44">
<pin_list>
<pin id="45" dir="1" index="0" bw="1" slack="2147483647"/>
</pin_list>
<bind>
<StgValue><ssdm name="p_str10"/></StgValue>
</bind>
</comp>

<comp id="46" class="1001" name="const_46">
<pin_list>
<pin id="47" dir="1" index="0" bw="1" slack="2147483647"/>
</pin_list>
<bind>
<StgValue><ssdm name="_ssdm_op_SpecPipeline"/></StgValue>
</bind>
</comp>

<comp id="48" class="1001" name="const_48">
<pin_list>
<pin id="49" dir="1" index="0" bw="1" slack="2147483647"/>
</pin_list>
<bind>
<StgValue><ssdm name=""/></StgValue>
</bind>
</comp>

<comp id="50" class="1001" name="const_50">
<pin_list>
<pin id="51" dir="1" index="0" bw="1" slack="2147483647"/>
</pin_list>
<bind>
<StgValue><ssdm name="p_str14"/></StgValue>
</bind>
</comp>

<comp id="52" class="1001" name="const_52">
<pin_list>
<pin id="53" dir="1" index="0" bw="1" slack="2147483647"/>
</pin_list>
<bind>
<StgValue><ssdm name="_ssdm_op_SpecProtocol"/></StgValue>
</bind>
</comp>

<comp id="54" class="1001" name="const_54">
<pin_list>
<pin id="55" dir="1" index="0" bw="1" slack="0"/>
</pin_list>
<bind>
<StgValue><ssdm name="_ssdm_op_Read.ap_fifo.volatile.i8P"/></StgValue>
</bind>
</comp>

<comp id="56" class="1001" name="const_56">
<pin_list>
<pin id="57" dir="1" index="0" bw="1" slack="2147483647"/>
</pin_list>
<bind>
<StgValue><ssdm name="_ssdm_op_SpecRegionEnd"/></StgValue>
</bind>
</comp>

<comp id="58" class="1001" name="const_58">
<pin_list>
<pin id="59" dir="1" index="0" bw="1" slack="0"/>
</pin_list>
<bind>
<StgValue><ssdm name=""/></StgValue>
</bind>
</comp>

<comp id="60" class="1001" name="const_60">
<pin_list>
<pin id="61" dir="1" index="0" bw="1" slack="2147483647"/>
</pin_list>
<bind>
<StgValue><ssdm name="p_str19"/></StgValue>
</bind>
</comp>

<comp id="62" class="1001" name="const_62">
<pin_list>
<pin id="63" dir="1" index="0" bw="1" slack="0"/>
</pin_list>
<bind>
<StgValue><ssdm name="_ssdm_op_Write.ap_fifo.volatile.i8P"/></StgValue>
</bind>
</comp>

<comp id="64" class="1004" name="tmp_3_read_fu_64">
<pin_list>
<pin id="65" dir="0" index="0" bw="8" slack="0"/>
<pin id="66" dir="0" index="1" bw="8" slack="0"/>
<pin id="67" dir="1" index="2" bw="8" slack="0"/>
</pin_list>
<bind>
<opcode="read(1150) " fcode="read"/>
<opset="tmp_3/4 "/>
</bind>
</comp>

<comp id="70" class="1004" name="tmp_4_read_fu_70">
<pin_list>
<pin id="71" dir="0" index="0" bw="8" slack="0"/>
<pin id="72" dir="0" index="1" bw="8" slack="0"/>
<pin id="73" dir="1" index="2" bw="8" slack="0"/>
</pin_list>
<bind>
<opcode="read(1150) " fcode="read"/>
<opset="tmp_4/4 "/>
</bind>
</comp>

<comp id="76" class="1004" name="tmp_5_read_fu_76">
<pin_list>
<pin id="77" dir="0" index="0" bw="8" slack="0"/>
<pin id="78" dir="0" index="1" bw="8" slack="0"/>
<pin id="79" dir="1" index="2" bw="8" slack="0"/>
</pin_list>
<bind>
<opcode="read(1150) " fcode="read"/>
<opset="tmp_5/4 "/>
</bind>
</comp>

<comp id="82" class="1004" name="StgValue_41_write_fu_82">
<pin_list>
<pin id="83" dir="0" index="0" bw="0" slack="0"/>
<pin id="84" dir="0" index="1" bw="8" slack="0"/>
<pin id="85" dir="0" index="2" bw="8" slack="0"/>
<pin id="86" dir="1" index="3" bw="0" slack="2147483647"/>
</pin_list>
<bind>
<opcode="write(1151) " fcode="write"/>
<opset="StgValue_41/4 "/>
</bind>
</comp>

<comp id="89" class="1004" name="StgValue_42_write_fu_89">
<pin_list>
<pin id="90" dir="0" index="0" bw="0" slack="0"/>
<pin id="91" dir="0" index="1" bw="8" slack="0"/>
<pin id="92" dir="0" index="2" bw="8" slack="0"/>
<pin id="93" dir="1" index="3" bw="0" slack="2147483647"/>
</pin_list>
<bind>
<opcode="write(1151) " fcode="write"/>
<opset="StgValue_42/4 "/>
</bind>
</comp>

<comp id="96" class="1004" name="StgValue_43_write_fu_96">
<pin_list>
<pin id="97" dir="0" index="0" bw="0" slack="0"/>
<pin id="98" dir="0" index="1" bw="8" slack="0"/>
<pin id="99" dir="0" index="2" bw="8" slack="0"/>
<pin id="100" dir="1" index="3" bw="0" slack="2147483647"/>
</pin_list>
<bind>
<opcode="write(1151) " fcode="write"/>
<opset="StgValue_43/4 "/>
</bind>
</comp>

<comp id="103" class="1005" name="t_V_reg_103">
<pin_list>
<pin id="104" dir="0" index="0" bw="11" slack="1"/>
<pin id="105" dir="1" index="1" bw="11" slack="1"/>
</pin_list>
<bind>
<opset="t_V (phireg) "/>
</bind>
</comp>

<comp id="107" class="1004" name="t_V_phi_fu_107">
<pin_list>
<pin id="108" dir="0" index="0" bw="1" slack="1"/>
<pin id="109" dir="0" index="1" bw="0" slack="2147483647"/>
<pin id="110" dir="0" index="2" bw="11" slack="0"/>
<pin id="111" dir="0" index="3" bw="0" slack="2147483647"/>
<pin id="112" dir="1" index="4" bw="11" slack="0"/>
</pin_list>
<bind>
<opcode="phi(47) " fcode="phi"/>
<opset="t_V/2 "/>
</bind>
</comp>

<comp id="114" class="1005" name="t_V_1_reg_114">
<pin_list>
<pin id="115" dir="0" index="0" bw="11" slack="1"/>
<pin id="116" dir="1" index="1" bw="11" slack="1"/>
</pin_list>
<bind>
<opset="t_V_1 (phireg) "/>
</bind>
</comp>

<comp id="118" class="1004" name="t_V_1_phi_fu_118">
<pin_list>
<pin id="119" dir="0" index="0" bw="1" slack="1"/>
<pin id="120" dir="0" index="1" bw="0" slack="2147483647"/>
<pin id="121" dir="0" index="2" bw="11" slack="0"/>
<pin id="122" dir="0" index="3" bw="0" slack="2147483647"/>
<pin id="123" dir="1" index="4" bw="11" slack="0"/>
</pin_list>
<bind>
<opcode="phi(47) " fcode="phi"/>
<opset="t_V_1/3 "/>
</bind>
</comp>

<comp id="125" class="1004" name="exitcond1_i_fu_125">
<pin_list>
<pin id="126" dir="0" index="0" bw="11" slack="0"/>
<pin id="127" dir="0" index="1" bw="11" slack="0"/>
<pin id="128" dir="1" index="2" bw="1" slack="1"/>
</pin_list>
<bind>
<opcode="icmp(45) " fcode="icmp"/>
<opset="exitcond1_i/2 "/>
</bind>
</comp>

<comp id="131" class="1004" name="i_V_fu_131">
<pin_list>
<pin id="132" dir="0" index="0" bw="11" slack="0"/>
<pin id="133" dir="0" index="1" bw="1" slack="0"/>
<pin id="134" dir="1" index="2" bw="11" slack="0"/>
</pin_list>
<bind>
<opcode="add(8) " fcode="add"/>
<opset="i_V/2 "/>
</bind>
</comp>

<comp id="137" class="1004" name="exitcond_i_fu_137">
<pin_list>
<pin id="138" dir="0" index="0" bw="11" slack="0"/>
<pin id="139" dir="0" index="1" bw="11" slack="0"/>
<pin id="140" dir="1" index="2" bw="1" slack="1"/>
</pin_list>
<bind>
<opcode="icmp(45) " fcode="icmp"/>
<opset="exitcond_i/3 "/>
</bind>
</comp>

<comp id="143" class="1004" name="j_V_fu_143">
<pin_list>
<pin id="144" dir="0" index="0" bw="11" slack="0"/>
<pin id="145" dir="0" index="1" bw="1" slack="0"/>
<pin id="146" dir="1" index="2" bw="11" slack="0"/>
</pin_list>
<bind>
<opcode="add(8) " fcode="add"/>
<opset="j_V/3 "/>
</bind>
</comp>

<comp id="149" class="1004" name="d_val_0_fu_149">
<pin_list>
<pin id="150" dir="0" index="0" bw="8" slack="0"/>
<pin id="151" dir="0" index="1" bw="8" slack="0"/>
<pin id="152" dir="1" index="2" bw="8" slack="0"/>
</pin_list>
<bind>
<opcode="xor(25) " fcode="xor"/>
<opset="d_val_0/4 "/>
</bind>
</comp>

<comp id="156" class="1004" name="d_val_1_fu_156">
<pin_list>
<pin id="157" dir="0" index="0" bw="8" slack="0"/>
<pin id="158" dir="0" index="1" bw="8" slack="0"/>
<pin id="159" dir="1" index="2" bw="8" slack="0"/>
</pin_list>
<bind>
<opcode="xor(25) " fcode="xor"/>
<opset="d_val_1/4 "/>
</bind>
</comp>

<comp id="163" class="1004" name="tmp_2_fu_163">
<pin_list>
<pin id="164" dir="0" index="0" bw="8" slack="0"/>
<pin id="165" dir="0" index="1" bw="8" slack="0"/>
<pin id="166" dir="1" index="2" bw="8" slack="0"/>
</pin_list>
<bind>
<opcode="xor(25) " fcode="xor"/>
<opset="tmp_2/4 "/>
</bind>
</comp>

<comp id="170" class="1005" name="exitcond1_i_reg_170">
<pin_list>
<pin id="171" dir="0" index="0" bw="1" slack="1"/>
<pin id="172" dir="1" index="1" bw="1" slack="2147483647"/>
</pin_list>
<bind>
<opset="exitcond1_i "/>
</bind>
</comp>

<comp id="174" class="1005" name="i_V_reg_174">
<pin_list>
<pin id="175" dir="0" index="0" bw="11" slack="0"/>
<pin id="176" dir="1" index="1" bw="11" slack="0"/>
</pin_list>
<bind>
<opset="i_V "/>
</bind>
</comp>

<comp id="179" class="1005" name="exitcond_i_reg_179">
<pin_list>
<pin id="180" dir="0" index="0" bw="1" slack="1"/>
<pin id="181" dir="1" index="1" bw="1" slack="2147483647"/>
</pin_list>
<bind>
<opset="exitcond_i "/>
</bind>
</comp>

<comp id="183" class="1005" name="j_V_reg_183">
<pin_list>
<pin id="184" dir="0" index="0" bw="11" slack="0"/>
<pin id="185" dir="1" index="1" bw="11" slack="0"/>
</pin_list>
<bind>
<opset="j_V "/>
</bind>
</comp>

</comp_list>

<net_list>
<net id="68"><net_src comp="54" pin="0"/><net_sink comp="64" pin=0"/></net>

<net id="69"><net_src comp="0" pin="0"/><net_sink comp="64" pin=1"/></net>

<net id="74"><net_src comp="54" pin="0"/><net_sink comp="70" pin=0"/></net>

<net id="75"><net_src comp="2" pin="0"/><net_sink comp="70" pin=1"/></net>

<net id="80"><net_src comp="54" pin="0"/><net_sink comp="76" pin=0"/></net>

<net id="81"><net_src comp="4" pin="0"/><net_sink comp="76" pin=1"/></net>

<net id="87"><net_src comp="62" pin="0"/><net_sink comp="82" pin=0"/></net>

<net id="88"><net_src comp="6" pin="0"/><net_sink comp="82" pin=1"/></net>

<net id="94"><net_src comp="62" pin="0"/><net_sink comp="89" pin=0"/></net>

<net id="95"><net_src comp="8" pin="0"/><net_sink comp="89" pin=1"/></net>

<net id="101"><net_src comp="62" pin="0"/><net_sink comp="96" pin=0"/></net>

<net id="102"><net_src comp="10" pin="0"/><net_sink comp="96" pin=1"/></net>

<net id="106"><net_src comp="24" pin="0"/><net_sink comp="103" pin=0"/></net>

<net id="113"><net_src comp="103" pin="1"/><net_sink comp="107" pin=0"/></net>

<net id="117"><net_src comp="24" pin="0"/><net_sink comp="114" pin=0"/></net>

<net id="124"><net_src comp="114" pin="1"/><net_sink comp="118" pin=0"/></net>

<net id="129"><net_src comp="107" pin="4"/><net_sink comp="125" pin=0"/></net>

<net id="130"><net_src comp="26" pin="0"/><net_sink comp="125" pin=1"/></net>

<net id="135"><net_src comp="107" pin="4"/><net_sink comp="131" pin=0"/></net>

<net id="136"><net_src comp="28" pin="0"/><net_sink comp="131" pin=1"/></net>

<net id="141"><net_src comp="118" pin="4"/><net_sink comp="137" pin=0"/></net>

<net id="142"><net_src comp="40" pin="0"/><net_sink comp="137" pin=1"/></net>

<net id="147"><net_src comp="118" pin="4"/><net_sink comp="143" pin=0"/></net>

<net id="148"><net_src comp="28" pin="0"/><net_sink comp="143" pin=1"/></net>

<net id="153"><net_src comp="64" pin="2"/><net_sink comp="149" pin=0"/></net>

<net id="154"><net_src comp="58" pin="0"/><net_sink comp="149" pin=1"/></net>

<net id="155"><net_src comp="149" pin="2"/><net_sink comp="82" pin=2"/></net>

<net id="160"><net_src comp="70" pin="2"/><net_sink comp="156" pin=0"/></net>

<net id="161"><net_src comp="58" pin="0"/><net_sink comp="156" pin=1"/></net>

<net id="162"><net_src comp="156" pin="2"/><net_sink comp="89" pin=2"/></net>

<net id="167"><net_src comp="76" pin="2"/><net_sink comp="163" pin=0"/></net>

<net id="168"><net_src comp="58" pin="0"/><net_sink comp="163" pin=1"/></net>

<net id="169"><net_src comp="163" pin="2"/><net_sink comp="96" pin=2"/></net>

<net id="173"><net_src comp="125" pin="2"/><net_sink comp="170" pin=0"/></net>

<net id="177"><net_src comp="131" pin="2"/><net_sink comp="174" pin=0"/></net>

<net id="178"><net_src comp="174" pin="1"/><net_sink comp="107" pin=2"/></net>

<net id="182"><net_src comp="137" pin="2"/><net_sink comp="179" pin=0"/></net>

<net id="186"><net_src comp="143" pin="2"/><net_sink comp="183" pin=0"/></net>

<net id="187"><net_src comp="183" pin="1"/><net_sink comp="118" pin=2"/></net>

</net_list>

</model> 
---------------- Datapath Model END ------------------

* FSMD analyzer results:
  - Output states:
	Port: dst_data_stream_0_V | {4 }
	Port: dst_data_stream_1_V | {4 }
	Port: dst_data_stream_2_V | {4 }
 - Input state : 
	Port: Not : src_data_stream_0_V | {4 }
	Port: Not : src_data_stream_1_V | {4 }
	Port: Not : src_data_stream_2_V | {4 }
  - Chain level:
	State 1
	State 2
		exitcond1_i : 1
		i_V : 1
		StgValue_17 : 2
	State 3
		exitcond_i : 1
		j_V : 1
		StgValue_26 : 2
	State 4
		empty : 1
		empty_25 : 1
		empty_26 : 1
	State 5


============================================================
+ Verbose Summary: Datapath Resource usage 
============================================================

* Functional unit list:
|----------|-------------------------|---------|---------|
| Operation|     Functional Unit     |    FF   |   LUT   |
|----------|-------------------------|---------|---------|
|   icmp   |    exitcond1_i_fu_125   |    0    |    13   |
|          |    exitcond_i_fu_137    |    0    |    13   |
|----------|-------------------------|---------|---------|
|    add   |        i_V_fu_131       |    0    |    13   |
|          |        j_V_fu_143       |    0    |    13   |
|----------|-------------------------|---------|---------|
|          |      d_val_0_fu_149     |    0    |    8    |
|    xor   |      d_val_1_fu_156     |    0    |    8    |
|          |       tmp_2_fu_163      |    0    |    8    |
|----------|-------------------------|---------|---------|
|          |     tmp_3_read_fu_64    |    0    |    0    |
|   read   |     tmp_4_read_fu_70    |    0    |    0    |
|          |     tmp_5_read_fu_76    |    0    |    0    |
|----------|-------------------------|---------|---------|
|          | StgValue_41_write_fu_82 |    0    |    0    |
|   write  | StgValue_42_write_fu_89 |    0    |    0    |
|          | StgValue_43_write_fu_96 |    0    |    0    |
|----------|-------------------------|---------|---------|
|   Total  |                         |    0    |    76   |
|----------|-------------------------|---------|---------|

Memories:
N/A

* Register list:
+-------------------+--------+
|                   |   FF   |
+-------------------+--------+
|exitcond1_i_reg_170|    1   |
| exitcond_i_reg_179|    1   |
|    i_V_reg_174    |   11   |
|    j_V_reg_183    |   11   |
|   t_V_1_reg_114   |   11   |
|    t_V_reg_103    |   11   |
+-------------------+--------+
|       Total       |   46   |
+-------------------+--------+

* Multiplexer (MUX) list: 
|--------|------|------|------|--------|
|  Comp  |  Pin | Size |  BW  | S x BW |
|--------|------|------|------|--------|
|  Total |      |      |      |    0   |
|--------|------|------|------|--------|



* Summary:
+-----------+--------+--------+
|           |   FF   |   LUT  |
+-----------+--------+--------+
|  Function |    0   |   76   |
|   Memory  |    -   |    -   |
|Multiplexer|    -   |    -   |
|  Register |   46   |    -   |
+-----------+--------+--------+
|   Total   |   46   |   76   |
+-----------+--------+--------+
