

================================================================
== Vivado HLS Report for 'subsamble'
================================================================
* Date:           Mon Feb  4 10:59:12 2019

* Version:        2018.2.1 (Build 2288704 on Thu Jul 26 18:46:41 MDT 2018)
* Project:        SubSample
* Solution:       solution1
* Product family: zynq
* Target device:  xc7z010clg400-1


================================================================
== Performance Estimates
================================================================
+ Timing (ns): 
    * Summary: 
    +--------+-------+----------+------------+
    |  Clock | Target| Estimated| Uncertainty|
    +--------+-------+----------+------------+
    |ap_clk  |  10.00|     8.258|        1.25|
    +--------+-------+----------+------------+

+ Latency (clock cycles): 
    * Summary: 
    +---------+---------+---------+---------+----------+
    |      Latency      |      Interval     | Pipeline |
    |   min   |   max   |   min   |   max   |   Type   |
    +---------+---------+---------+---------+----------+
    |  1771353|  1771353|  1771354|  1771354| dataflow |
    +---------+---------+---------+---------+----------+

    + Detail: 
        * Instance: 
        N/A

        * Loop: 
        N/A

============================================================
+ Verbose Summary: Synthesis Manager
============================================================
InlineROM: 1
ExposeGlobal: 0
============================================================
+ Verbose Summary: CDFG Model
============================================================
IsTopModel: 1
ResetActiveHigh: 1
IsCombinational: 2
IsDatapathOnly: 0
HasWiredReturn: 1
HasMFsm: 0
HasVarLatency: 1
IsPipeline: 0
IsRtlPipelined: 0
IsInstanceOverlapped: 0
IsDontTouch: 0
HasImplIP: 0
IsGatedGlobalClock: 0


============================================================
+ Verbose Summary: Schedule
============================================================
* Number of FSM states : 8
* Pipeline : 0
* Dataflow Pipeline: 1
  DF-Pipeline-0: Size = 8, States = { 1 2 3 4 5 6 7 8 }

* FSM state transitions: 
1 --> 
	2  / true
2 --> 
	3  / true
3 --> 
	4  / true
4 --> 
	5  / true
5 --> 
	6  / true
6 --> 
	7  / true
7 --> 
	8  / true
8 --> 

* FSM state operations: 

State 1 <SV = 0> <Delay = 0.00>
ST_1 : Operation 9 [1/1] (0.00ns)   --->   "%img0_data_stream_0_s = alloca i8, align 1" [SubSample/src/subsample.cpp:17]   --->   Operation 9 'alloca' 'img0_data_stream_0_s' <Predicate = true> <Delay = 0.00> <Core = "FIFO">   --->   Core 32 'FIFO' <Latency = 0> <II = 1> <Delay = 3.63> <Storage> <Opcode : 'read' 'write' 'nbread' 'nbwrite'> <Ports = 0> <Width = 8> <Depth = 1> <FIFO>
ST_1 : Operation 10 [1/1] (0.00ns)   --->   "%img0_data_stream_1_s = alloca i8, align 1" [SubSample/src/subsample.cpp:17]   --->   Operation 10 'alloca' 'img0_data_stream_1_s' <Predicate = true> <Delay = 0.00> <Core = "FIFO">   --->   Core 32 'FIFO' <Latency = 0> <II = 1> <Delay = 3.63> <Storage> <Opcode : 'read' 'write' 'nbread' 'nbwrite'> <Ports = 0> <Width = 8> <Depth = 1> <FIFO>
ST_1 : Operation 11 [1/1] (0.00ns)   --->   "%img0_data_stream_2_s = alloca i8, align 1" [SubSample/src/subsample.cpp:17]   --->   Operation 11 'alloca' 'img0_data_stream_2_s' <Predicate = true> <Delay = 0.00> <Core = "FIFO">   --->   Core 32 'FIFO' <Latency = 0> <II = 1> <Delay = 3.63> <Storage> <Opcode : 'read' 'write' 'nbread' 'nbwrite'> <Ports = 0> <Width = 8> <Depth = 1> <FIFO>
ST_1 : Operation 12 [1/1] (0.00ns)   --->   "%img1_data_stream_0_s = alloca i8, align 1" [SubSample/src/subsample.cpp:19]   --->   Operation 12 'alloca' 'img1_data_stream_0_s' <Predicate = true> <Delay = 0.00> <Core = "FIFO">   --->   Core 32 'FIFO' <Latency = 0> <II = 1> <Delay = 3.63> <Storage> <Opcode : 'read' 'write' 'nbread' 'nbwrite'> <Ports = 0> <Width = 8> <Depth = 1> <FIFO>
ST_1 : Operation 13 [1/1] (0.00ns)   --->   "%img1_data_stream_1_s = alloca i8, align 1" [SubSample/src/subsample.cpp:19]   --->   Operation 13 'alloca' 'img1_data_stream_1_s' <Predicate = true> <Delay = 0.00> <Core = "FIFO">   --->   Core 32 'FIFO' <Latency = 0> <II = 1> <Delay = 3.63> <Storage> <Opcode : 'read' 'write' 'nbread' 'nbwrite'> <Ports = 0> <Width = 8> <Depth = 1> <FIFO>
ST_1 : Operation 14 [1/1] (0.00ns)   --->   "%img1_data_stream_2_s = alloca i8, align 1" [SubSample/src/subsample.cpp:19]   --->   Operation 14 'alloca' 'img1_data_stream_2_s' <Predicate = true> <Delay = 0.00> <Core = "FIFO">   --->   Core 32 'FIFO' <Latency = 0> <II = 1> <Delay = 3.63> <Storage> <Opcode : 'read' 'write' 'nbread' 'nbwrite'> <Ports = 0> <Width = 8> <Depth = 1> <FIFO>

State 2 <SV = 1> <Delay = 0.00>
ST_2 : Operation 15 [2/2] (0.00ns)   --->   "call fastcc void @AXIvideo2Mat(i24* %stream_in_V_data_V, i3* %stream_in_V_keep_V, i3* %stream_in_V_strb_V, i1* %stream_in_V_user_V, i1* %stream_in_V_last_V, i1* %stream_in_V_id_V, i1* %stream_in_V_dest_V, i8* %img0_data_stream_0_s, i8* %img0_data_stream_1_s, i8* %img0_data_stream_2_s)" [SubSample/src/subsample.cpp:41]   --->   Operation 15 'call' <Predicate = true> <Delay = 0.00> <CoreType = "Generic">   --->   Core 0 '' <Latency = 0> <II = 1> <Delay = 1.00> <Generic> <Opcode : >

State 3 <SV = 2> <Delay = 0.00>
ST_3 : Operation 16 [1/2] (0.00ns)   --->   "call fastcc void @AXIvideo2Mat(i24* %stream_in_V_data_V, i3* %stream_in_V_keep_V, i3* %stream_in_V_strb_V, i1* %stream_in_V_user_V, i1* %stream_in_V_last_V, i1* %stream_in_V_id_V, i1* %stream_in_V_dest_V, i8* %img0_data_stream_0_s, i8* %img0_data_stream_1_s, i8* %img0_data_stream_2_s)" [SubSample/src/subsample.cpp:41]   --->   Operation 16 'call' <Predicate = true> <Delay = 0.00> <CoreType = "Generic">   --->   Core 0 '' <Latency = 0> <II = 1> <Delay = 1.00> <Generic> <Opcode : >

State 4 <SV = 3> <Delay = 0.00>
ST_4 : Operation 17 [2/2] (0.00ns)   --->   "call fastcc void @Not(i8* %img0_data_stream_0_s, i8* %img0_data_stream_1_s, i8* %img0_data_stream_2_s, i8* %img1_data_stream_0_s, i8* %img1_data_stream_1_s, i8* %img1_data_stream_2_s)" [SubSample/src/subsample.cpp:49]   --->   Operation 17 'call' <Predicate = true> <Delay = 0.00> <CoreType = "Generic">   --->   Core 0 '' <Latency = 0> <II = 1> <Delay = 1.00> <Generic> <Opcode : >

State 5 <SV = 4> <Delay = 0.00>
ST_5 : Operation 18 [1/2] (0.00ns)   --->   "call fastcc void @Not(i8* %img0_data_stream_0_s, i8* %img0_data_stream_1_s, i8* %img0_data_stream_2_s, i8* %img1_data_stream_0_s, i8* %img1_data_stream_1_s, i8* %img1_data_stream_2_s)" [SubSample/src/subsample.cpp:49]   --->   Operation 18 'call' <Predicate = true> <Delay = 0.00> <CoreType = "Generic">   --->   Core 0 '' <Latency = 0> <II = 1> <Delay = 1.00> <Generic> <Opcode : >

State 6 <SV = 5> <Delay = 0.00>
ST_6 : Operation 19 [2/2] (0.00ns)   --->   "call fastcc void @Mat2AXIvideo(i8* %img1_data_stream_0_s, i8* %img1_data_stream_1_s, i8* %img1_data_stream_2_s, i24* %stream_process_V_data_V, i3* %stream_process_V_keep_V, i3* %stream_process_V_strb_V, i1* %stream_process_V_user_V, i1* %stream_process_V_last_V, i1* %stream_process_V_id_V, i1* %stream_process_V_dest_V)" [SubSample/src/subsample.cpp:50]   --->   Operation 19 'call' <Predicate = true> <Delay = 0.00> <CoreType = "Generic">   --->   Core 0 '' <Latency = 0> <II = 1> <Delay = 1.00> <Generic> <Opcode : >

State 7 <SV = 6> <Delay = 0.00>
ST_7 : Operation 20 [1/2] (0.00ns)   --->   "call fastcc void @Mat2AXIvideo(i8* %img1_data_stream_0_s, i8* %img1_data_stream_1_s, i8* %img1_data_stream_2_s, i24* %stream_process_V_data_V, i3* %stream_process_V_keep_V, i3* %stream_process_V_strb_V, i1* %stream_process_V_user_V, i1* %stream_process_V_last_V, i1* %stream_process_V_id_V, i1* %stream_process_V_dest_V)" [SubSample/src/subsample.cpp:50]   --->   Operation 20 'call' <Predicate = true> <Delay = 0.00> <CoreType = "Generic">   --->   Core 0 '' <Latency = 0> <II = 1> <Delay = 1.00> <Generic> <Opcode : >

State 8 <SV = 7> <Delay = 0.00>
ST_8 : Operation 21 [1/1] (0.00ns)   --->   "call void (...)* @_ssdm_op_SpecDataflowPipeline(i32 -1, [1 x i8]* @p_str) nounwind" [SubSample/src/subsample.cpp:5]   --->   Operation 21 'specdataflowpipeline' <Predicate = true> <Delay = 0.00>
ST_8 : Operation 22 [1/1] (0.00ns)   --->   "call void (...)* @_ssdm_op_SpecBitsMap(i24* %stream_in_V_data_V), !map !152"   --->   Operation 22 'specbitsmap' <Predicate = true> <Delay = 0.00>
ST_8 : Operation 23 [1/1] (0.00ns)   --->   "call void (...)* @_ssdm_op_SpecBitsMap(i3* %stream_in_V_keep_V), !map !156"   --->   Operation 23 'specbitsmap' <Predicate = true> <Delay = 0.00>
ST_8 : Operation 24 [1/1] (0.00ns)   --->   "call void (...)* @_ssdm_op_SpecBitsMap(i3* %stream_in_V_strb_V), !map !160"   --->   Operation 24 'specbitsmap' <Predicate = true> <Delay = 0.00>
ST_8 : Operation 25 [1/1] (0.00ns)   --->   "call void (...)* @_ssdm_op_SpecBitsMap(i1* %stream_in_V_user_V), !map !164"   --->   Operation 25 'specbitsmap' <Predicate = true> <Delay = 0.00>
ST_8 : Operation 26 [1/1] (0.00ns)   --->   "call void (...)* @_ssdm_op_SpecBitsMap(i1* %stream_in_V_last_V), !map !168"   --->   Operation 26 'specbitsmap' <Predicate = true> <Delay = 0.00>
ST_8 : Operation 27 [1/1] (0.00ns)   --->   "call void (...)* @_ssdm_op_SpecBitsMap(i1* %stream_in_V_id_V), !map !172"   --->   Operation 27 'specbitsmap' <Predicate = true> <Delay = 0.00>
ST_8 : Operation 28 [1/1] (0.00ns)   --->   "call void (...)* @_ssdm_op_SpecBitsMap(i1* %stream_in_V_dest_V), !map !176"   --->   Operation 28 'specbitsmap' <Predicate = true> <Delay = 0.00>
ST_8 : Operation 29 [1/1] (0.00ns)   --->   "call void (...)* @_ssdm_op_SpecBitsMap(i24* %stream_process_V_data_V), !map !180"   --->   Operation 29 'specbitsmap' <Predicate = true> <Delay = 0.00>
ST_8 : Operation 30 [1/1] (0.00ns)   --->   "call void (...)* @_ssdm_op_SpecBitsMap(i3* %stream_process_V_keep_V), !map !184"   --->   Operation 30 'specbitsmap' <Predicate = true> <Delay = 0.00>
ST_8 : Operation 31 [1/1] (0.00ns)   --->   "call void (...)* @_ssdm_op_SpecBitsMap(i3* %stream_process_V_strb_V), !map !188"   --->   Operation 31 'specbitsmap' <Predicate = true> <Delay = 0.00>
ST_8 : Operation 32 [1/1] (0.00ns)   --->   "call void (...)* @_ssdm_op_SpecBitsMap(i1* %stream_process_V_user_V), !map !192"   --->   Operation 32 'specbitsmap' <Predicate = true> <Delay = 0.00>
ST_8 : Operation 33 [1/1] (0.00ns)   --->   "call void (...)* @_ssdm_op_SpecBitsMap(i1* %stream_process_V_last_V), !map !196"   --->   Operation 33 'specbitsmap' <Predicate = true> <Delay = 0.00>
ST_8 : Operation 34 [1/1] (0.00ns)   --->   "call void (...)* @_ssdm_op_SpecBitsMap(i1* %stream_process_V_id_V), !map !200"   --->   Operation 34 'specbitsmap' <Predicate = true> <Delay = 0.00>
ST_8 : Operation 35 [1/1] (0.00ns)   --->   "call void (...)* @_ssdm_op_SpecBitsMap(i1* %stream_process_V_dest_V), !map !204"   --->   Operation 35 'specbitsmap' <Predicate = true> <Delay = 0.00>
ST_8 : Operation 36 [1/1] (0.00ns)   --->   "call void (...)* @_ssdm_op_SpecTopModule([10 x i8]* @subsamble_str) nounwind"   --->   Operation 36 'spectopmodule' <Predicate = true> <Delay = 0.00>
ST_8 : Operation 37 [1/1] (0.00ns)   --->   "%empty = call i32 (...)* @_ssdm_op_SpecChannel([22 x i8]* @img0_OC_data_stream_2, i32 1, [1 x i8]* @p_str, [1 x i8]* @p_str, i32 1, i32 1, i8* %img0_data_stream_0_s, i8* %img0_data_stream_0_s)"   --->   Operation 37 'specchannel' 'empty' <Predicate = true> <Delay = 0.00>
ST_8 : Operation 38 [1/1] (0.00ns)   --->   "call void (...)* @_ssdm_op_SpecInterface(i8* %img0_data_stream_0_s, [8 x i8]* @ap_fifo_str, i32 0, i32 0, [1 x i8]* @p_str, i32 0, i32 0, [1 x i8]* @p_str, [1 x i8]* @p_str, [1 x i8]* @p_str, i32 2, i32 2, i32 16, i32 16, [1 x i8]* @p_str, [1 x i8]* @p_str)"   --->   Operation 38 'specinterface' <Predicate = true> <Delay = 0.00>
ST_8 : Operation 39 [1/1] (0.00ns)   --->   "%empty_6 = call i32 (...)* @_ssdm_op_SpecChannel([22 x i8]* @img0_OC_data_stream_1, i32 1, [1 x i8]* @p_str, [1 x i8]* @p_str, i32 1, i32 1, i8* %img0_data_stream_1_s, i8* %img0_data_stream_1_s)"   --->   Operation 39 'specchannel' 'empty_6' <Predicate = true> <Delay = 0.00>
ST_8 : Operation 40 [1/1] (0.00ns)   --->   "call void (...)* @_ssdm_op_SpecInterface(i8* %img0_data_stream_1_s, [8 x i8]* @ap_fifo_str, i32 0, i32 0, [1 x i8]* @p_str, i32 0, i32 0, [1 x i8]* @p_str, [1 x i8]* @p_str, [1 x i8]* @p_str, i32 2, i32 2, i32 16, i32 16, [1 x i8]* @p_str, [1 x i8]* @p_str)"   --->   Operation 40 'specinterface' <Predicate = true> <Delay = 0.00>
ST_8 : Operation 41 [1/1] (0.00ns)   --->   "%empty_7 = call i32 (...)* @_ssdm_op_SpecChannel([22 x i8]* @img0_OC_data_stream_s, i32 1, [1 x i8]* @p_str, [1 x i8]* @p_str, i32 1, i32 1, i8* %img0_data_stream_2_s, i8* %img0_data_stream_2_s)"   --->   Operation 41 'specchannel' 'empty_7' <Predicate = true> <Delay = 0.00>
ST_8 : Operation 42 [1/1] (0.00ns)   --->   "call void (...)* @_ssdm_op_SpecInterface(i8* %img0_data_stream_2_s, [8 x i8]* @ap_fifo_str, i32 0, i32 0, [1 x i8]* @p_str, i32 0, i32 0, [1 x i8]* @p_str, [1 x i8]* @p_str, [1 x i8]* @p_str, i32 2, i32 2, i32 16, i32 16, [1 x i8]* @p_str, [1 x i8]* @p_str)"   --->   Operation 42 'specinterface' <Predicate = true> <Delay = 0.00>
ST_8 : Operation 43 [1/1] (0.00ns)   --->   "%empty_8 = call i32 (...)* @_ssdm_op_SpecChannel([22 x i8]* @img1_OC_data_stream_2, i32 1, [1 x i8]* @p_str, [1 x i8]* @p_str, i32 1, i32 1, i8* %img1_data_stream_0_s, i8* %img1_data_stream_0_s)"   --->   Operation 43 'specchannel' 'empty_8' <Predicate = true> <Delay = 0.00>
ST_8 : Operation 44 [1/1] (0.00ns)   --->   "call void (...)* @_ssdm_op_SpecInterface(i8* %img1_data_stream_0_s, [8 x i8]* @ap_fifo_str, i32 0, i32 0, [1 x i8]* @p_str, i32 0, i32 0, [1 x i8]* @p_str, [1 x i8]* @p_str, [1 x i8]* @p_str, i32 2, i32 2, i32 16, i32 16, [1 x i8]* @p_str, [1 x i8]* @p_str)"   --->   Operation 44 'specinterface' <Predicate = true> <Delay = 0.00>
ST_8 : Operation 45 [1/1] (0.00ns)   --->   "%empty_9 = call i32 (...)* @_ssdm_op_SpecChannel([22 x i8]* @img1_OC_data_stream_1, i32 1, [1 x i8]* @p_str, [1 x i8]* @p_str, i32 1, i32 1, i8* %img1_data_stream_1_s, i8* %img1_data_stream_1_s)"   --->   Operation 45 'specchannel' 'empty_9' <Predicate = true> <Delay = 0.00>
ST_8 : Operation 46 [1/1] (0.00ns)   --->   "call void (...)* @_ssdm_op_SpecInterface(i8* %img1_data_stream_1_s, [8 x i8]* @ap_fifo_str, i32 0, i32 0, [1 x i8]* @p_str, i32 0, i32 0, [1 x i8]* @p_str, [1 x i8]* @p_str, [1 x i8]* @p_str, i32 2, i32 2, i32 16, i32 16, [1 x i8]* @p_str, [1 x i8]* @p_str)"   --->   Operation 46 'specinterface' <Predicate = true> <Delay = 0.00>
ST_8 : Operation 47 [1/1] (0.00ns)   --->   "%empty_10 = call i32 (...)* @_ssdm_op_SpecChannel([22 x i8]* @img1_OC_data_stream_s, i32 1, [1 x i8]* @p_str, [1 x i8]* @p_str, i32 1, i32 1, i8* %img1_data_stream_2_s, i8* %img1_data_stream_2_s)"   --->   Operation 47 'specchannel' 'empty_10' <Predicate = true> <Delay = 0.00>
ST_8 : Operation 48 [1/1] (0.00ns)   --->   "call void (...)* @_ssdm_op_SpecInterface(i8* %img1_data_stream_2_s, [8 x i8]* @ap_fifo_str, i32 0, i32 0, [1 x i8]* @p_str, i32 0, i32 0, [1 x i8]* @p_str, [1 x i8]* @p_str, [1 x i8]* @p_str, i32 2, i32 2, i32 16, i32 16, [1 x i8]* @p_str, [1 x i8]* @p_str)"   --->   Operation 48 'specinterface' <Predicate = true> <Delay = 0.00>
ST_8 : Operation 49 [1/1] (0.00ns)   --->   "call void (...)* @_ssdm_op_SpecInterface(i24* %stream_in_V_data_V, i3* %stream_in_V_keep_V, i3* %stream_in_V_strb_V, i1* %stream_in_V_user_V, i1* %stream_in_V_last_V, i1* %stream_in_V_id_V, i1* %stream_in_V_dest_V, [5 x i8]* @p_str2, i32 1, i32 1, [5 x i8]* @p_str3, i32 0, i32 0, [1 x i8]* @p_str, [1 x i8]* @p_str, [1 x i8]* @p_str, i32 0, i32 0, i32 0, i32 0, [1 x i8]* @p_str, [1 x i8]* @p_str) nounwind" [SubSample/src/subsample.cpp:6]   --->   Operation 49 'specinterface' <Predicate = true> <Delay = 0.00>
ST_8 : Operation 50 [1/1] (0.00ns)   --->   "call void (...)* @_ssdm_op_SpecInterface(i24* %stream_process_V_data_V, i3* %stream_process_V_keep_V, i3* %stream_process_V_strb_V, i1* %stream_process_V_user_V, i1* %stream_process_V_last_V, i1* %stream_process_V_id_V, i1* %stream_process_V_dest_V, [5 x i8]* @p_str2, i32 1, i32 1, [5 x i8]* @p_str3, i32 0, i32 0, [1 x i8]* @p_str, [1 x i8]* @p_str, [1 x i8]* @p_str, i32 0, i32 0, i32 0, i32 0, [1 x i8]* @p_str, [1 x i8]* @p_str) nounwind" [SubSample/src/subsample.cpp:7]   --->   Operation 50 'specinterface' <Predicate = true> <Delay = 0.00>
ST_8 : Operation 51 [1/1] (0.00ns)   --->   "ret void" [SubSample/src/subsample.cpp:61]   --->   Operation 51 'ret' <Predicate = true> <Delay = 0.00>


============================================================
+ Verbose Summary: Timing violations
============================================================
Target clock period: 10ns, clock uncertainty: 1.25ns.

 <State 1>: 0ns
The critical path consists of the following:

 <State 2>: 0ns
The critical path consists of the following:

 <State 3>: 0ns
The critical path consists of the following:

 <State 4>: 0ns
The critical path consists of the following:

 <State 5>: 0ns
The critical path consists of the following:

 <State 6>: 0ns
The critical path consists of the following:

 <State 7>: 0ns
The critical path consists of the following:

 <State 8>: 0ns
The critical path consists of the following:


============================================================
+ Verbose Summary: Binding
============================================================
N/A
* FSMD analyzer results:
  - Output states:
 - Input state : 
  - Chain level:
	State 1
	State 2
	State 3
	State 4
	State 5
	State 6
	State 7
	State 8


============================================================
+ Verbose Summary: Datapath Resource usage 
============================================================
N/A
