

================================================================
== Vivado HLS Report for 'Filter2D'
================================================================
* Date:           Thu Jan 17 15:40:43 2019

* Version:        2018.2.1 (Build 2288704 on Thu Jul 26 18:46:41 MDT 2018)
* Project:        SubSample
* Solution:       solution1
* Product family: zynq
* Target device:  xc7z010clg400-1


================================================================
== Performance Estimates
================================================================
+ Timing (ns): 
    * Summary: 
    +--------+-------+----------+------------+
    |  Clock | Target| Estimated| Uncertainty|
    +--------+-------+----------+------------+
    |ap_clk  |  13.50|    11.192|        1.69|
    +--------+-------+----------+------------+

+ Latency (clock cycles): 
    * Summary: 
    +---------+---------+---------+---------+---------+
    |      Latency      |      Interval     | Pipeline|
    |   min   |   max   |   min   |   max   |   Type  |
    +---------+---------+---------+---------+---------+
    |  1773676|  1773676|  1773676|  1773676|   none  |
    +---------+---------+---------+---------+---------+

    + Detail: 
        * Instance: 
        N/A

        * Loop: 
        +---------------+---------+---------+----------+-----------+-----------+------+----------+
        |               |      Latency      | Iteration|  Initiation Interval  | Trip |          |
        |   Loop Name   |   min   |   max   |  Latency |  achieved |   target  | Count| Pipelined|
        +---------------+---------+---------+----------+-----------+-----------+------+----------+
        |- Loop 1       |        2|        2|         1|          -|          -|     3|    no    |
        |- loop_height  |  1773672|  1773672|      1686|          -|          -|  1052|    no    |
        | + loop_width  |     1683|     1683|         3|          1|          1|  1682|    yes   |
        +---------------+---------+---------+----------+-----------+-----------+------+----------+



================================================================
== Utilization Estimates
================================================================
* Summary: 
+-----------------+---------+-------+-------+-------+
|       Name      | BRAM_18K| DSP48E|   FF  |  LUT  |
+-----------------+---------+-------+-------+-------+
|DSP              |        -|      -|      -|      -|
|Expression       |        -|      -|      0|   1008|
|FIFO             |        -|      -|      -|      -|
|Instance         |        -|      -|      0|    270|
|Memory           |        9|      -|      0|      0|
|Multiplexer      |        -|      -|      -|    228|
|Register         |        -|      -|    580|      -|
+-----------------+---------+-------+-------+-------+
|Total            |        9|      0|    580|   1506|
+-----------------+---------+-------+-------+-------+
|Available        |      120|     80|  35200|  17600|
+-----------------+---------+-------+-------+-------+
|Utilization (%)  |        7|      0|      1|      8|
+-----------------+---------+-------+-------+-------+

+ Detail: 
    * Instance: 
    +--------------------------+----------------------+---------+-------+---+----+
    |         Instance         |        Module        | BRAM_18K| DSP48E| FF| LUT|
    +--------------------------+----------------------+---------+-------+---+----+
    |subsamble_mux_32_ncg_U23  |subsamble_mux_32_ncg  |        0|      0|  0|  15|
    |subsamble_mux_32_ncg_U24  |subsamble_mux_32_ncg  |        0|      0|  0|  15|
    |subsamble_mux_32_ncg_U25  |subsamble_mux_32_ncg  |        0|      0|  0|  15|
    |subsamble_mux_32_ncg_U26  |subsamble_mux_32_ncg  |        0|      0|  0|  15|
    |subsamble_mux_32_ncg_U27  |subsamble_mux_32_ncg  |        0|      0|  0|  15|
    |subsamble_mux_32_ncg_U28  |subsamble_mux_32_ncg  |        0|      0|  0|  15|
    |subsamble_mux_32_ncg_U29  |subsamble_mux_32_ncg  |        0|      0|  0|  15|
    |subsamble_mux_32_ncg_U30  |subsamble_mux_32_ncg  |        0|      0|  0|  15|
    |subsamble_mux_32_ncg_U31  |subsamble_mux_32_ncg  |        0|      0|  0|  15|
    |subsamble_mux_32_ncg_U32  |subsamble_mux_32_ncg  |        0|      0|  0|  15|
    |subsamble_mux_32_ncg_U33  |subsamble_mux_32_ncg  |        0|      0|  0|  15|
    |subsamble_mux_32_ncg_U34  |subsamble_mux_32_ncg  |        0|      0|  0|  15|
    |subsamble_mux_32_ncg_U35  |subsamble_mux_32_ncg  |        0|      0|  0|  15|
    |subsamble_mux_32_ncg_U36  |subsamble_mux_32_ncg  |        0|      0|  0|  15|
    |subsamble_mux_32_ncg_U37  |subsamble_mux_32_ncg  |        0|      0|  0|  15|
    |subsamble_mux_32_ncg_U38  |subsamble_mux_32_ncg  |        0|      0|  0|  15|
    |subsamble_mux_32_ncg_U39  |subsamble_mux_32_ncg  |        0|      0|  0|  15|
    |subsamble_mux_32_ncg_U40  |subsamble_mux_32_ncg  |        0|      0|  0|  15|
    +--------------------------+----------------------+---------+-------+---+----+
    |Total                     |                      |        0|      0|  0| 270|
    +--------------------------+----------------------+---------+-------+---+----+

    * DSP48: 
    N/A

    * Memory: 
    +-----------------+----------------------+---------+---+----+------+-----+------+-------------+
    |      Memory     |        Module        | BRAM_18K| FF| LUT| Words| Bits| Banks| W*Bits*Banks|
    +-----------------+----------------------+---------+---+----+------+-----+------+-------------+
    |k_buf_0_val_3_U  |Filter2D_k_buf_0_eOg  |        1|  0|   0|  1680|    8|     1|        13440|
    |k_buf_0_val_4_U  |Filter2D_k_buf_0_eOg  |        1|  0|   0|  1680|    8|     1|        13440|
    |k_buf_0_val_5_U  |Filter2D_k_buf_0_eOg  |        1|  0|   0|  1680|    8|     1|        13440|
    |k_buf_1_val_3_U  |Filter2D_k_buf_0_eOg  |        1|  0|   0|  1680|    8|     1|        13440|
    |k_buf_1_val_4_U  |Filter2D_k_buf_0_eOg  |        1|  0|   0|  1680|    8|     1|        13440|
    |k_buf_1_val_5_U  |Filter2D_k_buf_0_eOg  |        1|  0|   0|  1680|    8|     1|        13440|
    |k_buf_2_val_3_U  |Filter2D_k_buf_0_eOg  |        1|  0|   0|  1680|    8|     1|        13440|
    |k_buf_2_val_4_U  |Filter2D_k_buf_0_eOg  |        1|  0|   0|  1680|    8|     1|        13440|
    |k_buf_2_val_5_U  |Filter2D_k_buf_0_eOg  |        1|  0|   0|  1680|    8|     1|        13440|
    +-----------------+----------------------+---------+---+----+------+-----+------+-------------+
    |Total            |                      |        9|  0|   0| 15120|   72|     9|       120960|
    +-----------------+----------------------+---------+---+----+------+-----+------+-------------+

    * FIFO: 
    N/A

    * Expression: 
    +-----------------------------------+----------+-------+---+----+------------+------------+
    |           Variable Name           | Operation| DSP48E| FF| LUT| Bitwidth P0| Bitwidth P1|
    +-----------------------------------+----------+-------+---+----+------------+------------+
    |ImagLoc_x_fu_983_p2                |     +    |      0|  0|  12|           2|          12|
    |i_V_fu_631_p2                      |     +    |      0|  0|  13|          11|           1|
    |j_V_fu_961_p2                      |     +    |      0|  0|  13|          11|           1|
    |p_Val2_1_fu_2001_p2                |     +    |      0|  0|   8|           8|           8|
    |p_Val2_3_fu_2108_p2                |     +    |      0|  0|   8|           8|           8|
    |p_Val2_6_fu_2215_p2                |     +    |      0|  0|   8|           8|           8|
    |p_assign_6_0_1_fu_753_p2           |     +    |      0|  0|  12|           3|          12|
    |p_assign_6_0_2_fu_779_p2           |     +    |      0|  0|  12|           3|          12|
    |sum1_fu_1321_p2                    |     +    |      0|  0|   8|          10|          10|
    |sum2_fu_1327_p2                    |     +    |      0|  0|   8|          10|          10|
    |sum3_fu_1568_p2                    |     +    |      0|  0|   8|          10|          10|
    |sum4_fu_1574_p2                    |     +    |      0|  0|   8|          10|          10|
    |sum5_fu_1803_p2                    |     +    |      0|  0|   8|          10|          10|
    |sum_fu_1797_p2                     |     +    |      0|  0|   8|          10|          10|
    |tmp16_fu_2079_p2                   |     +    |      0|  0|  14|          10|          10|
    |tmp17_fu_1580_p2                   |     +    |      0|  0|  15|           9|           9|
    |tmp20_fu_2103_p2                   |     +    |      0|  0|   8|           8|           8|
    |tmp27_fu_2186_p2                   |     +    |      0|  0|  14|          10|          10|
    |tmp28_fu_1809_p2                   |     +    |      0|  0|  15|           9|           9|
    |tmp31_fu_2210_p2                   |     +    |      0|  0|   8|           8|           8|
    |tmp5_fu_1972_p2                    |     +    |      0|  0|  14|          10|          10|
    |tmp6_fu_1333_p2                    |     +    |      0|  0|  15|           9|           9|
    |tmp9_fu_1996_p2                    |     +    |      0|  0|   8|           8|           8|
    |tmp_34_fu_881_p2                   |     +    |      0|  0|  10|           1|           2|
    |tmp_3_fu_683_p2                    |     +    |      0|  0|  12|           2|          12|
    |tmp_6_fu_609_p2                    |     +    |      0|  0|  10|           2|           1|
    |p_Val2_2_fu_1982_p2                |     -    |      0|  0|  13|          11|          11|
    |p_Val2_5_fu_2089_p2                |     -    |      0|  0|  13|          11|          11|
    |p_Val2_s_fu_2196_p2                |     -    |      0|  0|  13|          11|          11|
    |p_assign_1_fu_1023_p2              |     -    |      0|  0|  12|           1|          12|
    |p_assign_2_fu_1043_p2              |     -    |      0|  0|  12|          11|          12|
    |p_assign_7_fu_723_p2               |     -    |      0|  0|  12|           1|          12|
    |p_assign_8_fu_743_p2               |     -    |      0|  0|  12|          12|          12|
    |row_assign_9_0_1_t_fu_875_p2       |     -    |      0|  0|  10|           1|           2|
    |row_assign_9_0_2_t_fu_913_p2       |     -    |      0|  0|  10|           1|           2|
    |row_assign_9_1_0_t_fu_945_p2       |     -    |      0|  0|  10|           1|           2|
    |row_assign_9_fu_837_p2             |     -    |      0|  0|  10|           1|           2|
    |tmp10_fu_1351_p2                   |     -    |      0|  0|  15|           8|           8|
    |tmp18_fu_1592_p2                   |     -    |      0|  0|   8|           8|           8|
    |tmp19_fu_1586_p2                   |     -    |      0|  0|   8|           8|           8|
    |tmp21_fu_1598_p2                   |     -    |      0|  0|  15|           8|           8|
    |tmp29_fu_1821_p2                   |     -    |      0|  0|   8|           8|           8|
    |tmp30_fu_1815_p2                   |     -    |      0|  0|   8|           8|           8|
    |tmp32_fu_1827_p2                   |     -    |      0|  0|  15|           8|           8|
    |tmp7_fu_1345_p2                    |     -    |      0|  0|   8|           8|           8|
    |tmp8_fu_1339_p2                    |     -    |      0|  0|   8|           8|           8|
    |tmp_41_fu_849_p2                   |     -    |      0|  0|  12|           3|           2|
    |tmp_46_fu_919_p2                   |     -    |      0|  0|  12|           3|           2|
    |ap_condition_548                   |    and   |      0|  0|   2|           1|           1|
    |ap_condition_554                   |    and   |      0|  0|   2|           1|           1|
    |ap_condition_62                    |    and   |      0|  0|   2|           1|           1|
    |ap_predicate_op217_read_state5     |    and   |      0|  0|   2|           1|           1|
    |ap_predicate_op229_read_state5     |    and   |      0|  0|   2|           1|           1|
    |or_cond_i412_i_fu_709_p2           |    and   |      0|  0|   2|           1|           1|
    |or_cond_i_fu_1091_p2               |    and   |      0|  0|   2|           1|           1|
    |or_cond_i_i_fu_1009_p2             |    and   |      0|  0|   2|           1|           1|
    |overflow_1_fu_2135_p2              |    and   |      0|  0|   2|           1|           1|
    |overflow_2_fu_2242_p2              |    and   |      0|  0|   2|           1|           1|
    |overflow_fu_2028_p2                |    and   |      0|  0|   2|           1|           1|
    |exitcond1_fu_625_p2                |   icmp   |      0|  0|  13|          11|          11|
    |exitcond_fu_955_p2                 |   icmp   |      0|  0|  13|          11|          10|
    |icmp1_fu_977_p2                    |   icmp   |      0|  0|  13|          10|           1|
    |icmp_fu_659_p2                     |   icmp   |      0|  0|  13|          10|           1|
    |not_i_i_i1_fu_2129_p2              |   icmp   |      0|  0|   9|           3|           1|
    |not_i_i_i2_fu_2236_p2              |   icmp   |      0|  0|   9|           3|           1|
    |not_i_i_i_fu_2022_p2               |   icmp   |      0|  0|   9|           3|           1|
    |tmp_117_0_1_fu_671_p2              |   icmp   |      0|  0|  13|          11|           1|
    |tmp_17_fu_1003_p2                  |   icmp   |      0|  0|  13|          12|          11|
    |tmp_1_fu_637_p2                    |   icmp   |      0|  0|  13|          11|          11|
    |tmp_23_fu_1037_p2                  |   icmp   |      0|  0|  13|          12|          11|
    |tmp_2_fu_677_p2                    |   icmp   |      0|  0|  13|          11|          11|
    |tmp_4_fu_703_p2                    |   icmp   |      0|  0|  13|          12|          11|
    |tmp_7_fu_615_p2                    |   icmp   |      0|  0|   9|           2|           3|
    |tmp_8_fu_737_p2                    |   icmp   |      0|  0|  13|          12|          11|
    |tmp_9_fu_665_p2                    |   icmp   |      0|  0|  13|          11|           1|
    |ap_block_pp0_stage0_01001          |    or    |      0|  0|   2|           1|           1|
    |ap_block_state5_pp0_stage0_iter1   |    or    |      0|  0|   2|           1|           1|
    |ap_block_state6_pp0_stage0_iter2   |    or    |      0|  0|   2|           1|           1|
    |brmerge_fu_1073_p2                 |    or    |      0|  0|   2|           1|           1|
    |tmp_i_i1_73_fu_2149_p2             |    or    |      0|  0|   2|           1|           1|
    |tmp_i_i2_74_fu_2256_p2             |    or    |      0|  0|   2|           1|           1|
    |tmp_i_i_72_fu_2042_p2              |    or    |      0|  0|   2|           1|           1|
    |col_buf_0_val_0_0_fu_1140_p3       |  select  |      0|  0|   8|           1|           8|
    |col_buf_0_val_1_0_fu_1159_p3       |  select  |      0|  0|   8|           1|           8|
    |col_buf_0_val_2_0_fu_1178_p3       |  select  |      0|  0|   8|           1|           8|
    |col_buf_1_val_0_0_fu_1387_p3       |  select  |      0|  0|   8|           1|           8|
    |col_buf_1_val_1_0_fu_1406_p3       |  select  |      0|  0|   8|           1|           8|
    |col_buf_1_val_2_0_fu_1425_p3       |  select  |      0|  0|   8|           1|           8|
    |col_buf_2_val_0_0_fu_1625_p3       |  select  |      0|  0|   8|           1|           8|
    |col_buf_2_val_1_0_fu_1644_p3       |  select  |      0|  0|   8|           1|           8|
    |col_buf_2_val_2_0_fu_1663_p3       |  select  |      0|  0|   8|           1|           8|
    |p_dst_data_stream_0_V_din          |  select  |      0|  0|   8|           1|           8|
    |p_dst_data_stream_1_V_din          |  select  |      0|  0|   8|           1|           8|
    |p_dst_data_stream_2_V_din          |  select  |      0|  0|   8|           1|           8|
    |p_mux_i_i1_cast_fu_2141_p3         |  select  |      0|  0|   2|           1|           2|
    |p_mux_i_i2_cast_fu_2248_p3         |  select  |      0|  0|   2|           1|           2|
    |p_mux_i_i_cast_fu_2034_p3          |  select  |      0|  0|   2|           1|           2|
    |p_p2_i413_i_fu_729_p3              |  select  |      0|  0|  12|           1|          12|
    |p_p2_i_i_fu_1029_p3                |  select  |      0|  0|  12|           1|          12|
    |p_p2_i_i_p_assign_2_fu_1049_p3     |  select  |      0|  0|  12|           1|          12|
    |src_kernel_win_0_va_6_fu_1235_p3   |  select  |      0|  0|   8|           1|           8|
    |src_kernel_win_0_va_7_fu_1253_p3   |  select  |      0|  0|   8|           1|           8|
    |src_kernel_win_0_va_8_fu_1271_p3   |  select  |      0|  0|   8|           1|           8|
    |src_kernel_win_1_va_6_fu_1482_p3   |  select  |      0|  0|   8|           1|           8|
    |src_kernel_win_1_va_7_fu_1500_p3   |  select  |      0|  0|   8|           1|           8|
    |src_kernel_win_1_va_8_fu_1518_p3   |  select  |      0|  0|   8|           1|           8|
    |src_kernel_win_2_va_10_fu_1729_p3  |  select  |      0|  0|   8|           1|           8|
    |src_kernel_win_2_va_11_fu_1747_p3  |  select  |      0|  0|   8|           1|           8|
    |src_kernel_win_2_va_9_fu_1711_p3   |  select  |      0|  0|   8|           1|           8|
    |tmp_32_fu_867_p3                   |  select  |      0|  0|   2|           1|           2|
    |tmp_35_fu_859_p3                   |  select  |      0|  0|   2|           1|           2|
    |tmp_36_fu_905_p3                   |  select  |      0|  0|   2|           1|           2|
    |tmp_38_fu_821_p3                   |  select  |      0|  0|   2|           1|           2|
    |tmp_39_fu_829_p3                   |  select  |      0|  0|   2|           1|           2|
    |tmp_47_fu_925_p3                   |  select  |      0|  0|   2|           1|           2|
    |tmp_49_fu_937_p3                   |  select  |      0|  0|   2|           1|           2|
    |tmp_54_fu_897_p3                   |  select  |      0|  0|   2|           1|           2|
    |x_fu_1057_p3                       |  select  |      0|  0|  12|           1|          12|
    |ap_enable_pp0                      |    xor   |      0|  0|   2|           1|           2|
    |col_assign_2_0_t_fu_1123_p2        |    xor   |      0|  0|   2|           2|           2|
    |rev1_fu_997_p2                     |    xor   |      0|  0|   2|           1|           2|
    |rev_fu_697_p2                      |    xor   |      0|  0|   2|           1|           2|
    |tmp_22_fu_843_p2                   |    xor   |      0|  0|   3|           2|           3|
    |tmp_48_fu_887_p2                   |    xor   |      0|  0|   2|           2|           2|
    |tmp_73_0_0_not_fu_643_p2           |    xor   |      0|  0|   2|           1|           2|
    |tmp_i_i1_fu_2123_p2                |    xor   |      0|  0|   2|           1|           2|
    |tmp_i_i2_fu_2230_p2                |    xor   |      0|  0|   2|           1|           2|
    |tmp_i_i_fu_2016_p2                 |    xor   |      0|  0|   2|           1|           2|
    +-----------------------------------+----------+-------+---+----+------------+------------+
    |Total                              |          |      0|  0|1008|         552|         757|
    +-----------------------------------+----------+-------+---+----+------------+------------+

    * Multiplexer: 
    +-----------------------------+----+-----------+-----+-----------+
    |             Name            | LUT| Input Size| Bits| Total Bits|
    +-----------------------------+----+-----------+-----+-----------+
    |ap_NS_fsm                    |  33|          6|    1|          6|
    |ap_enable_reg_pp0_iter1      |   9|          2|    1|          2|
    |ap_enable_reg_pp0_iter2      |  15|          3|    1|          3|
    |k_buf_0_val_4_d1             |  15|          3|    8|         24|
    |k_buf_0_val_5_d1             |  15|          3|    8|         24|
    |k_buf_1_val_4_d1             |  15|          3|    8|         24|
    |k_buf_1_val_5_d1             |  15|          3|    8|         24|
    |k_buf_2_val_4_d1             |  15|          3|    8|         24|
    |k_buf_2_val_5_d1             |  15|          3|    8|         24|
    |p_dst_data_stream_0_V_blk_n  |   9|          2|    1|          2|
    |p_dst_data_stream_1_V_blk_n  |   9|          2|    1|          2|
    |p_dst_data_stream_2_V_blk_n  |   9|          2|    1|          2|
    |p_src_data_stream_0_V_blk_n  |   9|          2|    1|          2|
    |p_src_data_stream_1_V_blk_n  |   9|          2|    1|          2|
    |p_src_data_stream_2_V_blk_n  |   9|          2|    1|          2|
    |t_V_2_reg_598                |   9|          2|   11|         22|
    |t_V_reg_587                  |   9|          2|   11|         22|
    |tmp_5_reg_576                |   9|          2|    2|          4|
    +-----------------------------+----+-----------+-----+-----------+
    |Total                        | 228|         47|   81|        215|
    +-----------------------------+----+-----------+-----+-----------+

    * Register: 
    +----------------------------------+----+----+-----+-----------+
    |               Name               | FF | LUT| Bits| Const Bits|
    +----------------------------------+----+----+-----+-----------+
    |ap_CS_fsm                         |   5|   0|    5|          0|
    |ap_enable_reg_pp0_iter0           |   1|   0|    1|          0|
    |ap_enable_reg_pp0_iter1           |   1|   0|    1|          0|
    |ap_enable_reg_pp0_iter2           |   1|   0|    1|          0|
    |brmerge_reg_2588                  |   1|   0|    1|          0|
    |exitcond_reg_2570                 |   1|   0|    1|          0|
    |i_V_reg_2505                      |  11|   0|   11|          0|
    |icmp_reg_2519                     |   1|   0|    1|          0|
    |k_buf_0_val_3_addr_reg_2601       |  11|   0|   11|          0|
    |k_buf_0_val_4_addr_reg_2607       |  11|   0|   11|          0|
    |k_buf_0_val_5_addr_reg_2613       |  11|   0|   11|          0|
    |k_buf_1_val_3_addr_reg_2623       |  11|   0|   11|          0|
    |k_buf_1_val_4_addr_reg_2629       |  11|   0|   11|          0|
    |k_buf_1_val_5_addr_reg_2635       |  11|   0|   11|          0|
    |k_buf_2_val_3_addr_reg_2641       |  11|   0|   11|          0|
    |k_buf_2_val_4_addr_reg_2647       |  11|   0|   11|          0|
    |k_buf_2_val_5_addr_reg_2653       |  11|   0|   11|          0|
    |or_cond_i_i_reg_2579              |   1|   0|    1|          0|
    |or_cond_i_reg_2619                |   1|   0|    1|          0|
    |or_cond_i_reg_2619_pp0_iter1_reg  |   1|   0|    1|          0|
    |right_border_buf_0_1_fu_310       |   8|   0|    8|          0|
    |right_border_buf_0_2_fu_318       |   8|   0|    8|          0|
    |right_border_buf_0_3_fu_322       |   8|   0|    8|          0|
    |right_border_buf_0_4_fu_330       |   8|   0|    8|          0|
    |right_border_buf_0_5_fu_334       |   8|   0|    8|          0|
    |right_border_buf_0_s_fu_306       |   8|   0|    8|          0|
    |right_border_buf_1_1_fu_346       |   8|   0|    8|          0|
    |right_border_buf_1_2_fu_354       |   8|   0|    8|          0|
    |right_border_buf_1_3_fu_358       |   8|   0|    8|          0|
    |right_border_buf_1_4_fu_366       |   8|   0|    8|          0|
    |right_border_buf_1_5_fu_370       |   8|   0|    8|          0|
    |right_border_buf_1_s_fu_342       |   8|   0|    8|          0|
    |right_border_buf_2_1_fu_326       |   8|   0|    8|          0|
    |right_border_buf_2_2_fu_338       |   8|   0|    8|          0|
    |right_border_buf_2_3_fu_350       |   8|   0|    8|          0|
    |right_border_buf_2_4_fu_362       |   8|   0|    8|          0|
    |right_border_buf_2_5_fu_374       |   8|   0|    8|          0|
    |right_border_buf_2_s_fu_314       |   8|   0|    8|          0|
    |row_assign_9_0_1_t_reg_2550       |   2|   0|    2|          0|
    |row_assign_9_0_2_t_reg_2557       |   2|   0|    2|          0|
    |row_assign_9_1_0_t_reg_2564       |   2|   0|    2|          0|
    |row_assign_9_reg_2545             |   2|   0|    2|          0|
    |src_kernel_win_0_va_1_fu_238      |   8|   0|    8|          0|
    |src_kernel_win_0_va_2_fu_242      |   8|   0|    8|          0|
    |src_kernel_win_0_va_3_fu_246      |   8|   0|    8|          0|
    |src_kernel_win_0_va_4_fu_250      |   8|   0|    8|          0|
    |src_kernel_win_0_va_5_fu_254      |   8|   0|    8|          0|
    |src_kernel_win_0_va_7_reg_2659    |   8|   0|    8|          0|
    |src_kernel_win_0_va_fu_234        |   8|   0|    8|          0|
    |src_kernel_win_1_va_1_fu_262      |   8|   0|    8|          0|
    |src_kernel_win_1_va_2_fu_266      |   8|   0|    8|          0|
    |src_kernel_win_1_va_3_fu_270      |   8|   0|    8|          0|
    |src_kernel_win_1_va_4_fu_274      |   8|   0|    8|          0|
    |src_kernel_win_1_va_5_fu_278      |   8|   0|    8|          0|
    |src_kernel_win_1_va_7_reg_2685    |   8|   0|    8|          0|
    |src_kernel_win_1_va_fu_258        |   8|   0|    8|          0|
    |src_kernel_win_2_va_10_reg_2711   |   8|   0|    8|          0|
    |src_kernel_win_2_va_1_fu_286      |   8|   0|    8|          0|
    |src_kernel_win_2_va_2_fu_290      |   8|   0|    8|          0|
    |src_kernel_win_2_va_3_fu_294      |   8|   0|    8|          0|
    |src_kernel_win_2_va_4_fu_298      |   8|   0|    8|          0|
    |src_kernel_win_2_va_5_fu_302      |   8|   0|    8|          0|
    |src_kernel_win_2_va_fu_282        |   8|   0|    8|          0|
    |sum2_reg_2665                     |  10|   0|   10|          0|
    |sum4_reg_2691                     |  10|   0|   10|          0|
    |sum5_reg_2717                     |  10|   0|   10|          0|
    |t_V_2_reg_598                     |  11|   0|   11|          0|
    |t_V_reg_587                       |  11|   0|   11|          0|
    |tmp10_reg_2680                    |   8|   0|    8|          0|
    |tmp17_reg_2696                    |   9|   0|    9|          0|
    |tmp18_reg_2701                    |   8|   0|    8|          0|
    |tmp21_reg_2706                    |   8|   0|    8|          0|
    |tmp28_reg_2722                    |   9|   0|    9|          0|
    |tmp29_reg_2727                    |   8|   0|    8|          0|
    |tmp32_reg_2732                    |   8|   0|    8|          0|
    |tmp6_reg_2670                     |   9|   0|    9|          0|
    |tmp7_reg_2675                     |   8|   0|    8|          0|
    |tmp_117_0_1_reg_2528              |   1|   0|    1|          0|
    |tmp_1_reg_2510                    |   1|   0|    1|          0|
    |tmp_2_reg_2532                    |   1|   0|    1|          0|
    |tmp_5_reg_576                     |   2|   0|    2|          0|
    |tmp_67_reg_2583                   |   2|   0|    2|          0|
    |tmp_73_0_0_not_reg_2514           |   1|   0|    1|          0|
    |tmp_9_reg_2524                    |   1|   0|    1|          0|
    +----------------------------------+----+----+-----+-----------+
    |Total                             | 580|   0|  580|          0|
    +----------------------------------+----+----+-----+-----------+



================================================================
== Interface
================================================================
* Summary: 
+-------------------------------+-----+-----+------------+-----------------------+--------------+
|           RTL Ports           | Dir | Bits|  Protocol  |     Source Object     |    C Type    |
+-------------------------------+-----+-----+------------+-----------------------+--------------+
|ap_clk                         |  in |    1| ap_ctrl_hs |        Filter2D       | return value |
|ap_rst                         |  in |    1| ap_ctrl_hs |        Filter2D       | return value |
|ap_start                       |  in |    1| ap_ctrl_hs |        Filter2D       | return value |
|ap_done                        | out |    1| ap_ctrl_hs |        Filter2D       | return value |
|ap_idle                        | out |    1| ap_ctrl_hs |        Filter2D       | return value |
|ap_ready                       | out |    1| ap_ctrl_hs |        Filter2D       | return value |
|p_src_data_stream_0_V_dout     |  in |    8|   ap_fifo  | p_src_data_stream_0_V |    pointer   |
|p_src_data_stream_0_V_empty_n  |  in |    1|   ap_fifo  | p_src_data_stream_0_V |    pointer   |
|p_src_data_stream_0_V_read     | out |    1|   ap_fifo  | p_src_data_stream_0_V |    pointer   |
|p_src_data_stream_1_V_dout     |  in |    8|   ap_fifo  | p_src_data_stream_1_V |    pointer   |
|p_src_data_stream_1_V_empty_n  |  in |    1|   ap_fifo  | p_src_data_stream_1_V |    pointer   |
|p_src_data_stream_1_V_read     | out |    1|   ap_fifo  | p_src_data_stream_1_V |    pointer   |
|p_src_data_stream_2_V_dout     |  in |    8|   ap_fifo  | p_src_data_stream_2_V |    pointer   |
|p_src_data_stream_2_V_empty_n  |  in |    1|   ap_fifo  | p_src_data_stream_2_V |    pointer   |
|p_src_data_stream_2_V_read     | out |    1|   ap_fifo  | p_src_data_stream_2_V |    pointer   |
|p_dst_data_stream_0_V_din      | out |    8|   ap_fifo  | p_dst_data_stream_0_V |    pointer   |
|p_dst_data_stream_0_V_full_n   |  in |    1|   ap_fifo  | p_dst_data_stream_0_V |    pointer   |
|p_dst_data_stream_0_V_write    | out |    1|   ap_fifo  | p_dst_data_stream_0_V |    pointer   |
|p_dst_data_stream_1_V_din      | out |    8|   ap_fifo  | p_dst_data_stream_1_V |    pointer   |
|p_dst_data_stream_1_V_full_n   |  in |    1|   ap_fifo  | p_dst_data_stream_1_V |    pointer   |
|p_dst_data_stream_1_V_write    | out |    1|   ap_fifo  | p_dst_data_stream_1_V |    pointer   |
|p_dst_data_stream_2_V_din      | out |    8|   ap_fifo  | p_dst_data_stream_2_V |    pointer   |
|p_dst_data_stream_2_V_full_n   |  in |    1|   ap_fifo  | p_dst_data_stream_2_V |    pointer   |
|p_dst_data_stream_2_V_write    | out |    1|   ap_fifo  | p_dst_data_stream_2_V |    pointer   |
+-------------------------------+-----+-----+------------+-----------------------+--------------+

