

================================================================
== Vivado HLS Report for 'Not_r'
================================================================
* Date:           Mon Feb  4 10:59:13 2019

* Version:        2018.2.1 (Build 2288704 on Thu Jul 26 18:46:41 MDT 2018)
* Project:        SubSample
* Solution:       solution1
* Product family: zynq
* Target device:  xc7z010clg400-1


================================================================
== Performance Estimates
================================================================
+ Timing (ns): 
    * Summary: 
    +--------+-------+----------+------------+
    |  Clock | Target| Estimated| Uncertainty|
    +--------+-------+----------+------------+
    |ap_clk  |  10.00|     8.258|        1.25|
    +--------+-------+----------+------------+

+ Latency (clock cycles): 
    * Summary: 
    +---------+---------+---------+---------+---------+
    |      Latency      |      Interval     | Pipeline|
    |   min   |   max   |   min   |   max   |   Type  |
    +---------+---------+---------+---------+---------+
    |  1767151|  1767151|  1767151|  1767151|   none  |
    +---------+---------+---------+---------+---------+

    + Detail: 
        * Instance: 
        N/A

        * Loop: 
        +---------------+---------+---------+----------+-----------+-----------+------+----------+
        |               |      Latency      | Iteration|  Initiation Interval  | Trip |          |
        |   Loop Name   |   min   |   max   |  Latency |  achieved |   target  | Count| Pipelined|
        +---------------+---------+---------+----------+-----------+-----------+------+----------+
        |- loop_height  |  1767150|  1767150|      1683|          -|          -|  1050|    no    |
        | + loop_width  |     1680|     1680|         2|          1|          1|  1680|    yes   |
        +---------------+---------+---------+----------+-----------+-----------+------+----------+



================================================================
== Utilization Estimates
================================================================
* Summary: 
+-----------------+---------+-------+-------+-------+
|       Name      | BRAM_18K| DSP48E|   FF  |  LUT  |
+-----------------+---------+-------+-------+-------+
|DSP              |        -|      -|      -|      -|
|Expression       |        -|      -|      0|     86|
|FIFO             |        -|      -|      -|      -|
|Instance         |        -|      -|      -|      -|
|Memory           |        -|      -|      -|      -|
|Multiplexer      |        -|      -|      -|    132|
|Register         |        -|      -|     42|      -|
+-----------------+---------+-------+-------+-------+
|Total            |        0|      0|     42|    218|
+-----------------+---------+-------+-------+-------+
|Available        |      120|     80|  35200|  17600|
+-----------------+---------+-------+-------+-------+
|Utilization (%)  |        0|      0|   ~0  |      1|
+-----------------+---------+-------+-------+-------+

+ Detail: 
    * Instance: 
    N/A

    * DSP48: 
    N/A

    * Memory: 
    N/A

    * FIFO: 
    N/A

    * Expression: 
    +----------------------------------+----------+-------+---+----+------------+------------+
    |           Variable Name          | Operation| DSP48E| FF| LUT| Bitwidth P0| Bitwidth P1|
    +----------------------------------+----------+-------+---+----+------------+------------+
    |i_V_fu_131_p2                     |     +    |      0|  0|  13|          11|           1|
    |j_V_fu_143_p2                     |     +    |      0|  0|  13|          11|           1|
    |ap_block_pp0_stage0_01001         |    and   |      0|  0|   2|           1|           1|
    |exitcond1_i_fu_125_p2             |   icmp   |      0|  0|  13|          11|          11|
    |exitcond_i_fu_137_p2              |   icmp   |      0|  0|  13|          11|          10|
    |ap_block_state1                   |    or    |      0|  0|   2|           1|           1|
    |ap_block_state4_pp0_stage0_iter1  |    or    |      0|  0|   2|           1|           1|
    |ap_enable_pp0                     |    xor   |      0|  0|   2|           1|           2|
    |ap_enable_reg_pp0_iter1           |    xor   |      0|  0|   2|           2|           1|
    |dst_data_stream_0_V_din           |    xor   |      0|  0|   8|           8|           2|
    |dst_data_stream_1_V_din           |    xor   |      0|  0|   8|           8|           2|
    |dst_data_stream_2_V_din           |    xor   |      0|  0|   8|           8|           2|
    +----------------------------------+----------+-------+---+----+------------+------------+
    |Total                             |          |      0|  0|  86|          74|          35|
    +----------------------------------+----------+-------+---+----+------------+------------+

    * Multiplexer: 
    +---------------------------+----+-----------+-----+-----------+
    |            Name           | LUT| Input Size| Bits| Total Bits|
    +---------------------------+----+-----------+-----+-----------+
    |ap_NS_fsm                  |  27|          5|    1|          5|
    |ap_done                    |   9|          2|    1|          2|
    |ap_enable_reg_pp0_iter1    |  15|          3|    1|          3|
    |dst_data_stream_0_V_blk_n  |   9|          2|    1|          2|
    |dst_data_stream_1_V_blk_n  |   9|          2|    1|          2|
    |dst_data_stream_2_V_blk_n  |   9|          2|    1|          2|
    |real_start                 |   9|          2|    1|          2|
    |src_data_stream_0_V_blk_n  |   9|          2|    1|          2|
    |src_data_stream_1_V_blk_n  |   9|          2|    1|          2|
    |src_data_stream_2_V_blk_n  |   9|          2|    1|          2|
    |t_V_1_reg_114              |   9|          2|   11|         22|
    |t_V_reg_103                |   9|          2|   11|         22|
    +---------------------------+----+-----------+-----+-----------+
    |Total                      | 132|         28|   32|         68|
    +---------------------------+----+-----------+-----+-----------+

    * Register: 
    +-------------------------+----+----+-----+-----------+
    |           Name          | FF | LUT| Bits| Const Bits|
    +-------------------------+----+----+-----+-----------+
    |ap_CS_fsm                |   4|   0|    4|          0|
    |ap_done_reg              |   1|   0|    1|          0|
    |ap_enable_reg_pp0_iter0  |   1|   0|    1|          0|
    |ap_enable_reg_pp0_iter1  |   1|   0|    1|          0|
    |exitcond_i_reg_179       |   1|   0|    1|          0|
    |i_V_reg_174              |  11|   0|   11|          0|
    |start_once_reg           |   1|   0|    1|          0|
    |t_V_1_reg_114            |  11|   0|   11|          0|
    |t_V_reg_103              |  11|   0|   11|          0|
    +-------------------------+----+----+-----+-----------+
    |Total                    |  42|   0|   42|          0|
    +-------------------------+----+----+-----+-----------+



================================================================
== Interface
================================================================
* Summary: 
+-----------------------------+-----+-----+------------+---------------------+--------------+
|          RTL Ports          | Dir | Bits|  Protocol  |    Source Object    |    C Type    |
+-----------------------------+-----+-----+------------+---------------------+--------------+
|ap_clk                       |  in |    1| ap_ctrl_hs |         Not         | return value |
|ap_rst                       |  in |    1| ap_ctrl_hs |         Not         | return value |
|ap_start                     |  in |    1| ap_ctrl_hs |         Not         | return value |
|start_full_n                 |  in |    1| ap_ctrl_hs |         Not         | return value |
|ap_done                      | out |    1| ap_ctrl_hs |         Not         | return value |
|ap_continue                  |  in |    1| ap_ctrl_hs |         Not         | return value |
|ap_idle                      | out |    1| ap_ctrl_hs |         Not         | return value |
|ap_ready                     | out |    1| ap_ctrl_hs |         Not         | return value |
|start_out                    | out |    1| ap_ctrl_hs |         Not         | return value |
|start_write                  | out |    1| ap_ctrl_hs |         Not         | return value |
|src_data_stream_0_V_dout     |  in |    8|   ap_fifo  | src_data_stream_0_V |    pointer   |
|src_data_stream_0_V_empty_n  |  in |    1|   ap_fifo  | src_data_stream_0_V |    pointer   |
|src_data_stream_0_V_read     | out |    1|   ap_fifo  | src_data_stream_0_V |    pointer   |
|src_data_stream_1_V_dout     |  in |    8|   ap_fifo  | src_data_stream_1_V |    pointer   |
|src_data_stream_1_V_empty_n  |  in |    1|   ap_fifo  | src_data_stream_1_V |    pointer   |
|src_data_stream_1_V_read     | out |    1|   ap_fifo  | src_data_stream_1_V |    pointer   |
|src_data_stream_2_V_dout     |  in |    8|   ap_fifo  | src_data_stream_2_V |    pointer   |
|src_data_stream_2_V_empty_n  |  in |    1|   ap_fifo  | src_data_stream_2_V |    pointer   |
|src_data_stream_2_V_read     | out |    1|   ap_fifo  | src_data_stream_2_V |    pointer   |
|dst_data_stream_0_V_din      | out |    8|   ap_fifo  | dst_data_stream_0_V |    pointer   |
|dst_data_stream_0_V_full_n   |  in |    1|   ap_fifo  | dst_data_stream_0_V |    pointer   |
|dst_data_stream_0_V_write    | out |    1|   ap_fifo  | dst_data_stream_0_V |    pointer   |
|dst_data_stream_1_V_din      | out |    8|   ap_fifo  | dst_data_stream_1_V |    pointer   |
|dst_data_stream_1_V_full_n   |  in |    1|   ap_fifo  | dst_data_stream_1_V |    pointer   |
|dst_data_stream_1_V_write    | out |    1|   ap_fifo  | dst_data_stream_1_V |    pointer   |
|dst_data_stream_2_V_din      | out |    8|   ap_fifo  | dst_data_stream_2_V |    pointer   |
|dst_data_stream_2_V_full_n   |  in |    1|   ap_fifo  | dst_data_stream_2_V |    pointer   |
|dst_data_stream_2_V_write    | out |    1|   ap_fifo  | dst_data_stream_2_V |    pointer   |
+-----------------------------+-----+-----+------------+---------------------+--------------+

