

================================================================
== Vivado HLS Report for 'toplevel'
================================================================
* Date:           Mon Mar  4 15:13:15 2019

* Version:        2018.2.1 (Build 2288704 on Thu Jul 26 18:46:41 MDT 2018)
* Project:        modeComputer
* Solution:       solution1
* Product family: zynq
* Target device:  xc7z010clg400-1


================================================================
== Performance Estimates
================================================================
+ Timing (ns): 
    * Summary: 
    +--------+-------+----------+------------+
    |  Clock | Target| Estimated| Uncertainty|
    +--------+-------+----------+------------+
    |ap_clk  |   7.50|     8.059|        0.94|
    +--------+-------+----------+------------+

+ Latency (clock cycles): 
    * Summary: 
    +-----+------------+-----+------------+---------+
    |      Latency     |     Interval     | Pipeline|
    | min |     max    | min |     max    |   Type  |
    +-----+------------+-----+------------+---------+
    |   17|  1073741841|   17|  1073741841|   none  |
    +-----+------------+-----+------------+---------+

    + Detail: 
        * Instance: 
        N/A

        * Loop: 
        +--------------------------+-----+------------+----------+-----------+-----------+----------------+----------+
        |                          |      Latency     | Iteration|  Initiation Interval  |      Trip      |          |
        |         Loop Name        | min |     max    |  Latency |  achieved |   target  |      Count     | Pipelined|
        +--------------------------+-----+------------+----------+-----------+-----------+----------------+----------+
        |- memcpy.sectionData.ram  |    0|  1073741824|         3|          1|          1| 0 ~ 1073741823 |    yes   |
        |- mainXLoop_mainYLoop     |    0|           0|  11 ~ 14 |          -|          -|               0|    no    |
        | + visitedLoop            |    3|           3|         4|          3|          1|               0|    yes   |
        | + freqXLoop_freqYLoop    |    0|           0|         5|          1|          1|               0|    yes   |
        +--------------------------+-----+------------+----------+-----------+-----------+----------------+----------+

============================================================
+ Verbose Summary: Synthesis Manager
============================================================
InlineROM: 1
ExposeGlobal: 0
============================================================
+ Verbose Summary: CDFG Model
============================================================
IsTopModel: 1
ResetActiveHigh: 1
IsCombinational: 0
IsDatapathOnly: 0
HasWiredReturn: 2
HasMFsm: 0
HasVarLatency: 1
IsPipeline: 0
IsRtlPipelined: 0
IsInstanceOverlapped: 0
IsDontTouch: 0
HasImplIP: 0
IsGatedGlobalClock: 0

+ Individual pipeline summary: 
  * Pipeline-0: initiation interval (II) = 1, depth = 3
  * Pipeline-1: initiation interval (II) = 3, depth = 4
  * Pipeline-2: initiation interval (II) = 1, depth = 5


============================================================
+ Verbose Summary: Schedule
============================================================
* Number of FSM states : 38
* Pipeline : 3
  Pipeline-0 : II = 1, D = 3, States = { 13 14 15 }
  Pipeline-1 : II = 3, D = 4, States = { 24 25 26 27 }
  Pipeline-2 : II = 1, D = 5, States = { 31 32 33 34 35 }
* Dataflow Pipeline: 0

* FSM state transitions: 
1 --> 
	2  / true
2 --> 
	3  / true
3 --> 
	4  / true
4 --> 
	5  / true
5 --> 
	6  / true
6 --> 
	7  / true
7 --> 
	8  / true
8 --> 
	9  / true
9 --> 
	10  / true
10 --> 
	11  / true
11 --> 
	12  / true
12 --> 
	13  / true
13 --> 
	16  / (exitcond)
	14  / (!exitcond)
14 --> 
	15  / true
15 --> 
	13  / true
16 --> 
	17  / true
17 --> 
	18  / true
18 --> 
	19  / true
19 --> 
	20  / (!exitcond_flatten1)
	38  / (exitcond_flatten1)
20 --> 
	21  / true
21 --> 
	22  / true
22 --> 
	23  / true
23 --> 
	24  / true
24 --> 
	25  / true
25 --> 
	26  / true
26 --> 
	27  / true
27 --> 
	28  / (tmp_i & val_assign)
	29  / (!tmp_i)
	24  / (tmp_i & !val_assign)
28 --> 
	37  / true
29 --> 
	30  / true
30 --> 
	31  / true
31 --> 
	36  / (exitcond_flatten)
	32  / (!exitcond_flatten)
32 --> 
	33  / true
33 --> 
	34  / true
34 --> 
	35  / true
35 --> 
	31  / true
36 --> 
	37  / true
37 --> 
	19  / true
38 --> 

* FSM state operations: 

State 1 <SV = 0> <Delay = 1.00>
ST_1 : Operation 39 [1/1] (1.00ns)   --->   "%ram_read = call i32 @_ssdm_op_Read.s_axilite.i32(i32 %ram)"   --->   Operation 39 'read' 'ram_read' <Predicate = true> <Delay = 1.00> <Core = "s_axilite">   --->   Core 10 's_axilite' <Latency = 0> <II = 1> <Delay = 1.00> <Adapter> <Opcode : 'read' 'write'>
ST_1 : Operation 40 [1/1] (0.00ns)   --->   "%ram1 = call i30 @_ssdm_op_PartSelect.i30.i32.i32.i32(i32 %ram_read, i32 2, i32 31)"   --->   Operation 40 'partselect' 'ram1' <Predicate = true> <Delay = 0.00>
ST_1 : Operation 41 [2/2] (1.00ns)   --->   "%length_read = call i32 @_ssdm_op_Read.s_axilite.i32P(i32* %length_r)" [modeComputer/src/toplevel.cpp:78]   --->   Operation 41 'read' 'length_read' <Predicate = true> <Delay = 1.00> <Core = "s_axilite">   --->   Core 10 's_axilite' <Latency = 0> <II = 1> <Delay = 1.00> <Adapter> <Opcode : 'read' 'write'>
ST_1 : Operation 42 [2/2] (1.00ns)   --->   "%height_read = call i32 @_ssdm_op_Read.s_axilite.i32P(i32* %height)" [modeComputer/src/toplevel.cpp:78]   --->   Operation 42 'read' 'height_read' <Predicate = true> <Delay = 1.00> <Core = "s_axilite">   --->   Core 10 's_axilite' <Latency = 0> <II = 1> <Delay = 1.00> <Adapter> <Opcode : 'read' 'write'>

State 2 <SV = 1> <Delay = 3.55>
ST_2 : Operation 43 [1/2] (1.00ns)   --->   "%length_read = call i32 @_ssdm_op_Read.s_axilite.i32P(i32* %length_r)" [modeComputer/src/toplevel.cpp:78]   --->   Operation 43 'read' 'length_read' <Predicate = true> <Delay = 1.00> <Core = "s_axilite">   --->   Core 10 's_axilite' <Latency = 0> <II = 1> <Delay = 1.00> <Adapter> <Opcode : 'read' 'write'>
ST_2 : Operation 44 [1/2] (1.00ns)   --->   "%height_read = call i32 @_ssdm_op_Read.s_axilite.i32P(i32* %height)" [modeComputer/src/toplevel.cpp:78]   --->   Operation 44 'read' 'height_read' <Predicate = true> <Delay = 1.00> <Core = "s_axilite">   --->   Core 10 's_axilite' <Latency = 0> <II = 1> <Delay = 1.00> <Adapter> <Opcode : 'read' 'write'>
ST_2 : Operation 45 [1/1] (0.00ns) (grouped into LUT with out node tmp)   --->   "%tmp_8 = shl i32 %length_read, 2" [modeComputer/src/toplevel.cpp:78]   --->   Operation 45 'shl' 'tmp_8' <Predicate = true> <Delay = 0.00>
ST_2 : Operation 46 [1/1] (2.55ns) (out node of the LUT)   --->   "%tmp = sub i32 %tmp_8, %length_read" [modeComputer/src/toplevel.cpp:78]   --->   Operation 46 'sub' 'tmp' <Predicate = true> <Delay = 2.55> <Core = "AddSub">   --->   Core 14 'AddSub' <Latency = 0> <II = 1> <Delay = 2.55> <FuncUnit> <Opcode : 'add' 'sub'> <InPorts = 2> <OutPorts = 1>

State 3 <SV = 2> <Delay = 5.74>
ST_3 : Operation 47 [3/3] (5.74ns)   --->   "%tmp_7 = mul i32 %tmp, %height_read" [modeComputer/src/toplevel.cpp:78]   --->   Operation 47 'mul' 'tmp_7' <Predicate = true> <Delay = 5.74> <Core = "MulnS">   --->   Core 17 'MulnS' <Latency = 2> <II = 1> <Delay = 5.74> <FuncUnit> <Opcode : 'mul'> <InPorts = 2> <OutPorts = 1>

State 4 <SV = 3> <Delay = 5.74>
ST_4 : Operation 48 [2/3] (5.74ns)   --->   "%tmp_7 = mul i32 %tmp, %height_read" [modeComputer/src/toplevel.cpp:78]   --->   Operation 48 'mul' 'tmp_7' <Predicate = true> <Delay = 5.74> <Core = "MulnS">   --->   Core 17 'MulnS' <Latency = 2> <II = 1> <Delay = 5.74> <FuncUnit> <Opcode : 'mul'> <InPorts = 2> <OutPorts = 1>

State 5 <SV = 4> <Delay = 5.74>
ST_5 : Operation 49 [1/3] (5.74ns)   --->   "%tmp_7 = mul i32 %tmp, %height_read" [modeComputer/src/toplevel.cpp:78]   --->   Operation 49 'mul' 'tmp_7' <Predicate = true> <Delay = 5.74> <Core = "MulnS">   --->   Core 17 'MulnS' <Latency = 2> <II = 1> <Delay = 5.74> <FuncUnit> <Opcode : 'mul'> <InPorts = 2> <OutPorts = 1>
ST_5 : Operation 50 [1/1] (0.00ns)   --->   "%tmp_9 = trunc i32 %tmp_7 to i30" [modeComputer/src/toplevel.cpp:78]   --->   Operation 50 'trunc' 'tmp_9' <Predicate = true> <Delay = 0.00>

State 6 <SV = 5> <Delay = 6.56>
ST_6 : Operation 51 [1/1] (0.00ns)   --->   "%tmp_1 = zext i30 %ram1 to i64"   --->   Operation 51 'zext' 'tmp_1' <Predicate = true> <Delay = 0.00>
ST_6 : Operation 52 [1/1] (0.00ns)   --->   "%MAXI_addr = getelementptr i32* %MAXI, i64 %tmp_1"   --->   Operation 52 'getelementptr' 'MAXI_addr' <Predicate = true> <Delay = 0.00>
ST_6 : Operation 53 [1/1] (0.00ns)   --->   "%p_add_i32_shr_cast8 = zext i30 %tmp_9 to i32" [modeComputer/src/toplevel.cpp:78]   --->   Operation 53 'zext' 'p_add_i32_shr_cast8' <Predicate = true> <Delay = 0.00>
ST_6 : Operation 54 [7/7] (6.56ns)   --->   "%MAXI_addr_rd_req = call i1 @_ssdm_op_ReadReq.m_axi.i32P(i32* %MAXI_addr, i32 %p_add_i32_shr_cast8)" [modeComputer/src/toplevel.cpp:78]   --->   Operation 54 'readreq' 'MAXI_addr_rd_req' <Predicate = true> <Delay = 6.56> <Core = "m_axi">   --->   Core 9 'm_axi' <Latency = 6> <II = 1> <Delay = 1.00> <Adapter> <Opcode : 'read' 'write' 'readreq' 'writereq' 'writeresp'>

State 7 <SV = 6> <Delay = 6.56>
ST_7 : Operation 55 [6/7] (6.56ns)   --->   "%MAXI_addr_rd_req = call i1 @_ssdm_op_ReadReq.m_axi.i32P(i32* %MAXI_addr, i32 %p_add_i32_shr_cast8)" [modeComputer/src/toplevel.cpp:78]   --->   Operation 55 'readreq' 'MAXI_addr_rd_req' <Predicate = true> <Delay = 6.56> <Core = "m_axi">   --->   Core 9 'm_axi' <Latency = 6> <II = 1> <Delay = 1.00> <Adapter> <Opcode : 'read' 'write' 'readreq' 'writereq' 'writeresp'>

State 8 <SV = 7> <Delay = 6.56>
ST_8 : Operation 56 [5/7] (6.56ns)   --->   "%MAXI_addr_rd_req = call i1 @_ssdm_op_ReadReq.m_axi.i32P(i32* %MAXI_addr, i32 %p_add_i32_shr_cast8)" [modeComputer/src/toplevel.cpp:78]   --->   Operation 56 'readreq' 'MAXI_addr_rd_req' <Predicate = true> <Delay = 6.56> <Core = "m_axi">   --->   Core 9 'm_axi' <Latency = 6> <II = 1> <Delay = 1.00> <Adapter> <Opcode : 'read' 'write' 'readreq' 'writereq' 'writeresp'>

State 9 <SV = 8> <Delay = 6.56>
ST_9 : Operation 57 [4/7] (6.56ns)   --->   "%MAXI_addr_rd_req = call i1 @_ssdm_op_ReadReq.m_axi.i32P(i32* %MAXI_addr, i32 %p_add_i32_shr_cast8)" [modeComputer/src/toplevel.cpp:78]   --->   Operation 57 'readreq' 'MAXI_addr_rd_req' <Predicate = true> <Delay = 6.56> <Core = "m_axi">   --->   Core 9 'm_axi' <Latency = 6> <II = 1> <Delay = 1.00> <Adapter> <Opcode : 'read' 'write' 'readreq' 'writereq' 'writeresp'>

State 10 <SV = 9> <Delay = 6.56>
ST_10 : Operation 58 [3/7] (6.56ns)   --->   "%MAXI_addr_rd_req = call i1 @_ssdm_op_ReadReq.m_axi.i32P(i32* %MAXI_addr, i32 %p_add_i32_shr_cast8)" [modeComputer/src/toplevel.cpp:78]   --->   Operation 58 'readreq' 'MAXI_addr_rd_req' <Predicate = true> <Delay = 6.56> <Core = "m_axi">   --->   Core 9 'm_axi' <Latency = 6> <II = 1> <Delay = 1.00> <Adapter> <Opcode : 'read' 'write' 'readreq' 'writereq' 'writeresp'>

State 11 <SV = 10> <Delay = 6.56>
ST_11 : Operation 59 [2/2] (1.00ns)   --->   "call void @_ssdm_op_Write.s_axilite.i32P(i32* %version, i32 1)" [modeComputer/src/toplevel.cpp:76]   --->   Operation 59 'write' <Predicate = true> <Delay = 1.00> <Core = "s_axilite">   --->   Core 10 's_axilite' <Latency = 0> <II = 1> <Delay = 1.00> <Adapter> <Opcode : 'read' 'write'>
ST_11 : Operation 60 [2/7] (6.56ns)   --->   "%MAXI_addr_rd_req = call i1 @_ssdm_op_ReadReq.m_axi.i32P(i32* %MAXI_addr, i32 %p_add_i32_shr_cast8)" [modeComputer/src/toplevel.cpp:78]   --->   Operation 60 'readreq' 'MAXI_addr_rd_req' <Predicate = true> <Delay = 6.56> <Core = "m_axi">   --->   Core 9 'm_axi' <Latency = 6> <II = 1> <Delay = 1.00> <Adapter> <Opcode : 'read' 'write' 'readreq' 'writereq' 'writeresp'>

State 12 <SV = 11> <Delay = 6.56>
ST_12 : Operation 61 [1/1] (0.00ns)   --->   "call void (...)* @_ssdm_op_SpecBitsMap(i32* %MAXI), !map !104"   --->   Operation 61 'specbitsmap' <Predicate = true> <Delay = 0.00>
ST_12 : Operation 62 [1/1] (0.00ns)   --->   "call void (...)* @_ssdm_op_SpecBitsMap(i32* %length_r) nounwind, !map !108"   --->   Operation 62 'specbitsmap' <Predicate = true> <Delay = 0.00>
ST_12 : Operation 63 [1/1] (0.00ns)   --->   "call void (...)* @_ssdm_op_SpecBitsMap(i32* %height) nounwind, !map !112"   --->   Operation 63 'specbitsmap' <Predicate = true> <Delay = 0.00>
ST_12 : Operation 64 [1/1] (0.00ns)   --->   "call void (...)* @_ssdm_op_SpecBitsMap(i32* %r) nounwind, !map !116"   --->   Operation 64 'specbitsmap' <Predicate = true> <Delay = 0.00>
ST_12 : Operation 65 [1/1] (0.00ns)   --->   "call void (...)* @_ssdm_op_SpecBitsMap(i32* %g) nounwind, !map !120"   --->   Operation 65 'specbitsmap' <Predicate = true> <Delay = 0.00>
ST_12 : Operation 66 [1/1] (0.00ns)   --->   "call void (...)* @_ssdm_op_SpecBitsMap(i32* %b) nounwind, !map !124"   --->   Operation 66 'specbitsmap' <Predicate = true> <Delay = 0.00>
ST_12 : Operation 67 [1/1] (0.00ns)   --->   "call void (...)* @_ssdm_op_SpecBitsMap(i32* %version) nounwind, !map !128"   --->   Operation 67 'specbitsmap' <Predicate = true> <Delay = 0.00>
ST_12 : Operation 68 [1/1] (0.00ns)   --->   "call void (...)* @_ssdm_op_SpecBitsMap(i32 0) nounwind, !map !132"   --->   Operation 68 'specbitsmap' <Predicate = true> <Delay = 0.00>
ST_12 : Operation 69 [1/1] (0.00ns)   --->   "call void (...)* @_ssdm_op_SpecTopModule([9 x i8]* @toplevel_str) nounwind"   --->   Operation 69 'spectopmodule' <Predicate = true> <Delay = 0.00>
ST_12 : Operation 70 [1/1] (0.00ns)   --->   "call void (...)* @_ssdm_op_SpecInterface(i32* %MAXI, [6 x i8]* @p_str5, i32 0, i32 0, [1 x i8]* @p_str2, i32 0, i32 0, [5 x i8]* @p_str6, [6 x i8]* @p_str7, [1 x i8]* @p_str2, i32 16, i32 16, i32 16, i32 16, [1 x i8]* @p_str2, [1 x i8]* @p_str2) nounwind" [modeComputer/src/toplevel.cpp:67]   --->   Operation 70 'specinterface' <Predicate = true> <Delay = 0.00>
ST_12 : Operation 71 [1/1] (0.00ns)   --->   "call void (...)* @_ssdm_op_SpecInterface(i32 %ram, [10 x i8]* @mode, i32 0, i32 0, [1 x i8]* @p_str2, i32 0, i32 0, [1 x i8]* @bundle, [6 x i8]* @p_str7, [1 x i8]* @p_str2, i32 16, i32 16, i32 16, i32 16, [1 x i8]* @p_str2, [1 x i8]* @p_str2) nounwind" [modeComputer/src/toplevel.cpp:67]   --->   Operation 71 'specinterface' <Predicate = true> <Delay = 0.00>
ST_12 : Operation 72 [1/1] (0.00ns)   --->   "call void (...)* @_ssdm_op_SpecInterface(i32* %length_r, [10 x i8]* @p_str8, i32 1, i32 1, [1 x i8]* @p_str2, i32 0, i32 0, [9 x i8]* @p_str9, [1 x i8]* @p_str2, [1 x i8]* @p_str2, i32 0, i32 0, i32 0, i32 0, [1 x i8]* @p_str2, [1 x i8]* @p_str2) nounwind" [modeComputer/src/toplevel.cpp:68]   --->   Operation 72 'specinterface' <Predicate = true> <Delay = 0.00>
ST_12 : Operation 73 [1/1] (0.00ns)   --->   "call void (...)* @_ssdm_op_SpecInterface(i32* %height, [10 x i8]* @p_str8, i32 1, i32 1, [1 x i8]* @p_str2, i32 0, i32 0, [9 x i8]* @p_str9, [1 x i8]* @p_str2, [1 x i8]* @p_str2, i32 0, i32 0, i32 0, i32 0, [1 x i8]* @p_str2, [1 x i8]* @p_str2) nounwind" [modeComputer/src/toplevel.cpp:69]   --->   Operation 73 'specinterface' <Predicate = true> <Delay = 0.00>
ST_12 : Operation 74 [1/1] (0.00ns)   --->   "call void (...)* @_ssdm_op_SpecInterface(i32* %r, [10 x i8]* @p_str8, i32 1, i32 1, [1 x i8]* @p_str2, i32 0, i32 0, [9 x i8]* @p_str9, [1 x i8]* @p_str2, [1 x i8]* @p_str2, i32 0, i32 0, i32 0, i32 0, [1 x i8]* @p_str2, [1 x i8]* @p_str2) nounwind" [modeComputer/src/toplevel.cpp:70]   --->   Operation 74 'specinterface' <Predicate = true> <Delay = 0.00>
ST_12 : Operation 75 [1/1] (0.00ns)   --->   "call void (...)* @_ssdm_op_SpecInterface(i32* %g, [10 x i8]* @p_str8, i32 1, i32 1, [1 x i8]* @p_str2, i32 0, i32 0, [9 x i8]* @p_str9, [1 x i8]* @p_str2, [1 x i8]* @p_str2, i32 0, i32 0, i32 0, i32 0, [1 x i8]* @p_str2, [1 x i8]* @p_str2) nounwind" [modeComputer/src/toplevel.cpp:71]   --->   Operation 75 'specinterface' <Predicate = true> <Delay = 0.00>
ST_12 : Operation 76 [1/1] (0.00ns)   --->   "call void (...)* @_ssdm_op_SpecInterface(i32* %b, [10 x i8]* @p_str8, i32 1, i32 1, [1 x i8]* @p_str2, i32 0, i32 0, [9 x i8]* @p_str9, [1 x i8]* @p_str2, [1 x i8]* @p_str2, i32 0, i32 0, i32 0, i32 0, [1 x i8]* @p_str2, [1 x i8]* @p_str2) nounwind" [modeComputer/src/toplevel.cpp:72]   --->   Operation 76 'specinterface' <Predicate = true> <Delay = 0.00>
ST_12 : Operation 77 [1/1] (0.00ns)   --->   "call void (...)* @_ssdm_op_SpecInterface(i32* %version, [10 x i8]* @p_str8, i32 1, i32 1, [1 x i8]* @p_str2, i32 0, i32 0, [9 x i8]* @p_str9, [1 x i8]* @p_str2, [1 x i8]* @p_str2, i32 0, i32 0, i32 0, i32 0, [1 x i8]* @p_str2, [1 x i8]* @p_str2) nounwind" [modeComputer/src/toplevel.cpp:73]   --->   Operation 77 'specinterface' <Predicate = true> <Delay = 0.00>
ST_12 : Operation 78 [1/1] (0.00ns)   --->   "call void (...)* @_ssdm_op_SpecInterface(i32 0, [10 x i8]* @p_str8, i32 1, i32 1, [1 x i8]* @p_str2, i32 0, i32 0, [9 x i8]* @p_str9, [1 x i8]* @p_str2, [1 x i8]* @p_str2, i32 0, i32 0, i32 0, i32 0, [1 x i8]* @p_str2, [1 x i8]* @p_str2) nounwind" [modeComputer/src/toplevel.cpp:74]   --->   Operation 78 'specinterface' <Predicate = true> <Delay = 0.00>
ST_12 : Operation 79 [1/2] (1.00ns)   --->   "call void @_ssdm_op_Write.s_axilite.i32P(i32* %version, i32 1)" [modeComputer/src/toplevel.cpp:76]   --->   Operation 79 'write' <Predicate = true> <Delay = 1.00> <Core = "s_axilite">   --->   Core 10 's_axilite' <Latency = 0> <II = 1> <Delay = 1.00> <Adapter> <Opcode : 'read' 'write'>
ST_12 : Operation 80 [1/7] (6.56ns)   --->   "%MAXI_addr_rd_req = call i1 @_ssdm_op_ReadReq.m_axi.i32P(i32* %MAXI_addr, i32 %p_add_i32_shr_cast8)" [modeComputer/src/toplevel.cpp:78]   --->   Operation 80 'readreq' 'MAXI_addr_rd_req' <Predicate = true> <Delay = 6.56> <Core = "m_axi">   --->   Core 9 'm_axi' <Latency = 6> <II = 1> <Delay = 1.00> <Adapter> <Opcode : 'read' 'write' 'readreq' 'writereq' 'writeresp'>
ST_12 : Operation 81 [1/1] (1.76ns)   --->   "br label %burst.rd.header"   --->   Operation 81 'br' <Predicate = true> <Delay = 1.76>

State 13 <SV = 12> <Delay = 2.49>
ST_13 : Operation 82 [1/1] (0.00ns)   --->   "%indvar = phi i30 [ 0, %0 ], [ %indvar_next, %burst.rd.body ]"   --->   Operation 82 'phi' 'indvar' <Predicate = true> <Delay = 0.00>
ST_13 : Operation 83 [1/1] (2.46ns)   --->   "%exitcond = icmp eq i30 %indvar, %tmp_9" [modeComputer/src/toplevel.cpp:78]   --->   Operation 83 'icmp' 'exitcond' <Predicate = true> <Delay = 2.46> <Core = "Cmp">   --->   Core 25 'Cmp' <Latency = 0> <II = 1> <Delay = 1.99> <FuncUnit> <Opcode : 'icmp'> <InPorts = 2> <OutPorts = 1>
ST_13 : Operation 84 [1/1] (0.00ns)   --->   "call void (...)* @_ssdm_op_SpecLoopTripCount(i64 0, i64 1073741823, i64 0)"   --->   Operation 84 'speclooptripcount' <Predicate = true> <Delay = 0.00>
ST_13 : Operation 85 [1/1] (2.49ns)   --->   "%indvar_next = add i30 %indvar, 1"   --->   Operation 85 'add' 'indvar_next' <Predicate = true> <Delay = 2.49> <Core = "AddSub">   --->   Core 14 'AddSub' <Latency = 0> <II = 1> <Delay = 2.55> <FuncUnit> <Opcode : 'add' 'sub'> <InPorts = 2> <OutPorts = 1>
ST_13 : Operation 86 [1/1] (0.00ns)   --->   "br i1 %exitcond, label %burst.rd.end, label %burst.rd.body" [modeComputer/src/toplevel.cpp:78]   --->   Operation 86 'br' <Predicate = true> <Delay = 0.00>

State 14 <SV = 13> <Delay = 6.56>
ST_14 : Operation 87 [1/1] (6.56ns)   --->   "%MAXI_addr_read = call i32 @_ssdm_op_Read.m_axi.i32P(i32* %MAXI_addr)" [modeComputer/src/toplevel.cpp:78]   --->   Operation 87 'read' 'MAXI_addr_read' <Predicate = (!exitcond)> <Delay = 6.56> <Core = "m_axi">   --->   Core 9 'm_axi' <Latency = 6> <II = 1> <Delay = 1.00> <Adapter> <Opcode : 'read' 'write' 'readreq' 'writereq' 'writeresp'>

State 15 <SV = 14> <Delay = 3.25>
ST_15 : Operation 88 [1/1] (0.00ns)   --->   "%burstread_rbegin = call i32 (...)* @_ssdm_op_SpecRegionBegin([17 x i8]* @burstread_OC_region_s) nounwind"   --->   Operation 88 'specregionbegin' 'burstread_rbegin' <Predicate = (!exitcond)> <Delay = 0.00>
ST_15 : Operation 89 [1/1] (0.00ns)   --->   "call void (...)* @_ssdm_op_SpecPipeline(i32 1, i32 1, i32 1, i32 0, [1 x i8]* @p_str1)"   --->   Operation 89 'specpipeline' <Predicate = (!exitcond)> <Delay = 0.00>
ST_15 : Operation 90 [1/1] (0.00ns)   --->   "call void (...)* @_ssdm_op_SpecLoopName([23 x i8]* @memcpy_OC_sectionDat)"   --->   Operation 90 'specloopname' <Predicate = (!exitcond)> <Delay = 0.00>
ST_15 : Operation 91 [1/1] (0.00ns)   --->   "%indvar1 = zext i30 %indvar to i64"   --->   Operation 91 'zext' 'indvar1' <Predicate = (!exitcond)> <Delay = 0.00>
ST_15 : Operation 92 [1/1] (0.00ns)   --->   "%sectionData_addr = getelementptr [6750 x i32]* @sectionData, i64 0, i64 %indvar1" [modeComputer/src/toplevel.cpp:78]   --->   Operation 92 'getelementptr' 'sectionData_addr' <Predicate = (!exitcond)> <Delay = 0.00>
ST_15 : Operation 93 [1/1] (3.25ns)   --->   "store i32 %MAXI_addr_read, i32* %sectionData_addr, align 4" [modeComputer/src/toplevel.cpp:78]   --->   Operation 93 'store' <Predicate = (!exitcond)> <Delay = 3.25> <Core = "RAM">   --->   Core 37 'RAM' <Latency = 1> <II = 1> <Delay = 3.25> <Storage> <Opcode : 'load' 'store'> <Ports = 2> <Width = 32> <Depth = 6750> <RAM>
ST_15 : Operation 94 [1/1] (0.00ns)   --->   "%burstread_rend = call i32 (...)* @_ssdm_op_SpecRegionEnd([17 x i8]* @burstread_OC_region_s, i32 %burstread_rbegin) nounwind"   --->   Operation 94 'specregionend' 'burstread_rend' <Predicate = (!exitcond)> <Delay = 0.00>
ST_15 : Operation 95 [1/1] (0.00ns)   --->   "br label %burst.rd.header"   --->   Operation 95 'br' <Predicate = (!exitcond)> <Delay = 0.00>

State 16 <SV = 13> <Delay = 5.74>
ST_16 : Operation 96 [1/1] (0.00ns)   --->   "%p_0115_1 = alloca i12"   --->   Operation 96 'alloca' 'p_0115_1' <Predicate = true> <Delay = 0.00>
ST_16 : Operation 97 [1/1] (1.76ns)   --->   "store i12 0, i12* @numberOfPixelsVisted, align 2" [modeComputer/src/toplevel.cpp:81]   --->   Operation 97 'store' <Predicate = true> <Delay = 1.76>
ST_16 : Operation 98 [1/1] (0.00ns)   --->   "%tmp_10 = trunc i32 %length_read to i13" [modeComputer/src/toplevel.cpp:93]   --->   Operation 98 'trunc' 'tmp_10' <Predicate = true> <Delay = 0.00>
ST_16 : Operation 99 [1/1] (0.00ns)   --->   "%cast = zext i32 %length_read to i64" [modeComputer/src/toplevel.cpp:78]   --->   Operation 99 'zext' 'cast' <Predicate = true> <Delay = 0.00>
ST_16 : Operation 100 [1/1] (0.00ns)   --->   "%cast5 = zext i32 %height_read to i64" [modeComputer/src/toplevel.cpp:78]   --->   Operation 100 'zext' 'cast5' <Predicate = true> <Delay = 0.00>
ST_16 : Operation 101 [3/3] (5.74ns)   --->   "%bound = mul i64 %cast5, %cast" [modeComputer/src/toplevel.cpp:78]   --->   Operation 101 'mul' 'bound' <Predicate = true> <Delay = 5.74> <Core = "MulnS">   --->   Core 17 'MulnS' <Latency = 2> <II = 1> <Delay = 5.74> <FuncUnit> <Opcode : 'mul'> <InPorts = 2> <OutPorts = 1>
ST_16 : Operation 102 [1/1] (1.76ns)   --->   "store i12 0, i12* %p_0115_1"   --->   Operation 102 'store' <Predicate = true> <Delay = 1.76>

State 17 <SV = 14> <Delay = 5.74>
ST_17 : Operation 103 [2/3] (5.74ns)   --->   "%bound = mul i64 %cast5, %cast" [modeComputer/src/toplevel.cpp:78]   --->   Operation 103 'mul' 'bound' <Predicate = true> <Delay = 5.74> <Core = "MulnS">   --->   Core 17 'MulnS' <Latency = 2> <II = 1> <Delay = 5.74> <FuncUnit> <Opcode : 'mul'> <InPorts = 2> <OutPorts = 1>

State 18 <SV = 15> <Delay = 5.74>
ST_18 : Operation 104 [1/3] (5.74ns)   --->   "%bound = mul i64 %cast5, %cast" [modeComputer/src/toplevel.cpp:78]   --->   Operation 104 'mul' 'bound' <Predicate = true> <Delay = 5.74> <Core = "MulnS">   --->   Core 17 'MulnS' <Latency = 2> <II = 1> <Delay = 5.74> <FuncUnit> <Opcode : 'mul'> <InPorts = 2> <OutPorts = 1>
ST_18 : Operation 105 [1/1] (1.76ns)   --->   "br label %1" [modeComputer/src/toplevel.cpp:86]   --->   Operation 105 'br' <Predicate = true> <Delay = 1.76>

State 19 <SV = 16> <Delay = 3.76>
ST_19 : Operation 106 [1/1] (0.00ns)   --->   "%indvar_flatten1 = phi i64 [ 0, %burst.rd.end ], [ %indvar_flatten_next1, %._crit_edge ]"   --->   Operation 106 'phi' 'indvar_flatten1' <Predicate = true> <Delay = 0.00>
ST_19 : Operation 107 [1/1] (0.00ns)   --->   "%x = phi i32 [ 0, %burst.rd.end ], [ %x_cast_mid2_v, %._crit_edge ]" [modeComputer/src/toplevel.cpp:93]   --->   Operation 107 'phi' 'x' <Predicate = true> <Delay = 0.00>
ST_19 : Operation 108 [1/1] (0.00ns)   --->   "%y = phi i32 [ 0, %burst.rd.end ], [ %y_1, %._crit_edge ]"   --->   Operation 108 'phi' 'y' <Predicate = true> <Delay = 0.00>
ST_19 : Operation 109 [1/1] (0.00ns)   --->   "call void (...)* @_ssdm_op_SpecPipeline(i32 -1, i32 1, i32 1, i32 0, [1 x i8]* @p_str2) nounwind" [modeComputer/src/toplevel.cpp:88]   --->   Operation 109 'specpipeline' <Predicate = true> <Delay = 0.00>
ST_19 : Operation 110 [1/1] (2.77ns)   --->   "%exitcond_flatten1 = icmp eq i64 %indvar_flatten1, %bound" [modeComputer/src/toplevel.cpp:78]   --->   Operation 110 'icmp' 'exitcond_flatten1' <Predicate = true> <Delay = 2.77> <Core = "Cmp">   --->   Core 25 'Cmp' <Latency = 0> <II = 1> <Delay = 1.99> <FuncUnit> <Opcode : 'icmp'> <InPorts = 2> <OutPorts = 1>
ST_19 : Operation 111 [1/1] (3.52ns)   --->   "%indvar_flatten_next1 = add i64 %indvar_flatten1, 1"   --->   Operation 111 'add' 'indvar_flatten_next1' <Predicate = true> <Delay = 3.52> <Core = "AddSub">   --->   Core 14 'AddSub' <Latency = 0> <II = 1> <Delay = 2.55> <FuncUnit> <Opcode : 'add' 'sub'> <InPorts = 2> <OutPorts = 1>
ST_19 : Operation 112 [1/1] (0.00ns)   --->   "br i1 %exitcond_flatten1, label %7, label %.reset10" [modeComputer/src/toplevel.cpp:78]   --->   Operation 112 'br' <Predicate = true> <Delay = 0.00>
ST_19 : Operation 113 [1/1] (2.47ns)   --->   "%exitcond1 = icmp ne i32 %y, %height_read" [modeComputer/src/toplevel.cpp:89]   --->   Operation 113 'icmp' 'exitcond1' <Predicate = (!exitcond_flatten1)> <Delay = 2.47> <Core = "Cmp">   --->   Core 25 'Cmp' <Latency = 0> <II = 1> <Delay = 1.99> <FuncUnit> <Opcode : 'icmp'> <InPorts = 2> <OutPorts = 1>
ST_19 : Operation 114 [1/1] (0.69ns)   --->   "%y_mid2 = select i1 %exitcond1, i32 %y, i32 0" [modeComputer/src/toplevel.cpp:89]   --->   Operation 114 'select' 'y_mid2' <Predicate = (!exitcond_flatten1)> <Delay = 0.69> <Core = "Sel">   --->   Core 26 'Sel' <Latency = 0> <II = 1> <Delay = 0.69> <FuncUnit> <Opcode : 'select'> <InPorts = 3> <OutPorts = 1>
ST_19 : Operation 115 [1/1] (2.55ns)   --->   "%x_s = add i32 1, %x" [modeComputer/src/toplevel.cpp:86]   --->   Operation 115 'add' 'x_s' <Predicate = (!exitcond_flatten1)> <Delay = 2.55> <Core = "AddSub">   --->   Core 14 'AddSub' <Latency = 0> <II = 1> <Delay = 2.55> <FuncUnit> <Opcode : 'add' 'sub'> <InPorts = 2> <OutPorts = 1>
ST_19 : Operation 116 [1/1] (0.69ns)   --->   "%x_cast_mid2_v = select i1 %exitcond1, i32 %x, i32 %x_s" [modeComputer/src/toplevel.cpp:93]   --->   Operation 116 'select' 'x_cast_mid2_v' <Predicate = (!exitcond_flatten1)> <Delay = 0.69> <Core = "Sel">   --->   Core 26 'Sel' <Latency = 0> <II = 1> <Delay = 0.69> <FuncUnit> <Opcode : 'select'> <InPorts = 3> <OutPorts = 1>
ST_19 : Operation 117 [1/1] (0.00ns)   --->   "%tmp_11 = trunc i32 %x_cast_mid2_v to i13" [modeComputer/src/toplevel.cpp:93]   --->   Operation 117 'trunc' 'tmp_11' <Predicate = (!exitcond_flatten1)> <Delay = 0.00>
ST_19 : Operation 118 [1/1] (0.00ns)   --->   "%tmp_14 = trunc i32 %y_mid2 to i13" [modeComputer/src/toplevel.cpp:93]   --->   Operation 118 'trunc' 'tmp_14' <Predicate = (!exitcond_flatten1)> <Delay = 0.00>
ST_19 : Operation 119 [2/2] (0.00ns)   --->   "ret i32 undef" [modeComputer/src/toplevel.cpp:117]   --->   Operation 119 'ret' <Predicate = (exitcond_flatten1)> <Delay = 0.00>

State 20 <SV = 17> <Delay = 6.38>
ST_20 : Operation 120 [1/1] (3.36ns)   --->   "%tmp_3 = mul i13 %tmp_14, %tmp_10" [modeComputer/src/toplevel.cpp:93]   --->   Operation 120 'mul' 'tmp_3' <Predicate = true> <Delay = 3.36> <Core = "DSP48">   --->   Core 61 'DSP48' <Latency = 0> <II = 1> <Delay = 6.38> <IPBlock> <Opcode : 'mul' 'add' 'sub' 'select'> <InPorts = 0> <OutPorts = 1> <Sync> <CReg>
ST_20 : Operation 121 [1/1] (3.02ns)   --->   "%tmp_4 = add i13 %tmp_11, %tmp_3" [modeComputer/src/toplevel.cpp:93]   --->   Operation 121 'add' 'tmp_4' <Predicate = true> <Delay = 3.02> <Core = "DSP48">   --->   Core 61 'DSP48' <Latency = 0> <II = 1> <Delay = 6.38> <IPBlock> <Opcode : 'mul' 'add' 'sub' 'select'> <InPorts = 0> <OutPorts = 1> <Sync> <CReg>

State 21 <SV = 18> <Delay = 4.93>
ST_21 : Operation 122 [1/1] (0.00ns) (grouped into LUT with out node current_V)   --->   "%tmp_15 = shl i13 %tmp_4, 2" [modeComputer/src/toplevel.cpp:93]   --->   Operation 122 'shl' 'tmp_15' <Predicate = true> <Delay = 0.00>
ST_21 : Operation 123 [1/1] (1.67ns) (out node of the LUT)   --->   "%current_V = sub i13 %tmp_15, %tmp_4" [modeComputer/src/toplevel.cpp:93]   --->   Operation 123 'sub' 'current_V' <Predicate = true> <Delay = 1.67> <Core = "AddSub">   --->   Core 14 'AddSub' <Latency = 0> <II = 1> <Delay = 2.55> <FuncUnit> <Opcode : 'add' 'sub'> <InPorts = 2> <OutPorts = 1>
ST_21 : Operation 124 [1/1] (0.00ns)   --->   "%tmp_6 = zext i13 %current_V to i64" [modeComputer/src/toplevel.cpp:94]   --->   Operation 124 'zext' 'tmp_6' <Predicate = true> <Delay = 0.00>
ST_21 : Operation 125 [1/1] (0.00ns)   --->   "%sectionData_addr_1 = getelementptr inbounds [6750 x i32]* @sectionData, i64 0, i64 %tmp_6" [modeComputer/src/toplevel.cpp:94]   --->   Operation 125 'getelementptr' 'sectionData_addr_1' <Predicate = true> <Delay = 0.00>
ST_21 : Operation 126 [2/2] (3.25ns)   --->   "%sectionData_load = load i32* %sectionData_addr_1, align 4" [modeComputer/src/toplevel.cpp:94]   --->   Operation 126 'load' 'sectionData_load' <Predicate = true> <Delay = 3.25> <Core = "RAM">   --->   Core 37 'RAM' <Latency = 1> <II = 1> <Delay = 3.25> <Storage> <Opcode : 'load' 'store'> <Ports = 2> <Width = 32> <Depth = 6750> <RAM>

State 22 <SV = 19> <Delay = 4.93>
ST_22 : Operation 127 [1/2] (3.25ns)   --->   "%sectionData_load = load i32* %sectionData_addr_1, align 4" [modeComputer/src/toplevel.cpp:94]   --->   Operation 127 'load' 'sectionData_load' <Predicate = true> <Delay = 3.25> <Core = "RAM">   --->   Core 37 'RAM' <Latency = 1> <II = 1> <Delay = 3.25> <Storage> <Opcode : 'load' 'store'> <Ports = 2> <Width = 32> <Depth = 6750> <RAM>
ST_22 : Operation 128 [1/1] (0.00ns)   --->   "%lhs_V_cast = zext i13 %current_V to i14" [modeComputer/src/toplevel.cpp:94]   --->   Operation 128 'zext' 'lhs_V_cast' <Predicate = true> <Delay = 0.00>
ST_22 : Operation 129 [1/1] (1.67ns)   --->   "%r_V = add i14 1, %lhs_V_cast" [modeComputer/src/toplevel.cpp:94]   --->   Operation 129 'add' 'r_V' <Predicate = true> <Delay = 1.67> <Core = "AddSub">   --->   Core 14 'AddSub' <Latency = 0> <II = 1> <Delay = 2.55> <FuncUnit> <Opcode : 'add' 'sub'> <InPorts = 2> <OutPorts = 1>
ST_22 : Operation 130 [1/1] (0.00ns)   --->   "%tmp_5 = zext i14 %r_V to i64" [modeComputer/src/toplevel.cpp:94]   --->   Operation 130 'zext' 'tmp_5' <Predicate = true> <Delay = 0.00>
ST_22 : Operation 131 [1/1] (0.00ns)   --->   "%sectionData_addr_2 = getelementptr inbounds [6750 x i32]* @sectionData, i64 0, i64 %tmp_5" [modeComputer/src/toplevel.cpp:94]   --->   Operation 131 'getelementptr' 'sectionData_addr_2' <Predicate = true> <Delay = 0.00>
ST_22 : Operation 132 [2/2] (3.25ns)   --->   "%sectionData_load_1 = load i32* %sectionData_addr_2, align 4" [modeComputer/src/toplevel.cpp:94]   --->   Operation 132 'load' 'sectionData_load_1' <Predicate = true> <Delay = 3.25> <Core = "RAM">   --->   Core 37 'RAM' <Latency = 1> <II = 1> <Delay = 3.25> <Storage> <Opcode : 'load' 'store'> <Ports = 2> <Width = 32> <Depth = 6750> <RAM>
ST_22 : Operation 133 [1/1] (1.67ns)   --->   "%r_V_1 = add i14 2, %lhs_V_cast" [modeComputer/src/toplevel.cpp:94]   --->   Operation 133 'add' 'r_V_1' <Predicate = true> <Delay = 1.67> <Core = "AddSub">   --->   Core 14 'AddSub' <Latency = 0> <II = 1> <Delay = 2.55> <FuncUnit> <Opcode : 'add' 'sub'> <InPorts = 2> <OutPorts = 1>
ST_22 : Operation 134 [1/1] (0.00ns)   --->   "%tmp_s = zext i14 %r_V_1 to i64" [modeComputer/src/toplevel.cpp:94]   --->   Operation 134 'zext' 'tmp_s' <Predicate = true> <Delay = 0.00>
ST_22 : Operation 135 [1/1] (0.00ns)   --->   "%sectionData_addr_3 = getelementptr inbounds [6750 x i32]* @sectionData, i64 0, i64 %tmp_s" [modeComputer/src/toplevel.cpp:94]   --->   Operation 135 'getelementptr' 'sectionData_addr_3' <Predicate = true> <Delay = 0.00>
ST_22 : Operation 136 [2/2] (3.25ns)   --->   "%sectionData_load_2 = load i32* %sectionData_addr_3, align 4" [modeComputer/src/toplevel.cpp:94]   --->   Operation 136 'load' 'sectionData_load_2' <Predicate = true> <Delay = 3.25> <Core = "RAM">   --->   Core 37 'RAM' <Latency = 1> <II = 1> <Delay = 3.25> <Storage> <Opcode : 'load' 'store'> <Ports = 2> <Width = 32> <Depth = 6750> <RAM>

State 23 <SV = 20> <Delay = 3.25>
ST_23 : Operation 137 [1/1] (0.00ns)   --->   "call void (...)* @_ssdm_op_SpecPipeline(i32 -1, i32 1, i32 1, i32 0, [1 x i8]* @p_str2) nounwind" [modeComputer/src/toplevel.cpp:88]   --->   Operation 137 'specpipeline' <Predicate = true> <Delay = 0.00>
ST_23 : Operation 138 [1/1] (0.00ns)   --->   "call void (...)* @_ssdm_op_SpecLoopName([20 x i8]* @mainXLoop_mainYLoop_s)"   --->   Operation 138 'specloopname' <Predicate = true> <Delay = 0.00>
ST_23 : Operation 139 [1/1] (0.00ns)   --->   "call void (...)* @_ssdm_op_SpecLoopTripCount(i64 0, i64 0, i64 0)"   --->   Operation 139 'speclooptripcount' <Predicate = true> <Delay = 0.00>
ST_23 : Operation 140 [1/1] (0.00ns)   --->   "call void (...)* @_ssdm_op_SpecPipeline(i32 -1, i32 1, i32 1, i32 0, [1 x i8]* @p_str2) nounwind" [modeComputer/src/toplevel.cpp:88]   --->   Operation 140 'specpipeline' <Predicate = true> <Delay = 0.00>
ST_23 : Operation 141 [1/1] (0.00ns)   --->   "call void (...)* @_ssdm_op_SpecLoopName([10 x i8]* @p_str11) nounwind" [modeComputer/src/toplevel.cpp:89]   --->   Operation 141 'specloopname' <Predicate = true> <Delay = 0.00>
ST_23 : Operation 142 [1/1] (0.00ns)   --->   "%tmp_2 = call i32 (...)* @_ssdm_op_SpecRegionBegin([10 x i8]* @p_str11) nounwind" [modeComputer/src/toplevel.cpp:89]   --->   Operation 142 'specregionbegin' 'tmp_2' <Predicate = true> <Delay = 0.00>
ST_23 : Operation 143 [1/1] (0.00ns)   --->   "call void (...)* @_ssdm_op_SpecPipeline(i32 -1, i32 1, i32 1, i32 0, [1 x i8]* @p_str2) nounwind" [modeComputer/src/toplevel.cpp:91]   --->   Operation 143 'specpipeline' <Predicate = true> <Delay = 0.00>
ST_23 : Operation 144 [1/2] (3.25ns)   --->   "%sectionData_load_1 = load i32* %sectionData_addr_2, align 4" [modeComputer/src/toplevel.cpp:94]   --->   Operation 144 'load' 'sectionData_load_1' <Predicate = true> <Delay = 3.25> <Core = "RAM">   --->   Core 37 'RAM' <Latency = 1> <II = 1> <Delay = 3.25> <Storage> <Opcode : 'load' 'store'> <Ports = 2> <Width = 32> <Depth = 6750> <RAM>
ST_23 : Operation 145 [1/2] (3.25ns)   --->   "%sectionData_load_2 = load i32* %sectionData_addr_3, align 4" [modeComputer/src/toplevel.cpp:94]   --->   Operation 145 'load' 'sectionData_load_2' <Predicate = true> <Delay = 3.25> <Core = "RAM">   --->   Core 37 'RAM' <Latency = 1> <II = 1> <Delay = 3.25> <Storage> <Opcode : 'load' 'store'> <Ports = 2> <Width = 32> <Depth = 6750> <RAM>
ST_23 : Operation 146 [1/1] (0.00ns)   --->   "%numberOfPixelsVisted_1 = load i12* @numberOfPixelsVisted, align 2" [modeComputer/src/toplevel.cpp:23->modeComputer/src/toplevel.cpp:94]   --->   Operation 146 'load' 'numberOfPixelsVisted_1' <Predicate = true> <Delay = 0.00>
ST_23 : Operation 147 [1/1] (1.76ns)   --->   "br label %2" [modeComputer/src/toplevel.cpp:23->modeComputer/src/toplevel.cpp:94]   --->   Operation 147 'br' <Predicate = true> <Delay = 1.76>

State 24 <SV = 21> <Delay = 5.06>
ST_24 : Operation 148 [1/1] (0.00ns)   --->   "%i_i = phi i12 [ 0, %.reset10 ], [ %i, %4 ]"   --->   Operation 148 'phi' 'i_i' <Predicate = true> <Delay = 0.00>
ST_24 : Operation 149 [1/1] (1.99ns)   --->   "%tmp_i = icmp ult i12 %i_i, %numberOfPixelsVisted_1" [modeComputer/src/toplevel.cpp:23->modeComputer/src/toplevel.cpp:94]   --->   Operation 149 'icmp' 'tmp_i' <Predicate = true> <Delay = 1.99> <Core = "Cmp">   --->   Core 25 'Cmp' <Latency = 0> <II = 1> <Delay = 1.99> <FuncUnit> <Opcode : 'icmp'> <InPorts = 2> <OutPorts = 1>
ST_24 : Operation 150 [1/1] (1.54ns)   --->   "%i = add i12 %i_i, 1" [modeComputer/src/toplevel.cpp:23->modeComputer/src/toplevel.cpp:94]   --->   Operation 150 'add' 'i' <Predicate = true> <Delay = 1.54> <Core = "AddSub">   --->   Core 14 'AddSub' <Latency = 0> <II = 1> <Delay = 2.55> <FuncUnit> <Opcode : 'add' 'sub'> <InPorts = 2> <OutPorts = 1>
ST_24 : Operation 151 [1/1] (0.00ns)   --->   "br i1 %tmp_i, label %3, label %inVisited.exit" [modeComputer/src/toplevel.cpp:23->modeComputer/src/toplevel.cpp:94]   --->   Operation 151 'br' <Predicate = true> <Delay = 0.00>
ST_24 : Operation 152 [1/1] (0.00ns)   --->   "%i_i_cast6 = zext i12 %i_i to i15" [modeComputer/src/toplevel.cpp:23->modeComputer/src/toplevel.cpp:94]   --->   Operation 152 'zext' 'i_i_cast6' <Predicate = (tmp_i)> <Delay = 0.00>
ST_24 : Operation 153 [1/1] (0.00ns)   --->   "%p_shl_i = call i14 @_ssdm_op_BitConcatenate.i14.i12.i2(i12 %i_i, i2 0)" [modeComputer/src/toplevel.cpp:26->modeComputer/src/toplevel.cpp:94]   --->   Operation 153 'bitconcatenate' 'p_shl_i' <Predicate = (tmp_i)> <Delay = 0.00>
ST_24 : Operation 154 [1/1] (0.00ns)   --->   "%p_shl_i_cast = zext i14 %p_shl_i to i15" [modeComputer/src/toplevel.cpp:26->modeComputer/src/toplevel.cpp:94]   --->   Operation 154 'zext' 'p_shl_i_cast' <Predicate = (tmp_i)> <Delay = 0.00>
ST_24 : Operation 155 [1/1] (1.81ns)   --->   "%tmp_19_i = sub i15 %p_shl_i_cast, %i_i_cast6" [modeComputer/src/toplevel.cpp:26->modeComputer/src/toplevel.cpp:94]   --->   Operation 155 'sub' 'tmp_19_i' <Predicate = (tmp_i)> <Delay = 1.81> <Core = "AddSub">   --->   Core 14 'AddSub' <Latency = 0> <II = 1> <Delay = 2.55> <FuncUnit> <Opcode : 'add' 'sub'> <InPorts = 2> <OutPorts = 1>
ST_24 : Operation 156 [1/1] (0.00ns)   --->   "%tmp_20_i = sext i15 %tmp_19_i to i64" [modeComputer/src/toplevel.cpp:26->modeComputer/src/toplevel.cpp:94]   --->   Operation 156 'sext' 'tmp_20_i' <Predicate = (tmp_i)> <Delay = 0.00>
ST_24 : Operation 157 [1/1] (0.00ns)   --->   "%visited_addr = getelementptr inbounds [6750 x i32]* @visited, i64 0, i64 %tmp_20_i" [modeComputer/src/toplevel.cpp:26->modeComputer/src/toplevel.cpp:94]   --->   Operation 157 'getelementptr' 'visited_addr' <Predicate = (tmp_i)> <Delay = 0.00>
ST_24 : Operation 158 [2/2] (3.25ns)   --->   "%visited_load = load i32* %visited_addr, align 4" [modeComputer/src/toplevel.cpp:26->modeComputer/src/toplevel.cpp:94]   --->   Operation 158 'load' 'visited_load' <Predicate = (tmp_i)> <Delay = 3.25> <Core = "RAM">   --->   Core 37 'RAM' <Latency = 1> <II = 1> <Delay = 3.25> <Storage> <Opcode : 'load' 'store'> <Ports = 2> <Width = 32> <Depth = 6750> <RAM>

State 25 <SV = 22> <Delay = 5.72>
ST_25 : Operation 159 [1/2] (3.25ns)   --->   "%visited_load = load i32* %visited_addr, align 4" [modeComputer/src/toplevel.cpp:26->modeComputer/src/toplevel.cpp:94]   --->   Operation 159 'load' 'visited_load' <Predicate = (tmp_i)> <Delay = 3.25> <Core = "RAM">   --->   Core 37 'RAM' <Latency = 1> <II = 1> <Delay = 3.25> <Storage> <Opcode : 'load' 'store'> <Ports = 2> <Width = 32> <Depth = 6750> <RAM>
ST_25 : Operation 160 [1/1] (1.94ns)   --->   "%tmp_21_i = add i15 %tmp_19_i, 1" [modeComputer/src/toplevel.cpp:26->modeComputer/src/toplevel.cpp:94]   --->   Operation 160 'add' 'tmp_21_i' <Predicate = (tmp_i)> <Delay = 1.94> <Core = "AddSub">   --->   Core 14 'AddSub' <Latency = 0> <II = 1> <Delay = 2.55> <FuncUnit> <Opcode : 'add' 'sub'> <InPorts = 2> <OutPorts = 1>
ST_25 : Operation 161 [1/1] (0.00ns)   --->   "%tmp_22_i = sext i15 %tmp_21_i to i64" [modeComputer/src/toplevel.cpp:26->modeComputer/src/toplevel.cpp:94]   --->   Operation 161 'sext' 'tmp_22_i' <Predicate = (tmp_i)> <Delay = 0.00>
ST_25 : Operation 162 [1/1] (0.00ns)   --->   "%visited_addr_1 = getelementptr inbounds [6750 x i32]* @visited, i64 0, i64 %tmp_22_i" [modeComputer/src/toplevel.cpp:26->modeComputer/src/toplevel.cpp:94]   --->   Operation 162 'getelementptr' 'visited_addr_1' <Predicate = (tmp_i)> <Delay = 0.00>
ST_25 : Operation 163 [2/2] (3.25ns)   --->   "%visited_load_1 = load i32* %visited_addr_1, align 4" [modeComputer/src/toplevel.cpp:26->modeComputer/src/toplevel.cpp:94]   --->   Operation 163 'load' 'visited_load_1' <Predicate = (tmp_i)> <Delay = 3.25> <Core = "RAM">   --->   Core 37 'RAM' <Latency = 1> <II = 1> <Delay = 3.25> <Storage> <Opcode : 'load' 'store'> <Ports = 2> <Width = 32> <Depth = 6750> <RAM>
ST_25 : Operation 164 [1/1] (1.94ns)   --->   "%tmp_23_i = add i15 %tmp_19_i, 2" [modeComputer/src/toplevel.cpp:26->modeComputer/src/toplevel.cpp:94]   --->   Operation 164 'add' 'tmp_23_i' <Predicate = (tmp_i)> <Delay = 1.94> <Core = "AddSub">   --->   Core 14 'AddSub' <Latency = 0> <II = 1> <Delay = 2.55> <FuncUnit> <Opcode : 'add' 'sub'> <InPorts = 2> <OutPorts = 1>
ST_25 : Operation 165 [1/1] (0.00ns)   --->   "%tmp_24_i = sext i15 %tmp_23_i to i64" [modeComputer/src/toplevel.cpp:26->modeComputer/src/toplevel.cpp:94]   --->   Operation 165 'sext' 'tmp_24_i' <Predicate = (tmp_i)> <Delay = 0.00>
ST_25 : Operation 166 [1/1] (0.00ns)   --->   "%visited_addr_2 = getelementptr inbounds [6750 x i32]* @visited, i64 0, i64 %tmp_24_i" [modeComputer/src/toplevel.cpp:26->modeComputer/src/toplevel.cpp:94]   --->   Operation 166 'getelementptr' 'visited_addr_2' <Predicate = (tmp_i)> <Delay = 0.00>
ST_25 : Operation 167 [2/2] (3.25ns)   --->   "%visited_load_2 = load i32* %visited_addr_2, align 4" [modeComputer/src/toplevel.cpp:26->modeComputer/src/toplevel.cpp:94]   --->   Operation 167 'load' 'visited_load_2' <Predicate = (tmp_i)> <Delay = 3.25> <Core = "RAM">   --->   Core 37 'RAM' <Latency = 1> <II = 1> <Delay = 3.25> <Storage> <Opcode : 'load' 'store'> <Ports = 2> <Width = 32> <Depth = 6750> <RAM>
ST_25 : Operation 168 [1/1] (2.47ns)   --->   "%tmp_i_i = icmp eq i32 %sectionData_load, %visited_load" [modeComputer/src/toplevel.cpp:17->modeComputer/src/toplevel.cpp:26->modeComputer/src/toplevel.cpp:94]   --->   Operation 168 'icmp' 'tmp_i_i' <Predicate = (tmp_i)> <Delay = 2.47> <Core = "Cmp">   --->   Core 25 'Cmp' <Latency = 0> <II = 1> <Delay = 1.99> <FuncUnit> <Opcode : 'icmp'> <InPorts = 2> <OutPorts = 1>

State 26 <SV = 23> <Delay = 6.70>
ST_26 : Operation 169 [1/2] (3.25ns)   --->   "%visited_load_1 = load i32* %visited_addr_1, align 4" [modeComputer/src/toplevel.cpp:26->modeComputer/src/toplevel.cpp:94]   --->   Operation 169 'load' 'visited_load_1' <Predicate = (tmp_i)> <Delay = 3.25> <Core = "RAM">   --->   Core 37 'RAM' <Latency = 1> <II = 1> <Delay = 3.25> <Storage> <Opcode : 'load' 'store'> <Ports = 2> <Width = 32> <Depth = 6750> <RAM>
ST_26 : Operation 170 [1/2] (3.25ns)   --->   "%visited_load_2 = load i32* %visited_addr_2, align 4" [modeComputer/src/toplevel.cpp:26->modeComputer/src/toplevel.cpp:94]   --->   Operation 170 'load' 'visited_load_2' <Predicate = (tmp_i)> <Delay = 3.25> <Core = "RAM">   --->   Core 37 'RAM' <Latency = 1> <II = 1> <Delay = 3.25> <Storage> <Opcode : 'load' 'store'> <Ports = 2> <Width = 32> <Depth = 6750> <RAM>
ST_26 : Operation 171 [1/1] (2.47ns)   --->   "%tmp_i_i_4 = icmp eq i32 %sectionData_load_1, %visited_load_1" [modeComputer/src/toplevel.cpp:17->modeComputer/src/toplevel.cpp:26->modeComputer/src/toplevel.cpp:94]   --->   Operation 171 'icmp' 'tmp_i_i_4' <Predicate = (tmp_i)> <Delay = 2.47> <Core = "Cmp">   --->   Core 25 'Cmp' <Latency = 0> <II = 1> <Delay = 1.99> <FuncUnit> <Opcode : 'icmp'> <InPorts = 2> <OutPorts = 1>
ST_26 : Operation 172 [1/1] (2.47ns)   --->   "%tmp_35_i_i = icmp eq i32 %sectionData_load_2, %visited_load_2" [modeComputer/src/toplevel.cpp:17->modeComputer/src/toplevel.cpp:26->modeComputer/src/toplevel.cpp:94]   --->   Operation 172 'icmp' 'tmp_35_i_i' <Predicate = (tmp_i)> <Delay = 2.47> <Core = "Cmp">   --->   Core 25 'Cmp' <Latency = 0> <II = 1> <Delay = 1.99> <FuncUnit> <Opcode : 'icmp'> <InPorts = 2> <OutPorts = 1>
ST_26 : Operation 173 [1/1] (0.00ns) (grouped into LUT with out node val_assign)   --->   "%tmp1 = and i1 %tmp_i_i_4, %tmp_35_i_i" [modeComputer/src/toplevel.cpp:17->modeComputer/src/toplevel.cpp:26->modeComputer/src/toplevel.cpp:94]   --->   Operation 173 'and' 'tmp1' <Predicate = (tmp_i)> <Delay = 0.00> <Core = "LogicGate">   --->   Core 27 'LogicGate' <Latency = 0> <II = 1> <Delay = 0.99> <FuncUnit> <Opcode : 'and' 'or' 'xor'> <InPorts = 2> <OutPorts = 1>
ST_26 : Operation 174 [1/1] (0.97ns) (out node of the LUT)   --->   "%val_assign = and i1 %tmp1, %tmp_i_i" [modeComputer/src/toplevel.cpp:17->modeComputer/src/toplevel.cpp:26->modeComputer/src/toplevel.cpp:94]   --->   Operation 174 'and' 'val_assign' <Predicate = (tmp_i)> <Delay = 0.97> <Core = "LogicGate">   --->   Core 27 'LogicGate' <Latency = 0> <II = 1> <Delay = 0.99> <FuncUnit> <Opcode : 'and' 'or' 'xor'> <InPorts = 2> <OutPorts = 1>

State 27 <SV = 24> <Delay = 0.00>
ST_27 : Operation 175 [1/1] (0.00ns)   --->   "call void (...)* @_ssdm_op_SpecLoopName([12 x i8]* @p_str) nounwind" [modeComputer/src/toplevel.cpp:23->modeComputer/src/toplevel.cpp:94]   --->   Operation 175 'specloopname' <Predicate = (tmp_i)> <Delay = 0.00>
ST_27 : Operation 176 [1/1] (0.00ns)   --->   "%tmp_25_i = call i32 (...)* @_ssdm_op_SpecRegionBegin([12 x i8]* @p_str) nounwind" [modeComputer/src/toplevel.cpp:23->modeComputer/src/toplevel.cpp:94]   --->   Operation 176 'specregionbegin' 'tmp_25_i' <Predicate = (tmp_i)> <Delay = 0.00>
ST_27 : Operation 177 [1/1] (0.00ns)   --->   "call void (...)* @_ssdm_op_SpecLoopTripCount(i32 0, i32 0, i32 0, [1 x i8]* @p_str2) nounwind" [modeComputer/src/toplevel.cpp:24->modeComputer/src/toplevel.cpp:94]   --->   Operation 177 'speclooptripcount' <Predicate = (tmp_i)> <Delay = 0.00>
ST_27 : Operation 178 [1/1] (0.00ns)   --->   "call void (...)* @_ssdm_op_SpecPipeline(i32 -1, i32 1, i32 1, i32 0, [1 x i8]* @p_str2) nounwind" [modeComputer/src/toplevel.cpp:25->modeComputer/src/toplevel.cpp:94]   --->   Operation 178 'specpipeline' <Predicate = (tmp_i)> <Delay = 0.00>
ST_27 : Operation 179 [1/1] (0.00ns)   --->   "br i1 %val_assign, label %._crit_edge.loopexit, label %4" [modeComputer/src/toplevel.cpp:26->modeComputer/src/toplevel.cpp:94]   --->   Operation 179 'br' <Predicate = (tmp_i)> <Delay = 0.00>
ST_27 : Operation 180 [1/1] (0.00ns)   --->   "%empty = call i32 (...)* @_ssdm_op_SpecRegionEnd([12 x i8]* @p_str, i32 %tmp_25_i) nounwind" [modeComputer/src/toplevel.cpp:30->modeComputer/src/toplevel.cpp:94]   --->   Operation 180 'specregionend' 'empty' <Predicate = (tmp_i & !val_assign)> <Delay = 0.00>
ST_27 : Operation 181 [1/1] (0.00ns)   --->   "br label %2" [modeComputer/src/toplevel.cpp:23->modeComputer/src/toplevel.cpp:94]   --->   Operation 181 'br' <Predicate = (tmp_i & !val_assign)> <Delay = 0.00>

State 28 <SV = 25> <Delay = 0.00>
ST_28 : Operation 182 [1/1] (0.00ns)   --->   "br label %._crit_edge"   --->   Operation 182 'br' <Predicate = true> <Delay = 0.00>

State 29 <SV = 22> <Delay = 5.06>
ST_29 : Operation 183 [1/1] (0.00ns) (grouped into LUT with out node tmp_12)   --->   "%tmp_16 = shl i32 %sectionData_load_2, 16" [modeComputer/src/toplevel.cpp:96]   --->   Operation 183 'shl' 'tmp_16' <Predicate = true> <Delay = 0.00>
ST_29 : Operation 184 [1/1] (0.00ns) (grouped into LUT with out node tmp_12)   --->   "%tmp_17 = shl i32 %sectionData_load_1, 8" [modeComputer/src/toplevel.cpp:96]   --->   Operation 184 'shl' 'tmp_17' <Predicate = true> <Delay = 0.00>
ST_29 : Operation 185 [1/1] (0.00ns) (grouped into LUT with out node tmp_12)   --->   "%tmp2 = or i32 %tmp_17, %tmp_16" [modeComputer/src/toplevel.cpp:96]   --->   Operation 185 'or' 'tmp2' <Predicate = true> <Delay = 0.00> <Core = "LogicGate">   --->   Core 27 'LogicGate' <Latency = 0> <II = 1> <Delay = 0.99> <FuncUnit> <Opcode : 'and' 'or' 'xor'> <InPorts = 2> <OutPorts = 1>
ST_29 : Operation 186 [1/1] (0.99ns) (out node of the LUT)   --->   "%tmp_12 = or i32 %tmp2, %sectionData_load" [modeComputer/src/toplevel.cpp:96]   --->   Operation 186 'or' 'tmp_12' <Predicate = true> <Delay = 0.99> <Core = "LogicGate">   --->   Core 27 'LogicGate' <Latency = 0> <II = 1> <Delay = 0.99> <FuncUnit> <Opcode : 'and' 'or' 'xor'> <InPorts = 2> <OutPorts = 1>
ST_29 : Operation 187 [2/2] (1.00ns)   --->   "call void @_ssdm_op_Write.s_axilite.i32P(i32* %version, i32 %tmp_12)" [modeComputer/src/toplevel.cpp:96]   --->   Operation 187 'write' <Predicate = true> <Delay = 1.00> <Core = "s_axilite">   --->   Core 10 's_axilite' <Latency = 0> <II = 1> <Delay = 1.00> <Adapter> <Opcode : 'read' 'write'>
ST_29 : Operation 188 [1/1] (0.00ns)   --->   "%lhs_V_1_cast4 = zext i12 %numberOfPixelsVisted_1 to i15" [modeComputer/src/toplevel.cpp:36->modeComputer/src/toplevel.cpp:100]   --->   Operation 188 'zext' 'lhs_V_1_cast4' <Predicate = true> <Delay = 0.00>
ST_29 : Operation 189 [1/1] (0.00ns)   --->   "%p_shl_i1 = call i14 @_ssdm_op_BitConcatenate.i14.i12.i2(i12 %numberOfPixelsVisted_1, i2 0)" [modeComputer/src/toplevel.cpp:36->modeComputer/src/toplevel.cpp:100]   --->   Operation 189 'bitconcatenate' 'p_shl_i1' <Predicate = true> <Delay = 0.00>
ST_29 : Operation 190 [1/1] (0.00ns)   --->   "%p_shl_i1_cast = zext i14 %p_shl_i1 to i15" [modeComputer/src/toplevel.cpp:36->modeComputer/src/toplevel.cpp:100]   --->   Operation 190 'zext' 'p_shl_i1_cast' <Predicate = true> <Delay = 0.00>
ST_29 : Operation 191 [1/1] (1.81ns)   --->   "%r_V_2 = sub i15 %p_shl_i1_cast, %lhs_V_1_cast4" [modeComputer/src/toplevel.cpp:36->modeComputer/src/toplevel.cpp:100]   --->   Operation 191 'sub' 'r_V_2' <Predicate = true> <Delay = 1.81> <Core = "AddSub">   --->   Core 14 'AddSub' <Latency = 0> <II = 1> <Delay = 2.55> <FuncUnit> <Opcode : 'add' 'sub'> <InPorts = 2> <OutPorts = 1>
ST_29 : Operation 192 [1/1] (0.00ns)   --->   "%r_V_2_cast = sext i15 %r_V_2 to i44" [modeComputer/src/toplevel.cpp:36->modeComputer/src/toplevel.cpp:100]   --->   Operation 192 'sext' 'r_V_2_cast' <Predicate = true> <Delay = 0.00>
ST_29 : Operation 193 [1/1] (0.00ns)   --->   "%tmp_i1 = zext i44 %r_V_2_cast to i64" [modeComputer/src/toplevel.cpp:36->modeComputer/src/toplevel.cpp:100]   --->   Operation 193 'zext' 'tmp_i1' <Predicate = true> <Delay = 0.00>
ST_29 : Operation 194 [1/1] (0.00ns)   --->   "%visited_addr_3 = getelementptr inbounds [6750 x i32]* @visited, i64 0, i64 %tmp_i1" [modeComputer/src/toplevel.cpp:36->modeComputer/src/toplevel.cpp:100]   --->   Operation 194 'getelementptr' 'visited_addr_3' <Predicate = true> <Delay = 0.00>
ST_29 : Operation 195 [1/1] (3.25ns)   --->   "store i32 %sectionData_load, i32* %visited_addr_3, align 4" [modeComputer/src/toplevel.cpp:36->modeComputer/src/toplevel.cpp:100]   --->   Operation 195 'store' <Predicate = true> <Delay = 3.25> <Core = "RAM">   --->   Core 37 'RAM' <Latency = 1> <II = 1> <Delay = 3.25> <Storage> <Opcode : 'load' 'store'> <Ports = 2> <Width = 32> <Depth = 6750> <RAM>
ST_29 : Operation 196 [1/1] (1.54ns)   --->   "%tmp_6_i = add i12 1, %numberOfPixelsVisted_1" [modeComputer/src/toplevel.cpp:40->modeComputer/src/toplevel.cpp:100]   --->   Operation 196 'add' 'tmp_6_i' <Predicate = true> <Delay = 1.54> <Core = "AddSub">   --->   Core 14 'AddSub' <Latency = 0> <II = 1> <Delay = 2.55> <FuncUnit> <Opcode : 'add' 'sub'> <InPorts = 2> <OutPorts = 1>
ST_29 : Operation 197 [1/1] (1.76ns)   --->   "store i12 %tmp_6_i, i12* @numberOfPixelsVisted, align 2" [modeComputer/src/toplevel.cpp:40->modeComputer/src/toplevel.cpp:100]   --->   Operation 197 'store' <Predicate = true> <Delay = 1.76>

State 30 <SV = 23> <Delay = 6.24>
ST_30 : Operation 198 [1/2] (1.00ns)   --->   "call void @_ssdm_op_Write.s_axilite.i32P(i32* %version, i32 %tmp_12)" [modeComputer/src/toplevel.cpp:96]   --->   Operation 198 'write' <Predicate = true> <Delay = 1.00> <Core = "s_axilite">   --->   Core 10 's_axilite' <Latency = 0> <II = 1> <Delay = 1.00> <Adapter> <Opcode : 'read' 'write'>
ST_30 : Operation 199 [1/1] (0.00ns)   --->   "%lhs_V = zext i44 %r_V_2_cast to i45" [modeComputer/src/toplevel.cpp:37->modeComputer/src/toplevel.cpp:100]   --->   Operation 199 'zext' 'lhs_V' <Predicate = true> <Delay = 0.00>
ST_30 : Operation 200 [1/1] (2.98ns)   --->   "%r_V_3 = add nsw i45 1, %lhs_V" [modeComputer/src/toplevel.cpp:37->modeComputer/src/toplevel.cpp:100]   --->   Operation 200 'add' 'r_V_3' <Predicate = true> <Delay = 2.98> <Core = "AddSub">   --->   Core 14 'AddSub' <Latency = 0> <II = 1> <Delay = 2.55> <FuncUnit> <Opcode : 'add' 'sub'> <InPorts = 2> <OutPorts = 1>
ST_30 : Operation 201 [1/1] (0.00ns)   --->   "%tmp_3_i = zext i45 %r_V_3 to i64" [modeComputer/src/toplevel.cpp:37->modeComputer/src/toplevel.cpp:100]   --->   Operation 201 'zext' 'tmp_3_i' <Predicate = true> <Delay = 0.00>
ST_30 : Operation 202 [1/1] (0.00ns)   --->   "%visited_addr_4 = getelementptr inbounds [6750 x i32]* @visited, i64 0, i64 %tmp_3_i" [modeComputer/src/toplevel.cpp:37->modeComputer/src/toplevel.cpp:100]   --->   Operation 202 'getelementptr' 'visited_addr_4' <Predicate = true> <Delay = 0.00>
ST_30 : Operation 203 [1/1] (3.25ns)   --->   "store i32 %sectionData_load_1, i32* %visited_addr_4, align 4" [modeComputer/src/toplevel.cpp:37->modeComputer/src/toplevel.cpp:100]   --->   Operation 203 'store' <Predicate = true> <Delay = 3.25> <Core = "RAM">   --->   Core 37 'RAM' <Latency = 1> <II = 1> <Delay = 3.25> <Storage> <Opcode : 'load' 'store'> <Ports = 2> <Width = 32> <Depth = 6750> <RAM>
ST_30 : Operation 204 [1/1] (2.98ns)   --->   "%r_V_4 = add nsw i45 2, %lhs_V" [modeComputer/src/toplevel.cpp:38->modeComputer/src/toplevel.cpp:100]   --->   Operation 204 'add' 'r_V_4' <Predicate = true> <Delay = 2.98> <Core = "AddSub">   --->   Core 14 'AddSub' <Latency = 0> <II = 1> <Delay = 2.55> <FuncUnit> <Opcode : 'add' 'sub'> <InPorts = 2> <OutPorts = 1>
ST_30 : Operation 205 [1/1] (0.00ns)   --->   "%tmp_5_i = zext i45 %r_V_4 to i64" [modeComputer/src/toplevel.cpp:38->modeComputer/src/toplevel.cpp:100]   --->   Operation 205 'zext' 'tmp_5_i' <Predicate = true> <Delay = 0.00>
ST_30 : Operation 206 [1/1] (0.00ns)   --->   "%visited_addr_5 = getelementptr inbounds [6750 x i32]* @visited, i64 0, i64 %tmp_5_i" [modeComputer/src/toplevel.cpp:38->modeComputer/src/toplevel.cpp:100]   --->   Operation 206 'getelementptr' 'visited_addr_5' <Predicate = true> <Delay = 0.00>
ST_30 : Operation 207 [1/1] (3.25ns)   --->   "store i32 %sectionData_load_2, i32* %visited_addr_5, align 4" [modeComputer/src/toplevel.cpp:38->modeComputer/src/toplevel.cpp:100]   --->   Operation 207 'store' <Predicate = true> <Delay = 3.25> <Core = "RAM">   --->   Core 37 'RAM' <Latency = 1> <II = 1> <Delay = 3.25> <Storage> <Opcode : 'load' 'store'> <Ports = 2> <Width = 32> <Depth = 6750> <RAM>
ST_30 : Operation 208 [1/1] (1.76ns)   --->   "br label %5" [modeComputer/src/toplevel.cpp:48->modeComputer/src/toplevel.cpp:104]   --->   Operation 208 'br' <Predicate = true> <Delay = 1.76>

State 31 <SV = 24> <Delay = 5.72>
ST_31 : Operation 209 [1/1] (0.00ns)   --->   "%indvar_flatten = phi i64 [ 0, %inVisited.exit ], [ %indvar_flatten_next, %.reset ]"   --->   Operation 209 'phi' 'indvar_flatten' <Predicate = true> <Delay = 0.00>
ST_31 : Operation 210 [1/1] (0.00ns)   --->   "%x_i = phi i32 [ 0, %inVisited.exit ], [ %tmp_27_i_mid2_v, %.reset ]" [modeComputer/src/toplevel.cpp:54->modeComputer/src/toplevel.cpp:104]   --->   Operation 210 'phi' 'x_i' <Predicate = true> <Delay = 0.00>
ST_31 : Operation 211 [1/1] (0.00ns)   --->   "%agg_result_V_1_i = phi i12 [ 0, %inVisited.exit ], [ %tmp_34_agg_result_V_s, %.reset ]" [modeComputer/src/toplevel.cpp:55->modeComputer/src/toplevel.cpp:104]   --->   Operation 211 'phi' 'agg_result_V_1_i' <Predicate = true> <Delay = 0.00>
ST_31 : Operation 212 [1/1] (0.00ns)   --->   "%agg_result_V_load_i = phi i12 [ 0, %inVisited.exit ], [ %tmp_34_agg_result_V_1, %.reset ]" [modeComputer/src/toplevel.cpp:55->modeComputer/src/toplevel.cpp:104]   --->   Operation 212 'phi' 'agg_result_V_load_i' <Predicate = true> <Delay = 0.00>
ST_31 : Operation 213 [1/1] (0.00ns)   --->   "%y_i = phi i32 [ 0, %inVisited.exit ], [ %y_2, %.reset ]"   --->   Operation 213 'phi' 'y_i' <Predicate = true> <Delay = 0.00>
ST_31 : Operation 214 [1/1] (0.00ns)   --->   "call void (...)* @_ssdm_op_SpecPipeline(i32 -1, i32 1, i32 1, i32 0, [1 x i8]* @p_str2) nounwind" [modeComputer/src/toplevel.cpp:50->modeComputer/src/toplevel.cpp:104]   --->   Operation 214 'specpipeline' <Predicate = true> <Delay = 0.00>
ST_31 : Operation 215 [1/1] (2.77ns)   --->   "%exitcond_flatten = icmp eq i64 %indvar_flatten, %bound" [modeComputer/src/toplevel.cpp:78]   --->   Operation 215 'icmp' 'exitcond_flatten' <Predicate = true> <Delay = 2.77> <Core = "Cmp">   --->   Core 25 'Cmp' <Latency = 0> <II = 1> <Delay = 1.99> <FuncUnit> <Opcode : 'icmp'> <InPorts = 2> <OutPorts = 1>
ST_31 : Operation 216 [1/1] (3.52ns)   --->   "%indvar_flatten_next = add i64 %indvar_flatten, 1"   --->   Operation 216 'add' 'indvar_flatten_next' <Predicate = true> <Delay = 3.52> <Core = "AddSub">   --->   Core 14 'AddSub' <Latency = 0> <II = 1> <Delay = 2.55> <FuncUnit> <Opcode : 'add' 'sub'> <InPorts = 2> <OutPorts = 1>
ST_31 : Operation 217 [1/1] (0.00ns)   --->   "br i1 %exitcond_flatten, label %getFrequency.exit, label %.reset" [modeComputer/src/toplevel.cpp:78]   --->   Operation 217 'br' <Predicate = true> <Delay = 0.00>
ST_31 : Operation 218 [1/1] (2.47ns)   --->   "%exitcond2 = icmp ne i32 %y_i, %height_read" [modeComputer/src/toplevel.cpp:51->modeComputer/src/toplevel.cpp:104]   --->   Operation 218 'icmp' 'exitcond2' <Predicate = (!exitcond_flatten)> <Delay = 2.47> <Core = "Cmp">   --->   Core 25 'Cmp' <Latency = 0> <II = 1> <Delay = 1.99> <FuncUnit> <Opcode : 'icmp'> <InPorts = 2> <OutPorts = 1>
ST_31 : Operation 219 [1/1] (0.69ns)   --->   "%y_i_mid2 = select i1 %exitcond2, i32 %y_i, i32 0" [modeComputer/src/toplevel.cpp:51->modeComputer/src/toplevel.cpp:104]   --->   Operation 219 'select' 'y_i_mid2' <Predicate = (!exitcond_flatten)> <Delay = 0.69> <Core = "Sel">   --->   Core 26 'Sel' <Latency = 0> <II = 1> <Delay = 0.69> <FuncUnit> <Opcode : 'select'> <InPorts = 3> <OutPorts = 1>
ST_31 : Operation 220 [1/1] (2.55ns)   --->   "%x_1 = add nsw i32 1, %x_i" [modeComputer/src/toplevel.cpp:48->modeComputer/src/toplevel.cpp:104]   --->   Operation 220 'add' 'x_1' <Predicate = (!exitcond_flatten)> <Delay = 2.55> <Core = "AddSub">   --->   Core 14 'AddSub' <Latency = 0> <II = 1> <Delay = 2.55> <FuncUnit> <Opcode : 'add' 'sub'> <InPorts = 2> <OutPorts = 1>
ST_31 : Operation 221 [1/1] (0.69ns)   --->   "%tmp_27_i_mid2_v = select i1 %exitcond2, i32 %x_i, i32 %x_1" [modeComputer/src/toplevel.cpp:54->modeComputer/src/toplevel.cpp:104]   --->   Operation 221 'select' 'tmp_27_i_mid2_v' <Predicate = (!exitcond_flatten)> <Delay = 0.69> <Core = "Sel">   --->   Core 26 'Sel' <Latency = 0> <II = 1> <Delay = 0.69> <FuncUnit> <Opcode : 'select'> <InPorts = 3> <OutPorts = 1>
ST_31 : Operation 222 [1/1] (0.00ns)   --->   "%tmp_18 = trunc i32 %tmp_27_i_mid2_v to i13" [modeComputer/src/toplevel.cpp:54->modeComputer/src/toplevel.cpp:104]   --->   Operation 222 'trunc' 'tmp_18' <Predicate = (!exitcond_flatten)> <Delay = 0.00>
ST_31 : Operation 223 [1/1] (0.00ns)   --->   "%tmp_19 = trunc i32 %y_i_mid2 to i13" [modeComputer/src/toplevel.cpp:54->modeComputer/src/toplevel.cpp:104]   --->   Operation 223 'trunc' 'tmp_19' <Predicate = (!exitcond_flatten)> <Delay = 0.00>
ST_31 : Operation 224 [1/1] (2.55ns)   --->   "%y_2 = add nsw i32 1, %y_i_mid2" [modeComputer/src/toplevel.cpp:51->modeComputer/src/toplevel.cpp:104]   --->   Operation 224 'add' 'y_2' <Predicate = (!exitcond_flatten)> <Delay = 2.55> <Core = "AddSub">   --->   Core 14 'AddSub' <Latency = 0> <II = 1> <Delay = 2.55> <FuncUnit> <Opcode : 'add' 'sub'> <InPorts = 2> <OutPorts = 1>

State 32 <SV = 25> <Delay = 8.05>
ST_32 : Operation 225 [1/1] (3.36ns)   --->   "%tmp_31_i = mul i13 %tmp_10, %tmp_19" [modeComputer/src/toplevel.cpp:54->modeComputer/src/toplevel.cpp:104]   --->   Operation 225 'mul' 'tmp_31_i' <Predicate = (!exitcond_flatten)> <Delay = 3.36> <Core = "DSP48">   --->   Core 61 'DSP48' <Latency = 0> <II = 1> <Delay = 6.38> <IPBlock> <Opcode : 'mul' 'add' 'sub' 'select'> <InPorts = 0> <OutPorts = 1> <Sync> <CReg>
ST_32 : Operation 226 [1/1] (3.02ns)   --->   "%tmp_i2 = add i13 %tmp_18, %tmp_31_i" [modeComputer/src/toplevel.cpp:54->modeComputer/src/toplevel.cpp:104]   --->   Operation 226 'add' 'tmp_i2' <Predicate = (!exitcond_flatten)> <Delay = 3.02> <Core = "DSP48">   --->   Core 61 'DSP48' <Latency = 0> <II = 1> <Delay = 6.38> <IPBlock> <Opcode : 'mul' 'add' 'sub' 'select'> <InPorts = 0> <OutPorts = 1> <Sync> <CReg>
ST_32 : Operation 227 [1/1] (0.00ns) (grouped into LUT with out node current_V_1)   --->   "%tmp_20 = shl i13 %tmp_i2, 2" [modeComputer/src/toplevel.cpp:54->modeComputer/src/toplevel.cpp:104]   --->   Operation 227 'shl' 'tmp_20' <Predicate = (!exitcond_flatten)> <Delay = 0.00>
ST_32 : Operation 228 [1/1] (1.67ns) (out node of the LUT)   --->   "%current_V_1 = sub i13 %tmp_20, %tmp_i2" [modeComputer/src/toplevel.cpp:54->modeComputer/src/toplevel.cpp:104]   --->   Operation 228 'sub' 'current_V_1' <Predicate = (!exitcond_flatten)> <Delay = 1.67> <Core = "AddSub">   --->   Core 14 'AddSub' <Latency = 0> <II = 1> <Delay = 2.55> <FuncUnit> <Opcode : 'add' 'sub'> <InPorts = 2> <OutPorts = 1>

State 33 <SV = 26> <Delay = 4.93>
ST_33 : Operation 229 [1/1] (0.00ns)   --->   "%tmp_32_i = zext i13 %current_V_1 to i64" [modeComputer/src/toplevel.cpp:55->modeComputer/src/toplevel.cpp:104]   --->   Operation 229 'zext' 'tmp_32_i' <Predicate = (!exitcond_flatten)> <Delay = 0.00>
ST_33 : Operation 230 [1/1] (0.00ns)   --->   "%sectionData_addr_4 = getelementptr inbounds [6750 x i32]* @sectionData, i64 0, i64 %tmp_32_i" [modeComputer/src/toplevel.cpp:55->modeComputer/src/toplevel.cpp:104]   --->   Operation 230 'getelementptr' 'sectionData_addr_4' <Predicate = (!exitcond_flatten)> <Delay = 0.00>
ST_33 : Operation 231 [2/2] (3.25ns)   --->   "%sectionData_load_3 = load i32* %sectionData_addr_4, align 4" [modeComputer/src/toplevel.cpp:55->modeComputer/src/toplevel.cpp:104]   --->   Operation 231 'load' 'sectionData_load_3' <Predicate = (!exitcond_flatten)> <Delay = 3.25> <Core = "RAM">   --->   Core 37 'RAM' <Latency = 1> <II = 1> <Delay = 3.25> <Storage> <Opcode : 'load' 'store'> <Ports = 2> <Width = 32> <Depth = 6750> <RAM>
ST_33 : Operation 232 [1/1] (0.00ns)   --->   "%lhs_V_3_cast = zext i13 %current_V_1 to i14" [modeComputer/src/toplevel.cpp:55->modeComputer/src/toplevel.cpp:104]   --->   Operation 232 'zext' 'lhs_V_3_cast' <Predicate = (!exitcond_flatten)> <Delay = 0.00>
ST_33 : Operation 233 [1/1] (1.67ns)   --->   "%r_V_5 = add i14 1, %lhs_V_3_cast" [modeComputer/src/toplevel.cpp:55->modeComputer/src/toplevel.cpp:104]   --->   Operation 233 'add' 'r_V_5' <Predicate = (!exitcond_flatten)> <Delay = 1.67> <Core = "AddSub">   --->   Core 14 'AddSub' <Latency = 0> <II = 1> <Delay = 2.55> <FuncUnit> <Opcode : 'add' 'sub'> <InPorts = 2> <OutPorts = 1>
ST_33 : Operation 234 [1/1] (0.00ns)   --->   "%tmp_33_i = zext i14 %r_V_5 to i64" [modeComputer/src/toplevel.cpp:55->modeComputer/src/toplevel.cpp:104]   --->   Operation 234 'zext' 'tmp_33_i' <Predicate = (!exitcond_flatten)> <Delay = 0.00>
ST_33 : Operation 235 [1/1] (0.00ns)   --->   "%sectionData_addr_5 = getelementptr inbounds [6750 x i32]* @sectionData, i64 0, i64 %tmp_33_i" [modeComputer/src/toplevel.cpp:55->modeComputer/src/toplevel.cpp:104]   --->   Operation 235 'getelementptr' 'sectionData_addr_5' <Predicate = (!exitcond_flatten)> <Delay = 0.00>
ST_33 : Operation 236 [2/2] (3.25ns)   --->   "%sectionData_load_4 = load i32* %sectionData_addr_5, align 4" [modeComputer/src/toplevel.cpp:55->modeComputer/src/toplevel.cpp:104]   --->   Operation 236 'load' 'sectionData_load_4' <Predicate = (!exitcond_flatten)> <Delay = 3.25> <Core = "RAM">   --->   Core 37 'RAM' <Latency = 1> <II = 1> <Delay = 3.25> <Storage> <Opcode : 'load' 'store'> <Ports = 2> <Width = 32> <Depth = 6750> <RAM>

State 34 <SV = 27> <Delay = 5.72>
ST_34 : Operation 237 [1/2] (3.25ns)   --->   "%sectionData_load_3 = load i32* %sectionData_addr_4, align 4" [modeComputer/src/toplevel.cpp:55->modeComputer/src/toplevel.cpp:104]   --->   Operation 237 'load' 'sectionData_load_3' <Predicate = (!exitcond_flatten)> <Delay = 3.25> <Core = "RAM">   --->   Core 37 'RAM' <Latency = 1> <II = 1> <Delay = 3.25> <Storage> <Opcode : 'load' 'store'> <Ports = 2> <Width = 32> <Depth = 6750> <RAM>
ST_34 : Operation 238 [1/2] (3.25ns)   --->   "%sectionData_load_4 = load i32* %sectionData_addr_5, align 4" [modeComputer/src/toplevel.cpp:55->modeComputer/src/toplevel.cpp:104]   --->   Operation 238 'load' 'sectionData_load_4' <Predicate = (!exitcond_flatten)> <Delay = 3.25> <Core = "RAM">   --->   Core 37 'RAM' <Latency = 1> <II = 1> <Delay = 3.25> <Storage> <Opcode : 'load' 'store'> <Ports = 2> <Width = 32> <Depth = 6750> <RAM>
ST_34 : Operation 239 [1/1] (2.47ns)   --->   "%tmp_i_i1 = icmp eq i32 %sectionData_load_3, %sectionData_load" [modeComputer/src/toplevel.cpp:17->modeComputer/src/toplevel.cpp:55->modeComputer/src/toplevel.cpp:104]   --->   Operation 239 'icmp' 'tmp_i_i1' <Predicate = (!exitcond_flatten)> <Delay = 2.47> <Core = "Cmp">   --->   Core 25 'Cmp' <Latency = 0> <II = 1> <Delay = 1.99> <FuncUnit> <Opcode : 'icmp'> <InPorts = 2> <OutPorts = 1>
ST_34 : Operation 240 [1/1] (2.47ns)   --->   "%tmp_i_i1_5 = icmp eq i32 %sectionData_load_4, %sectionData_load_1" [modeComputer/src/toplevel.cpp:17->modeComputer/src/toplevel.cpp:55->modeComputer/src/toplevel.cpp:104]   --->   Operation 240 'icmp' 'tmp_i_i1_5' <Predicate = (!exitcond_flatten)> <Delay = 2.47> <Core = "Cmp">   --->   Core 25 'Cmp' <Latency = 0> <II = 1> <Delay = 1.99> <FuncUnit> <Opcode : 'icmp'> <InPorts = 2> <OutPorts = 1>
ST_34 : Operation 241 [1/1] (2.47ns)   --->   "%tmp_35_i_i1 = icmp eq i32 %sectionData_load_4, %sectionData_load_2" [modeComputer/src/toplevel.cpp:17->modeComputer/src/toplevel.cpp:55->modeComputer/src/toplevel.cpp:104]   --->   Operation 241 'icmp' 'tmp_35_i_i1' <Predicate = (!exitcond_flatten)> <Delay = 2.47> <Core = "Cmp">   --->   Core 25 'Cmp' <Latency = 0> <II = 1> <Delay = 1.99> <FuncUnit> <Opcode : 'icmp'> <InPorts = 2> <OutPorts = 1>

State 35 <SV = 28> <Delay = 2.24>
ST_35 : Operation 242 [1/1] (0.00ns)   --->   "call void (...)* @_ssdm_op_SpecPipeline(i32 -1, i32 1, i32 1, i32 0, [1 x i8]* @p_str2) nounwind" [modeComputer/src/toplevel.cpp:50->modeComputer/src/toplevel.cpp:104]   --->   Operation 242 'specpipeline' <Predicate = (!exitcond_flatten)> <Delay = 0.00>
ST_35 : Operation 243 [1/1] (0.00ns)   --->   "call void (...)* @_ssdm_op_SpecLoopName([20 x i8]* @freqXLoop_freqYLoop_s)"   --->   Operation 243 'specloopname' <Predicate = (!exitcond_flatten)> <Delay = 0.00>
ST_35 : Operation 244 [1/1] (0.00ns)   --->   "call void (...)* @_ssdm_op_SpecLoopTripCount(i64 0, i64 0, i64 0)"   --->   Operation 244 'speclooptripcount' <Predicate = (!exitcond_flatten)> <Delay = 0.00>
ST_35 : Operation 245 [1/1] (0.00ns)   --->   "call void (...)* @_ssdm_op_SpecPipeline(i32 -1, i32 1, i32 1, i32 0, [1 x i8]* @p_str2) nounwind" [modeComputer/src/toplevel.cpp:50->modeComputer/src/toplevel.cpp:104]   --->   Operation 245 'specpipeline' <Predicate = (!exitcond_flatten)> <Delay = 0.00>
ST_35 : Operation 246 [1/1] (0.00ns)   --->   "call void (...)* @_ssdm_op_SpecLoopName([10 x i8]* @p_str4) nounwind" [modeComputer/src/toplevel.cpp:51->modeComputer/src/toplevel.cpp:104]   --->   Operation 246 'specloopname' <Predicate = (!exitcond_flatten)> <Delay = 0.00>
ST_35 : Operation 247 [1/1] (0.00ns)   --->   "%tmp_36_i = call i32 (...)* @_ssdm_op_SpecRegionBegin([10 x i8]* @p_str4) nounwind" [modeComputer/src/toplevel.cpp:51->modeComputer/src/toplevel.cpp:104]   --->   Operation 247 'specregionbegin' 'tmp_36_i' <Predicate = (!exitcond_flatten)> <Delay = 0.00>
ST_35 : Operation 248 [1/1] (0.00ns)   --->   "call void (...)* @_ssdm_op_SpecPipeline(i32 -1, i32 1, i32 1, i32 0, [1 x i8]* @p_str2) nounwind" [modeComputer/src/toplevel.cpp:53->modeComputer/src/toplevel.cpp:104]   --->   Operation 248 'specpipeline' <Predicate = (!exitcond_flatten)> <Delay = 0.00>
ST_35 : Operation 249 [1/1] (0.00ns) (grouped into LUT with out node val_assign_1)   --->   "%tmp3 = and i1 %tmp_i_i1_5, %tmp_35_i_i1" [modeComputer/src/toplevel.cpp:17->modeComputer/src/toplevel.cpp:55->modeComputer/src/toplevel.cpp:104]   --->   Operation 249 'and' 'tmp3' <Predicate = (!exitcond_flatten)> <Delay = 0.00> <Core = "LogicGate">   --->   Core 27 'LogicGate' <Latency = 0> <II = 1> <Delay = 0.99> <FuncUnit> <Opcode : 'and' 'or' 'xor'> <InPorts = 2> <OutPorts = 1>
ST_35 : Operation 250 [1/1] (0.97ns) (out node of the LUT)   --->   "%val_assign_1 = and i1 %tmp3, %tmp_i_i1" [modeComputer/src/toplevel.cpp:17->modeComputer/src/toplevel.cpp:55->modeComputer/src/toplevel.cpp:104]   --->   Operation 250 'and' 'val_assign_1' <Predicate = (!exitcond_flatten)> <Delay = 0.97> <Core = "LogicGate">   --->   Core 27 'LogicGate' <Latency = 0> <II = 1> <Delay = 0.99> <FuncUnit> <Opcode : 'and' 'or' 'xor'> <InPorts = 2> <OutPorts = 1>
ST_35 : Operation 251 [1/1] (1.54ns)   --->   "%result_V = add i12 1, %agg_result_V_load_i" [modeComputer/src/toplevel.cpp:58->modeComputer/src/toplevel.cpp:104]   --->   Operation 251 'add' 'result_V' <Predicate = (!exitcond_flatten)> <Delay = 1.54> <Core = "AddSub">   --->   Core 14 'AddSub' <Latency = 0> <II = 1> <Delay = 2.55> <FuncUnit> <Opcode : 'add' 'sub'> <InPorts = 2> <OutPorts = 1>
ST_35 : Operation 252 [1/1] (0.69ns)   --->   "%tmp_34_agg_result_V_s = select i1 %val_assign_1, i12 %result_V, i12 %agg_result_V_1_i" [modeComputer/src/toplevel.cpp:55->modeComputer/src/toplevel.cpp:104]   --->   Operation 252 'select' 'tmp_34_agg_result_V_s' <Predicate = (!exitcond_flatten)> <Delay = 0.69> <Core = "Sel">   --->   Core 26 'Sel' <Latency = 0> <II = 1> <Delay = 0.69> <FuncUnit> <Opcode : 'select'> <InPorts = 3> <OutPorts = 1>
ST_35 : Operation 253 [1/1] (0.69ns)   --->   "%tmp_34_agg_result_V_1 = select i1 %val_assign_1, i12 %result_V, i12 %agg_result_V_load_i" [modeComputer/src/toplevel.cpp:55->modeComputer/src/toplevel.cpp:104]   --->   Operation 253 'select' 'tmp_34_agg_result_V_1' <Predicate = (!exitcond_flatten)> <Delay = 0.69> <Core = "Sel">   --->   Core 26 'Sel' <Latency = 0> <II = 1> <Delay = 0.69> <FuncUnit> <Opcode : 'select'> <InPorts = 3> <OutPorts = 1>
ST_35 : Operation 254 [1/1] (0.00ns)   --->   "%empty_6 = call i32 (...)* @_ssdm_op_SpecRegionEnd([10 x i8]* @p_str4, i32 %tmp_36_i) nounwind" [modeComputer/src/toplevel.cpp:60->modeComputer/src/toplevel.cpp:104]   --->   Operation 254 'specregionend' 'empty_6' <Predicate = (!exitcond_flatten)> <Delay = 0.00>
ST_35 : Operation 255 [1/1] (0.00ns)   --->   "br label %5" [modeComputer/src/toplevel.cpp:51->modeComputer/src/toplevel.cpp:104]   --->   Operation 255 'br' <Predicate = (!exitcond_flatten)> <Delay = 0.00>

State 36 <SV = 25> <Delay = 1.99>
ST_36 : Operation 256 [1/1] (0.00ns)   --->   "%p_0115_1_load = load i12* %p_0115_1" [modeComputer/src/toplevel.cpp:108]   --->   Operation 256 'load' 'p_0115_1_load' <Predicate = true> <Delay = 0.00>
ST_36 : Operation 257 [1/1] (1.99ns)   --->   "%tmp_13 = icmp ult i12 %agg_result_V_1_i, %p_0115_1_load" [modeComputer/src/toplevel.cpp:108]   --->   Operation 257 'icmp' 'tmp_13' <Predicate = true> <Delay = 1.99> <Core = "Cmp">   --->   Core 25 'Cmp' <Latency = 0> <II = 1> <Delay = 1.99> <FuncUnit> <Opcode : 'icmp'> <InPorts = 2> <OutPorts = 1>
ST_36 : Operation 258 [1/1] (0.00ns)   --->   "br i1 %tmp_13, label %._crit_edge, label %6" [modeComputer/src/toplevel.cpp:108]   --->   Operation 258 'br' <Predicate = true> <Delay = 0.00>
ST_36 : Operation 259 [2/2] (1.00ns)   --->   "call void @_ssdm_op_Write.s_axilite.i32P(i32* %r, i32 %sectionData_load)" [modeComputer/src/toplevel.cpp:110]   --->   Operation 259 'write' <Predicate = (!tmp_13)> <Delay = 1.00> <Core = "s_axilite">   --->   Core 10 's_axilite' <Latency = 0> <II = 1> <Delay = 1.00> <Adapter> <Opcode : 'read' 'write'>
ST_36 : Operation 260 [2/2] (1.00ns)   --->   "call void @_ssdm_op_Write.s_axilite.i32P(i32* %g, i32 %sectionData_load_1)" [modeComputer/src/toplevel.cpp:111]   --->   Operation 260 'write' <Predicate = (!tmp_13)> <Delay = 1.00> <Core = "s_axilite">   --->   Core 10 's_axilite' <Latency = 0> <II = 1> <Delay = 1.00> <Adapter> <Opcode : 'read' 'write'>
ST_36 : Operation 261 [2/2] (1.00ns)   --->   "call void @_ssdm_op_Write.s_axilite.i32P(i32* %b, i32 %sectionData_load_2)" [modeComputer/src/toplevel.cpp:112]   --->   Operation 261 'write' <Predicate = (!tmp_13)> <Delay = 1.00> <Core = "s_axilite">   --->   Core 10 's_axilite' <Latency = 0> <II = 1> <Delay = 1.00> <Adapter> <Opcode : 'read' 'write'>
ST_36 : Operation 262 [1/1] (1.76ns)   --->   "store i12 %agg_result_V_1_i, i12* %p_0115_1" [modeComputer/src/toplevel.cpp:55->modeComputer/src/toplevel.cpp:104]   --->   Operation 262 'store' <Predicate = (!tmp_13)> <Delay = 1.76>

State 37 <SV = 26> <Delay = 2.55>
ST_37 : Operation 263 [1/2] (1.00ns)   --->   "call void @_ssdm_op_Write.s_axilite.i32P(i32* %r, i32 %sectionData_load)" [modeComputer/src/toplevel.cpp:110]   --->   Operation 263 'write' <Predicate = (!tmp_i & !tmp_13)> <Delay = 1.00> <Core = "s_axilite">   --->   Core 10 's_axilite' <Latency = 0> <II = 1> <Delay = 1.00> <Adapter> <Opcode : 'read' 'write'>
ST_37 : Operation 264 [1/2] (1.00ns)   --->   "call void @_ssdm_op_Write.s_axilite.i32P(i32* %g, i32 %sectionData_load_1)" [modeComputer/src/toplevel.cpp:111]   --->   Operation 264 'write' <Predicate = (!tmp_i & !tmp_13)> <Delay = 1.00> <Core = "s_axilite">   --->   Core 10 's_axilite' <Latency = 0> <II = 1> <Delay = 1.00> <Adapter> <Opcode : 'read' 'write'>
ST_37 : Operation 265 [1/2] (1.00ns)   --->   "call void @_ssdm_op_Write.s_axilite.i32P(i32* %b, i32 %sectionData_load_2)" [modeComputer/src/toplevel.cpp:112]   --->   Operation 265 'write' <Predicate = (!tmp_i & !tmp_13)> <Delay = 1.00> <Core = "s_axilite">   --->   Core 10 's_axilite' <Latency = 0> <II = 1> <Delay = 1.00> <Adapter> <Opcode : 'read' 'write'>
ST_37 : Operation 266 [1/1] (0.00ns)   --->   "br label %._crit_edge" [modeComputer/src/toplevel.cpp:113]   --->   Operation 266 'br' <Predicate = (!tmp_i & !tmp_13)> <Delay = 0.00>
ST_37 : Operation 267 [1/1] (0.00ns)   --->   "%empty_7 = call i32 (...)* @_ssdm_op_SpecRegionEnd([10 x i8]* @p_str11, i32 %tmp_2) nounwind" [modeComputer/src/toplevel.cpp:115]   --->   Operation 267 'specregionend' 'empty_7' <Predicate = true> <Delay = 0.00>
ST_37 : Operation 268 [1/1] (2.55ns)   --->   "%y_1 = add i32 %y_mid2, 1" [modeComputer/src/toplevel.cpp:89]   --->   Operation 268 'add' 'y_1' <Predicate = true> <Delay = 2.55> <Core = "AddSub">   --->   Core 14 'AddSub' <Latency = 0> <II = 1> <Delay = 2.55> <FuncUnit> <Opcode : 'add' 'sub'> <InPorts = 2> <OutPorts = 1>
ST_37 : Operation 269 [1/1] (0.00ns)   --->   "br label %1" [modeComputer/src/toplevel.cpp:89]   --->   Operation 269 'br' <Predicate = true> <Delay = 0.00>

State 38 <SV = 17> <Delay = 0.00>
ST_38 : Operation 270 [1/2] (0.00ns)   --->   "ret i32 undef" [modeComputer/src/toplevel.cpp:117]   --->   Operation 270 'ret' <Predicate = true> <Delay = 0.00>


============================================================
+ Verbose Summary: Timing violations
============================================================
Target clock period: 7.5ns, clock uncertainty: 0.938ns.

 <State 1>: 1ns
The critical path consists of the following:
	s_axi read on port 'ram' [12]  (1 ns)

 <State 2>: 3.55ns
The critical path consists of the following:
	s_axi read on port 'length_r' (modeComputer/src/toplevel.cpp:78) [35]  (1 ns)
	'sub' operation ('tmp', modeComputer/src/toplevel.cpp:78) [38]  (2.55 ns)

 <State 3>: 5.75ns
The critical path consists of the following:
	'mul' operation ('tmp_7', modeComputer/src/toplevel.cpp:78) [39]  (5.75 ns)

 <State 4>: 5.75ns
The critical path consists of the following:
	'mul' operation ('tmp_7', modeComputer/src/toplevel.cpp:78) [39]  (5.75 ns)

 <State 5>: 5.75ns
The critical path consists of the following:
	'mul' operation ('tmp_7', modeComputer/src/toplevel.cpp:78) [39]  (5.75 ns)

 <State 6>: 6.56ns
The critical path consists of the following:
	'getelementptr' operation ('MAXI_addr') [15]  (0 ns)
	bus request on port 'MAXI' (modeComputer/src/toplevel.cpp:78) [42]  (6.56 ns)

 <State 7>: 6.56ns
The critical path consists of the following:
	bus request on port 'MAXI' (modeComputer/src/toplevel.cpp:78) [42]  (6.56 ns)

 <State 8>: 6.56ns
The critical path consists of the following:
	bus request on port 'MAXI' (modeComputer/src/toplevel.cpp:78) [42]  (6.56 ns)

 <State 9>: 6.56ns
The critical path consists of the following:
	bus request on port 'MAXI' (modeComputer/src/toplevel.cpp:78) [42]  (6.56 ns)

 <State 10>: 6.56ns
The critical path consists of the following:
	bus request on port 'MAXI' (modeComputer/src/toplevel.cpp:78) [42]  (6.56 ns)

 <State 11>: 6.56ns
The critical path consists of the following:
	bus request on port 'MAXI' (modeComputer/src/toplevel.cpp:78) [42]  (6.56 ns)

 <State 12>: 6.56ns
The critical path consists of the following:
	bus request on port 'MAXI' (modeComputer/src/toplevel.cpp:78) [42]  (6.56 ns)

 <State 13>: 2.49ns
The critical path consists of the following:
	'phi' operation ('indvar') with incoming values : ('indvar_next') [45]  (0 ns)
	'add' operation ('indvar_next') [48]  (2.49 ns)

 <State 14>: 6.56ns
The critical path consists of the following:
	bus read on port 'MAXI' (modeComputer/src/toplevel.cpp:78) [55]  (6.56 ns)

 <State 15>: 3.25ns
The critical path consists of the following:
	'getelementptr' operation ('sectionData_addr', modeComputer/src/toplevel.cpp:78) [56]  (0 ns)
	'store' operation (modeComputer/src/toplevel.cpp:78) of variable 'MAXI_addr_read', modeComputer/src/toplevel.cpp:78 on array 'sectionData' [57]  (3.25 ns)

 <State 16>: 5.75ns
The critical path consists of the following:
	'mul' operation ('bound', modeComputer/src/toplevel.cpp:78) [66]  (5.75 ns)

 <State 17>: 5.75ns
The critical path consists of the following:
	'mul' operation ('bound', modeComputer/src/toplevel.cpp:78) [66]  (5.75 ns)

 <State 18>: 5.75ns
The critical path consists of the following:
	'mul' operation ('bound', modeComputer/src/toplevel.cpp:78) [66]  (5.75 ns)

 <State 19>: 3.77ns
The critical path consists of the following:
	'icmp' operation ('exitcond_flatten1', modeComputer/src/toplevel.cpp:78) [74]  (2.78 ns)
	blocking operation 0.993 ns on control path)

 <State 20>: 6.38ns
The critical path consists of the following:
	'mul' operation ('tmp_3', modeComputer/src/toplevel.cpp:93) [91]  (3.36 ns)
	'add' operation ('tmp_4', modeComputer/src/toplevel.cpp:93) [92]  (3.02 ns)

 <State 21>: 4.93ns
The critical path consists of the following:
	'shl' operation ('tmp_15', modeComputer/src/toplevel.cpp:93) [93]  (0 ns)
	'sub' operation ('current.V', modeComputer/src/toplevel.cpp:93) [94]  (1.68 ns)
	'getelementptr' operation ('sectionData_addr_1', modeComputer/src/toplevel.cpp:94) [96]  (0 ns)
	'load' operation ('pixelB', modeComputer/src/toplevel.cpp:94) on array 'sectionData' [97]  (3.25 ns)

 <State 22>: 4.93ns
The critical path consists of the following:
	'add' operation ('r.V', modeComputer/src/toplevel.cpp:94) [99]  (1.68 ns)
	'getelementptr' operation ('sectionData_addr_2', modeComputer/src/toplevel.cpp:94) [101]  (0 ns)
	'load' operation ('pixelG', modeComputer/src/toplevel.cpp:94) on array 'sectionData' [102]  (3.25 ns)

 <State 23>: 3.25ns
The critical path consists of the following:
	'load' operation ('pixelG', modeComputer/src/toplevel.cpp:94) on array 'sectionData' [102]  (3.25 ns)

 <State 24>: 5.07ns
The critical path consists of the following:
	'phi' operation ('i') with incoming values : ('i', modeComputer/src/toplevel.cpp:23->modeComputer/src/toplevel.cpp:94) [110]  (0 ns)
	'sub' operation ('tmp_19_i', modeComputer/src/toplevel.cpp:26->modeComputer/src/toplevel.cpp:94) [122]  (1.81 ns)
	'getelementptr' operation ('visited_addr', modeComputer/src/toplevel.cpp:26->modeComputer/src/toplevel.cpp:94) [124]  (0 ns)
	'load' operation ('pixel2B', modeComputer/src/toplevel.cpp:26->modeComputer/src/toplevel.cpp:94) on array 'visited' [125]  (3.25 ns)

 <State 25>: 5.73ns
The critical path consists of the following:
	'load' operation ('pixel2B', modeComputer/src/toplevel.cpp:26->modeComputer/src/toplevel.cpp:94) on array 'visited' [125]  (3.25 ns)
	'icmp' operation ('tmp_i_i', modeComputer/src/toplevel.cpp:17->modeComputer/src/toplevel.cpp:26->modeComputer/src/toplevel.cpp:94) [134]  (2.47 ns)

 <State 26>: 6.71ns
The critical path consists of the following:
	'load' operation ('pixel2G', modeComputer/src/toplevel.cpp:26->modeComputer/src/toplevel.cpp:94) on array 'visited' [129]  (3.25 ns)
	'icmp' operation ('tmp_i_i_4', modeComputer/src/toplevel.cpp:17->modeComputer/src/toplevel.cpp:26->modeComputer/src/toplevel.cpp:94) [135]  (2.47 ns)
	'and' operation ('tmp1', modeComputer/src/toplevel.cpp:17->modeComputer/src/toplevel.cpp:26->modeComputer/src/toplevel.cpp:94) [137]  (0 ns)
	'and' operation ('val', modeComputer/src/toplevel.cpp:17->modeComputer/src/toplevel.cpp:26->modeComputer/src/toplevel.cpp:94) [138]  (0.978 ns)

 <State 27>: 0ns
The critical path consists of the following:

 <State 28>: 0ns
The critical path consists of the following:

 <State 29>: 5.07ns
The critical path consists of the following:
	'sub' operation ('r.V', modeComputer/src/toplevel.cpp:36->modeComputer/src/toplevel.cpp:100) [154]  (1.81 ns)
	'getelementptr' operation ('visited_addr_3', modeComputer/src/toplevel.cpp:36->modeComputer/src/toplevel.cpp:100) [157]  (0 ns)
	'store' operation (modeComputer/src/toplevel.cpp:36->modeComputer/src/toplevel.cpp:100) of variable 'pixelB', modeComputer/src/toplevel.cpp:94 on array 'visited' [158]  (3.25 ns)

 <State 30>: 6.24ns
The critical path consists of the following:
	'add' operation ('r.V', modeComputer/src/toplevel.cpp:37->modeComputer/src/toplevel.cpp:100) [160]  (2.99 ns)
	'getelementptr' operation ('visited_addr_4', modeComputer/src/toplevel.cpp:37->modeComputer/src/toplevel.cpp:100) [162]  (0 ns)
	'store' operation (modeComputer/src/toplevel.cpp:37->modeComputer/src/toplevel.cpp:100) of variable 'pixelG', modeComputer/src/toplevel.cpp:94 on array 'visited' [163]  (3.25 ns)

 <State 31>: 5.72ns
The critical path consists of the following:
	'phi' operation ('y') with incoming values : ('y', modeComputer/src/toplevel.cpp:51->modeComputer/src/toplevel.cpp:104) [176]  (0 ns)
	'icmp' operation ('exitcond2', modeComputer/src/toplevel.cpp:51->modeComputer/src/toplevel.cpp:104) [185]  (2.47 ns)
	'select' operation ('y_i_mid2', modeComputer/src/toplevel.cpp:51->modeComputer/src/toplevel.cpp:104) [186]  (0.698 ns)
	'add' operation ('y', modeComputer/src/toplevel.cpp:51->modeComputer/src/toplevel.cpp:104) [216]  (2.55 ns)

 <State 32>: 8.06ns
The critical path consists of the following:
	'mul' operation ('tmp_31_i', modeComputer/src/toplevel.cpp:54->modeComputer/src/toplevel.cpp:104) [195]  (3.36 ns)
	'add' operation ('tmp_i2', modeComputer/src/toplevel.cpp:54->modeComputer/src/toplevel.cpp:104) [196]  (3.02 ns)
	'sub' operation ('current.V', modeComputer/src/toplevel.cpp:54->modeComputer/src/toplevel.cpp:104) [198]  (1.68 ns)

 <State 33>: 4.93ns
The critical path consists of the following:
	'add' operation ('r.V', modeComputer/src/toplevel.cpp:55->modeComputer/src/toplevel.cpp:104) [203]  (1.68 ns)
	'getelementptr' operation ('sectionData_addr_5', modeComputer/src/toplevel.cpp:55->modeComputer/src/toplevel.cpp:104) [205]  (0 ns)
	'load' operation ('pixel1G', modeComputer/src/toplevel.cpp:55->modeComputer/src/toplevel.cpp:104) on array 'sectionData' [206]  (3.25 ns)

 <State 34>: 5.73ns
The critical path consists of the following:
	'load' operation ('pixel1B', modeComputer/src/toplevel.cpp:55->modeComputer/src/toplevel.cpp:104) on array 'sectionData' [201]  (3.25 ns)
	'icmp' operation ('tmp_i_i1', modeComputer/src/toplevel.cpp:17->modeComputer/src/toplevel.cpp:55->modeComputer/src/toplevel.cpp:104) [207]  (2.47 ns)

 <State 35>: 2.24ns
The critical path consists of the following:
	'add' operation ('result.V', modeComputer/src/toplevel.cpp:58->modeComputer/src/toplevel.cpp:104) [212]  (1.55 ns)
	'select' operation ('tmp_34_agg_result_V_s', modeComputer/src/toplevel.cpp:55->modeComputer/src/toplevel.cpp:104) [213]  (0.697 ns)

 <State 36>: 1.99ns
The critical path consists of the following:
	'load' operation ('p_0115_1_load', modeComputer/src/toplevel.cpp:108) on local variable 'p_0115_1' [219]  (0 ns)
	'icmp' operation ('tmp_13', modeComputer/src/toplevel.cpp:108) [220]  (1.99 ns)

 <State 37>: 2.55ns
The critical path consists of the following:
	'add' operation ('y', modeComputer/src/toplevel.cpp:89) [230]  (2.55 ns)

 <State 38>: 0ns
The critical path consists of the following:


============================================================
+ Verbose Summary: Binding
============================================================
N/A
* FSMD analyzer results:
  - Output states:
 - Input state : 
  - Chain level:
	State 1
	State 2
	State 3
	State 4
	State 5
	State 6
	State 7
	State 8
	State 9
	State 10
	State 11
	State 12
	State 13
	State 14
	State 15
	State 16
	State 17
	State 18
	State 19
	State 20
	State 21
	State 22
	State 23
	State 24
	State 25
	State 26
	State 27
	State 28
	State 29
	State 30
	State 31
	State 32
	State 33
	State 34
	State 35
	State 36
	State 37
	State 38


============================================================
+ Verbose Summary: Datapath Resource usage 
============================================================
N/A
